mask size = 4

starting radix sort...finished

CORRECT! Result is ordered
CORRECT! Result is orderedCORRECT! Result is orderedCORRECT! Result is ordered


mask size = 4

starting radix sort...finished

CORRECT! Result is ordered
CORRECT! Result is ordered
CORRECT! Result is ordered
CORRECT! Result is ordered
CORRECT! Result is ordered
CORRECT! Result is ordered
CORRECT! Result is ordered
CORRECT! Result is ordered
mask size = 4

starting radix sort...finished

CORRECT! Result is ordered
CORRECT! Result is ordered
CORRECT! Result is ordered
CORRECT! Result is ordered
mask size = 4

starting radix sort...finished

CORRECT! Result is ordered
CORRECT! Result is orderedCORRECT! Result is ordered
CORRECT! Result is ordered
CORRECT! Result is ordered
CORRECT! Result is ordered

CORRECT! Result is ordered
CORRECT! Result is ordered
mask size = 4

starting radix sort...CORRECT! Result is ordered
CORRECT! Result is ordered
CORRECT! Result is ordered
finished

CORRECT! Result is ordered
mask size = 4

starting radix sort...finished

CORRECT! Result is ordered
CORRECT! Result is ordered
CORRECT! Result is ordered
CORRECT! Result is ordered
CORRECT! Result is ordered
CORRECT! Result is ordered
CORRECT! Result is ordered
CORRECT! Result is ordered
mask size = 4

starting radix sort...[compute-601-1:07095] *** Process received signal ***
[compute-601-1:07095] Signal: Segmentation fault (11)
[compute-601-1:07095] Signal code: Address not mapped (1)
[compute-601-1:07095] Failing at address: 0x1c1acbb8
[compute-601-1:07095] [ 0] /lib64/libpthread.so.0 [0x3469c0e4c0]
[compute-601-1:07095] [ 1] /lib64/libc.so.6(memcpy+0x15b) [0x346907b59b]
[compute-601-1:07095] [ 2] /opt/openmpi/lib/libmpi.so.0(ompi_convertor_pack+0x12c) [0x2b06efdf896c]
[compute-601-1:07095] [ 3] /opt/openmpi/lib/libmpi.so.0 [0x2b06efe2846a]
[compute-601-1:07095] [ 4] /opt/openmpi/lib/libmpi.so.0 [0x2b06efe9386a]
[compute-601-1:07095] [ 5] /opt/openmpi/lib/libmpi.so.0 [0x2b06efe8d9e8]
[compute-601-1:07095] [ 6] /opt/openmpi/lib/libmpi.so.0 [0x2b06efe29a79]
[compute-601-1:07095] [ 7] /opt/openmpi/lib/libopen-pal.so.0(opal_progress+0x5a) [0x2b06f040a45a]
[compute-601-1:07095] [ 8] /opt/openmpi/lib/libmpi.so.0 [0x2b06efdeb005]
[compute-601-1:07095] [ 9] /opt/openmpi/lib/libmpi.so.0 [0x2b06efe2e067]
[compute-601-1:07095] [10] /opt/openmpi/lib/libmpi.so.0 [0x2b06efe372fc]
[compute-601-1:07095] [11] /opt/openmpi/lib/libmpi.so.0(MPI_Barrier+0x7c) [0x2b06efdff77c]
[compute-601-1:07095] [12] bin/radix.mpi(main+0x335) [0x40b695]
[compute-601-1:07095] [13] /lib64/libc.so.6(__libc_start_main+0xf4) [0x346901d974]
[compute-601-1:07095] [14] bin/radix.mpi(__gxx_personality_v0+0x1a1) [0x409349]
[compute-601-1:07095] *** End of error message ***
--------------------------------------------------------------------------
mpirun noticed that process rank 2 with PID 7095 on node compute-601-1.local exited on signal 11 (Segmentation fault).
--------------------------------------------------------------------------
mask size = 4

starting radix sort...[compute-601-1:07132] *** Process received signal ***
[compute-601-1:07132] Signal: Segmentation fault (11)
[compute-601-1:07132] Signal code: Address not mapped (1)
[compute-601-1:07132] Failing at address: 0xeadc668
[compute-601-1:07132] [ 0] /lib64/libpthread.so.0 [0x3469c0e4c0]
[compute-601-1:07132] [ 1] /lib64/libc.so.6(memcpy+0x15b) [0x346907b59b]
[compute-601-1:07132] [ 2] /opt/openmpi/lib/libmpi.so.0(ompi_convertor_pack+0x12c) [0x2b708bd5e96c]
[compute-601-1:07132] [ 3] /opt/openmpi/lib/libmpi.so.0 [0x2b708bd8e46a]
[compute-601-1:07132] [ 4] /opt/openmpi/lib/libmpi.so.0 [0x2b708bdf986a]
[compute-601-1:07132] [ 5] /opt/openmpi/lib/libmpi.so.0 [0x2b708bdf39e8]
[compute-601-1:07132] [ 6] /opt/openmpi/lib/libmpi.so.0 [0x2b708bd8fa79]
[compute-601-1:07132] [ 7] /opt/openmpi/lib/libopen-pal.so.0(opal_progress+0x5a) [0x2b708c37045a]
[compute-601-1:07132] [ 8] /opt/openmpi/lib/libmpi.so.0 [0x2b708bd51005]
[compute-601-1:07132] [ 9] /opt/openmpi/lib/libmpi.so.0 [0x2b708bd94067]
[compute-601-1:07132] [10] /opt/openmpi/lib/libmpi.so.0 [0x2b708bd9d2fc]
[compute-601-1:07132] [11] /opt/openmpi/lib/libmpi.so.0(MPI_Barrier+0x7c) [0x2b708bd6577c]
[compute-601-1:07132] [12] bin/radix.mpi(main+0x335) [0x40b695]
[compute-601-1:07132] [13] /lib64/libc.so.6(__libc_start_main+0xf4) [0x346901d974]
[compute-601-1:07132] [14] bin/radix.mpi(__gxx_personality_v0+0x1a1) [0x409349]
[compute-601-1:07132] *** End of error message ***
--------------------------------------------------------------------------
mpirun noticed that process rank 6 with PID 7132 on node compute-601-1.local exited on signal 11 (Segmentation fault).
--------------------------------------------------------------------------
mask size = 4

starting radix sort...[compute-601-1:07141] *** Process received signal ***
[compute-601-1:07141] Signal: Segmentation fault (11)
[compute-601-1:07141] Signal code: Address not mapped (1)
[compute-601-1:07141] Failing at address: 0x2b3d05077fc8
[compute-601-1:07141] [ 0] /lib64/libpthread.so.0 [0x3469c0e4c0]
[compute-601-1:07141] [ 1] /lib64/libc.so.6(memcpy+0x15b) [0x346907b59b]
[compute-601-1:07141] [ 2] /opt/openmpi/lib/libmpi.so.0(ompi_convertor_pack+0x12c) [0x2b3cf0dd696c]
[compute-601-1:07141] [ 3] /opt/openmpi/lib/libmpi.so.0 [0x2b3cf0e0646a]
[compute-601-1:07141] [ 4] /opt/openmpi/lib/libmpi.so.0 [0x2b3cf0e7186a]
[compute-601-1:07141] [ 5] /opt/openmpi/lib/libmpi.so.0 [0x2b3cf0e6b9e8]
[compute-601-1:07141] [ 6] /opt/openmpi/lib/libmpi.so.0 [0x2b3cf0e07a79]
[compute-601-1:07141] [ 7] /opt/openmpi/lib/libopen-pal.so.0(opal_progress+0x5a) [0x2b3cf13e845a]
[compute-601-1:07141] [ 8] /opt/openmpi/lib/libmpi.so.0 [0x2b3cf0dc9005]
[compute-601-1:07141] [ 9] /opt/openmpi/lib/libmpi.so.0 [0x2b3cf0e0c067]
[compute-601-1:07141] [10] /opt/openmpi/lib/libmpi.so.0 [0x2b3cf0e152fc]
[compute-601-1:07141] [11] /opt/openmpi/lib/libmpi.so.0(MPI_Barrier+0x7c) [0x2b3cf0ddd77c]
[compute-601-1:07141] [12] bin/radix.mpi(main+0x335) [0x40b695]
[compute-601-1:07141] [13] /lib64/libc.so.6(__libc_start_main+0xf4) [0x346901d974]
[compute-601-1:07141] [14] bin/radix.mpi(__gxx_personality_v0+0x1a1) [0x409349]
[compute-601-1:07141] *** End of error message ***
--------------------------------------------------------------------------
mpirun noticed that process rank 2 with PID 7141 on node compute-601-1.local exited on signal 11 (Segmentation fault).
--------------------------------------------------------------------------
mask size = 4

starting radix sort...[compute-601-1:07224] *** Process received signal ***
[compute-601-1:07224] Signal: Segmentation fault (11)
[compute-601-1:07224] Signal code: Address not mapped (1)
[compute-601-1:07224] Failing at address: 0x2b8ee7bbffc8
[compute-601-1:07224] [ 0] /lib64/libpthread.so.0 [0x3469c0e4c0]
[compute-601-1:07224] [ 1] /lib64/libc.so.6(memcpy+0x15b) [0x346907b59b]
[compute-601-1:07224] [ 2] /opt/openmpi/lib/libmpi.so.0(ompi_convertor_pack+0x12c) [0x2b8edb91f96c]
[compute-601-1:07224] [ 3] /opt/openmpi/lib/libmpi.so.0 [0x2b8edb94f46a]
[compute-601-1:07224] [ 4] /opt/openmpi/lib/libmpi.so.0 [0x2b8edb9ba86a]
[compute-601-1:07224] [ 5] /opt/openmpi/lib/libmpi.so.0 [0x2b8edb9b49e8]
[compute-601-1:07224] [ 6] /opt/openmpi/lib/libmpi.so.0 [0x2b8edb950a79]
[compute-601-1:07224] [ 7] /opt/openmpi/lib/libopen-pal.so.0(opal_progress+0x5a) [0x2b8edbf3145a]
[compute-601-1:07224] [ 8] /opt/openmpi/lib/libmpi.so.0 [0x2b8edb912005]
[compute-601-1:07224] [ 9] /opt/openmpi/lib/libmpi.so.0 [0x2b8edb955067]
[compute-601-1:07224] [10] /opt/openmpi/lib/libmpi.so.0 [0x2b8edb95e2fc]
[compute-601-1:07224] [11] /opt/openmpi/lib/libmpi.so.0(MPI_Barrier+0x7c) [0x2b8edb92677c]
[compute-601-1:07224] [12] bin/radix.mpi(main+0x335) [0x40b695]
[compute-601-1:07224] [13] /lib64/libc.so.6(__libc_start_main+0xf4) [0x346901d974]
[compute-601-1:07224] [14] bin/radix.mpi(__gxx_personality_v0+0x1a1) [0x409349]
[compute-601-1:07224] *** End of error message ***
--------------------------------------------------------------------------
mpirun noticed that process rank 4 with PID 7224 on node compute-601-1.local exited on signal 11 (Segmentation fault).
--------------------------------------------------------------------------
