[compute-601-2.local:14291] Error in mx_init (error No MX device entry in /dev.)
[compute-601-2.local:14291] mca_btl_mx_component_init: mx_get_info(MX_NIC_COUNT) failed with status 4(MX not initialized.)
[compute-601-2.local:14293] Error in mx_init (error No MX device entry in /dev.)
[compute-601-2.local:14293] mca_btl_mx_component_init: mx_get_info(MX_NIC_COUNT) failed with status 4(MX not initialized.)
[compute-601-2.local:14294] Error in mx_init (error No MX device entry in /dev.)
[compute-601-2.local:14294] mca_btl_mx_component_init: mx_get_info(MX_NIC_COUNT) failed with status 4(MX not initialized.)
[compute-601-2.local:14292] Error in mx_init (error No MX device entry in /dev.)
[compute-601-2.local:14292] mca_btl_mx_component_init: mx_get_info(MX_NIC_COUNT) failed with status 4(MX not initialized.)
[compute-601-2.local:14295] Error in mx_init (error No MX device entry in /dev.)
[compute-601-2.local:14295] mca_btl_mx_component_init: mx_get_info(MX_NIC_COUNT) failed with status 4(MX not initialized.)
[compute-601-2.local:14298] Error in mx_init (error No MX device entry in /dev.)
[compute-601-2.local:14298] mca_btl_mx_component_init: mx_get_info(MX_NIC_COUNT) failed with status 4(MX not initialized.)
[compute-601-1.local:30635] Error in mx_init (error No MX device entry in /dev.)
[compute-601-1.local:30635] mca_btl_mx_component_init: mx_get_info(MX_NIC_COUNT) failed with status 4(MX not initialized.)
[compute-601-2.local:14297] Error in mx_init (error No MX device entry in /dev.)
[compute-601-2.local:14297] mca_btl_mx_component_init: mx_get_info(MX_NIC_COUNT) failed with status 4(MX not initialized.)
[compute-601-2.local:14296] Error in mx_init (error No MX device entry in /dev.)
[compute-601-2.local:14296] mca_btl_mx_component_init: mx_get_info(MX_NIC_COUNT) failed with status 4(MX not initialized.)
[compute-601-1.local:30641] Error in mx_init (error No MX device entry in /dev.)
[compute-601-1.local:30641] mca_btl_mx_component_init: mx_get_info(MX_NIC_COUNT) failed with status 4(MX not initialized.)
[compute-601-1.local:30634] Error in mx_init (error No MX device entry in /dev.)
[compute-601-1.local:30634] mca_btl_mx_component_init: mx_get_info(MX_NIC_COUNT) failed with status 4(MX not initialized.)
[compute-601-1.local:30637] Error in mx_init (error No MX device entry in /dev.)
[compute-601-1.local:30637] mca_btl_mx_component_init: mx_get_info(MX_NIC_COUNT) failed with status 4(MX not initialized.)
[compute-601-1.local:30639] Error in mx_init (error No MX device entry in /dev.)
[compute-601-1.local:30639] mca_btl_mx_component_init: mx_get_info(MX_NIC_COUNT) failed with status 4(MX not initialized.)
[compute-601-1.local:30636] Error in mx_init (error No MX device entry in /dev.)
[compute-601-1.local:30636] mca_btl_mx_component_init: mx_get_info(MX_NIC_COUNT) failed with status 4(MX not initialized.)
[compute-601-1.local:30638] Error in mx_init (error No MX device entry in /dev.)
[compute-601-1.local:30638] mca_btl_mx_component_init: mx_get_info(MX_NIC_COUNT) failed with status 4(MX not initialized.)
[compute-601-1.local:30640] Error in mx_init (error No MX device entry in /dev.)
[compute-601-1.local:30640] mca_btl_mx_component_init: mx_get_info(MX_NIC_COUNT) failed with status 4(MX not initialized.)
mpirun: killing job...

--------------------------------------------------------------------------
mpirun noticed that process rank 0 with PID 14291 on node compute-601-2.local exited on signal 0 (Unknown signal 0).
--------------------------------------------------------------------------
mpirun: clean termination accomplished

