[compute-601-1.local:19545] Error in mx_init (error No MX device entry in /dev.)
[compute-601-1.local:19545] mca_btl_mx_component_init: mx_get_info(MX_NIC_COUNT) failed with status 4(MX not initialized.)
[compute-601-2.local:03016] Error in mx_init (error No MX device entry in /dev.)
[compute-601-2.local:03016] mca_btl_mx_component_init: mx_get_info(MX_NIC_COUNT) failed with status 4(MX not initialized.)
[compute-601-1.local:19538] Error in mx_init (error No MX device entry in /dev.)
[compute-601-1.local:19538] mca_btl_mx_component_init: mx_get_info(MX_NIC_COUNT) failed with status 4(MX not initialized.)
[compute-601-2.local:03017] Error in mx_init (error No MX device entry in /dev.)
[compute-601-2.local:03017] mca_btl_mx_component_init: mx_get_info(MX_NIC_COUNT) failed with status 4(MX not initialized.)
[compute-601-2.local:03020] Error in mx_init (error No MX device entry in /dev.)
[compute-601-2.local:03020] mca_btl_mx_component_init: mx_get_info(MX_NIC_COUNT) failed with status 4(MX not initialized.)
[compute-601-1.local:19544] Error in mx_init (error No MX device entry in /dev.)
[compute-601-1.local:19544] mca_btl_mx_component_init: mx_get_info(MX_NIC_COUNT) failed with status 4(MX not initialized.)
[compute-601-1.local:19539] Error in mx_init (error No MX device entry in /dev.)
[compute-601-1.local:19539] mca_btl_mx_component_init: mx_get_info(MX_NIC_COUNT) failed with status 4(MX not initialized.)
[compute-601-2.local:03021] Error in mx_init (error No MX device entry in /dev.)
[compute-601-2.local:03021] mca_btl_mx_component_init: mx_get_info(MX_NIC_COUNT) failed with status 4(MX not initialized.)
[compute-601-1.local:19542] Error in mx_init (error No MX device entry in /dev.)
[compute-601-1.local:19542] mca_btl_mx_component_init: mx_get_info(MX_NIC_COUNT) failed with status 4(MX not initialized.)
[compute-601-1.local:19543] Error in mx_init (error No MX device entry in /dev.)
[compute-601-1.local:19543] mca_btl_mx_component_init: mx_get_info(MX_NIC_COUNT) failed with status 4(MX not initialized.)
[compute-601-2.local:03018] Error in mx_init (error No MX device entry in /dev.)
[compute-601-2.local:03018] mca_btl_mx_component_init: mx_get_info(MX_NIC_COUNT) failed with status 4(MX not initialized.)
[compute-601-2.local:03019] Error in mx_init (error No MX device entry in /dev.)
[compute-601-2.local:03022] Error in mx_init (error No MX device entry in /dev.)
[compute-601-2.local:03019] mca_btl_mx_component_init: mx_get_info(MX_NIC_COUNT) failed with status 4(MX not initialized.)
[compute-601-2.local:03022] mca_btl_mx_component_init: mx_get_info(MX_NIC_COUNT) failed with status 4(MX not initialized.)
[compute-601-1.local:19541] Error in mx_init (error No MX device entry in /dev.)
[compute-601-1.local:19541] mca_btl_mx_component_init: mx_get_info(MX_NIC_COUNT) failed with status 4(MX not initialized.)
[compute-601-2.local:03023] Error in mx_init (error No MX device entry in /dev.)
[compute-601-1.local:19540] Error in mx_init (error No MX device entry in /dev.)
[compute-601-2.local:03023] mca_btl_mx_component_init: mx_get_info(MX_NIC_COUNT) failed with status 4(MX not initialized.)
[compute-601-1.local:19540] mca_btl_mx_component_init: mx_get_info(MX_NIC_COUNT) failed with status 4(MX not initialized.)
mask size = 4

starting radix sort...[compute-601-2.local:3023] *** An error occurred in MPI_Recv
[compute-601-2.local:3023] *** on communicator MPI_COMM_WORLD
[compute-601-2.local:3023] *** MPI_ERR_TRUNCATE: message truncated
[compute-601-2.local:3023] *** MPI_ERRORS_ARE_FATAL (your MPI job will now abort)
--------------------------------------------------------------------------
mpirun has exited due to process rank 5 with PID 3021 on
node compute-601-2.local exiting without calling "finalize". This may
have caused other processes in the application to be
terminated by signals sent by mpirun (as reported here).
--------------------------------------------------------------------------
[compute-601-2.local:03014] 12 more processes have sent help message help-mpi-errors.txt / mpi_errors_are_fatal
[compute-601-2.local:03014] Set MCA parameter "orte_base_help_aggregate" to 0 to see all help / error messages
[compute-601-2.local:03030] Error in mx_init (error No MX device entry in /dev.)
[compute-601-2.local:03030] mca_btl_mx_component_init: mx_get_info(MX_NIC_COUNT) failed with status 4(MX not initialized.)
[compute-601-2.local:03029] Error in mx_init (error No MX device entry in /dev.)
[compute-601-2.local:03029] mca_btl_mx_component_init: mx_get_info(MX_NIC_COUNT) failed with status 4(MX not initialized.)
[compute-601-2.local:03031] Error in mx_init (error No MX device entry in /dev.)
[compute-601-2.local:03031] mca_btl_mx_component_init: mx_get_info(MX_NIC_COUNT) failed with status 4(MX not initialized.)
[compute-601-2.local:03032] Error in mx_init (error No MX device entry in /dev.)
[compute-601-2.local:03032] mca_btl_mx_component_init: mx_get_info(MX_NIC_COUNT) failed with status 4(MX not initialized.)
[compute-601-2.local:03034] Error in mx_init (error No MX device entry in /dev.)
[compute-601-2.local:03034] mca_btl_mx_component_init: mx_get_info(MX_NIC_COUNT) failed with status 4(MX not initialized.)
[compute-601-2.local:03033] Error in mx_init (error No MX device entry in /dev.)
[compute-601-2.local:03033] mca_btl_mx_component_init: mx_get_info(MX_NIC_COUNT) failed with status 4(MX not initialized.)
[compute-601-2.local:03036] Error in mx_init (error No MX device entry in /dev.)
[compute-601-2.local:03036] mca_btl_mx_component_init: mx_get_info(MX_NIC_COUNT) failed with status 4(MX not initialized.)
[compute-601-1.local:19547] Error in mx_init (error No MX device entry in /dev.)
[compute-601-1.local:19547] mca_btl_mx_component_init: mx_get_info(MX_NIC_COUNT) failed with status 4(MX not initialized.)
[compute-601-1.local:19548] Error in mx_init (error No MX device entry in /dev.)
[compute-601-1.local:19548] mca_btl_mx_component_init: mx_get_info(MX_NIC_COUNT) failed with status 4(MX not initialized.)
[compute-601-2.local:03037] Error in mx_init (error No MX device entry in /dev.)
[compute-601-2.local:03037] mca_btl_mx_component_init: mx_get_info(MX_NIC_COUNT) failed with status 4(MX not initialized.)
[compute-601-2.local:03035] Error in mx_init (error No MX device entry in /dev.)
[compute-601-2.local:03035] mca_btl_mx_component_init: mx_get_info(MX_NIC_COUNT) failed with status 4(MX not initialized.)
[compute-601-1.local:19549] Error in mx_init (error No MX device entry in /dev.)
[compute-601-1.local:19549] mca_btl_mx_component_init: mx_get_info(MX_NIC_COUNT) failed with status 4(MX not initialized.)
[compute-601-1.local:19550] Error in mx_init (error No MX device entry in /dev.)
[compute-601-1.local:19550] mca_btl_mx_component_init: mx_get_info(MX_NIC_COUNT) failed with status 4(MX not initialized.)
[compute-601-1.local:19551] Error in mx_init (error No MX device entry in /dev.)
[compute-601-1.local:19551] mca_btl_mx_component_init: mx_get_info(MX_NIC_COUNT) failed with status 4(MX not initialized.)
[compute-601-1.local:19552] Error in mx_init (error No MX device entry in /dev.)
[compute-601-1.local:19552] mca_btl_mx_component_init: mx_get_info(MX_NIC_COUNT) failed with status 4(MX not initialized.)
[compute-601-2.local:03039] Error in mx_init (error No MX device entry in /dev.)
[compute-601-2.local:03039] mca_btl_mx_component_init: mx_get_info(MX_NIC_COUNT) failed with status 4(MX not initialized.)
[compute-601-2.local:03040] Error in mx_init (error No MX device entry in /dev.)
[compute-601-2.local:03040] mca_btl_mx_component_init: mx_get_info(MX_NIC_COUNT) failed with status 4(MX not initialized.)
[compute-601-2.local:03038] Error in mx_init (error No MX device entry in /dev.)
[compute-601-2.local:03038] mca_btl_mx_component_init: mx_get_info(MX_NIC_COUNT) failed with status 4(MX not initialized.)
[compute-601-1.local:19554] Error in mx_init (error No MX device entry in /dev.)
[compute-601-1.local:19554] mca_btl_mx_component_init: mx_get_info(MX_NIC_COUNT) failed with status 4(MX not initialized.)
[compute-601-2.local:03042] Error in mx_init (error No MX device entry in /dev.)
[compute-601-2.local:03042] mca_btl_mx_component_init: mx_get_info(MX_NIC_COUNT) failed with status 4(MX not initialized.)
[compute-601-2.local:03041] Error in mx_init (error No MX device entry in /dev.)
[compute-601-2.local:03041] mca_btl_mx_component_init: mx_get_info(MX_NIC_COUNT) failed with status 4(MX not initialized.)
[compute-601-2.local:03043] Error in mx_init (error No MX device entry in /dev.)
[compute-601-2.local:03043] mca_btl_mx_component_init: mx_get_info(MX_NIC_COUNT) failed with status 4(MX not initialized.)
[compute-601-1.local:19553] Error in mx_init (error No MX device entry in /dev.)
[compute-601-1.local:19553] mca_btl_mx_component_init: mx_get_info(MX_NIC_COUNT) failed with status 4(MX not initialized.)
[compute-601-1.local:19555] Error in mx_init (error No MX device entry in /dev.)
[compute-601-1.local:19555] mca_btl_mx_component_init: mx_get_info(MX_NIC_COUNT) failed with status 4(MX not initialized.)
[compute-601-2.local:03044] Error in mx_init (error No MX device entry in /dev.)
[compute-601-2.local:03044] mca_btl_mx_component_init: mx_get_info(MX_NIC_COUNT) failed with status 4(MX not initialized.)
[compute-601-1.local:19556] Error in mx_init (error No MX device entry in /dev.)
[compute-601-1.local:19556] mca_btl_mx_component_init: mx_get_info(MX_NIC_COUNT) failed with status 4(MX not initialized.)
[compute-601-1.local:19558] Error in mx_init (error No MX device entry in /dev.)
[compute-601-1.local:19558] mca_btl_mx_component_init: mx_get_info(MX_NIC_COUNT) failed with status 4(MX not initialized.)
[compute-601-1.local:19557] Error in mx_init (error No MX device entry in /dev.)
[compute-601-1.local:19557] mca_btl_mx_component_init: mx_get_info(MX_NIC_COUNT) failed with status 4(MX not initialized.)
[compute-601-1.local:19559] Error in mx_init (error No MX device entry in /dev.)
[compute-601-1.local:19559] mca_btl_mx_component_init: mx_get_info(MX_NIC_COUNT) failed with status 4(MX not initialized.)
[compute-601-1.local:19562] Error in mx_init (error No MX device entry in /dev.)
[compute-601-1.local:19562] mca_btl_mx_component_init: mx_get_info(MX_NIC_COUNT) failed with status 4(MX not initialized.)
[compute-601-1.local:19561] Error in mx_init (error No MX device entry in /dev.)
[compute-601-1.local:19561] mca_btl_mx_component_init: mx_get_info(MX_NIC_COUNT) failed with status 4(MX not initialized.)
[compute-601-1.local:19560] Error in mx_init (error No MX device entry in /dev.)
[compute-601-1.local:19560] mca_btl_mx_component_init: mx_get_info(MX_NIC_COUNT) failed with status 4(MX not initialized.)
mask size = 4

starting radix sort...finished

CORRECT! Result is ordered
CORRECT! Result is ordered
CORRECT! Result is ordered
CORRECT! Result is ordered
CORRECT! Result is ordered
CORRECT! Result is ordered
CORRECT! Result is ordered
CORRECT! Result is ordered
CORRECT! Result is ordered
CORRECT! Result is ordered
CORRECT! Result is ordered
CORRECT! Result is ordered
CORRECT! Result is ordered
CORRECT! Result is ordered
CORRECT! Result is ordered
CORRECT! Result is ordered
CORRECT! Result is ordered
CORRECT! Result is ordered
CORRECT! Result is ordered
CORRECT! Result is ordered
CORRECT! Result is ordered
CORRECT! Result is ordered
CORRECT! Result is ordered
CORRECT! Result is ordered
CORRECT! Result is ordered
CORRECT! Result is ordered
CORRECT! Result is ordered
CORRECT! Result is ordered
CORRECT! Result is ordered
CORRECT! Result is ordered
CORRECT! Result is ordered
CORRECT! Result is ordered
[compute-601-2.local:03050] Error in mx_init (error No MX device entry in /dev.)
[compute-601-2.local:03050] mca_btl_mx_component_init: mx_get_info(MX_NIC_COUNT) failed with status 4(MX not initialized.)
[compute-601-2.local:03051] Error in mx_init (error No MX device entry in /dev.)
[compute-601-2.local:03051] mca_btl_mx_component_init: mx_get_info(MX_NIC_COUNT) failed with status 4(MX not initialized.)
[compute-601-2.local:03052] Error in mx_init (error No MX device entry in /dev.)
[compute-601-2.local:03052] mca_btl_mx_component_init: mx_get_info(MX_NIC_COUNT) failed with status 4(MX not initialized.)
[compute-601-2.local:03053] Error in mx_init (error No MX device entry in /dev.)
[compute-601-2.local:03053] mca_btl_mx_component_init: mx_get_info(MX_NIC_COUNT) failed with status 4(MX not initialized.)
[compute-601-2.local:03054] Error in mx_init (error No MX device entry in /dev.)
[compute-601-2.local:03054] mca_btl_mx_component_init: mx_get_info(MX_NIC_COUNT) failed with status 4(MX not initialized.)
[compute-601-2.local:03055] Error in mx_init (error No MX device entry in /dev.)
[compute-601-2.local:03055] mca_btl_mx_component_init: mx_get_info(MX_NIC_COUNT) failed with status 4(MX not initialized.)
[compute-601-2.local:03056] Error in mx_init (error No MX device entry in /dev.)
[compute-601-2.local:03056] mca_btl_mx_component_init: mx_get_info(MX_NIC_COUNT) failed with status 4(MX not initialized.)
[compute-601-2.local:03057] Error in mx_init (error No MX device entry in /dev.)
[compute-601-2.local:03057] mca_btl_mx_component_init: mx_get_info(MX_NIC_COUNT) failed with status 4(MX not initialized.)
[compute-601-1.local:19564] Error in mx_init (error No MX device entry in /dev.)
[compute-601-1.local:19564] mca_btl_mx_component_init: mx_get_info(MX_NIC_COUNT) failed with status 4(MX not initialized.)
[compute-601-1.local:19565] Error in mx_init (error No MX device entry in /dev.)
[compute-601-1.local:19565] mca_btl_mx_component_init: mx_get_info(MX_NIC_COUNT) failed with status 4(MX not initialized.)
[compute-601-1.local:19567] Error in mx_init (error No MX device entry in /dev.)
[compute-601-1.local:19567] mca_btl_mx_component_init: mx_get_info(MX_NIC_COUNT) failed with status 4(MX not initialized.)
[compute-601-1.local:19570] Error in mx_init (error No MX device entry in /dev.)
[compute-601-1.local:19570] mca_btl_mx_component_init: mx_get_info(MX_NIC_COUNT) failed with status 4(MX not initialized.)
[compute-601-1.local:19568] Error in mx_init (error No MX device entry in /dev.)
[compute-601-1.local:19568] mca_btl_mx_component_init: mx_get_info(MX_NIC_COUNT) failed with status 4(MX not initialized.)
[compute-601-1.local:19566] Error in mx_init (error No MX device entry in /dev.)
[compute-601-1.local:19566] mca_btl_mx_component_init: mx_get_info(MX_NIC_COUNT) failed with status 4(MX not initialized.)
[compute-601-1.local:19569] Error in mx_init (error No MX device entry in /dev.)
[compute-601-1.local:19569] mca_btl_mx_component_init: mx_get_info(MX_NIC_COUNT) failed with status 4(MX not initialized.)
[compute-601-1.local:19571] Error in mx_init (error No MX device entry in /dev.)
[compute-601-1.local:19571] mca_btl_mx_component_init: mx_get_info(MX_NIC_COUNT) failed with status 4(MX not initialized.)
mask size = 4

starting radix sort...[compute-601-2.local:3051] *** An error occurred in MPI_Recv
[compute-601-2.local:3051] *** on communicator MPI_COMM_WORLD
[compute-601-2.local:3051] *** MPI_ERR_TRUNCATE: message truncated
[compute-601-2.local:3051] *** MPI_ERRORS_ARE_FATAL (your MPI job will now abort)
--------------------------------------------------------------------------
mpirun has exited due to process rank 1 with PID 3051 on
node compute-601-2.local exiting without calling "finalize". This may
have caused other processes in the application to be
terminated by signals sent by mpirun (as reported here).
--------------------------------------------------------------------------
[compute-601-1.local][[31948,1],15][btl_tcp_frag.c:216:mca_btl_tcp_frag_recv] mca_btl_tcp_frag_recv: readv failed: Connection reset by peer (104)
[compute-601-1.local][[31948,1],15][btl_tcp_frag.c:216:mca_btl_tcp_frag_recv] mca_btl_tcp_frag_recv: readv failed: Connection reset by peer (104)
[compute-601-1.local][[31948,1],15][btl_tcp_frag.c:216:mca_btl_tcp_frag_recv] mca_btl_tcp_frag_recv: readv failed: Connection reset by peer (104)
[compute-601-2.local:03049] 6 more processes have sent help message help-mpi-errors.txt / mpi_errors_are_fatal
[compute-601-2.local:03049] Set MCA parameter "orte_base_help_aggregate" to 0 to see all help / error messages
[compute-601-2.local:03066] Error in mx_init (error No MX device entry in /dev.)
[compute-601-2.local:03066] mca_btl_mx_component_init: mx_get_info(MX_NIC_COUNT) failed with status 4(MX not initialized.)
[compute-601-2.local:03063] Error in mx_init (error No MX device entry in /dev.)
[compute-601-2.local:03063] mca_btl_mx_component_init: mx_get_info(MX_NIC_COUNT) failed with status 4(MX not initialized.)
[compute-601-2.local:03065] Error in mx_init (error No MX device entry in /dev.)
[compute-601-2.local:03065] mca_btl_mx_component_init: mx_get_info(MX_NIC_COUNT) failed with status 4(MX not initialized.)
[compute-601-2.local:03064] Error in mx_init (error No MX device entry in /dev.)
[compute-601-2.local:03064] mca_btl_mx_component_init: mx_get_info(MX_NIC_COUNT) failed with status 4(MX not initialized.)
[compute-601-1.local:19574] Error in mx_init (error No MX device entry in /dev.)
[compute-601-1.local:19574] mca_btl_mx_component_init: mx_get_info(MX_NIC_COUNT) failed with status 4(MX not initialized.)
[compute-601-1.local:19575] Error in mx_init (error No MX device entry in /dev.)
[compute-601-1.local:19575] mca_btl_mx_component_init: mx_get_info(MX_NIC_COUNT) failed with status 4(MX not initialized.)
[compute-601-2.local:03067] Error in mx_init (error No MX device entry in /dev.)
[compute-601-2.local:03067] mca_btl_mx_component_init: mx_get_info(MX_NIC_COUNT) failed with status 4(MX not initialized.)
[compute-601-1.local:19577] Error in mx_init (error No MX device entry in /dev.)
[compute-601-1.local:19577] mca_btl_mx_component_init: mx_get_info(MX_NIC_COUNT) failed with status 4(MX not initialized.)
[compute-601-1.local:19576] Error in mx_init (error No MX device entry in /dev.)
[compute-601-1.local:19576] mca_btl_mx_component_init: mx_get_info(MX_NIC_COUNT) failed with status 4(MX not initialized.)
[compute-601-2.local:03068] Error in mx_init (error No MX device entry in /dev.)
[compute-601-2.local:03068] mca_btl_mx_component_init: mx_get_info(MX_NIC_COUNT) failed with status 4(MX not initialized.)
[compute-601-2.local:03069] Error in mx_init (error No MX device entry in /dev.)
[compute-601-2.local:03069] mca_btl_mx_component_init: mx_get_info(MX_NIC_COUNT) failed with status 4(MX not initialized.)
[compute-601-2.local:03072] Error in mx_init (error No MX device entry in /dev.)
[compute-601-2.local:03072] mca_btl_mx_component_init: mx_get_info(MX_NIC_COUNT) failed with status 4(MX not initialized.)
[compute-601-2.local:03070] Error in mx_init (error No MX device entry in /dev.)
[compute-601-2.local:03070] mca_btl_mx_component_init: mx_get_info(MX_NIC_COUNT) failed with status 4(MX not initialized.)
[compute-601-2.local:03071] Error in mx_init (error No MX device entry in /dev.)
[compute-601-2.local:03071] mca_btl_mx_component_init: mx_get_info(MX_NIC_COUNT) failed with status 4(MX not initialized.)
[compute-601-2.local:03073] Error in mx_init (error No MX device entry in /dev.)
[compute-601-2.local:03073] mca_btl_mx_component_init: mx_get_info(MX_NIC_COUNT) failed with status 4(MX not initialized.)
[compute-601-1.local:19579] Error in mx_init (error No MX device entry in /dev.)
[compute-601-1.local:19579] mca_btl_mx_component_init: mx_get_info(MX_NIC_COUNT) failed with status 4(MX not initialized.)
[compute-601-1.local:19580] Error in mx_init (error No MX device entry in /dev.)
[compute-601-1.local:19580] mca_btl_mx_component_init: mx_get_info(MX_NIC_COUNT) failed with status 4(MX not initialized.)
[compute-601-1.local:19578] Error in mx_init (error No MX device entry in /dev.)
[compute-601-1.local:19578] mca_btl_mx_component_init: mx_get_info(MX_NIC_COUNT) failed with status 4(MX not initialized.)
[compute-601-2.local:03077] Error in mx_init (error No MX device entry in /dev.)
[compute-601-1.local:19587] Error in mx_init (error No MX device entry in /dev.)
[compute-601-1.local:19587] mca_btl_mx_component_init: mx_get_info(MX_NIC_COUNT) failed with status 4(MX not initialized.)
[compute-601-2.local:03077] mca_btl_mx_component_init: mx_get_info(MX_NIC_COUNT) failed with status 4(MX not initialized.)
[compute-601-2.local:03076] Error in mx_init (error No MX device entry in /dev.)
[compute-601-2.local:03076] mca_btl_mx_component_init: mx_get_info(MX_NIC_COUNT) failed with status 4(MX not initialized.)
[compute-601-2.local:03078] Error in mx_init (error No MX device entry in /dev.)
[compute-601-2.local:03078] mca_btl_mx_component_init: mx_get_info(MX_NIC_COUNT) failed with status 4(MX not initialized.)
[compute-601-2.local:03074] Error in mx_init (error No MX device entry in /dev.)
[compute-601-2.local:03074] mca_btl_mx_component_init: mx_get_info(MX_NIC_COUNT) failed with status 4(MX not initialized.)
[compute-601-2.local:03075] Error in mx_init (error No MX device entry in /dev.)
[compute-601-2.local:03075] mca_btl_mx_component_init: mx_get_info(MX_NIC_COUNT) failed with status 4(MX not initialized.)
[compute-601-1.local:19582] Error in mx_init (error No MX device entry in /dev.)
[compute-601-1.local:19582] mca_btl_mx_component_init: mx_get_info(MX_NIC_COUNT) failed with status 4(MX not initialized.)
[compute-601-1.local:19584] Error in mx_init (error No MX device entry in /dev.)
[compute-601-1.local:19584] mca_btl_mx_component_init: mx_get_info(MX_NIC_COUNT) failed with status 4(MX not initialized.)
[compute-601-1.local:19585] Error in mx_init (error No MX device entry in /dev.)
[compute-601-1.local:19585] mca_btl_mx_component_init: mx_get_info(MX_NIC_COUNT) failed with status 4(MX not initialized.)
[compute-601-1.local:19586] Error in mx_init (error No MX device entry in /dev.)
[compute-601-1.local:19586] mca_btl_mx_component_init: mx_get_info(MX_NIC_COUNT) failed with status 4(MX not initialized.)
[compute-601-1.local:19581] Error in mx_init (error No MX device entry in /dev.)
[compute-601-1.local:19581] mca_btl_mx_component_init: mx_get_info(MX_NIC_COUNT) failed with status 4(MX not initialized.)
[compute-601-1.local:19588] Error in mx_init (error No MX device entry in /dev.)
[compute-601-1.local:19588] mca_btl_mx_component_init: mx_get_info(MX_NIC_COUNT) failed with status 4(MX not initialized.)
[compute-601-1.local:19589] Error in mx_init (error No MX device entry in /dev.)
[compute-601-1.local:19589] mca_btl_mx_component_init: mx_get_info(MX_NIC_COUNT) failed with status 4(MX not initialized.)
[compute-601-1.local:19583] Error in mx_init (error No MX device entry in /dev.)
[compute-601-1.local:19583] mca_btl_mx_component_init: mx_get_info(MX_NIC_COUNT) failed with status 4(MX not initialized.)
mask size = 4

starting radix sort...[compute-601-2.local:3063] *** An error occurred in MPI_Recv
[compute-601-2.local:3063] *** on communicator MPI_COMM_WORLD
[compute-601-2.local:3063] *** MPI_ERR_TRUNCATE: message truncated
[compute-601-2.local:3063] *** MPI_ERRORS_ARE_FATAL (your MPI job will now abort)
--------------------------------------------------------------------------
mpirun has exited due to process rank 0 with PID 3063 on
node compute-601-2.local exiting without calling "finalize". This may
have caused other processes in the application to be
terminated by signals sent by mpirun (as reported here).
--------------------------------------------------------------------------
[compute-601-2.local:03084] Error in mx_init (error No MX device entry in /dev.)
[compute-601-2.local:03084] mca_btl_mx_component_init: mx_get_info(MX_NIC_COUNT) failed with status 4(MX not initialized.)
[compute-601-2.local:03086] Error in mx_init (error No MX device entry in /dev.)
[compute-601-2.local:03086] mca_btl_mx_component_init: mx_get_info(MX_NIC_COUNT) failed with status 4(MX not initialized.)
[compute-601-2.local:03085] Error in mx_init (error No MX device entry in /dev.)
[compute-601-2.local:03085] mca_btl_mx_component_init: mx_get_info(MX_NIC_COUNT) failed with status 4(MX not initialized.)
[compute-601-2.local:03088] Error in mx_init (error No MX device entry in /dev.)
[compute-601-2.local:03088] mca_btl_mx_component_init: mx_get_info(MX_NIC_COUNT) failed with status 4(MX not initialized.)
[compute-601-2.local:03087] Error in mx_init (error No MX device entry in /dev.)
[compute-601-2.local:03087] mca_btl_mx_component_init: mx_get_info(MX_NIC_COUNT) failed with status 4(MX not initialized.)
[compute-601-2.local:03089] Error in mx_init (error No MX device entry in /dev.)
[compute-601-2.local:03089] mca_btl_mx_component_init: mx_get_info(MX_NIC_COUNT) failed with status 4(MX not initialized.)
[compute-601-2.local:03090] Error in mx_init (error No MX device entry in /dev.)
[compute-601-2.local:03090] mca_btl_mx_component_init: mx_get_info(MX_NIC_COUNT) failed with status 4(MX not initialized.)
[compute-601-2.local:03091] Error in mx_init (error No MX device entry in /dev.)
[compute-601-2.local:03091] mca_btl_mx_component_init: mx_get_info(MX_NIC_COUNT) failed with status 4(MX not initialized.)
[compute-601-1.local:19620] Error in mx_init (error No MX device entry in /dev.)
[compute-601-1.local:19620] mca_btl_mx_component_init: mx_get_info(MX_NIC_COUNT) failed with status 4(MX not initialized.)
[compute-601-1.local:19616] Error in mx_init (error No MX device entry in /dev.)
[compute-601-1.local:19616] mca_btl_mx_component_init: mx_get_info(MX_NIC_COUNT) failed with status 4(MX not initialized.)
[compute-601-1.local:19615] Error in mx_init (error No MX device entry in /dev.)
[compute-601-1.local:19615] mca_btl_mx_component_init: mx_get_info(MX_NIC_COUNT) failed with status 4(MX not initialized.)
[compute-601-1.local:19619] Error in mx_init (error No MX device entry in /dev.)
[compute-601-1.local:19619] mca_btl_mx_component_init: mx_get_info(MX_NIC_COUNT) failed with status 4(MX not initialized.)
[compute-601-1.local:19618] Error in mx_init (error No MX device entry in /dev.)
[compute-601-1.local:19618] mca_btl_mx_component_init: mx_get_info(MX_NIC_COUNT) failed with status 4(MX not initialized.)
[compute-601-1.local:19621] Error in mx_init (error No MX device entry in /dev.)
[compute-601-1.local:19621] mca_btl_mx_component_init: mx_get_info(MX_NIC_COUNT) failed with status 4(MX not initialized.)
[compute-601-1.local:19617] Error in mx_init (error No MX device entry in /dev.)
[compute-601-1.local:19617] mca_btl_mx_component_init: mx_get_info(MX_NIC_COUNT) failed with status 4(MX not initialized.)
[compute-601-1.local:19622] Error in mx_init (error No MX device entry in /dev.)
[compute-601-1.local:19622] mca_btl_mx_component_init: mx_get_info(MX_NIC_COUNT) failed with status 4(MX not initialized.)
mask size = 4

starting radix sort...[compute-601-2.local:3089] *** An error occurred in MPI_Recv
[compute-601-2.local:3089] *** on communicator MPI_COMM_WORLD
[compute-601-2.local:3089] *** MPI_ERR_TRUNCATE: message truncated
[compute-601-2.local:3089] *** MPI_ERRORS_ARE_FATAL (your MPI job will now abort)
--------------------------------------------------------------------------
mpirun has exited due to process rank 13 with PID 19620 on
node compute-601-1 exiting without calling "finalize". This may
have caused other processes in the application to be
terminated by signals sent by mpirun (as reported here).
--------------------------------------------------------------------------
[compute-601-2.local][[31534,1],2][btl_tcp_frag.c:124:mca_btl_tcp_frag_send] mca_btl_tcp_frag_send: writev failed: Connection reset by peer (104)
[compute-601-2.local][[31534,1],2][btl_tcp_frag.c:124:mca_btl_tcp_frag_send] mca_btl_tcp_frag_send: writev failed: Connection reset by peer (104)
[compute-601-2.local:03083] 10 more processes have sent help message help-mpi-errors.txt / mpi_errors_are_fatal
[compute-601-2.local:03083] Set MCA parameter "orte_base_help_aggregate" to 0 to see all help / error messages
[compute-601-2.local:03097] Error in mx_init (error No MX device entry in /dev.)
[compute-601-2.local:03097] mca_btl_mx_component_init: mx_get_info(MX_NIC_COUNT) failed with status 4(MX not initialized.)
[compute-601-2.local:03099] Error in mx_init (error No MX device entry in /dev.)
[compute-601-2.local:03099] mca_btl_mx_component_init: mx_get_info(MX_NIC_COUNT) failed with status 4(MX not initialized.)
[compute-601-2.local:03098] Error in mx_init (error No MX device entry in /dev.)
[compute-601-2.local:03098] mca_btl_mx_component_init: mx_get_info(MX_NIC_COUNT) failed with status 4(MX not initialized.)
[compute-601-2.local:03100] Error in mx_init (error No MX device entry in /dev.)
[compute-601-2.local:03100] mca_btl_mx_component_init: mx_get_info(MX_NIC_COUNT) failed with status 4(MX not initialized.)
[compute-601-2.local:03101] Error in mx_init (error No MX device entry in /dev.)
[compute-601-2.local:03101] mca_btl_mx_component_init: mx_get_info(MX_NIC_COUNT) failed with status 4(MX not initialized.)
[compute-601-2.local:03102] Error in mx_init (error No MX device entry in /dev.)
[compute-601-2.local:03102] mca_btl_mx_component_init: mx_get_info(MX_NIC_COUNT) failed with status 4(MX not initialized.)
[compute-601-2.local:03103] Error in mx_init (error No MX device entry in /dev.)
[compute-601-2.local:03103] mca_btl_mx_component_init: mx_get_info(MX_NIC_COUNT) failed with status 4(MX not initialized.)
[compute-601-1.local:19624] Error in mx_init (error No MX device entry in /dev.)
[compute-601-1.local:19624] mca_btl_mx_component_init: mx_get_info(MX_NIC_COUNT) failed with status 4(MX not initialized.)
[compute-601-2.local:03104] Error in mx_init (error No MX device entry in /dev.)
[compute-601-2.local:03104] mca_btl_mx_component_init: mx_get_info(MX_NIC_COUNT) failed with status 4(MX not initialized.)
[compute-601-1.local:19625] Error in mx_init (error No MX device entry in /dev.)
[compute-601-1.local:19625] mca_btl_mx_component_init: mx_get_info(MX_NIC_COUNT) failed with status 4(MX not initialized.)
[compute-601-2.local:03106] Error in mx_init (error No MX device entry in /dev.)
[compute-601-2.local:03106] mca_btl_mx_component_init: mx_get_info(MX_NIC_COUNT) failed with status 4(MX not initialized.)
[compute-601-1.local:19627] Error in mx_init (error No MX device entry in /dev.)
[compute-601-1.local:19627] mca_btl_mx_component_init: mx_get_info(MX_NIC_COUNT) failed with status 4(MX not initialized.)
[compute-601-1.local:19626] Error in mx_init (error No MX device entry in /dev.)
[compute-601-1.local:19626] mca_btl_mx_component_init: mx_get_info(MX_NIC_COUNT) failed with status 4(MX not initialized.)
[compute-601-2.local:03105] Error in mx_init (error No MX device entry in /dev.)
[compute-601-2.local:03105] mca_btl_mx_component_init: mx_get_info(MX_NIC_COUNT) failed with status 4(MX not initialized.)
[compute-601-2.local:03107] Error in mx_init (error No MX device entry in /dev.)
[compute-601-2.local:03107] mca_btl_mx_component_init: mx_get_info(MX_NIC_COUNT) failed with status 4(MX not initialized.)
[compute-601-1.local:19628] Error in mx_init (error No MX device entry in /dev.)
[compute-601-1.local:19628] mca_btl_mx_component_init: mx_get_info(MX_NIC_COUNT) failed with status 4(MX not initialized.)
[compute-601-2.local:03108] Error in mx_init (error No MX device entry in /dev.)
[compute-601-2.local:03108] mca_btl_mx_component_init: mx_get_info(MX_NIC_COUNT) failed with status 4(MX not initialized.)
[compute-601-1.local:19629] Error in mx_init (error No MX device entry in /dev.)
[compute-601-1.local:19629] mca_btl_mx_component_init: mx_get_info(MX_NIC_COUNT) failed with status 4(MX not initialized.)
[compute-601-2.local:03109] Error in mx_init (error No MX device entry in /dev.)
[compute-601-2.local:03109] mca_btl_mx_component_init: mx_get_info(MX_NIC_COUNT) failed with status 4(MX not initialized.)
[compute-601-2.local:03110] Error in mx_init (error No MX device entry in /dev.)
[compute-601-2.local:03110] mca_btl_mx_component_init: mx_get_info(MX_NIC_COUNT) failed with status 4(MX not initialized.)
[compute-601-2.local:03111] Error in mx_init (error No MX device entry in /dev.)
[compute-601-2.local:03111] mca_btl_mx_component_init: mx_get_info(MX_NIC_COUNT) failed with status 4(MX not initialized.)
[compute-601-2.local:03112] Error in mx_init (error No MX device entry in /dev.)
[compute-601-2.local:03112] mca_btl_mx_component_init: mx_get_info(MX_NIC_COUNT) failed with status 4(MX not initialized.)
[compute-601-1.local:19631] Error in mx_init (error No MX device entry in /dev.)
[compute-601-1.local:19631] mca_btl_mx_component_init: mx_get_info(MX_NIC_COUNT) failed with status 4(MX not initialized.)
[compute-601-1.local:19630] Error in mx_init (error No MX device entry in /dev.)
[compute-601-1.local:19630] mca_btl_mx_component_init: mx_get_info(MX_NIC_COUNT) failed with status 4(MX not initialized.)
[compute-601-1.local:19632] Error in mx_init (error No MX device entry in /dev.)
[compute-601-1.local:19632] mca_btl_mx_component_init: mx_get_info(MX_NIC_COUNT) failed with status 4(MX not initialized.)
[compute-601-1.local:19635] Error in mx_init (error No MX device entry in /dev.)
[compute-601-1.local:19635] mca_btl_mx_component_init: mx_get_info(MX_NIC_COUNT) failed with status 4(MX not initialized.)
[compute-601-1.local:19634] Error in mx_init (error No MX device entry in /dev.)
[compute-601-1.local:19634] mca_btl_mx_component_init: mx_get_info(MX_NIC_COUNT) failed with status 4(MX not initialized.)
[compute-601-1.local:19633] Error in mx_init (error No MX device entry in /dev.)
[compute-601-1.local:19633] mca_btl_mx_component_init: mx_get_info(MX_NIC_COUNT) failed with status 4(MX not initialized.)
[compute-601-1.local:19636] Error in mx_init (error No MX device entry in /dev.)
[compute-601-1.local:19636] mca_btl_mx_component_init: mx_get_info(MX_NIC_COUNT) failed with status 4(MX not initialized.)
[compute-601-1.local:19637] Error in mx_init (error No MX device entry in /dev.)
[compute-601-1.local:19637] mca_btl_mx_component_init: mx_get_info(MX_NIC_COUNT) failed with status 4(MX not initialized.)
[compute-601-1.local:19639] Error in mx_init (error No MX device entry in /dev.)
[compute-601-1.local:19639] mca_btl_mx_component_init: mx_get_info(MX_NIC_COUNT) failed with status 4(MX not initialized.)
[compute-601-1.local:19638] Error in mx_init (error No MX device entry in /dev.)
[compute-601-1.local:19638] mca_btl_mx_component_init: mx_get_info(MX_NIC_COUNT) failed with status 4(MX not initialized.)
mask size = 4

starting radix sort...[compute-601-2.local:3097] *** An error occurred in MPI_Recv
[compute-601-2.local:3097] *** on communicator MPI_COMM_WORLD
[compute-601-2.local:3097] *** MPI_ERR_TRUNCATE: message truncated
[compute-601-2.local:3097] *** MPI_ERRORS_ARE_FATAL (your MPI job will now abort)
--------------------------------------------------------------------------
mpirun has exited due to process rank 0 with PID 3097 on
node compute-601-2.local exiting without calling "finalize". This may
have caused other processes in the application to be
terminated by signals sent by mpirun (as reported here).
--------------------------------------------------------------------------
[compute-601-1.local][[31549,1],16][btl_tcp_frag.c:216:mca_btl_tcp_frag_recv] mca_btl_tcp_frag_recv: readv failed: Connection reset by peer (104)
[compute-601-1.local][[31549,1],17][btl_tcp_frag.c:216:mca_btl_tcp_frag_recv] mca_btl_tcp_frag_recv: readv failed: Connection reset by peer (104)
[compute-601-1.local][[31549,1],18][btl_tcp_frag.c:216:mca_btl_tcp_frag_recv] mca_btl_tcp_frag_recv: readv failed: Connection reset by peer (104)
[compute-601-1.local][[31549,1],19][btl_tcp_frag.c:216:mca_btl_tcp_frag_recv] mca_btl_tcp_frag_recv: readv failed: Connection reset by peer (104)
[compute-601-1.local][[31549,1],20][btl_tcp_frag.c:216:mca_btl_tcp_frag_recv] mca_btl_tcp_frag_recv: readv failed: Connection reset by peer (104)
[compute-601-1.local][[31549,1],21][btl_tcp_frag.c:216:mca_btl_tcp_frag_recv] mca_btl_tcp_frag_recv: readv failed: Connection reset by peer (104)
[compute-601-1.local][[31549,1],22][btl_tcp_frag.c:216:mca_btl_tcp_frag_recv] mca_btl_tcp_frag_recv: readv failed: Connection reset by peer (104)
[compute-601-1.local][[31549,1],23][btl_tcp_frag.c:216:mca_btl_tcp_frag_recv] mca_btl_tcp_frag_recv: readv failed: Connection reset by peer (104)
[compute-601-1.local][[31549,1],24][btl_tcp_frag.c:216:mca_btl_tcp_frag_recv] mca_btl_tcp_frag_recv: readv failed: Connection reset by peer (104)
[compute-601-1.local][[31549,1],25][btl_tcp_frag.c:216:mca_btl_tcp_frag_recv] mca_btl_tcp_frag_recv: readv failed: Connection reset by peer (104)
[compute-601-1.local][[31549,1],26][btl_tcp_frag.c:216:mca_btl_tcp_frag_recv] mca_btl_tcp_frag_recv: readv failed: Connection reset by peer (104)
[compute-601-1.local][[31549,1],27][btl_tcp_frag.c:216:mca_btl_tcp_frag_recv] mca_btl_tcp_frag_recv: readv failed: Connection reset by peer (104)
[compute-601-1.local][[31549,1],28][btl_tcp_frag.c:216:mca_btl_tcp_frag_recv] mca_btl_tcp_frag_recv: readv failed: Connection reset by peer (104)
[compute-601-1.local][[31549,1],29][btl_tcp_frag.c:216:mca_btl_tcp_frag_recv] mca_btl_tcp_frag_recv: readv failed: Connection reset by peer (104)
[compute-601-1.local][[31549,1],30][btl_tcp_frag.c:216:mca_btl_tcp_frag_recv] mca_btl_tcp_frag_recv: readv failed: Connection reset by peer (104)
[compute-601-1.local][[31549,1],31][btl_tcp_frag.c:216:mca_btl_tcp_frag_recv] mca_btl_tcp_frag_recv: readv failed: Connection reset by peer (104)
[compute-601-2.local:03142] Error in mx_init (error No MX device entry in /dev.)
[compute-601-2.local:03142] mca_btl_mx_component_init: mx_get_info(MX_NIC_COUNT) failed with status 4(MX not initialized.)
[compute-601-2.local:03143] Error in mx_init (error No MX device entry in /dev.)
[compute-601-2.local:03143] mca_btl_mx_component_init: mx_get_info(MX_NIC_COUNT) failed with status 4(MX not initialized.)
[compute-601-2.local:03147] Error in mx_init (error No MX device entry in /dev.)
[compute-601-2.local:03147] mca_btl_mx_component_init: mx_get_info(MX_NIC_COUNT) failed with status 4(MX not initialized.)
[compute-601-2.local:03145] Error in mx_init (error No MX device entry in /dev.)
[compute-601-2.local:03145] mca_btl_mx_component_init: mx_get_info(MX_NIC_COUNT) failed with status 4(MX not initialized.)
[compute-601-2.local:03146] Error in mx_init (error No MX device entry in /dev.)
[compute-601-2.local:03146] mca_btl_mx_component_init: mx_get_info(MX_NIC_COUNT) failed with status 4(MX not initialized.)
[compute-601-2.local:03144] Error in mx_init (error No MX device entry in /dev.)
[compute-601-2.local:03144] mca_btl_mx_component_init: mx_get_info(MX_NIC_COUNT) failed with status 4(MX not initialized.)
[compute-601-1.local:19642] Error in mx_init (error No MX device entry in /dev.)
[compute-601-1.local:19642] mca_btl_mx_component_init: mx_get_info(MX_NIC_COUNT) failed with status 4(MX not initialized.)
[compute-601-2.local:03148] Error in mx_init (error No MX device entry in /dev.)
[compute-601-2.local:03148] mca_btl_mx_component_init: mx_get_info(MX_NIC_COUNT) failed with status 4(MX not initialized.)
[compute-601-2.local:03149] Error in mx_init (error No MX device entry in /dev.)
[compute-601-2.local:03149] mca_btl_mx_component_init: mx_get_info(MX_NIC_COUNT) failed with status 4(MX not initialized.)
[compute-601-1.local:19643] Error in mx_init (error No MX device entry in /dev.)
[compute-601-1.local:19643] mca_btl_mx_component_init: mx_get_info(MX_NIC_COUNT) failed with status 4(MX not initialized.)
[compute-601-1.local:19641] Error in mx_init (error No MX device entry in /dev.)
[compute-601-1.local:19641] mca_btl_mx_component_init: mx_get_info(MX_NIC_COUNT) failed with status 4(MX not initialized.)
[compute-601-1.local:19645] Error in mx_init (error No MX device entry in /dev.)
[compute-601-1.local:19645] mca_btl_mx_component_init: mx_get_info(MX_NIC_COUNT) failed with status 4(MX not initialized.)
[compute-601-1.local:19646] Error in mx_init (error No MX device entry in /dev.)
[compute-601-1.local:19646] mca_btl_mx_component_init: mx_get_info(MX_NIC_COUNT) failed with status 4(MX not initialized.)
[compute-601-1.local:19644] Error in mx_init (error No MX device entry in /dev.)
[compute-601-1.local:19644] mca_btl_mx_component_init: mx_get_info(MX_NIC_COUNT) failed with status 4(MX not initialized.)
[compute-601-1.local:19647] Error in mx_init (error No MX device entry in /dev.)
[compute-601-1.local:19647] mca_btl_mx_component_init: mx_get_info(MX_NIC_COUNT) failed with status 4(MX not initialized.)
[compute-601-1.local:19648] Error in mx_init (error No MX device entry in /dev.)
[compute-601-1.local:19648] mca_btl_mx_component_init: mx_get_info(MX_NIC_COUNT) failed with status 4(MX not initialized.)
mask size = 4

starting radix sort...[compute-601-1.local:19645] *** An error occurred in MPI_Recv
[compute-601-1.local:19645] *** on communicator MPI_COMM_WORLD
[compute-601-1.local:19645] *** MPI_ERR_TRUNCATE: message truncated
[compute-601-1.local:19645] *** MPI_ERRORS_ARE_FATAL (your MPI job will now abort)
--------------------------------------------------------------------------
mpirun has exited due to process rank 11 with PID 19644 on
node compute-601-1 exiting without calling "finalize". This may
have caused other processes in the application to be
terminated by signals sent by mpirun (as reported here).
--------------------------------------------------------------------------
[compute-601-2.local:03141] 4 more processes have sent help message help-mpi-errors.txt / mpi_errors_are_fatal
[compute-601-2.local:03141] Set MCA parameter "orte_base_help_aggregate" to 0 to see all help / error messages
[compute-601-2.local:03229] Error in mx_init (error No MX device entry in /dev.)
[compute-601-2.local:03229] mca_btl_mx_component_init: mx_get_info(MX_NIC_COUNT) failed with status 4(MX not initialized.)
[compute-601-2.local:03230] Error in mx_init (error No MX device entry in /dev.)
[compute-601-2.local:03230] mca_btl_mx_component_init: mx_get_info(MX_NIC_COUNT) failed with status 4(MX not initialized.)
[compute-601-2.local:03232] Error in mx_init (error No MX device entry in /dev.)
[compute-601-2.local:03232] mca_btl_mx_component_init: mx_get_info(MX_NIC_COUNT) failed with status 4(MX not initialized.)
[compute-601-2.local:03231] Error in mx_init (error No MX device entry in /dev.)
[compute-601-2.local:03231] mca_btl_mx_component_init: mx_get_info(MX_NIC_COUNT) failed with status 4(MX not initialized.)
[compute-601-2.local:03233] Error in mx_init (error No MX device entry in /dev.)
[compute-601-2.local:03233] mca_btl_mx_component_init: mx_get_info(MX_NIC_COUNT) failed with status 4(MX not initialized.)
[compute-601-1.local:19698] Error in mx_init (error No MX device entry in /dev.)
[compute-601-1.local:19698] mca_btl_mx_component_init: mx_get_info(MX_NIC_COUNT) failed with status 4(MX not initialized.)
[compute-601-2.local:03234] Error in mx_init (error No MX device entry in /dev.)
[compute-601-2.local:03234] mca_btl_mx_component_init: mx_get_info(MX_NIC_COUNT) failed with status 4(MX not initialized.)
[compute-601-1.local:19700] Error in mx_init (error No MX device entry in /dev.)
[compute-601-1.local:19700] mca_btl_mx_component_init: mx_get_info(MX_NIC_COUNT) failed with status 4(MX not initialized.)
[compute-601-2.local:03228] Error in mx_init (error No MX device entry in /dev.)
[compute-601-2.local:03228] mca_btl_mx_component_init: mx_get_info(MX_NIC_COUNT) failed with status 4(MX not initialized.)
[compute-601-2.local:03238] Error in mx_init (error No MX device entry in /dev.)
[compute-601-2.local:03238] mca_btl_mx_component_init: mx_get_info(MX_NIC_COUNT) failed with status 4(MX not initialized.)
[compute-601-1.local:19701] Error in mx_init (error No MX device entry in /dev.)
[compute-601-1.local:19701] mca_btl_mx_component_init: mx_get_info(MX_NIC_COUNT) failed with status 4(MX not initialized.)
[compute-601-1.local:19702] Error in mx_init (error No MX device entry in /dev.)
[compute-601-1.local:19702] mca_btl_mx_component_init: mx_get_info(MX_NIC_COUNT) failed with status 4(MX not initialized.)
[compute-601-1.local:19699] Error in mx_init (error No MX device entry in /dev.)
[compute-601-1.local:19699] mca_btl_mx_component_init: mx_get_info(MX_NIC_COUNT) failed with status 4(MX not initialized.)
[compute-601-2.local:03235] Error in mx_init (error No MX device entry in /dev.)
[compute-601-2.local:03235] mca_btl_mx_component_init: mx_get_info(MX_NIC_COUNT) failed with status 4(MX not initialized.)
[compute-601-1.local:19703] Error in mx_init (error No MX device entry in /dev.)
[compute-601-1.local:19703] mca_btl_mx_component_init: mx_get_info(MX_NIC_COUNT) failed with status 4(MX not initialized.)
[compute-601-2.local:03237] Error in mx_init (error No MX device entry in /dev.)
[compute-601-2.local:03237] mca_btl_mx_component_init: mx_get_info(MX_NIC_COUNT) failed with status 4(MX not initialized.)
[compute-601-2.local:03239] Error in mx_init (error No MX device entry in /dev.)
[compute-601-2.local:03239] mca_btl_mx_component_init: mx_get_info(MX_NIC_COUNT) failed with status 4(MX not initialized.)
[compute-601-2.local:03236] Error in mx_init (error No MX device entry in /dev.)
[compute-601-2.local:03236] mca_btl_mx_component_init: mx_get_info(MX_NIC_COUNT) failed with status 4(MX not initialized.)
[compute-601-1.local:19704] Error in mx_init (error No MX device entry in /dev.)
[compute-601-1.local:19704] mca_btl_mx_component_init: mx_get_info(MX_NIC_COUNT) failed with status 4(MX not initialized.)
[compute-601-1.local:19705] Error in mx_init (error No MX device entry in /dev.)
[compute-601-1.local:19705] mca_btl_mx_component_init: mx_get_info(MX_NIC_COUNT) failed with status 4(MX not initialized.)
[compute-601-2.local:03242] Error in mx_init (error No MX device entry in /dev.)
[compute-601-2.local:03242] mca_btl_mx_component_init: mx_get_info(MX_NIC_COUNT) failed with status 4(MX not initialized.)
[compute-601-2.local:03243] Error in mx_init (error No MX device entry in /dev.)
[compute-601-2.local:03243] mca_btl_mx_component_init: mx_get_info(MX_NIC_COUNT) failed with status 4(MX not initialized.)
[compute-601-2.local:03240] Error in mx_init (error No MX device entry in /dev.)
[compute-601-2.local:03240] mca_btl_mx_component_init: mx_get_info(MX_NIC_COUNT) failed with status 4(MX not initialized.)
[compute-601-2.local:03241] Error in mx_init (error No MX device entry in /dev.)
[compute-601-2.local:03241] mca_btl_mx_component_init: mx_get_info(MX_NIC_COUNT) failed with status 4(MX not initialized.)
[compute-601-1.local:19708] Error in mx_init (error No MX device entry in /dev.)
[compute-601-1.local:19708] mca_btl_mx_component_init: mx_get_info(MX_NIC_COUNT) failed with status 4(MX not initialized.)
[compute-601-1.local:19707] Error in mx_init (error No MX device entry in /dev.)
[compute-601-1.local:19707] mca_btl_mx_component_init: mx_get_info(MX_NIC_COUNT) failed with status 4(MX not initialized.)
[compute-601-1.local:19709] Error in mx_init (error No MX device entry in /dev.)
[compute-601-1.local:19709] mca_btl_mx_component_init: mx_get_info(MX_NIC_COUNT) failed with status 4(MX not initialized.)
[compute-601-1.local:19706] Error in mx_init (error No MX device entry in /dev.)
[compute-601-1.local:19706] mca_btl_mx_component_init: mx_get_info(MX_NIC_COUNT) failed with status 4(MX not initialized.)
[compute-601-1.local:19711] Error in mx_init (error No MX device entry in /dev.)
[compute-601-1.local:19711] mca_btl_mx_component_init: mx_get_info(MX_NIC_COUNT) failed with status 4(MX not initialized.)
[compute-601-1.local:19712] Error in mx_init (error No MX device entry in /dev.)
[compute-601-1.local:19712] mca_btl_mx_component_init: mx_get_info(MX_NIC_COUNT) failed with status 4(MX not initialized.)
[compute-601-1.local:19710] Error in mx_init (error No MX device entry in /dev.)
[compute-601-1.local:19710] mca_btl_mx_component_init: mx_get_info(MX_NIC_COUNT) failed with status 4(MX not initialized.)
[compute-601-1.local:19713] Error in mx_init (error No MX device entry in /dev.)
[compute-601-1.local:19713] mca_btl_mx_component_init: mx_get_info(MX_NIC_COUNT) failed with status 4(MX not initialized.)
mask size = 4

starting radix sort...[compute-601-2.local:3228] *** An error occurred in MPI_Recv
[compute-601-2.local:3228] *** on communicator MPI_COMM_WORLD
[compute-601-2.local:3228] *** MPI_ERR_TRUNCATE: message truncated
[compute-601-2.local:3228] *** MPI_ERRORS_ARE_FATAL (your MPI job will now abort)
--------------------------------------------------------------------------
mpirun has exited due to process rank 0 with PID 3228 on
node compute-601-2.local exiting without calling "finalize". This may
have caused other processes in the application to be
terminated by signals sent by mpirun (as reported here).
--------------------------------------------------------------------------
[compute-601-1.local][[31678,1],16][btl_tcp_frag.c:216:mca_btl_tcp_frag_recv] mca_btl_tcp_frag_recv: readv failed: Connection reset by peer (104)
[compute-601-1.local][[31678,1],17][btl_tcp_frag.c:216:mca_btl_tcp_frag_recv] mca_btl_tcp_frag_recv: readv failed: Connection reset by peer (104)
[compute-601-1.local][[31678,1],18][btl_tcp_frag.c:216:mca_btl_tcp_frag_recv] mca_btl_tcp_frag_recv: readv failed: Connection reset by peer (104)
[compute-601-1.local][[31678,1],19][btl_tcp_frag.c:216:mca_btl_tcp_frag_recv] mca_btl_tcp_frag_recv: readv failed: Connection reset by peer (104)
[compute-601-1.local][[31678,1],20][btl_tcp_frag.c:216:mca_btl_tcp_frag_recv] mca_btl_tcp_frag_recv: readv failed: Connection reset by peer (104)
[compute-601-1.local][[31678,1],21][btl_tcp_frag.c:216:mca_btl_tcp_frag_recv] mca_btl_tcp_frag_recv: readv failed: Connection reset by peer (104)
[compute-601-1.local][[31678,1],22][btl_tcp_frag.c:216:mca_btl_tcp_frag_recv] mca_btl_tcp_frag_recv: readv failed: Connection reset by peer (104)
[compute-601-1.local][[31678,1],24][btl_tcp_frag.c:216:mca_btl_tcp_frag_recv] mca_btl_tcp_frag_recv: readv failed: Connection reset by peer (104)
[compute-601-1.local][[31678,1],23][btl_tcp_frag.c:216:mca_btl_tcp_frag_recv] mca_btl_tcp_frag_recv: readv failed: Connection reset by peer (104)
[compute-601-1.local][[31678,1],25][btl_tcp_frag.c:216:mca_btl_tcp_frag_recv] mca_btl_tcp_frag_recv: readv failed: Connection reset by peer (104)
[compute-601-1.local][[31678,1],26][btl_tcp_frag.c:216:mca_btl_tcp_frag_recv] mca_btl_tcp_frag_recv: readv failed: Connection reset by peer (104)
[compute-601-1.local][[31678,1],27][btl_tcp_frag.c:216:mca_btl_tcp_frag_recv] mca_btl_tcp_frag_recv: readv failed: Connection reset by peer (104)
[compute-601-1.local][[31678,1],28][btl_tcp_frag.c:216:mca_btl_tcp_frag_recv] mca_btl_tcp_frag_recv: readv failed: Connection reset by peer (104)
[compute-601-1.local][[31678,1],29][btl_tcp_frag.c:216:mca_btl_tcp_frag_recv] mca_btl_tcp_frag_recv: readv failed: Connection reset by peer (104)
[compute-601-1.local][[31678,1],30][btl_tcp_frag.c:216:mca_btl_tcp_frag_recv] mca_btl_tcp_frag_recv: readv failed: Connection reset by peer (104)
[compute-601-1.local][[31678,1],31][btl_tcp_frag.c:216:mca_btl_tcp_frag_recv] mca_btl_tcp_frag_recv: readv failed: Connection reset by peer (104)
[compute-601-2.local:03299] Error in mx_init (error No MX device entry in /dev.)
[compute-601-2.local:03299] mca_btl_mx_component_init: mx_get_info(MX_NIC_COUNT) failed with status 4(MX not initialized.)
[compute-601-2.local:03301] Error in mx_init (error No MX device entry in /dev.)
[compute-601-2.local:03301] mca_btl_mx_component_init: mx_get_info(MX_NIC_COUNT) failed with status 4(MX not initialized.)
[compute-601-2.local:03300] Error in mx_init (error No MX device entry in /dev.)
[compute-601-2.local:03300] mca_btl_mx_component_init: mx_get_info(MX_NIC_COUNT) failed with status 4(MX not initialized.)
[compute-601-2.local:03302] Error in mx_init (error No MX device entry in /dev.)
[compute-601-2.local:03302] mca_btl_mx_component_init: mx_get_info(MX_NIC_COUNT) failed with status 4(MX not initialized.)
[compute-601-2.local:03305] Error in mx_init (error No MX device entry in /dev.)
[compute-601-2.local:03305] mca_btl_mx_component_init: mx_get_info(MX_NIC_COUNT) failed with status 4(MX not initialized.)
[compute-601-2.local:03304] Error in mx_init (error No MX device entry in /dev.)
[compute-601-2.local:03304] mca_btl_mx_component_init: mx_get_info(MX_NIC_COUNT) failed with status 4(MX not initialized.)
[compute-601-2.local:03303] Error in mx_init (error No MX device entry in /dev.)
[compute-601-2.local:03303] mca_btl_mx_component_init: mx_get_info(MX_NIC_COUNT) failed with status 4(MX not initialized.)
[compute-601-2.local:03306] Error in mx_init (error No MX device entry in /dev.)
[compute-601-2.local:03306] mca_btl_mx_component_init: mx_get_info(MX_NIC_COUNT) failed with status 4(MX not initialized.)
[compute-601-1.local:19789] Error in mx_init (error No MX device entry in /dev.)
[compute-601-1.local:19789] mca_btl_mx_component_init: mx_get_info(MX_NIC_COUNT) failed with status 4(MX not initialized.)
[compute-601-1.local:19790] Error in mx_init (error No MX device entry in /dev.)
[compute-601-1.local:19790] mca_btl_mx_component_init: mx_get_info(MX_NIC_COUNT) failed with status 4(MX not initialized.)
[compute-601-1.local:19788] Error in mx_init (error No MX device entry in /dev.)
[compute-601-1.local:19788] mca_btl_mx_component_init: mx_get_info(MX_NIC_COUNT) failed with status 4(MX not initialized.)
[compute-601-1.local:19792] Error in mx_init (error No MX device entry in /dev.)
[compute-601-1.local:19792] mca_btl_mx_component_init: mx_get_info(MX_NIC_COUNT) failed with status 4(MX not initialized.)
[compute-601-1.local:19787] Error in mx_init (error No MX device entry in /dev.)
[compute-601-1.local:19787] mca_btl_mx_component_init: mx_get_info(MX_NIC_COUNT) failed with status 4(MX not initialized.)
[compute-601-1.local:19791] Error in mx_init (error No MX device entry in /dev.)
[compute-601-1.local:19791] mca_btl_mx_component_init: mx_get_info(MX_NIC_COUNT) failed with status 4(MX not initialized.)
[compute-601-1.local:19793] Error in mx_init (error No MX device entry in /dev.)
[compute-601-1.local:19793] mca_btl_mx_component_init: mx_get_info(MX_NIC_COUNT) failed with status 4(MX not initialized.)
[compute-601-1.local:19794] Error in mx_init (error No MX device entry in /dev.)
[compute-601-1.local:19794] mca_btl_mx_component_init: mx_get_info(MX_NIC_COUNT) failed with status 4(MX not initialized.)
mask size = 4

starting radix sort...mpirun: killing job...

--------------------------------------------------------------------------
mpirun noticed that process rank 0 with PID 3299 on node compute-601-2.local exited on signal 0 (Unknown signal 0).
--------------------------------------------------------------------------
mpirun: clean termination accomplished

