/opt/torque/mom_priv/jobs/230704.search.di.uminho.pt.SC: line 10: module: command not found
Warning: Permanently added 'compute-601-1' (RSA) to the list of known hosts.
Permission denied, please try again.
Permission denied, please try again.
Permission denied (publickey,gssapi-with-mic,password).
--------------------------------------------------------------------------
A daemon (pid 5536) died unexpectedly with status 255 while attempting
to launch so we are aborting.

There may be more information reported by the environment (see above).

This may be because the daemon was unable to find all the needed shared
libraries on the remote node. You may set your LD_LIBRARY_PATH to have the
location of the shared libraries on the remote nodes and this will
automatically be forwarded to the remote nodes.
--------------------------------------------------------------------------
--------------------------------------------------------------------------
mpirun noticed that the job aborted, but has no info as to the process
that caused that situation.
--------------------------------------------------------------------------
mpirun: clean termination accomplished

Permission denied, please try again.
Permission denied, please try again.
Permission denied (publickey,gssapi-with-mic,password).
--------------------------------------------------------------------------
A daemon (pid 5538) died unexpectedly with status 255 while attempting
to launch so we are aborting.

There may be more information reported by the environment (see above).

This may be because the daemon was unable to find all the needed shared
libraries on the remote node. You may set your LD_LIBRARY_PATH to have the
location of the shared libraries on the remote nodes and this will
automatically be forwarded to the remote nodes.
--------------------------------------------------------------------------
--------------------------------------------------------------------------
mpirun noticed that the job aborted, but has no info as to the process
that caused that situation.
--------------------------------------------------------------------------
mpirun: clean termination accomplished

Permission denied, please try again.
Permission denied, please try again.
Permission denied (publickey,gssapi-with-mic,password).
--------------------------------------------------------------------------
A daemon (pid 5540) died unexpectedly with status 255 while attempting
to launch so we are aborting.

There may be more information reported by the environment (see above).

This may be because the daemon was unable to find all the needed shared
libraries on the remote node. You may set your LD_LIBRARY_PATH to have the
location of the shared libraries on the remote nodes and this will
automatically be forwarded to the remote nodes.
--------------------------------------------------------------------------
--------------------------------------------------------------------------
mpirun noticed that the job aborted, but has no info as to the process
that caused that situation.
--------------------------------------------------------------------------
mpirun: clean termination accomplished

Permission denied, please try again.
Permission denied, please try again.
Permission denied (publickey,gssapi-with-mic,password).
--------------------------------------------------------------------------
A daemon (pid 5542) died unexpectedly with status 255 while attempting
to launch so we are aborting.

There may be more information reported by the environment (see above).

This may be because the daemon was unable to find all the needed shared
libraries on the remote node. You may set your LD_LIBRARY_PATH to have the
location of the shared libraries on the remote nodes and this will
automatically be forwarded to the remote nodes.
--------------------------------------------------------------------------
--------------------------------------------------------------------------
mpirun noticed that the job aborted, but has no info as to the process
that caused that situation.
--------------------------------------------------------------------------
mpirun: clean termination accomplished

Permission denied, please try again.
Permission denied, please try again.
Permission denied (publickey,gssapi-with-mic,password).
--------------------------------------------------------------------------
A daemon (pid 5544) died unexpectedly with status 255 while attempting
to launch so we are aborting.

There may be more information reported by the environment (see above).

This may be because the daemon was unable to find all the needed shared
libraries on the remote node. You may set your LD_LIBRARY_PATH to have the
location of the shared libraries on the remote nodes and this will
automatically be forwarded to the remote nodes.
--------------------------------------------------------------------------
--------------------------------------------------------------------------
mpirun noticed that the job aborted, but has no info as to the process
that caused that situation.
--------------------------------------------------------------------------
mpirun: clean termination accomplished

Permission denied, please try again.
Permission denied, please try again.
Permission denied (publickey,gssapi-with-mic,password).
--------------------------------------------------------------------------
A daemon (pid 5550) died unexpectedly with status 255 while attempting
to launch so we are aborting.

There may be more information reported by the environment (see above).

This may be because the daemon was unable to find all the needed shared
libraries on the remote node. You may set your LD_LIBRARY_PATH to have the
location of the shared libraries on the remote nodes and this will
automatically be forwarded to the remote nodes.
--------------------------------------------------------------------------
--------------------------------------------------------------------------
mpirun noticed that the job aborted, but has no info as to the process
that caused that situation.
--------------------------------------------------------------------------
mpirun: clean termination accomplished

Permission denied, please try again.
Permission denied, please try again.
Permission denied (publickey,gssapi-with-mic,password).
--------------------------------------------------------------------------
A daemon (pid 5552) died unexpectedly with status 255 while attempting
to launch so we are aborting.

There may be more information reported by the environment (see above).

This may be because the daemon was unable to find all the needed shared
libraries on the remote node. You may set your LD_LIBRARY_PATH to have the
location of the shared libraries on the remote nodes and this will
automatically be forwarded to the remote nodes.
--------------------------------------------------------------------------
--------------------------------------------------------------------------
mpirun noticed that the job aborted, but has no info as to the process
that caused that situation.
--------------------------------------------------------------------------
mpirun: clean termination accomplished

Permission denied, please try again.
Permission denied, please try again.
Permission denied (publickey,gssapi-with-mic,password).
--------------------------------------------------------------------------
A daemon (pid 5554) died unexpectedly with status 255 while attempting
to launch so we are aborting.

There may be more information reported by the environment (see above).

This may be because the daemon was unable to find all the needed shared
libraries on the remote node. You may set your LD_LIBRARY_PATH to have the
location of the shared libraries on the remote nodes and this will
automatically be forwarded to the remote nodes.
--------------------------------------------------------------------------
--------------------------------------------------------------------------
mpirun noticed that the job aborted, but has no info as to the process
that caused that situation.
--------------------------------------------------------------------------
mpirun: clean termination accomplished

Permission denied, please try again.
Permission denied, please try again.
Permission denied (publickey,gssapi-with-mic,password).
--------------------------------------------------------------------------
A daemon (pid 5556) died unexpectedly with status 255 while attempting
to launch so we are aborting.

There may be more information reported by the environment (see above).

This may be because the daemon was unable to find all the needed shared
libraries on the remote node. You may set your LD_LIBRARY_PATH to have the
location of the shared libraries on the remote nodes and this will
automatically be forwarded to the remote nodes.
--------------------------------------------------------------------------
--------------------------------------------------------------------------
mpirun noticed that the job aborted, but has no info as to the process
that caused that situation.
--------------------------------------------------------------------------
mpirun: clean termination accomplished

Permission denied, please try again.
Permission denied, please try again.
Permission denied (publickey,gssapi-with-mic,password).
--------------------------------------------------------------------------
A daemon (pid 5558) died unexpectedly with status 255 while attempting
to launch so we are aborting.

There may be more information reported by the environment (see above).

This may be because the daemon was unable to find all the needed shared
libraries on the remote node. You may set your LD_LIBRARY_PATH to have the
location of the shared libraries on the remote nodes and this will
automatically be forwarded to the remote nodes.
--------------------------------------------------------------------------
--------------------------------------------------------------------------
mpirun noticed that the job aborted, but has no info as to the process
that caused that situation.
--------------------------------------------------------------------------
mpirun: clean termination accomplished

Permission denied, please try again.
Permission denied, please try again.
Permission denied (publickey,gssapi-with-mic,password).
--------------------------------------------------------------------------
A daemon (pid 5564) died unexpectedly with status 255 while attempting
to launch so we are aborting.

There may be more information reported by the environment (see above).

This may be because the daemon was unable to find all the needed shared
libraries on the remote node. You may set your LD_LIBRARY_PATH to have the
location of the shared libraries on the remote nodes and this will
automatically be forwarded to the remote nodes.
--------------------------------------------------------------------------
--------------------------------------------------------------------------
mpirun noticed that the job aborted, but has no info as to the process
that caused that situation.
--------------------------------------------------------------------------
mpirun: clean termination accomplished

Permission denied, please try again.
Permission denied, please try again.
Permission denied (publickey,gssapi-with-mic,password).
--------------------------------------------------------------------------
A daemon (pid 5566) died unexpectedly with status 255 while attempting
to launch so we are aborting.

There may be more information reported by the environment (see above).

This may be because the daemon was unable to find all the needed shared
libraries on the remote node. You may set your LD_LIBRARY_PATH to have the
location of the shared libraries on the remote nodes and this will
automatically be forwarded to the remote nodes.
--------------------------------------------------------------------------
--------------------------------------------------------------------------
mpirun noticed that the job aborted, but has no info as to the process
that caused that situation.
--------------------------------------------------------------------------
mpirun: clean termination accomplished

Permission denied, please try again.
Permission denied, please try again.
Permission denied (publickey,gssapi-with-mic,password).
--------------------------------------------------------------------------
A daemon (pid 5568) died unexpectedly with status 255 while attempting
to launch so we are aborting.

There may be more information reported by the environment (see above).

This may be because the daemon was unable to find all the needed shared
libraries on the remote node. You may set your LD_LIBRARY_PATH to have the
location of the shared libraries on the remote nodes and this will
automatically be forwarded to the remote nodes.
--------------------------------------------------------------------------
--------------------------------------------------------------------------
mpirun noticed that the job aborted, but has no info as to the process
that caused that situation.
--------------------------------------------------------------------------
mpirun: clean termination accomplished

Permission denied, please try again.
Permission denied, please try again.
Permission denied (publickey,gssapi-with-mic,password).
--------------------------------------------------------------------------
A daemon (pid 5570) died unexpectedly with status 255 while attempting
to launch so we are aborting.

There may be more information reported by the environment (see above).

This may be because the daemon was unable to find all the needed shared
libraries on the remote node. You may set your LD_LIBRARY_PATH to have the
location of the shared libraries on the remote nodes and this will
automatically be forwarded to the remote nodes.
--------------------------------------------------------------------------
--------------------------------------------------------------------------
mpirun noticed that the job aborted, but has no info as to the process
that caused that situation.
--------------------------------------------------------------------------
mpirun: clean termination accomplished

Permission denied, please try again.
Permission denied, please try again.
Permission denied (publickey,gssapi-with-mic,password).
--------------------------------------------------------------------------
A daemon (pid 5572) died unexpectedly with status 255 while attempting
to launch so we are aborting.

There may be more information reported by the environment (see above).

This may be because the daemon was unable to find all the needed shared
libraries on the remote node. You may set your LD_LIBRARY_PATH to have the
location of the shared libraries on the remote nodes and this will
automatically be forwarded to the remote nodes.
--------------------------------------------------------------------------
--------------------------------------------------------------------------
mpirun noticed that the job aborted, but has no info as to the process
that caused that situation.
--------------------------------------------------------------------------
mpirun: clean termination accomplished

Permission denied, please try again.
Permission denied, please try again.
Permission denied (publickey,gssapi-with-mic,password).
--------------------------------------------------------------------------
A daemon (pid 5578) died unexpectedly with status 255 while attempting
to launch so we are aborting.

There may be more information reported by the environment (see above).

This may be because the daemon was unable to find all the needed shared
libraries on the remote node. You may set your LD_LIBRARY_PATH to have the
location of the shared libraries on the remote nodes and this will
automatically be forwarded to the remote nodes.
--------------------------------------------------------------------------
--------------------------------------------------------------------------
mpirun noticed that the job aborted, but has no info as to the process
that caused that situation.
--------------------------------------------------------------------------
mpirun: clean termination accomplished

Permission denied, please try again.
Permission denied, please try again.
Permission denied (publickey,gssapi-with-mic,password).
--------------------------------------------------------------------------
A daemon (pid 5580) died unexpectedly with status 255 while attempting
to launch so we are aborting.

There may be more information reported by the environment (see above).

This may be because the daemon was unable to find all the needed shared
libraries on the remote node. You may set your LD_LIBRARY_PATH to have the
location of the shared libraries on the remote nodes and this will
automatically be forwarded to the remote nodes.
--------------------------------------------------------------------------
--------------------------------------------------------------------------
mpirun noticed that the job aborted, but has no info as to the process
that caused that situation.
--------------------------------------------------------------------------
mpirun: clean termination accomplished

Permission denied, please try again.
Permission denied, please try again.
Permission denied (publickey,gssapi-with-mic,password).
--------------------------------------------------------------------------
A daemon (pid 5582) died unexpectedly with status 255 while attempting
to launch so we are aborting.

There may be more information reported by the environment (see above).

This may be because the daemon was unable to find all the needed shared
libraries on the remote node. You may set your LD_LIBRARY_PATH to have the
location of the shared libraries on the remote nodes and this will
automatically be forwarded to the remote nodes.
--------------------------------------------------------------------------
--------------------------------------------------------------------------
mpirun noticed that the job aborted, but has no info as to the process
that caused that situation.
--------------------------------------------------------------------------
mpirun: clean termination accomplished

Permission denied, please try again.
Permission denied, please try again.
Permission denied (publickey,gssapi-with-mic,password).
--------------------------------------------------------------------------
A daemon (pid 5584) died unexpectedly with status 255 while attempting
to launch so we are aborting.

There may be more information reported by the environment (see above).

This may be because the daemon was unable to find all the needed shared
libraries on the remote node. You may set your LD_LIBRARY_PATH to have the
location of the shared libraries on the remote nodes and this will
automatically be forwarded to the remote nodes.
--------------------------------------------------------------------------
--------------------------------------------------------------------------
mpirun noticed that the job aborted, but has no info as to the process
that caused that situation.
--------------------------------------------------------------------------
mpirun: clean termination accomplished

Permission denied, please try again.
Permission denied, please try again.
Permission denied (publickey,gssapi-with-mic,password).
--------------------------------------------------------------------------
A daemon (pid 5586) died unexpectedly with status 255 while attempting
to launch so we are aborting.

There may be more information reported by the environment (see above).

This may be because the daemon was unable to find all the needed shared
libraries on the remote node. You may set your LD_LIBRARY_PATH to have the
location of the shared libraries on the remote nodes and this will
automatically be forwarded to the remote nodes.
--------------------------------------------------------------------------
--------------------------------------------------------------------------
mpirun noticed that the job aborted, but has no info as to the process
that caused that situation.
--------------------------------------------------------------------------
mpirun: clean termination accomplished

Permission denied, please try again.
Permission denied, please try again.
Permission denied (publickey,gssapi-with-mic,password).
--------------------------------------------------------------------------
A daemon (pid 5592) died unexpectedly with status 255 while attempting
to launch so we are aborting.

There may be more information reported by the environment (see above).

This may be because the daemon was unable to find all the needed shared
libraries on the remote node. You may set your LD_LIBRARY_PATH to have the
location of the shared libraries on the remote nodes and this will
automatically be forwarded to the remote nodes.
--------------------------------------------------------------------------
--------------------------------------------------------------------------
mpirun noticed that the job aborted, but has no info as to the process
that caused that situation.
--------------------------------------------------------------------------
mpirun: clean termination accomplished

Permission denied, please try again.
Permission denied, please try again.
Permission denied (publickey,gssapi-with-mic,password).
--------------------------------------------------------------------------
A daemon (pid 5594) died unexpectedly with status 255 while attempting
to launch so we are aborting.

There may be more information reported by the environment (see above).

This may be because the daemon was unable to find all the needed shared
libraries on the remote node. You may set your LD_LIBRARY_PATH to have the
location of the shared libraries on the remote nodes and this will
automatically be forwarded to the remote nodes.
--------------------------------------------------------------------------
--------------------------------------------------------------------------
mpirun noticed that the job aborted, but has no info as to the process
that caused that situation.
--------------------------------------------------------------------------
mpirun: clean termination accomplished

Permission denied, please try again.
Permission denied, please try again.
Permission denied (publickey,gssapi-with-mic,password).
--------------------------------------------------------------------------
A daemon (pid 5596) died unexpectedly with status 255 while attempting
to launch so we are aborting.

There may be more information reported by the environment (see above).

This may be because the daemon was unable to find all the needed shared
libraries on the remote node. You may set your LD_LIBRARY_PATH to have the
location of the shared libraries on the remote nodes and this will
automatically be forwarded to the remote nodes.
--------------------------------------------------------------------------
--------------------------------------------------------------------------
mpirun noticed that the job aborted, but has no info as to the process
that caused that situation.
--------------------------------------------------------------------------
mpirun: clean termination accomplished

Permission denied, please try again.
Permission denied, please try again.
Permission denied (publickey,gssapi-with-mic,password).
--------------------------------------------------------------------------
A daemon (pid 5598) died unexpectedly with status 255 while attempting
to launch so we are aborting.

There may be more information reported by the environment (see above).

This may be because the daemon was unable to find all the needed shared
libraries on the remote node. You may set your LD_LIBRARY_PATH to have the
location of the shared libraries on the remote nodes and this will
automatically be forwarded to the remote nodes.
--------------------------------------------------------------------------
--------------------------------------------------------------------------
mpirun noticed that the job aborted, but has no info as to the process
that caused that situation.
--------------------------------------------------------------------------
mpirun: clean termination accomplished

Permission denied, please try again.
Permission denied, please try again.
Permission denied (publickey,gssapi-with-mic,password).
--------------------------------------------------------------------------
A daemon (pid 5600) died unexpectedly with status 255 while attempting
to launch so we are aborting.

There may be more information reported by the environment (see above).

This may be because the daemon was unable to find all the needed shared
libraries on the remote node. You may set your LD_LIBRARY_PATH to have the
location of the shared libraries on the remote nodes and this will
automatically be forwarded to the remote nodes.
--------------------------------------------------------------------------
--------------------------------------------------------------------------
mpirun noticed that the job aborted, but has no info as to the process
that caused that situation.
--------------------------------------------------------------------------
mpirun: clean termination accomplished

Permission denied, please try again.
Permission denied, please try again.
Permission denied (publickey,gssapi-with-mic,password).
--------------------------------------------------------------------------
A daemon (pid 5606) died unexpectedly with status 255 while attempting
to launch so we are aborting.

There may be more information reported by the environment (see above).

This may be because the daemon was unable to find all the needed shared
libraries on the remote node. You may set your LD_LIBRARY_PATH to have the
location of the shared libraries on the remote nodes and this will
automatically be forwarded to the remote nodes.
--------------------------------------------------------------------------
--------------------------------------------------------------------------
mpirun noticed that the job aborted, but has no info as to the process
that caused that situation.
--------------------------------------------------------------------------
mpirun: clean termination accomplished

Permission denied, please try again.
Permission denied, please try again.
Permission denied (publickey,gssapi-with-mic,password).
--------------------------------------------------------------------------
A daemon (pid 5608) died unexpectedly with status 255 while attempting
to launch so we are aborting.

There may be more information reported by the environment (see above).

This may be because the daemon was unable to find all the needed shared
libraries on the remote node. You may set your LD_LIBRARY_PATH to have the
location of the shared libraries on the remote nodes and this will
automatically be forwarded to the remote nodes.
--------------------------------------------------------------------------
--------------------------------------------------------------------------
mpirun noticed that the job aborted, but has no info as to the process
that caused that situation.
--------------------------------------------------------------------------
mpirun: clean termination accomplished

Permission denied, please try again.
Permission denied, please try again.
Permission denied (publickey,gssapi-with-mic,password).
--------------------------------------------------------------------------
A daemon (pid 5610) died unexpectedly with status 255 while attempting
to launch so we are aborting.

There may be more information reported by the environment (see above).

This may be because the daemon was unable to find all the needed shared
libraries on the remote node. You may set your LD_LIBRARY_PATH to have the
location of the shared libraries on the remote nodes and this will
automatically be forwarded to the remote nodes.
--------------------------------------------------------------------------
--------------------------------------------------------------------------
mpirun noticed that the job aborted, but has no info as to the process
that caused that situation.
--------------------------------------------------------------------------
mpirun: clean termination accomplished

Permission denied, please try again.
Permission denied, please try again.
Permission denied (publickey,gssapi-with-mic,password).
--------------------------------------------------------------------------
A daemon (pid 5612) died unexpectedly with status 255 while attempting
to launch so we are aborting.

There may be more information reported by the environment (see above).

This may be because the daemon was unable to find all the needed shared
libraries on the remote node. You may set your LD_LIBRARY_PATH to have the
location of the shared libraries on the remote nodes and this will
automatically be forwarded to the remote nodes.
--------------------------------------------------------------------------
--------------------------------------------------------------------------
mpirun noticed that the job aborted, but has no info as to the process
that caused that situation.
--------------------------------------------------------------------------
mpirun: clean termination accomplished

Permission denied, please try again.
Permission denied, please try again.
Permission denied (publickey,gssapi-with-mic,password).
--------------------------------------------------------------------------
A daemon (pid 5614) died unexpectedly with status 255 while attempting
to launch so we are aborting.

There may be more information reported by the environment (see above).

This may be because the daemon was unable to find all the needed shared
libraries on the remote node. You may set your LD_LIBRARY_PATH to have the
location of the shared libraries on the remote nodes and this will
automatically be forwarded to the remote nodes.
--------------------------------------------------------------------------
--------------------------------------------------------------------------
mpirun noticed that the job aborted, but has no info as to the process
that caused that situation.
--------------------------------------------------------------------------
mpirun: clean termination accomplished

Permission denied, please try again.
Permission denied, please try again.
Permission denied (publickey,gssapi-with-mic,password).
--------------------------------------------------------------------------
A daemon (pid 5620) died unexpectedly with status 255 while attempting
to launch so we are aborting.

There may be more information reported by the environment (see above).

This may be because the daemon was unable to find all the needed shared
libraries on the remote node. You may set your LD_LIBRARY_PATH to have the
location of the shared libraries on the remote nodes and this will
automatically be forwarded to the remote nodes.
--------------------------------------------------------------------------
--------------------------------------------------------------------------
mpirun noticed that the job aborted, but has no info as to the process
that caused that situation.
--------------------------------------------------------------------------
mpirun: clean termination accomplished

Permission denied, please try again.
Permission denied, please try again.
Permission denied (publickey,gssapi-with-mic,password).
--------------------------------------------------------------------------
A daemon (pid 5622) died unexpectedly with status 255 while attempting
to launch so we are aborting.

There may be more information reported by the environment (see above).

This may be because the daemon was unable to find all the needed shared
libraries on the remote node. You may set your LD_LIBRARY_PATH to have the
location of the shared libraries on the remote nodes and this will
automatically be forwarded to the remote nodes.
--------------------------------------------------------------------------
--------------------------------------------------------------------------
mpirun noticed that the job aborted, but has no info as to the process
that caused that situation.
--------------------------------------------------------------------------
mpirun: clean termination accomplished

Permission denied, please try again.
Permission denied, please try again.
Permission denied (publickey,gssapi-with-mic,password).
--------------------------------------------------------------------------
A daemon (pid 5624) died unexpectedly with status 255 while attempting
to launch so we are aborting.

There may be more information reported by the environment (see above).

This may be because the daemon was unable to find all the needed shared
libraries on the remote node. You may set your LD_LIBRARY_PATH to have the
location of the shared libraries on the remote nodes and this will
automatically be forwarded to the remote nodes.
--------------------------------------------------------------------------
--------------------------------------------------------------------------
mpirun noticed that the job aborted, but has no info as to the process
that caused that situation.
--------------------------------------------------------------------------
mpirun: clean termination accomplished

Permission denied, please try again.
Permission denied, please try again.
Permission denied (publickey,gssapi-with-mic,password).
--------------------------------------------------------------------------
A daemon (pid 5626) died unexpectedly with status 255 while attempting
to launch so we are aborting.

There may be more information reported by the environment (see above).

This may be because the daemon was unable to find all the needed shared
libraries on the remote node. You may set your LD_LIBRARY_PATH to have the
location of the shared libraries on the remote nodes and this will
automatically be forwarded to the remote nodes.
--------------------------------------------------------------------------
--------------------------------------------------------------------------
mpirun noticed that the job aborted, but has no info as to the process
that caused that situation.
--------------------------------------------------------------------------
mpirun: clean termination accomplished

Permission denied, please try again.
Permission denied, please try again.
Permission denied (publickey,gssapi-with-mic,password).
--------------------------------------------------------------------------
A daemon (pid 5628) died unexpectedly with status 255 while attempting
to launch so we are aborting.

There may be more information reported by the environment (see above).

This may be because the daemon was unable to find all the needed shared
libraries on the remote node. You may set your LD_LIBRARY_PATH to have the
location of the shared libraries on the remote nodes and this will
automatically be forwarded to the remote nodes.
--------------------------------------------------------------------------
--------------------------------------------------------------------------
mpirun noticed that the job aborted, but has no info as to the process
that caused that situation.
--------------------------------------------------------------------------
mpirun: clean termination accomplished

Permission denied, please try again.
Permission denied, please try again.
Permission denied (publickey,gssapi-with-mic,password).
--------------------------------------------------------------------------
A daemon (pid 5634) died unexpectedly with status 255 while attempting
to launch so we are aborting.

There may be more information reported by the environment (see above).

This may be because the daemon was unable to find all the needed shared
libraries on the remote node. You may set your LD_LIBRARY_PATH to have the
location of the shared libraries on the remote nodes and this will
automatically be forwarded to the remote nodes.
--------------------------------------------------------------------------
--------------------------------------------------------------------------
mpirun noticed that the job aborted, but has no info as to the process
that caused that situation.
--------------------------------------------------------------------------
mpirun: clean termination accomplished

Permission denied, please try again.
Permission denied, please try again.
Permission denied (publickey,gssapi-with-mic,password).
--------------------------------------------------------------------------
A daemon (pid 5636) died unexpectedly with status 255 while attempting
to launch so we are aborting.

There may be more information reported by the environment (see above).

This may be because the daemon was unable to find all the needed shared
libraries on the remote node. You may set your LD_LIBRARY_PATH to have the
location of the shared libraries on the remote nodes and this will
automatically be forwarded to the remote nodes.
--------------------------------------------------------------------------
--------------------------------------------------------------------------
mpirun noticed that the job aborted, but has no info as to the process
that caused that situation.
--------------------------------------------------------------------------
mpirun: clean termination accomplished

Permission denied, please try again.
Permission denied, please try again.
Permission denied (publickey,gssapi-with-mic,password).
--------------------------------------------------------------------------
A daemon (pid 5638) died unexpectedly with status 255 while attempting
to launch so we are aborting.

There may be more information reported by the environment (see above).

This may be because the daemon was unable to find all the needed shared
libraries on the remote node. You may set your LD_LIBRARY_PATH to have the
location of the shared libraries on the remote nodes and this will
automatically be forwarded to the remote nodes.
--------------------------------------------------------------------------
--------------------------------------------------------------------------
mpirun noticed that the job aborted, but has no info as to the process
that caused that situation.
--------------------------------------------------------------------------
mpirun: clean termination accomplished

Permission denied, please try again.
Permission denied, please try again.
Permission denied (publickey,gssapi-with-mic,password).
--------------------------------------------------------------------------
A daemon (pid 5640) died unexpectedly with status 255 while attempting
to launch so we are aborting.

There may be more information reported by the environment (see above).

This may be because the daemon was unable to find all the needed shared
libraries on the remote node. You may set your LD_LIBRARY_PATH to have the
location of the shared libraries on the remote nodes and this will
automatically be forwarded to the remote nodes.
--------------------------------------------------------------------------
--------------------------------------------------------------------------
mpirun noticed that the job aborted, but has no info as to the process
that caused that situation.
--------------------------------------------------------------------------
mpirun: clean termination accomplished

Permission denied, please try again.
Permission denied, please try again.
Permission denied (publickey,gssapi-with-mic,password).
--------------------------------------------------------------------------
A daemon (pid 5642) died unexpectedly with status 255 while attempting
to launch so we are aborting.

There may be more information reported by the environment (see above).

This may be because the daemon was unable to find all the needed shared
libraries on the remote node. You may set your LD_LIBRARY_PATH to have the
location of the shared libraries on the remote nodes and this will
automatically be forwarded to the remote nodes.
--------------------------------------------------------------------------
--------------------------------------------------------------------------
mpirun noticed that the job aborted, but has no info as to the process
that caused that situation.
--------------------------------------------------------------------------
mpirun: clean termination accomplished

Permission denied, please try again.
Permission denied, please try again.
Permission denied (publickey,gssapi-with-mic,password).
--------------------------------------------------------------------------
A daemon (pid 5648) died unexpectedly with status 255 while attempting
to launch so we are aborting.

There may be more information reported by the environment (see above).

This may be because the daemon was unable to find all the needed shared
libraries on the remote node. You may set your LD_LIBRARY_PATH to have the
location of the shared libraries on the remote nodes and this will
automatically be forwarded to the remote nodes.
--------------------------------------------------------------------------
--------------------------------------------------------------------------
mpirun noticed that the job aborted, but has no info as to the process
that caused that situation.
--------------------------------------------------------------------------
mpirun: clean termination accomplished

Permission denied, please try again.
Permission denied, please try again.
Permission denied (publickey,gssapi-with-mic,password).
--------------------------------------------------------------------------
A daemon (pid 5650) died unexpectedly with status 255 while attempting
to launch so we are aborting.

There may be more information reported by the environment (see above).

This may be because the daemon was unable to find all the needed shared
libraries on the remote node. You may set your LD_LIBRARY_PATH to have the
location of the shared libraries on the remote nodes and this will
automatically be forwarded to the remote nodes.
--------------------------------------------------------------------------
--------------------------------------------------------------------------
mpirun noticed that the job aborted, but has no info as to the process
that caused that situation.
--------------------------------------------------------------------------
mpirun: clean termination accomplished

Permission denied, please try again.
Permission denied, please try again.
Permission denied (publickey,gssapi-with-mic,password).
--------------------------------------------------------------------------
A daemon (pid 5652) died unexpectedly with status 255 while attempting
to launch so we are aborting.

There may be more information reported by the environment (see above).

This may be because the daemon was unable to find all the needed shared
libraries on the remote node. You may set your LD_LIBRARY_PATH to have the
location of the shared libraries on the remote nodes and this will
automatically be forwarded to the remote nodes.
--------------------------------------------------------------------------
--------------------------------------------------------------------------
mpirun noticed that the job aborted, but has no info as to the process
that caused that situation.
--------------------------------------------------------------------------
mpirun: clean termination accomplished

Permission denied, please try again.
Permission denied, please try again.
Permission denied (publickey,gssapi-with-mic,password).
--------------------------------------------------------------------------
A daemon (pid 5654) died unexpectedly with status 255 while attempting
to launch so we are aborting.

There may be more information reported by the environment (see above).

This may be because the daemon was unable to find all the needed shared
libraries on the remote node. You may set your LD_LIBRARY_PATH to have the
location of the shared libraries on the remote nodes and this will
automatically be forwarded to the remote nodes.
--------------------------------------------------------------------------
--------------------------------------------------------------------------
mpirun noticed that the job aborted, but has no info as to the process
that caused that situation.
--------------------------------------------------------------------------
mpirun: clean termination accomplished

Permission denied, please try again.
Permission denied, please try again.
Permission denied (publickey,gssapi-with-mic,password).
--------------------------------------------------------------------------
A daemon (pid 5656) died unexpectedly with status 255 while attempting
to launch so we are aborting.

There may be more information reported by the environment (see above).

This may be because the daemon was unable to find all the needed shared
libraries on the remote node. You may set your LD_LIBRARY_PATH to have the
location of the shared libraries on the remote nodes and this will
automatically be forwarded to the remote nodes.
--------------------------------------------------------------------------
--------------------------------------------------------------------------
mpirun noticed that the job aborted, but has no info as to the process
that caused that situation.
--------------------------------------------------------------------------
mpirun: clean termination accomplished

Permission denied, please try again.
Permission denied, please try again.
Permission denied (publickey,gssapi-with-mic,password).
--------------------------------------------------------------------------
A daemon (pid 5662) died unexpectedly with status 255 while attempting
to launch so we are aborting.

There may be more information reported by the environment (see above).

This may be because the daemon was unable to find all the needed shared
libraries on the remote node. You may set your LD_LIBRARY_PATH to have the
location of the shared libraries on the remote nodes and this will
automatically be forwarded to the remote nodes.
--------------------------------------------------------------------------
--------------------------------------------------------------------------
mpirun noticed that the job aborted, but has no info as to the process
that caused that situation.
--------------------------------------------------------------------------
mpirun: clean termination accomplished

Permission denied, please try again.
Permission denied, please try again.
Permission denied (publickey,gssapi-with-mic,password).
--------------------------------------------------------------------------
A daemon (pid 5664) died unexpectedly with status 255 while attempting
to launch so we are aborting.

There may be more information reported by the environment (see above).

This may be because the daemon was unable to find all the needed shared
libraries on the remote node. You may set your LD_LIBRARY_PATH to have the
location of the shared libraries on the remote nodes and this will
automatically be forwarded to the remote nodes.
--------------------------------------------------------------------------
--------------------------------------------------------------------------
mpirun noticed that the job aborted, but has no info as to the process
that caused that situation.
--------------------------------------------------------------------------
mpirun: clean termination accomplished

Permission denied, please try again.
Permission denied, please try again.
Permission denied (publickey,gssapi-with-mic,password).
--------------------------------------------------------------------------
A daemon (pid 5666) died unexpectedly with status 255 while attempting
to launch so we are aborting.

There may be more information reported by the environment (see above).

This may be because the daemon was unable to find all the needed shared
libraries on the remote node. You may set your LD_LIBRARY_PATH to have the
location of the shared libraries on the remote nodes and this will
automatically be forwarded to the remote nodes.
--------------------------------------------------------------------------
--------------------------------------------------------------------------
mpirun noticed that the job aborted, but has no info as to the process
that caused that situation.
--------------------------------------------------------------------------
mpirun: clean termination accomplished

Permission denied, please try again.
Permission denied, please try again.
Permission denied (publickey,gssapi-with-mic,password).
--------------------------------------------------------------------------
A daemon (pid 5668) died unexpectedly with status 255 while attempting
to launch so we are aborting.

There may be more information reported by the environment (see above).

This may be because the daemon was unable to find all the needed shared
libraries on the remote node. You may set your LD_LIBRARY_PATH to have the
location of the shared libraries on the remote nodes and this will
automatically be forwarded to the remote nodes.
--------------------------------------------------------------------------
--------------------------------------------------------------------------
mpirun noticed that the job aborted, but has no info as to the process
that caused that situation.
--------------------------------------------------------------------------
mpirun: clean termination accomplished

Permission denied, please try again.
Permission denied, please try again.
Permission denied (publickey,gssapi-with-mic,password).
--------------------------------------------------------------------------
A daemon (pid 5670) died unexpectedly with status 255 while attempting
to launch so we are aborting.

There may be more information reported by the environment (see above).

This may be because the daemon was unable to find all the needed shared
libraries on the remote node. You may set your LD_LIBRARY_PATH to have the
location of the shared libraries on the remote nodes and this will
automatically be forwarded to the remote nodes.
--------------------------------------------------------------------------
--------------------------------------------------------------------------
mpirun noticed that the job aborted, but has no info as to the process
that caused that situation.
--------------------------------------------------------------------------
mpirun: clean termination accomplished

Permission denied, please try again.
Permission denied, please try again.
Permission denied (publickey,gssapi-with-mic,password).
--------------------------------------------------------------------------
A daemon (pid 5676) died unexpectedly with status 255 while attempting
to launch so we are aborting.

There may be more information reported by the environment (see above).

This may be because the daemon was unable to find all the needed shared
libraries on the remote node. You may set your LD_LIBRARY_PATH to have the
location of the shared libraries on the remote nodes and this will
automatically be forwarded to the remote nodes.
--------------------------------------------------------------------------
--------------------------------------------------------------------------
mpirun noticed that the job aborted, but has no info as to the process
that caused that situation.
--------------------------------------------------------------------------
mpirun: clean termination accomplished

Permission denied, please try again.
Permission denied, please try again.
Permission denied (publickey,gssapi-with-mic,password).
--------------------------------------------------------------------------
A daemon (pid 5678) died unexpectedly with status 255 while attempting
to launch so we are aborting.

There may be more information reported by the environment (see above).

This may be because the daemon was unable to find all the needed shared
libraries on the remote node. You may set your LD_LIBRARY_PATH to have the
location of the shared libraries on the remote nodes and this will
automatically be forwarded to the remote nodes.
--------------------------------------------------------------------------
--------------------------------------------------------------------------
mpirun noticed that the job aborted, but has no info as to the process
that caused that situation.
--------------------------------------------------------------------------
mpirun: clean termination accomplished

Permission denied, please try again.
Permission denied, please try again.
Permission denied (publickey,gssapi-with-mic,password).
--------------------------------------------------------------------------
A daemon (pid 5680) died unexpectedly with status 255 while attempting
to launch so we are aborting.

There may be more information reported by the environment (see above).

This may be because the daemon was unable to find all the needed shared
libraries on the remote node. You may set your LD_LIBRARY_PATH to have the
location of the shared libraries on the remote nodes and this will
automatically be forwarded to the remote nodes.
--------------------------------------------------------------------------
--------------------------------------------------------------------------
mpirun noticed that the job aborted, but has no info as to the process
that caused that situation.
--------------------------------------------------------------------------
mpirun: clean termination accomplished

Permission denied, please try again.
Permission denied, please try again.
Permission denied (publickey,gssapi-with-mic,password).
--------------------------------------------------------------------------
A daemon (pid 5682) died unexpectedly with status 255 while attempting
to launch so we are aborting.

There may be more information reported by the environment (see above).

This may be because the daemon was unable to find all the needed shared
libraries on the remote node. You may set your LD_LIBRARY_PATH to have the
location of the shared libraries on the remote nodes and this will
automatically be forwarded to the remote nodes.
--------------------------------------------------------------------------
--------------------------------------------------------------------------
mpirun noticed that the job aborted, but has no info as to the process
that caused that situation.
--------------------------------------------------------------------------
mpirun: clean termination accomplished

Permission denied, please try again.
Permission denied, please try again.
Permission denied (publickey,gssapi-with-mic,password).
--------------------------------------------------------------------------
A daemon (pid 5684) died unexpectedly with status 255 while attempting
to launch so we are aborting.

There may be more information reported by the environment (see above).

This may be because the daemon was unable to find all the needed shared
libraries on the remote node. You may set your LD_LIBRARY_PATH to have the
location of the shared libraries on the remote nodes and this will
automatically be forwarded to the remote nodes.
--------------------------------------------------------------------------
--------------------------------------------------------------------------
mpirun noticed that the job aborted, but has no info as to the process
that caused that situation.
--------------------------------------------------------------------------
mpirun: clean termination accomplished

Permission denied, please try again.
Permission denied, please try again.
Permission denied (publickey,gssapi-with-mic,password).
--------------------------------------------------------------------------
A daemon (pid 5690) died unexpectedly with status 255 while attempting
to launch so we are aborting.

There may be more information reported by the environment (see above).

This may be because the daemon was unable to find all the needed shared
libraries on the remote node. You may set your LD_LIBRARY_PATH to have the
location of the shared libraries on the remote nodes and this will
automatically be forwarded to the remote nodes.
--------------------------------------------------------------------------
--------------------------------------------------------------------------
mpirun noticed that the job aborted, but has no info as to the process
that caused that situation.
--------------------------------------------------------------------------
mpirun: clean termination accomplished

Permission denied, please try again.
Permission denied, please try again.
Permission denied (publickey,gssapi-with-mic,password).
--------------------------------------------------------------------------
A daemon (pid 5692) died unexpectedly with status 255 while attempting
to launch so we are aborting.

There may be more information reported by the environment (see above).

This may be because the daemon was unable to find all the needed shared
libraries on the remote node. You may set your LD_LIBRARY_PATH to have the
location of the shared libraries on the remote nodes and this will
automatically be forwarded to the remote nodes.
--------------------------------------------------------------------------
--------------------------------------------------------------------------
mpirun noticed that the job aborted, but has no info as to the process
that caused that situation.
--------------------------------------------------------------------------
mpirun: clean termination accomplished

Permission denied, please try again.
Permission denied, please try again.
Permission denied (publickey,gssapi-with-mic,password).
--------------------------------------------------------------------------
A daemon (pid 5694) died unexpectedly with status 255 while attempting
to launch so we are aborting.

There may be more information reported by the environment (see above).

This may be because the daemon was unable to find all the needed shared
libraries on the remote node. You may set your LD_LIBRARY_PATH to have the
location of the shared libraries on the remote nodes and this will
automatically be forwarded to the remote nodes.
--------------------------------------------------------------------------
--------------------------------------------------------------------------
mpirun noticed that the job aborted, but has no info as to the process
that caused that situation.
--------------------------------------------------------------------------
mpirun: clean termination accomplished

Permission denied, please try again.
Permission denied, please try again.
Permission denied (publickey,gssapi-with-mic,password).
--------------------------------------------------------------------------
A daemon (pid 5696) died unexpectedly with status 255 while attempting
to launch so we are aborting.

There may be more information reported by the environment (see above).

This may be because the daemon was unable to find all the needed shared
libraries on the remote node. You may set your LD_LIBRARY_PATH to have the
location of the shared libraries on the remote nodes and this will
automatically be forwarded to the remote nodes.
--------------------------------------------------------------------------
--------------------------------------------------------------------------
mpirun noticed that the job aborted, but has no info as to the process
that caused that situation.
--------------------------------------------------------------------------
mpirun: clean termination accomplished

Permission denied, please try again.
Permission denied, please try again.
Permission denied (publickey,gssapi-with-mic,password).
--------------------------------------------------------------------------
A daemon (pid 5698) died unexpectedly with status 255 while attempting
to launch so we are aborting.

There may be more information reported by the environment (see above).

This may be because the daemon was unable to find all the needed shared
libraries on the remote node. You may set your LD_LIBRARY_PATH to have the
location of the shared libraries on the remote nodes and this will
automatically be forwarded to the remote nodes.
--------------------------------------------------------------------------
--------------------------------------------------------------------------
mpirun noticed that the job aborted, but has no info as to the process
that caused that situation.
--------------------------------------------------------------------------
mpirun: clean termination accomplished

Permission denied, please try again.
Permission denied, please try again.
Permission denied (publickey,gssapi-with-mic,password).
--------------------------------------------------------------------------
A daemon (pid 5704) died unexpectedly with status 255 while attempting
to launch so we are aborting.

There may be more information reported by the environment (see above).

This may be because the daemon was unable to find all the needed shared
libraries on the remote node. You may set your LD_LIBRARY_PATH to have the
location of the shared libraries on the remote nodes and this will
automatically be forwarded to the remote nodes.
--------------------------------------------------------------------------
--------------------------------------------------------------------------
mpirun noticed that the job aborted, but has no info as to the process
that caused that situation.
--------------------------------------------------------------------------
mpirun: clean termination accomplished

Permission denied, please try again.
Permission denied, please try again.
Permission denied (publickey,gssapi-with-mic,password).
--------------------------------------------------------------------------
A daemon (pid 5706) died unexpectedly with status 255 while attempting
to launch so we are aborting.

There may be more information reported by the environment (see above).

This may be because the daemon was unable to find all the needed shared
libraries on the remote node. You may set your LD_LIBRARY_PATH to have the
location of the shared libraries on the remote nodes and this will
automatically be forwarded to the remote nodes.
--------------------------------------------------------------------------
--------------------------------------------------------------------------
mpirun noticed that the job aborted, but has no info as to the process
that caused that situation.
--------------------------------------------------------------------------
mpirun: clean termination accomplished

Permission denied, please try again.
Permission denied, please try again.
Permission denied (publickey,gssapi-with-mic,password).
--------------------------------------------------------------------------
A daemon (pid 5708) died unexpectedly with status 255 while attempting
to launch so we are aborting.

There may be more information reported by the environment (see above).

This may be because the daemon was unable to find all the needed shared
libraries on the remote node. You may set your LD_LIBRARY_PATH to have the
location of the shared libraries on the remote nodes and this will
automatically be forwarded to the remote nodes.
--------------------------------------------------------------------------
--------------------------------------------------------------------------
mpirun noticed that the job aborted, but has no info as to the process
that caused that situation.
--------------------------------------------------------------------------
mpirun: clean termination accomplished

Permission denied, please try again.
Permission denied, please try again.
Permission denied (publickey,gssapi-with-mic,password).
--------------------------------------------------------------------------
A daemon (pid 5710) died unexpectedly with status 255 while attempting
to launch so we are aborting.

There may be more information reported by the environment (see above).

This may be because the daemon was unable to find all the needed shared
libraries on the remote node. You may set your LD_LIBRARY_PATH to have the
location of the shared libraries on the remote nodes and this will
automatically be forwarded to the remote nodes.
--------------------------------------------------------------------------
--------------------------------------------------------------------------
mpirun noticed that the job aborted, but has no info as to the process
that caused that situation.
--------------------------------------------------------------------------
mpirun: clean termination accomplished

Permission denied, please try again.
Permission denied, please try again.
Permission denied (publickey,gssapi-with-mic,password).
--------------------------------------------------------------------------
A daemon (pid 5712) died unexpectedly with status 255 while attempting
to launch so we are aborting.

There may be more information reported by the environment (see above).

This may be because the daemon was unable to find all the needed shared
libraries on the remote node. You may set your LD_LIBRARY_PATH to have the
location of the shared libraries on the remote nodes and this will
automatically be forwarded to the remote nodes.
--------------------------------------------------------------------------
--------------------------------------------------------------------------
mpirun noticed that the job aborted, but has no info as to the process
that caused that situation.
--------------------------------------------------------------------------
mpirun: clean termination accomplished

Permission denied, please try again.
Permission denied, please try again.
Permission denied (publickey,gssapi-with-mic,password).
--------------------------------------------------------------------------
A daemon (pid 5718) died unexpectedly with status 255 while attempting
to launch so we are aborting.

There may be more information reported by the environment (see above).

This may be because the daemon was unable to find all the needed shared
libraries on the remote node. You may set your LD_LIBRARY_PATH to have the
location of the shared libraries on the remote nodes and this will
automatically be forwarded to the remote nodes.
--------------------------------------------------------------------------
--------------------------------------------------------------------------
mpirun noticed that the job aborted, but has no info as to the process
that caused that situation.
--------------------------------------------------------------------------
mpirun: clean termination accomplished

Permission denied, please try again.
Permission denied, please try again.
Permission denied (publickey,gssapi-with-mic,password).
--------------------------------------------------------------------------
A daemon (pid 5720) died unexpectedly with status 255 while attempting
to launch so we are aborting.

There may be more information reported by the environment (see above).

This may be because the daemon was unable to find all the needed shared
libraries on the remote node. You may set your LD_LIBRARY_PATH to have the
location of the shared libraries on the remote nodes and this will
automatically be forwarded to the remote nodes.
--------------------------------------------------------------------------
--------------------------------------------------------------------------
mpirun noticed that the job aborted, but has no info as to the process
that caused that situation.
--------------------------------------------------------------------------
mpirun: clean termination accomplished

Permission denied, please try again.
Permission denied, please try again.
Permission denied (publickey,gssapi-with-mic,password).
--------------------------------------------------------------------------
A daemon (pid 5722) died unexpectedly with status 255 while attempting
to launch so we are aborting.

There may be more information reported by the environment (see above).

This may be because the daemon was unable to find all the needed shared
libraries on the remote node. You may set your LD_LIBRARY_PATH to have the
location of the shared libraries on the remote nodes and this will
automatically be forwarded to the remote nodes.
--------------------------------------------------------------------------
--------------------------------------------------------------------------
mpirun noticed that the job aborted, but has no info as to the process
that caused that situation.
--------------------------------------------------------------------------
mpirun: clean termination accomplished

Permission denied, please try again.
Permission denied, please try again.
Permission denied (publickey,gssapi-with-mic,password).
--------------------------------------------------------------------------
A daemon (pid 5724) died unexpectedly with status 255 while attempting
to launch so we are aborting.

There may be more information reported by the environment (see above).

This may be because the daemon was unable to find all the needed shared
libraries on the remote node. You may set your LD_LIBRARY_PATH to have the
location of the shared libraries on the remote nodes and this will
automatically be forwarded to the remote nodes.
--------------------------------------------------------------------------
--------------------------------------------------------------------------
mpirun noticed that the job aborted, but has no info as to the process
that caused that situation.
--------------------------------------------------------------------------
mpirun: clean termination accomplished

Permission denied, please try again.
Permission denied, please try again.
Permission denied (publickey,gssapi-with-mic,password).
--------------------------------------------------------------------------
A daemon (pid 5726) died unexpectedly with status 255 while attempting
to launch so we are aborting.

There may be more information reported by the environment (see above).

This may be because the daemon was unable to find all the needed shared
libraries on the remote node. You may set your LD_LIBRARY_PATH to have the
location of the shared libraries on the remote nodes and this will
automatically be forwarded to the remote nodes.
--------------------------------------------------------------------------
--------------------------------------------------------------------------
mpirun noticed that the job aborted, but has no info as to the process
that caused that situation.
--------------------------------------------------------------------------
mpirun: clean termination accomplished

Permission denied, please try again.
Permission denied, please try again.
Permission denied (publickey,gssapi-with-mic,password).
--------------------------------------------------------------------------
A daemon (pid 5732) died unexpectedly with status 255 while attempting
to launch so we are aborting.

There may be more information reported by the environment (see above).

This may be because the daemon was unable to find all the needed shared
libraries on the remote node. You may set your LD_LIBRARY_PATH to have the
location of the shared libraries on the remote nodes and this will
automatically be forwarded to the remote nodes.
--------------------------------------------------------------------------
--------------------------------------------------------------------------
mpirun noticed that the job aborted, but has no info as to the process
that caused that situation.
--------------------------------------------------------------------------
mpirun: clean termination accomplished

Permission denied, please try again.
Permission denied, please try again.
Permission denied (publickey,gssapi-with-mic,password).
--------------------------------------------------------------------------
A daemon (pid 5734) died unexpectedly with status 255 while attempting
to launch so we are aborting.

There may be more information reported by the environment (see above).

This may be because the daemon was unable to find all the needed shared
libraries on the remote node. You may set your LD_LIBRARY_PATH to have the
location of the shared libraries on the remote nodes and this will
automatically be forwarded to the remote nodes.
--------------------------------------------------------------------------
--------------------------------------------------------------------------
mpirun noticed that the job aborted, but has no info as to the process
that caused that situation.
--------------------------------------------------------------------------
mpirun: clean termination accomplished

Permission denied, please try again.
Permission denied, please try again.
Permission denied (publickey,gssapi-with-mic,password).
--------------------------------------------------------------------------
A daemon (pid 5736) died unexpectedly with status 255 while attempting
to launch so we are aborting.

There may be more information reported by the environment (see above).

This may be because the daemon was unable to find all the needed shared
libraries on the remote node. You may set your LD_LIBRARY_PATH to have the
location of the shared libraries on the remote nodes and this will
automatically be forwarded to the remote nodes.
--------------------------------------------------------------------------
--------------------------------------------------------------------------
mpirun noticed that the job aborted, but has no info as to the process
that caused that situation.
--------------------------------------------------------------------------
mpirun: clean termination accomplished

Permission denied, please try again.
Permission denied, please try again.
Permission denied (publickey,gssapi-with-mic,password).
--------------------------------------------------------------------------
A daemon (pid 5738) died unexpectedly with status 255 while attempting
to launch so we are aborting.

There may be more information reported by the environment (see above).

This may be because the daemon was unable to find all the needed shared
libraries on the remote node. You may set your LD_LIBRARY_PATH to have the
location of the shared libraries on the remote nodes and this will
automatically be forwarded to the remote nodes.
--------------------------------------------------------------------------
--------------------------------------------------------------------------
mpirun noticed that the job aborted, but has no info as to the process
that caused that situation.
--------------------------------------------------------------------------
mpirun: clean termination accomplished

Permission denied, please try again.
Permission denied, please try again.
Permission denied (publickey,gssapi-with-mic,password).
--------------------------------------------------------------------------
A daemon (pid 5740) died unexpectedly with status 255 while attempting
to launch so we are aborting.

There may be more information reported by the environment (see above).

This may be because the daemon was unable to find all the needed shared
libraries on the remote node. You may set your LD_LIBRARY_PATH to have the
location of the shared libraries on the remote nodes and this will
automatically be forwarded to the remote nodes.
--------------------------------------------------------------------------
--------------------------------------------------------------------------
mpirun noticed that the job aborted, but has no info as to the process
that caused that situation.
--------------------------------------------------------------------------
mpirun: clean termination accomplished

