warning:regcache incompatible with malloc
[compute-101-19.local:14766] Error in mx_init (error No MX device entry in /dev.)
[compute-101-19.local:14766] mca_btl_mx_component_init: mx_get_info(MX_NIC_COUNT) failed with status 4(MX not initialized.)
[compute-101-19.local:14764] Error in mx_init (error No MX device entry in /dev.)
[compute-101-19.local:14764] mca_btl_mx_component_init: mx_get_info(MX_NIC_COUNT) failed with status 4(MX not initialized.)
[compute-101-19.local:14763] Error in mx_init (error No MX device entry in /dev.)
[compute-101-19.local:14763] mca_btl_mx_component_init: mx_get_info(MX_NIC_COUNT) failed with status 4(MX not initialized.)
[compute-101-19.local:14765] Error in mx_init (error No MX device entry in /dev.)
[compute-101-19.local:14765] mca_btl_mx_component_init: mx_get_info(MX_NIC_COUNT) failed with status 4(MX not initialized.)
warning:regcache incompatible with malloc
warning:regcache incompatible with malloc
warning:regcache incompatible with malloc
warning:regcache incompatible with malloc
warning:regcache incompatible with malloc
warning:regcache incompatible with malloc
warning:regcache incompatible with malloc
warning:regcache incompatible with malloc
warning:regcache incompatible with malloc
warning:regcache incompatible with malloc
warning:regcache incompatible with malloc
warning:regcache incompatible with malloc
warning:regcache incompatible with malloc
warning:regcache incompatible with malloc
warning:regcache incompatible with malloc
warning:regcache incompatible with malloc
warning:regcache incompatible with malloc
warning:regcache incompatible with malloc
warning:regcache incompatible with malloc
warning:regcache incompatible with malloc
warning:regcache incompatible with malloc
warning:regcache incompatible with malloc
warning:regcache incompatible with malloc
warning:regcache incompatible with malloc
warning:regcache incompatible with malloc
warning:regcache incompatible with malloc
warning:regcache incompatible with malloc
warning:regcache incompatible with malloc
warning:regcache incompatible with malloc
warning:regcache incompatible with malloc
warning:regcache incompatible with malloc
warning:regcache incompatible with malloc
warning:regcache incompatible with malloc
warning:regcache incompatible with malloc
warning:regcache incompatible with malloc
warning:regcache incompatible with malloc
warning:regcache incompatible with malloc
warning:regcache incompatible with malloc
warning:regcache incompatible with malloc
warning:regcache incompatible with malloc
warning:regcache incompatible with malloc
warning:regcache incompatible with malloc
warning:regcache incompatible with malloc
warning:regcache incompatible with malloc
warning:regcache incompatible with malloc
warning:regcache incompatible with malloc
warning:regcache incompatible with malloc
warning:regcache incompatible with malloc
warning:regcache incompatible with malloc
warning:regcache incompatible with malloc
warning:regcache incompatible with malloc
warning:regcache incompatible with malloc
warning:regcache incompatible with malloc
warning:regcache incompatible with malloc
warning:regcache incompatible with malloc
warning:regcache incompatible with malloc
warning:regcache incompatible with malloc
warning:regcache incompatible with malloc
warning:regcache incompatible with malloc
mask size = 4

starting radix sort...finished

CORRECT! Result is ordered
CORRECT! Result is orderedCORRECT! Result is ordered

CORRECT! Result is orderedCORRECT! Result is ordered
CORRECT! Result is ordered
CORRECT! Result is orderedCORRECT! Result is ordered
CORRECT! Result is ordered
CORRECT! Result is orderedCORRECT! Result is orderedCORRECT! Result is ordered
CORRECT! Result is ordered
CORRECT! Result is ordered
CORRECT! Result is ordered
CORRECT! Result is ordered
CORRECT! Result is orderedCORRECT! Result is ordered
CORRECT! Result is ordered
CORRECT! Result is ordered
CORRECT! Result is ordered
CORRECT! Result is ordered
CORRECT! Result is ordered
CORRECT! Result is ordered
CORRECT! Result is ordered
CORRECT! Result is ordered
CORRECT! Result is ordered
CORRECT! Result is ordered
CORRECT! Result is ordered
CORRECT! Result is orderedCORRECT! Result is ordered
CORRECT! Result is ordered

CORRECT! Result is ordered
CORRECT! Result is ordered
CORRECT! Result is ordered
CORRECT! Result is ordered
CORRECT! Result is ordered
CORRECT! Result is ordered
CORRECT! Result is orderedCORRECT! Result is ordered
CORRECT! Result is ordered
CORRECT! Result is ordered
CORRECT! Result is orderedCORRECT! Result is orderedCORRECT! Result is orderedCORRECT! Result is ordered
CORRECT! Result is orderedCORRECT! Result is orderedCORRECT! Result is ordered
CORRECT! Result is ordered
CORRECT! Result is orderedCORRECT! Result is orderedCORRECT! Result is ordered
CORRECT! Result is orderedCORRECT! Result is ordered

CORRECT! Result is ordered













CORRECT! Result is orderedCORRECT! Result is orderedCORRECT! Result is orderedCORRECT! Result is ordered



CORRECT! Result is orderedCORRECT! Result is orderedCORRECT! Result is orderedCORRECT! Result is ordered



warning:regcache incompatible with malloc
warning:regcache incompatible with malloc
warning:regcache incompatible with malloc
warning:regcache incompatible with malloc
warning:regcache incompatible with malloc
[compute-101-19.local:14768] Error in mx_init (error No MX device entry in /dev.)
[compute-101-19.local:14768] mca_btl_mx_component_init: mx_get_info(MX_NIC_COUNT) failed with status 4(MX not initialized.)
warning:regcache incompatible with malloc
warning:regcache incompatible with malloc
warning:regcache incompatible with malloc
warning:regcache incompatible with malloc
warning:regcache incompatible with malloc
warning:regcache incompatible with malloc
[compute-101-19.local:14769] Error in mx_init (error No MX device entry in /dev.)
[compute-101-19.local:14769] mca_btl_mx_component_init: mx_get_info(MX_NIC_COUNT) failed with status 4(MX not initialized.)
[compute-101-19.local:14770] Error in mx_init (error No MX device entry in /dev.)
[compute-101-19.local:14770] mca_btl_mx_component_init: mx_get_info(MX_NIC_COUNT) failed with status 4(MX not initialized.)
[compute-101-19.local:14771] Error in mx_init (error No MX device entry in /dev.)
warning:regcache incompatible with malloc
[compute-101-19.local:14771] mca_btl_mx_component_init: mx_get_info(MX_NIC_COUNT) failed with status 4(MX not initialized.)
warning:regcache incompatible with malloc
warning:regcache incompatible with malloc
warning:regcache incompatible with malloc
warning:regcache incompatible with malloc
warning:regcache incompatible with malloc
warning:regcache incompatible with malloc
warning:regcache incompatible with malloc
warning:regcache incompatible with malloc
warning:regcache incompatible with malloc
warning:regcache incompatible with malloc
warning:regcache incompatible with malloc
warning:regcache incompatible with malloc
warning:regcache incompatible with malloc
warning:regcache incompatible with malloc
warning:regcache incompatible with malloc
warning:regcache incompatible with malloc
warning:regcache incompatible with malloc
warning:regcache incompatible with malloc
warning:regcache incompatible with malloc
warning:regcache incompatible with malloc
warning:regcache incompatible with malloc
warning:regcache incompatible with malloc
warning:regcache incompatible with malloc
warning:regcache incompatible with malloc
warning:regcache incompatible with malloc
warning:regcache incompatible with malloc
warning:regcache incompatible with malloc
warning:regcache incompatible with malloc
warning:regcache incompatible with malloc
warning:regcache incompatible with malloc
warning:regcache incompatible with malloc
warning:regcache incompatible with malloc
warning:regcache incompatible with malloc
warning:regcache incompatible with malloc
warning:regcache incompatible with malloc
warning:regcache incompatible with malloc
warning:regcache incompatible with malloc
warning:regcache incompatible with malloc
warning:regcache incompatible with malloc
warning:regcache incompatible with malloc
warning:regcache incompatible with malloc
warning:regcache incompatible with malloc
warning:regcache incompatible with malloc
warning:regcache incompatible with malloc
warning:regcache incompatible with malloc
warning:regcache incompatible with malloc
warning:regcache incompatible with malloc
warning:regcache incompatible with malloc
mask size = 4

starting radix sort...[compute-101-10.local:20961] *** An error occurred in MPI_Recv
[compute-101-10.local:20961] *** on communicator MPI_COMM_WORLD
[compute-101-10.local:20961] *** MPI_ERR_TRUNCATE: message truncated
[compute-101-10.local:20961] *** MPI_ERRORS_ARE_FATAL (your MPI job will now abort)
[compute-101-19.local][[11415,1],20][btl_tcp_frag.c:216:mca_btl_tcp_frag_recv] mca_btl_tcp_frag_recv: readv failed: Connection reset by peer (104)
--------------------------------------------------------------------------
mpirun has exited due to process rank 0 with PID 20961 on
node compute-101-10.local exiting without calling "finalize". This may
have caused other processes in the application to be
terminated by signals sent by mpirun (as reported here).
--------------------------------------------------------------------------
[compute-101-19.local][[11415,1],21][btl_tcp_frag.c:216:mca_btl_tcp_frag_recv] mca_btl_tcp_frag_recv: readv failed: Connection reset by peer (104)
[compute-101-19.local][[11415,1],23][btl_tcp_frag.c:216:mca_btl_tcp_frag_recv] [compute-101-19.local][[11415,1],22][btl_tcp_frag.c:216:mca_btl_tcp_frag_recv] mca_btl_tcp_frag_recv: readv failed: Connection reset by peer (104)
mca_btl_tcp_frag_recv: readv failed: Connection reset by peer (104)
warning:regcache incompatible with malloc
warning:regcache incompatible with malloc
warning:regcache incompatible with malloc
[compute-101-19.local:14774] Error in mx_init (error No MX device entry in /dev.)
[compute-101-19.local:14774] mca_btl_mx_component_init: mx_get_info(MX_NIC_COUNT) failed with status 4(MX not initialized.)
warning:regcache incompatible with malloc
warning:regcache incompatible with malloc
[compute-101-19.local:14775] Error in mx_init (error No MX device entry in /dev.)
[compute-101-19.local:14775] mca_btl_mx_component_init: mx_get_info(MX_NIC_COUNT) failed with status 4(MX not initialized.)
[compute-101-19.local:14776] Error in mx_init (error No MX device entry in /dev.)
[compute-101-19.local:14776] mca_btl_mx_component_init: mx_get_info(MX_NIC_COUNT) failed with status 4(MX not initialized.)
[compute-101-19.local:14773] Error in mx_init (error No MX device entry in /dev.)
[compute-101-19.local:14773] mca_btl_mx_component_init: mx_get_info(MX_NIC_COUNT) failed with status 4(MX not initialized.)
warning:regcache incompatible with malloc
warning:regcache incompatible with malloc
warning:regcache incompatible with malloc
warning:regcache incompatible with malloc
warning:regcache incompatible with malloc
warning:regcache incompatible with malloc
warning:regcache incompatible with malloc
warning:regcache incompatible with malloc
warning:regcache incompatible with malloc
warning:regcache incompatible with malloc
warning:regcache incompatible with malloc
warning:regcache incompatible with malloc
warning:regcache incompatible with malloc
warning:regcache incompatible with malloc
warning:regcache incompatible with malloc
warning:regcache incompatible with malloc
warning:regcache incompatible with malloc
warning:regcache incompatible with malloc
warning:regcache incompatible with malloc
warning:regcache incompatible with malloc
warning:regcache incompatible with malloc
warning:regcache incompatible with malloc
warning:regcache incompatible with malloc
warning:regcache incompatible with malloc
warning:regcache incompatible with malloc
warning:regcache incompatible with malloc
warning:regcache incompatible with malloc
warning:regcache incompatible with malloc
warning:regcache incompatible with malloc
warning:regcache incompatible with malloc
warning:regcache incompatible with malloc
warning:regcache incompatible with malloc
warning:regcache incompatible with malloc
warning:regcache incompatible with malloc
warning:regcache incompatible with malloc
warning:regcache incompatible with malloc
warning:regcache incompatible with malloc
warning:regcache incompatible with malloc
warning:regcache incompatible with malloc
warning:regcache incompatible with malloc
warning:regcache incompatible with malloc
warning:regcache incompatible with malloc
warning:regcache incompatible with malloc
warning:regcache incompatible with malloc
warning:regcache incompatible with malloc
warning:regcache incompatible with malloc
warning:regcache incompatible with malloc
warning:regcache incompatible with malloc
warning:regcache incompatible with malloc
warning:regcache incompatible with malloc
warning:regcache incompatible with malloc
warning:regcache incompatible with malloc
warning:regcache incompatible with malloc
warning:regcache incompatible with malloc
warning:regcache incompatible with malloc
mask size = 4

starting radix sort...[compute-101-10.local:20978] *** An error occurred in MPI_Recv
[compute-101-10.local:20978] *** on communicator MPI_COMM_WORLD
[compute-101-10.local:20978] *** MPI_ERR_TRUNCATE: message truncated
[compute-101-10.local:20978] *** MPI_ERRORS_ARE_FATAL (your MPI job will now abort)
[compute-101-19.local][[11398,1],20][btl_tcp_frag.c:216:mca_btl_tcp_frag_recv] mca_btl_tcp_frag_recv: readv failed: Connection reset by peer (104)
--------------------------------------------------------------------------
mpirun has exited due to process rank 0 with PID 20978 on
node compute-101-10.local exiting without calling "finalize". This may
have caused other processes in the application to be
terminated by signals sent by mpirun (as reported here).
--------------------------------------------------------------------------
warning:regcache incompatible with malloc
warning:regcache incompatible with malloc
warning:regcache incompatible with malloc
warning:regcache incompatible with malloc
warning:regcache incompatible with malloc
[compute-101-19.local:14786] Error in mx_init (error No MX device entry in /dev.)
[compute-101-19.local:14786] mca_btl_mx_component_init: mx_get_info(MX_NIC_COUNT) failed with status 4(MX not initialized.)
warning:regcache incompatible with malloc
warning:regcache incompatible with malloc
warning:regcache incompatible with malloc
[compute-101-19.local:14787] Error in mx_init (error No MX device entry in /dev.)
[compute-101-19.local:14787] mca_btl_mx_component_init: mx_get_info(MX_NIC_COUNT) failed with status 4(MX not initialized.)
warning:regcache incompatible with malloc
warning:regcache incompatible with malloc
warning:regcache incompatible with malloc
warning:regcache incompatible with malloc
warning:regcache incompatible with malloc
[compute-101-19.local:14788] Error in mx_init (error No MX device entry in /dev.)
[compute-101-19.local:14788] mca_btl_mx_component_init: mx_get_info(MX_NIC_COUNT) failed with status 4(MX not initialized.)
[compute-101-19.local:14789] Error in mx_init (error No MX device entry in /dev.)
warning:regcache incompatible with malloc
[compute-101-19.local:14789] mca_btl_mx_component_init: mx_get_info(MX_NIC_COUNT) failed with status 4(MX not initialized.)
warning:regcache incompatible with malloc
warning:regcache incompatible with malloc
warning:regcache incompatible with malloc
warning:regcache incompatible with malloc
warning:regcache incompatible with malloc
warning:regcache incompatible with malloc
warning:regcache incompatible with malloc
warning:regcache incompatible with malloc
warning:regcache incompatible with malloc
warning:regcache incompatible with malloc
warning:regcache incompatible with malloc
warning:regcache incompatible with malloc
warning:regcache incompatible with malloc
warning:regcache incompatible with malloc
warning:regcache incompatible with malloc
warning:regcache incompatible with malloc
warning:regcache incompatible with malloc
warning:regcache incompatible with malloc
warning:regcache incompatible with malloc
warning:regcache incompatible with malloc
warning:regcache incompatible with malloc
warning:regcache incompatible with malloc
warning:regcache incompatible with malloc
warning:regcache incompatible with malloc
warning:regcache incompatible with malloc
warning:regcache incompatible with malloc
warning:regcache incompatible with malloc
warning:regcache incompatible with malloc
warning:regcache incompatible with malloc
warning:regcache incompatible with malloc
warning:regcache incompatible with malloc
warning:regcache incompatible with malloc
warning:regcache incompatible with malloc
warning:regcache incompatible with malloc
warning:regcache incompatible with malloc
warning:regcache incompatible with malloc
warning:regcache incompatible with malloc
warning:regcache incompatible with malloc
warning:regcache incompatible with malloc
warning:regcache incompatible with malloc
warning:regcache incompatible with malloc
warning:regcache incompatible with malloc
warning:regcache incompatible with malloc
warning:regcache incompatible with malloc
warning:regcache incompatible with malloc
warning:regcache incompatible with malloc
mask size = 4

starting radix sort...[compute-101-10.local:20999] *** An error occurred in MPI_Recv
[compute-101-10.local:20999] *** on communicator MPI_COMM_WORLD
[compute-101-10.local:20999] *** MPI_ERR_TRUNCATE: message truncated
[compute-101-10.local:20999] *** MPI_ERRORS_ARE_FATAL (your MPI job will now abort)
[compute-101-19.local][[12145,1],20][btl_tcp_frag.c:216:mca_btl_tcp_frag_recv] mca_btl_tcp_frag_recv: readv failed: Connection reset by peer (104)
--------------------------------------------------------------------------
mpirun has exited due to process rank 0 with PID 20999 on
node compute-101-10.local exiting without calling "finalize". This may
have caused other processes in the application to be
terminated by signals sent by mpirun (as reported here).
--------------------------------------------------------------------------
[compute-101-19.local][[12145,1],21][btl_tcp_frag.c:216:mca_btl_tcp_frag_recv] mca_btl_tcp_frag_recv: readv failed: Connection reset by peer (104)
[compute-101-19.local][[12145,1],22][btl_tcp_frag.c:216:mca_btl_tcp_frag_recv] mca_btl_tcp_frag_recv: readv failed: Connection reset by peer (104)
[compute-101-19.local][[12145,1],23][btl_tcp_frag.c:216:mca_btl_tcp_frag_recv] mca_btl_tcp_frag_recv: readv failed: Connection reset by peer (104)
warning:regcache incompatible with malloc
warning:regcache incompatible with malloc
warning:regcache incompatible with malloc
warning:regcache incompatible with malloc
warning:regcache incompatible with malloc
[compute-101-19.local:14808] Error in mx_init (error No MX device entry in /dev.)
[compute-101-19.local:14808] mca_btl_mx_component_init: mx_get_info(MX_NIC_COUNT) failed with status 4(MX not initialized.)
warning:regcache incompatible with malloc
warning:regcache incompatible with malloc
warning:regcache incompatible with malloc
[compute-101-19.local:14809] Error in mx_init (error No MX device entry in /dev.)
[compute-101-19.local:14809] mca_btl_mx_component_init: mx_get_info(MX_NIC_COUNT) failed with status 4(MX not initialized.)
[compute-101-19.local:14810] Error in mx_init (error No MX device entry in /dev.)
[compute-101-19.local:14810] mca_btl_mx_component_init: mx_get_info(MX_NIC_COUNT) failed with status 4(MX not initialized.)
[compute-101-19.local:14811] Error in mx_init (error No MX device entry in /dev.)
[compute-101-19.local:14811] mca_btl_mx_component_init: mx_get_info(MX_NIC_COUNT) failed with status 4(MX not initialized.)
warning:regcache incompatible with malloc
warning:regcache incompatible with malloc
warning:regcache incompatible with malloc
warning:regcache incompatible with malloc
warning:regcache incompatible with malloc
warning:regcache incompatible with malloc
warning:regcache incompatible with malloc
warning:regcache incompatible with malloc
warning:regcache incompatible with malloc
warning:regcache incompatible with malloc
warning:regcache incompatible with malloc
warning:regcache incompatible with malloc
warning:regcache incompatible with malloc
warning:regcache incompatible with malloc
warning:regcache incompatible with malloc
warning:regcache incompatible with malloc
warning:regcache incompatible with malloc
warning:regcache incompatible with malloc
warning:regcache incompatible with malloc
warning:regcache incompatible with malloc
warning:regcache incompatible with malloc
warning:regcache incompatible with malloc
warning:regcache incompatible with malloc
warning:regcache incompatible with malloc
warning:regcache incompatible with malloc
warning:regcache incompatible with malloc
warning:regcache incompatible with malloc
warning:regcache incompatible with malloc
warning:regcache incompatible with malloc
warning:regcache incompatible with malloc
warning:regcache incompatible with malloc
warning:regcache incompatible with malloc
warning:regcache incompatible with malloc
warning:regcache incompatible with malloc
warning:regcache incompatible with malloc
warning:regcache incompatible with malloc
warning:regcache incompatible with malloc
warning:regcache incompatible with malloc
warning:regcache incompatible with malloc
warning:regcache incompatible with malloc
warning:regcache incompatible with malloc
warning:regcache incompatible with malloc
warning:regcache incompatible with malloc
warning:regcache incompatible with malloc
warning:regcache incompatible with malloc
warning:regcache incompatible with malloc
warning:regcache incompatible with malloc
warning:regcache incompatible with malloc
warning:regcache incompatible with malloc
warning:regcache incompatible with malloc
warning:regcache incompatible with malloc
warning:regcache incompatible with malloc
mask size = 4

starting radix sort...[compute-101-10:21037] *** Process received signal ***
[compute-101-10:21037] Signal: Segmentation fault (11)
[compute-101-10:21037] Signal code: Address not mapped (1)
[compute-101-10:21037] Failing at address: 0x14000000
[compute-101-19.local][[12123,1],20][btl_tcp_frag.c:216:mca_btl_tcp_frag_recv] --------------------------------------------------------------------------
mpirun noticed that process rank 0 with PID 21037 on node compute-101-10.local exited on signal 11 (Segmentation fault).
--------------------------------------------------------------------------
mca_btl_tcp_frag_recv: readv failed: Connection reset by peer (104)
[compute-101-19.local][[12123,1],21][btl_tcp_frag.c:216:mca_btl_tcp_frag_recv] [compute-101-19.local][[12123,1],22][btl_tcp_frag.c:216:mca_btl_tcp_frag_recv] mca_btl_tcp_frag_recv: readv failed: Connection reset by peer (104)
mca_btl_tcp_frag_recv: readv failed: Connection reset by peer (104)
