Permission denied, please try again.
Permission denied, please try again.
Permission denied (publickey,gssapi-with-mic,password).
--------------------------------------------------------------------------
A daemon (pid 11074) died unexpectedly with status 255 while attempting
to launch so we are aborting.

There may be more information reported by the environment (see above).

This may be because the daemon was unable to find all the needed shared
libraries on the remote node. You may set your LD_LIBRARY_PATH to have the
location of the shared libraries on the remote nodes and this will
automatically be forwarded to the remote nodes.
--------------------------------------------------------------------------
--------------------------------------------------------------------------
mpirun noticed that the job aborted, but has no info as to the process
that caused that situation.
--------------------------------------------------------------------------
Permission denied, please try again.
Permission denied, please try again.
Permission denied, please try again.
Permission denied, please try again.
Permission denied (publickey,gssapi-with-mic,password).
Permission denied (publickey,gssapi-with-mic,password).
mpirun: clean termination accomplished

Permission denied, please try again.
Permission denied, please try again.
Permission denied, please try again.
Permission denied, please try again.
Permission denied (publickey,gssapi-with-mic,password).
Permission denied (publickey,gssapi-with-mic,password).
Permission denied, please try again.
--------------------------------------------------------------------------
A daemon (pid 11080) died unexpectedly with status 255 while attempting
to launch so we are aborting.

There may be more information reported by the environment (see above).

This may be because the daemon was unable to find all the needed shared
libraries on the remote node. You may set your LD_LIBRARY_PATH to have the
location of the shared libraries on the remote nodes and this will
automatically be forwarded to the remote nodes.
--------------------------------------------------------------------------
--------------------------------------------------------------------------
mpirun noticed that the job aborted, but has no info as to the process
that caused that situation.
--------------------------------------------------------------------------
Permission denied, please try again.
Permission denied (publickey,gssapi-with-mic,password).
mpirun: clean termination accomplished

Permission denied, please try again.
Permission denied, please try again.
Permission denied (publickey,gssapi-with-mic,password).
--------------------------------------------------------------------------
A daemon (pid 11088) died unexpectedly with status 255 while attempting
to launch so we are aborting.

There may be more information reported by the environment (see above).

This may be because the daemon was unable to find all the needed shared
libraries on the remote node. You may set your LD_LIBRARY_PATH to have the
location of the shared libraries on the remote nodes and this will
automatically be forwarded to the remote nodes.
--------------------------------------------------------------------------
Permission denied, please try again.
--------------------------------------------------------------------------
mpirun noticed that the job aborted, but has no info as to the process
that caused that situation.
--------------------------------------------------------------------------
Permission denied, please try again.
Permission denied, please try again.
Permission denied (publickey,gssapi-with-mic,password).
Permission denied, please try again.
Permission denied (publickey,gssapi-with-mic,password).
mpirun: clean termination accomplished

Permission denied, please try again.
Permission denied, please try again.
Permission denied, please try again.
Permission denied (publickey,gssapi-with-mic,password).
Permission denied, please try again.
--------------------------------------------------------------------------
A daemon (pid 11098) died unexpectedly with status 255 while attempting
to launch so we are aborting.

There may be more information reported by the environment (see above).

This may be because the daemon was unable to find all the needed shared
libraries on the remote node. You may set your LD_LIBRARY_PATH to have the
location of the shared libraries on the remote nodes and this will
automatically be forwarded to the remote nodes.
--------------------------------------------------------------------------
Permission denied (publickey,gssapi-with-mic,password).
--------------------------------------------------------------------------
mpirun noticed that the job aborted, but has no info as to the process
that caused that situation.
--------------------------------------------------------------------------
Permission denied, please try again.
Permission denied, please try again.
Permission denied (publickey,gssapi-with-mic,password).
mpirun: clean termination accomplished

Permission denied, please try again.
Permission denied, please try again.
Permission denied (publickey,gssapi-with-mic,password).
Permission denied, please try again.
--------------------------------------------------------------------------
A daemon (pid 11105) died unexpectedly with status 255 while attempting
to launch so we are aborting.

There may be more information reported by the environment (see above).

This may be because the daemon was unable to find all the needed shared
libraries on the remote node. You may set your LD_LIBRARY_PATH to have the
location of the shared libraries on the remote nodes and this will
automatically be forwarded to the remote nodes.
--------------------------------------------------------------------------
--------------------------------------------------------------------------
mpirun noticed that the job aborted, but has no info as to the process
that caused that situation.
--------------------------------------------------------------------------
Permission denied, please try again.
Permission denied, please try again.
Permission denied (publickey,gssapi-with-mic,password).
Permission denied, please try again.
Permission denied (publickey,gssapi-with-mic,password).
mpirun: clean termination accomplished

Permission denied, please try again.
Permission denied, please try again.
Permission denied (publickey,gssapi-with-mic,password).
Permission denied, please try again.
Permission denied, please try again.
--------------------------------------------------------------------------
A daemon (pid 11114) died unexpectedly with status 255 while attempting
to launch so we are aborting.

There may be more information reported by the environment (see above).

This may be because the daemon was unable to find all the needed shared
libraries on the remote node. You may set your LD_LIBRARY_PATH to have the
location of the shared libraries on the remote nodes and this will
automatically be forwarded to the remote nodes.
--------------------------------------------------------------------------
--------------------------------------------------------------------------
mpirun noticed that the job aborted, but has no info as to the process
that caused that situation.
--------------------------------------------------------------------------
Permission denied (publickey,gssapi-with-mic,password).
Permission denied, please try again.
Permission denied, please try again.
Permission denied (publickey,gssapi-with-mic,password).
mpirun: clean termination accomplished

Permission denied, please try again.
Permission denied, please try again.
Permission denied (publickey,gssapi-with-mic,password).
Permission denied, please try again.
--------------------------------------------------------------------------
A daemon (pid 11120) died unexpectedly with status 255 while attempting
to launch so we are aborting.

There may be more information reported by the environment (see above).

This may be because the daemon was unable to find all the needed shared
libraries on the remote node. You may set your LD_LIBRARY_PATH to have the
location of the shared libraries on the remote nodes and this will
automatically be forwarded to the remote nodes.
--------------------------------------------------------------------------
Permission denied, please try again.
--------------------------------------------------------------------------
mpirun noticed that the job aborted, but has no info as to the process
that caused that situation.
--------------------------------------------------------------------------
Permission denied, please try again.
Permission denied, please try again.
Permission denied (publickey,gssapi-with-mic,password).
Permission denied (publickey,gssapi-with-mic,password).
mpirun: clean termination accomplished

Permission denied, please try again.
Permission denied, please try again.
Permission denied (publickey,gssapi-with-mic,password).
Permission denied, please try again.
Permission denied, please try again.
--------------------------------------------------------------------------
A daemon (pid 11128) died unexpectedly with status 255 while attempting
to launch so we are aborting.

There may be more information reported by the environment (see above).

This may be because the daemon was unable to find all the needed shared
libraries on the remote node. You may set your LD_LIBRARY_PATH to have the
location of the shared libraries on the remote nodes and this will
automatically be forwarded to the remote nodes.
--------------------------------------------------------------------------
--------------------------------------------------------------------------
mpirun noticed that the job aborted, but has no info as to the process
that caused that situation.
--------------------------------------------------------------------------
Permission denied (publickey,gssapi-with-mic,password).
Permission denied, please try again.
Permission denied, please try again.
Permission denied (publickey,gssapi-with-mic,password).
mpirun: clean termination accomplished

Permission denied, please try again.
Permission denied, please try again.
Permission denied, please try again.
Permission denied, please try again.
Permission denied (publickey,gssapi-with-mic,password).
Permission denied (publickey,gssapi-with-mic,password).
--------------------------------------------------------------------------
A daemon (pid 11137) died unexpectedly with status 255 while attempting
to launch so we are aborting.

There may be more information reported by the environment (see above).

This may be because the daemon was unable to find all the needed shared
libraries on the remote node. You may set your LD_LIBRARY_PATH to have the
location of the shared libraries on the remote nodes and this will
automatically be forwarded to the remote nodes.
--------------------------------------------------------------------------
--------------------------------------------------------------------------
mpirun noticed that the job aborted, but has no info as to the process
that caused that situation.
--------------------------------------------------------------------------
Permission denied, please try again.
Permission denied, please try again.
Permission denied (publickey,gssapi-with-mic,password).
mpirun: clean termination accomplished

Permission denied, please try again.
Permission denied, please try again.
Permission denied (publickey,gssapi-with-mic,password).
Permission denied, please try again.
Permission denied, please try again.
--------------------------------------------------------------------------
A daemon (pid 11144) died unexpectedly with status 255 while attempting
to launch so we are aborting.

There may be more information reported by the environment (see above).

This may be because the daemon was unable to find all the needed shared
libraries on the remote node. You may set your LD_LIBRARY_PATH to have the
location of the shared libraries on the remote nodes and this will
automatically be forwarded to the remote nodes.
--------------------------------------------------------------------------
--------------------------------------------------------------------------
mpirun noticed that the job aborted, but has no info as to the process
that caused that situation.
--------------------------------------------------------------------------
Permission denied (publickey,gssapi-with-mic,password).
Permission denied, please try again.
Permission denied, please try again.
Permission denied (publickey,gssapi-with-mic,password).
mpirun: clean termination accomplished

