warning:regcache incompatible with malloc
warning:regcache incompatible with malloc
warning:regcache incompatible with malloc
warning:regcache incompatible with malloc
mask size = 4

starting radix sort...[compute-101-25.local:31023] *** An error occurred in MPI_Recv
[compute-101-25.local:31023] *** on communicator MPI_COMM_WORLD
[compute-101-25.local:31023] *** MPI_ERR_TRUNCATE: message truncated
[compute-101-25.local:31023] *** MPI_ERRORS_ARE_FATAL (your MPI job will now abort)
[compute-101-26.local][[9224,1],0][btl_tcp_frag.c:216:mca_btl_tcp_frag_recv] mca_btl_tcp_frag_recv: readv failed: Connection reset by peer (104)
[compute-101-26.local][[9224,1],0][btl_tcp_frag.c:216:mca_btl_tcp_frag_recv] mca_btl_tcp_frag_recv: readv failed: Connection reset by peer (104)
--------------------------------------------------------------------------
mpirun has exited due to process rank 2 with PID 8889 on
node compute-101-24 exiting without calling "finalize". This may
have caused other processes in the application to be
terminated by signals sent by mpirun (as reported here).
--------------------------------------------------------------------------
[compute-101-26.local:11189] 1 more process has sent help message help-mpi-errors.txt / mpi_errors_are_fatal
[compute-101-26.local:11189] Set MCA parameter "orte_base_help_aggregate" to 0 to see all help / error messages
warning:regcache incompatible with malloc
warning:regcache incompatible with malloc
warning:regcache incompatible with malloc
warning:regcache incompatible with malloc
warning:regcache incompatible with malloc
warning:regcache incompatible with malloc
warning:regcache incompatible with malloc
warning:regcache incompatible with malloc
mask size = 4

starting radix sort...[compute-101-25.local:31027] *** An error occurred in MPI_Recv
[compute-101-25.local:31027] *** on communicator MPI_COMM_WORLD
[compute-101-25.local:31027] *** MPI_ERR_TRUNCATE: message truncated
[compute-101-25.local:31027] *** MPI_ERRORS_ARE_FATAL (your MPI job will now abort)
[compute-101-26.local][[9216,1],0][btl_tcp_frag.c:216:mca_btl_tcp_frag_recv] mca_btl_tcp_frag_recv: readv failed: Connection reset by peer (104)
[compute-101-26.local][[9216,1],0][btl_tcp_frag.c:216:mca_btl_tcp_frag_recv] mca_btl_tcp_frag_recv: readv failed: Connection reset by peer (104)
[compute-101-23.local][[9216,1],7][btl_tcp_frag.c:216:mca_btl_tcp_frag_recv] mca_btl_tcp_frag_recv: readv failed: Connection reset by peer (104)
--------------------------------------------------------------------------
mpirun has exited due to process rank 4 with PID 8893 on
node compute-101-24 exiting without calling "finalize". This may
have caused other processes in the application to be
terminated by signals sent by mpirun (as reported here).
--------------------------------------------------------------------------
[compute-101-26.local][[9216,1],0][btl_tcp_frag.c:216:mca_btl_tcp_frag_recv] mca_btl_tcp_frag_recv: readv failed: Connection reset by peer (104)
[compute-101-26.local:11197] 2 more processes have sent help message help-mpi-errors.txt / mpi_errors_are_fatal
[compute-101-26.local:11197] Set MCA parameter "orte_base_help_aggregate" to 0 to see all help / error messages
warning:regcache incompatible with malloc
warning:regcache incompatible with malloc
warning:regcache incompatible with malloc
warning:regcache incompatible with malloc
mask size = 4

starting radix sort...[compute-101-24.local:8900] *** An error occurred in MPI_Recv
[compute-101-24.local:8900] *** on communicator MPI_COMM_WORLD
[compute-101-24.local:8900] *** MPI_ERR_TRUNCATE: message truncated
[compute-101-24.local:8900] *** MPI_ERRORS_ARE_FATAL (your MPI job will now abort)
[compute-101-26.local][[9333,1],0][btl_tcp_frag.c:216:mca_btl_tcp_frag_recv] mca_btl_tcp_frag_recv: readv failed: Connection reset by peer (104)
--------------------------------------------------------------------------
mpirun has exited due to process rank 2 with PID 8900 on
node compute-101-24 exiting without calling "finalize". This may
have caused other processes in the application to be
terminated by signals sent by mpirun (as reported here).
--------------------------------------------------------------------------
[compute-101-26.local][[9333,1],0][btl_tcp_frag.c:216:mca_btl_tcp_frag_recv] mca_btl_tcp_frag_recv: readv failed: Connection reset by peer (104)
[compute-101-26.local:11208] 1 more process has sent help message help-mpi-errors.txt / mpi_errors_are_fatal
[compute-101-26.local:11208] Set MCA parameter "orte_base_help_aggregate" to 0 to see all help / error messages
warning:regcache incompatible with malloc
warning:regcache incompatible with malloc
warning:regcache incompatible with malloc
warning:regcache incompatible with malloc
warning:regcache incompatible with malloc
warning:regcache incompatible with malloc
warning:regcache incompatible with malloc
warning:regcache incompatible with malloc
mask size = 4

starting radix sort...[compute-101-26.local:11218] *** An error occurred in MPI_Recv
[compute-101-26.local:11218] *** on communicator MPI_COMM_WORLD
[compute-101-26.local:11218] *** MPI_ERR_TRUNCATE: message truncated
[compute-101-26.local:11218] *** MPI_ERRORS_ARE_FATAL (your MPI job will now abort)
[compute-101-26.local][[9325,1],0][btl_tcp_frag.c:216:mca_btl_tcp_frag_recv] mca_btl_tcp_frag_recv: readv failed: Connection reset by peer (104)
[compute-101-26.local][[9325,1],0][btl_tcp_frag.c:216:mca_btl_tcp_frag_recv] mca_btl_tcp_frag_recv: readv failed: Connection reset by peer (104)
[compute-101-26.local][[9325,1],0][btl_tcp_frag.c:216:mca_btl_tcp_frag_recv] mca_btl_tcp_frag_recv: readv failed: Connection reset by peer (104)
--------------------------------------------------------------------------
mpirun has exited due to process rank 5 with PID 8905 on
node compute-101-24 exiting without calling "finalize". This may
have caused other processes in the application to be
terminated by signals sent by mpirun (as reported here).
--------------------------------------------------------------------------
[compute-101-26.local][[9325,1],0][btl_tcp_frag.c:216:mca_btl_tcp_frag_recv] mca_btl_tcp_frag_recv: readv failed: Connection reset by peer (104)
[compute-101-26.local:11216] 6 more processes have sent help message help-mpi-errors.txt / mpi_errors_are_fatal
[compute-101-26.local:11216] Set MCA parameter "orte_base_help_aggregate" to 0 to see all help / error messages
warning:regcache incompatible with malloc
warning:regcache incompatible with malloc
warning:regcache incompatible with malloc
warning:regcache incompatible with malloc
mask size = 4

starting radix sort...[compute-101-25.local:31045] *** An error occurred in MPI_Recv
[compute-101-25.local:31045] *** on communicator MPI_COMM_WORLD
[compute-101-25.local:31045] *** MPI_ERR_TRUNCATE: message truncated
[compute-101-25.local:31045] *** MPI_ERRORS_ARE_FATAL (your MPI job will now abort)
[compute-101-26.local][[9318,1],0][btl_tcp_frag.c:216:mca_btl_tcp_frag_recv] mca_btl_tcp_frag_recv: readv failed: Connection reset by peer (104)
--------------------------------------------------------------------------
mpirun has exited due to process rank 2 with PID 8911 on
node compute-101-24 exiting without calling "finalize". This may
have caused other processes in the application to be
terminated by signals sent by mpirun (as reported here).
--------------------------------------------------------------------------
[compute-101-26.local][[9318,1],0][btl_tcp_frag.c:216:mca_btl_tcp_frag_recv] mca_btl_tcp_frag_recv: readv failed: Connection reset by peer (104)
[compute-101-26.local:11227] 1 more process has sent help message help-mpi-errors.txt / mpi_errors_are_fatal
[compute-101-26.local:11227] Set MCA parameter "orte_base_help_aggregate" to 0 to see all help / error messages
warning:regcache incompatible with malloc
warning:regcache incompatible with malloc
warning:regcache incompatible with malloc
warning:regcache incompatible with malloc
warning:regcache incompatible with malloc
warning:regcache incompatible with malloc
warning:regcache incompatible with malloc
warning:regcache incompatible with malloc
mask size = 4

starting radix sort...[compute-101-26.local:11236] *** An error occurred in MPI_Recv
[compute-101-26.local:11236] *** on communicator MPI_COMM_WORLD
[compute-101-26.local:11236] *** MPI_ERR_TRUNCATE: message truncated
[compute-101-26.local:11236] *** MPI_ERRORS_ARE_FATAL (your MPI job will now abort)
--------------------------------------------------------------------------
mpirun has exited due to process rank 0 with PID 11236 on
node compute-101-26.local exiting without calling "finalize". This may
have caused other processes in the application to be
terminated by signals sent by mpirun (as reported here).
--------------------------------------------------------------------------
[compute-101-24.local][[9310,1],4][btl_tcp_frag.c:216:mca_btl_tcp_frag_recv] mca_btl_tcp_frag_recv: readv failed: Connection reset by peer (104)
[compute-101-23.local][[9310,1],6][btl_tcp_frag.c:216:mca_btl_tcp_frag_recv] [compute-101-24.local][[9310,1],5][btl_tcp_frag.c:216:mca_btl_tcp_frag_recv] mca_btl_tcp_frag_recv: readv failed: Connection reset by peer (104)
[compute-101-23.local][[9310,1],7][btl_tcp_frag.c:216:mca_btl_tcp_frag_recv] mca_btl_tcp_frag_recv: readv failed: Connection reset by peer (104)
mca_btl_tcp_frag_recv: readv failed: Connection reset by peer (104)
[compute-101-26.local:11235] 1 more process has sent help message help-mpi-errors.txt / mpi_errors_are_fatal
[compute-101-26.local:11235] Set MCA parameter "orte_base_help_aggregate" to 0 to see all help / error messages
warning:regcache incompatible with malloc
warning:regcache incompatible with malloc
warning:regcache incompatible with malloc
warning:regcache incompatible with malloc
mask size = 4

starting radix sort...[compute-101-24.local:8922] *** An error occurred in MPI_Recv
[compute-101-24.local:8922] *** on communicator MPI_COMM_WORLD
[compute-101-24.local:8922] *** MPI_ERR_TRUNCATE: message truncated
[compute-101-24.local:8922] *** MPI_ERRORS_ARE_FATAL (your MPI job will now abort)
[compute-101-26.local][[9299,1],0][btl_tcp_frag.c:216:mca_btl_tcp_frag_recv] mca_btl_tcp_frag_recv: readv failed: Connection reset by peer (104)
--------------------------------------------------------------------------
mpirun has exited due to process rank 2 with PID 8922 on
node compute-101-24 exiting without calling "finalize". This may
have caused other processes in the application to be
terminated by signals sent by mpirun (as reported here).
--------------------------------------------------------------------------
warning:regcache incompatible with malloc
warning:regcache incompatible with malloc
warning:regcache incompatible with malloc
warning:regcache incompatible with malloc
warning:regcache incompatible with malloc
warning:regcache incompatible with malloc
warning:regcache incompatible with malloc
warning:regcache incompatible with malloc
mask size = 4

starting radix sort...[compute-101-24.local:8930] *** An error occurred in MPI_Recv
[compute-101-24.local:8930] *** on communicator MPI_COMM_WORLD
[compute-101-24.local:8930] *** MPI_ERR_TRUNCATE: message truncated
[compute-101-24.local:8930] *** MPI_ERRORS_ARE_FATAL (your MPI job will now abort)
[compute-101-26.local][[9287,1],0][btl_tcp_endpoint.c:638:mca_btl_tcp_endpoint_complete_connect] connect() to 172.27.255.243 failed: Connection refused (111)
--------------------------------------------------------------------------
mpirun has exited due to process rank 4 with PID 8930 on
node compute-101-24 exiting without calling "finalize". This may
have caused other processes in the application to be
terminated by signals sent by mpirun (as reported here).
--------------------------------------------------------------------------
[compute-101-26.local:11258] 2 more processes have sent help message help-mpi-errors.txt / mpi_errors_are_fatal
[compute-101-26.local:11258] Set MCA parameter "orte_base_help_aggregate" to 0 to see all help / error messages
warning:regcache incompatible with malloc
warning:regcache incompatible with malloc
warning:regcache incompatible with malloc
warning:regcache incompatible with malloc
mask size = 4

starting radix sort...[compute-101-25.local:31075] *** An error occurred in MPI_Recv
[compute-101-25.local:31075] *** on communicator MPI_COMM_WORLD
[compute-101-25.local:31075] *** MPI_ERR_TRUNCATE: message truncated
[compute-101-25.local:31075] *** MPI_ERRORS_ARE_FATAL (your MPI job will now abort)
--------------------------------------------------------------------------
mpirun has exited due to process rank 1 with PID 31075 on
node compute-101-25 exiting without calling "finalize". This may
have caused other processes in the application to be
terminated by signals sent by mpirun (as reported here).
--------------------------------------------------------------------------
warning:regcache incompatible with malloc
warning:regcache incompatible with malloc
warning:regcache incompatible with malloc
warning:regcache incompatible with malloc
warning:regcache incompatible with malloc
warning:regcache incompatible with malloc
warning:regcache incompatible with malloc
warning:regcache incompatible with malloc
mask size = 4

starting radix sort...[compute-101-24.local:8967] *** An error occurred in MPI_Recv
[compute-101-24.local:8967] *** on communicator MPI_COMM_WORLD
[compute-101-24.local:8967] *** MPI_ERR_TRUNCATE: message truncated
[compute-101-24.local:8967] *** MPI_ERRORS_ARE_FATAL (your MPI job will now abort)
--------------------------------------------------------------------------
mpirun has exited due to process rank 4 with PID 8967 on
node compute-101-24 exiting without calling "finalize". This may
have caused other processes in the application to be
terminated by signals sent by mpirun (as reported here).
--------------------------------------------------------------------------
