mask size = 2

starting radix sort...finished

CORRECT! Result is ordered
CORRECT! Result is orderedCORRECT! Result is orderedCORRECT! Result is ordered


mask size = 2

starting radix sort...finished

CORRECT! Result is ordered
CORRECT! Result is orderedCORRECT! Result is orderedCORRECT! Result is ordered


mask size = 2

starting radix sort...finished

CORRECT! Result is ordered
CORRECT! Result is ordered
CORRECT! Result is ordered
CORRECT! Result is ordered
mask size = 2

starting radix sort...finished

CORRECT! Result is ordered
CORRECT! Result is ordered
CORRECT! Result is ordered
CORRECT! Result is ordered
mask size = 2

starting radix sort...finished

CORRECT! Result is ordered
CORRECT! Result is ordered
CORRECT! Result is ordered
CORRECT! Result is ordered
mask size = 2

starting radix sort...finished

CORRECT! Result is ordered
CORRECT! Result is ordered
CORRECT! Result is ordered
CORRECT! Result is ordered
CORRECT! Result is ordered
CORRECT! Result is ordered
CORRECT! Result is ordered
CORRECT! Result is ordered
mask size = 2

starting radix sort...CORRECT! Result is orderedCORRECT! Result is ordered
finished

CORRECT! Result is ordered
CORRECT! Result is ordered
CORRECT! Result is ordered
CORRECT! Result is ordered
CORRECT! Result is ordered
CORRECT! Result is ordered

mask size = 2

starting radix sort...finished

CORRECT! Result is ordered
CORRECT! Result is ordered
CORRECT! Result is ordered
CORRECT! Result is ordered
CORRECT! Result is ordered
CORRECT! Result is ordered
CORRECT! Result is ordered
CORRECT! Result is ordered
mask size = 2

starting radix sort...finished

CORRECT! Result is ordered
CORRECT! Result is ordered
CORRECT! Result is ordered
CORRECT! Result is ordered
CORRECT! Result is ordered
CORRECT! Result is ordered
CORRECT! Result is ordered
CORRECT! Result is ordered
mask size = 2

starting radix sort...finished

CORRECT! Result is ordered
CORRECT! Result is ordered
CORRECT! Result is ordered
CORRECT! Result is ordered
CORRECT! Result is ordered
CORRECT! Result is ordered
CORRECT! Result is ordered
CORRECT! Result is ordered
mask size = 2

starting radix sort...finished

CORRECT! Result is ordered
CORRECT! Result is ordered
CORRECT! Result is ordered
CORRECT! Result is ordered
mask size = 2

starting radix sort...finished

CORRECT! Result is ordered
CORRECT! Result is ordered
CORRECT! Result is ordered
CORRECT! Result is ordered
mask size = 2

starting radix sort...finished

CORRECT! Result is ordered
CORRECT! Result is ordered
CORRECT! Result is ordered
CORRECT! Result is ordered
mask size = 2

starting radix sort...finished

CORRECT! Result is ordered
CORRECT! Result is ordered
CORRECT! Result is ordered
CORRECT! Result is ordered
mask size = 2

starting radix sort...finished

CORRECT! Result is ordered
CORRECT! Result is ordered
CORRECT! Result is ordered
CORRECT! Result is ordered
mask size = 2

starting radix sort...finished

CORRECT! Result is ordered
CORRECT! Result is ordered
CORRECT! Result is ordered
CORRECT! Result is ordered
CORRECT! Result is ordered
CORRECT! Result is ordered
CORRECT! Result is ordered
CORRECT! Result is ordered
mask size = 2

starting radix sort...finished

CORRECT! Result is ordered
CORRECT! Result is orderedCORRECT! Result is ordered
CORRECT! Result is ordered
CORRECT! Result is ordered
CORRECT! Result is ordered
CORRECT! Result is ordered

CORRECT! Result is ordered
mask size = 2

starting radix sort...finished

CORRECT! Result is ordered
CORRECT! Result is ordered
CORRECT! Result is ordered
CORRECT! Result is ordered
CORRECT! Result is ordered
CORRECT! Result is ordered
CORRECT! Result is ordered
CORRECT! Result is ordered
mask size = 2

starting radix sort...CORRECT! Result is ordered
CORRECT! Result is ordered
CORRECT! Result is ordered
CORRECT! Result is ordered
CORRECT! Result is ordered
CORRECT! Result is ordered
CORRECT! Result is ordered
finished

CORRECT! Result is ordered
mask size = 2

starting radix sort...finished

CORRECT! Result is ordered
CORRECT! Result is ordered
CORRECT! Result is ordered
CORRECT! Result is ordered
CORRECT! Result is ordered
CORRECT! Result is ordered
CORRECT! Result is ordered
CORRECT! Result is ordered
mask size = 2

starting radix sort...finished

CORRECT! Result is ordered
CORRECT! Result is orderedCORRECT! Result is ordered
CORRECT! Result is ordered

mask size = 2

starting radix sort...finished

CORRECT! Result is ordered
CORRECT! Result is ordered
CORRECT! Result is ordered
CORRECT! Result is ordered
mask size = 2

starting radix sort...finished

CORRECT! Result is ordered
CORRECT! Result is ordered
CORRECT! Result is ordered
CORRECT! Result is ordered
mask size = 2

starting radix sort...finished

CORRECT! Result is ordered
CORRECT! Result is ordered
CORRECT! Result is ordered
CORRECT! Result is ordered
mask size = 2

starting radix sort...finished

CORRECT! Result is ordered
CORRECT! Result is ordered
CORRECT! Result is ordered
CORRECT! Result is ordered
mask size = 2

starting radix sort...CORRECT! Result is ordered
finished

CORRECT! Result is ordered
CORRECT! Result is ordered
CORRECT! Result is ordered
CORRECT! Result is ordered
CORRECT! Result is ordered
CORRECT! Result is ordered
CORRECT! Result is ordered
mask size = 2

starting radix sort...finished

CORRECT! Result is ordered
CORRECT! Result is ordered
CORRECT! Result is ordered
CORRECT! Result is ordered
CORRECT! Result is ordered
CORRECT! Result is ordered
CORRECT! Result is ordered
CORRECT! Result is ordered
mask size = 2

starting radix sort...CORRECT! Result is ordered
CORRECT! Result is ordered
CORRECT! Result is ordered
CORRECT! Result is ordered
CORRECT! Result is ordered
CORRECT! Result is ordered
CORRECT! Result is ordered
finished

CORRECT! Result is ordered
mask size = 2

starting radix sort...CORRECT! Result is ordered
CORRECT! Result is ordered
CORRECT! Result is ordered
CORRECT! Result is ordered
CORRECT! Result is ordered
CORRECT! Result is ordered
finished

CORRECT! Result is ordered
CORRECT! Result is ordered
mask size = 2

starting radix sort...finished

CORRECT! Result is ordered
CORRECT! Result is ordered
CORRECT! Result is ordered
CORRECT! Result is ordered
CORRECT! Result is ordered
CORRECT! Result is ordered
CORRECT! Result is ordered
CORRECT! Result is ordered
mask size = 2

starting radix sort...[compute-611-1:05843] *** Process received signal ***
[compute-611-1:05843] Signal: Segmentation fault (11)
[compute-611-1:05843] Signal code: Address not mapped (1)
[compute-611-1:05843] Failing at address: 0x48be000
[compute-611-1:05843] [ 0] /lib64/libpthread.so.0 [0x3fcdc0e4c0]
[compute-611-1:05843] [ 1] /lib64/libc.so.6(memcpy+0x15b) [0x3fcd07b59b]
[compute-611-1:05843] [ 2] /opt/openmpi/lib/libmpi.so.0(ompi_convertor_pack+0x12c) [0x2b659ef6996c]
[compute-611-1:05843] [ 3] /opt/openmpi/lib/libmpi.so.0 [0x2b659ef9946a]
[compute-611-1:05843] [ 4] /opt/openmpi/lib/libmpi.so.0 [0x2b659f00486a]
[compute-611-1:05843] [ 5] /opt/openmpi/lib/libmpi.so.0 [0x2b659f006bfd]
[compute-611-1:05843] [ 6] /opt/openmpi/lib/libmpi.so.0 [0x2b659ef9ac1a]
[compute-611-1:05843] [ 7] /opt/openmpi/lib/libopen-pal.so.0(opal_progress+0x5a) [0x2b659f57b45a]
[compute-611-1:05843] [ 8] /opt/openmpi/lib/libmpi.so.0 [0x2b659ef5c005]
[compute-611-1:05843] [ 9] /opt/openmpi/lib/libmpi.so.0 [0x2b659ef9f067]
[compute-611-1:05843] [10] /opt/openmpi/lib/libmpi.so.0 [0x2b659efa82fc]
[compute-611-1:05843] [11] /opt/openmpi/lib/libmpi.so.0(MPI_Barrier+0x7c) [0x2b659ef7077c]
[compute-611-1:05843] [12] bin/radix.mpi(main+0x335) [0x40b695]
[compute-611-1:05843] [13] /lib64/libc.so.6(__libc_start_main+0xf4) [0x3fcd01d974]
[compute-611-1:05843] [14] bin/radix.mpi(__gxx_personality_v0+0x1a1) [0x409349]
[compute-611-1:05843] *** End of error message ***
--------------------------------------------------------------------------
mpirun noticed that process rank 2 with PID 5843 on node compute-611-1.local exited on signal 11 (Segmentation fault).
--------------------------------------------------------------------------
mask size = 2

starting radix sort...[compute-611-1:05854] *** Process received signal ***
[compute-611-1:05854] Signal: Segmentation fault (11)
[compute-611-1:05854] Signal code: Address not mapped (1)
[compute-611-1:05854] Failing at address: 0xed2b418
[compute-611-1:05854] [ 0] /lib64/libpthread.so.0 [0x3fcdc0e4c0]
[compute-611-1:05854] [ 1] /lib64/libc.so.6(memcpy+0x15b) [0x3fcd07b59b]
[compute-611-1:05854] [ 2] /opt/openmpi/lib/libmpi.so.0(ompi_convertor_pack+0x12c) [0x2b84f272c96c]
[compute-611-1:05854] [ 3] /opt/openmpi/lib/libmpi.so.0 [0x2b84f275c46a]
[compute-611-1:05854] [ 4] /opt/openmpi/lib/libmpi.so.0 [0x2b84f27c786a]
[compute-611-1:05854] [ 5] /opt/openmpi/lib/libmpi.so.0 [0x2b84f27c19e8]
[compute-611-1:05854] [ 6] /opt/openmpi/lib/libmpi.so.0 [0x2b84f275da79]
[compute-611-1:05854] [ 7] /opt/openmpi/lib/libopen-pal.so.0(opal_progress+0x5a) [0x2b84f2d3e45a]
[compute-611-1:05854] [ 8] /opt/openmpi/lib/libmpi.so.0 [0x2b84f271f005]
[compute-611-1:05854] [ 9] /opt/openmpi/lib/libmpi.so.0 [0x2b84f2762067]
[compute-611-1:05854] [10] /opt/openmpi/lib/libmpi.so.0 [0x2b84f276b2fc]
[compute-611-1:05854] [11] /opt/openmpi/lib/libmpi.so.0(MPI_Barrier+0x7c) [0x2b84f273377c]
[compute-611-1:05854] [12] bin/radix.mpi(main+0x335) [0x40b695]
[compute-611-1:05854] [13] /lib64/libc.so.6(__libc_start_main+0xf4) [0x3fcd01d974]
[compute-611-1:05854] [14] bin/radix.mpi(__gxx_personality_v0+0x1a1) [0x409349]
[compute-611-1:05854] *** End of error message ***
--------------------------------------------------------------------------
mpirun noticed that process rank 2 with PID 5854 on node compute-611-1.local exited on signal 11 (Segmentation fault).
--------------------------------------------------------------------------
mask size = 2

starting radix sort...[compute-611-1:05859] *** Process received signal ***
[compute-611-1:05859] Signal: Segmentation fault (11)
[compute-611-1:05859] Signal code: Address not mapped (1)
[compute-611-1:05859] Failing at address: 0xfc66b98
[compute-611-1:05859] [ 0] /lib64/libpthread.so.0 [0x3fcdc0e4c0]
[compute-611-1:05859] [ 1] /lib64/libc.so.6(memcpy+0x15b) [0x3fcd07b59b]
[compute-611-1:05859] [ 2] /opt/openmpi/lib/libmpi.so.0(ompi_convertor_pack+0x12c) [0x2b157efa296c]
[compute-611-1:05859] [ 3] /opt/openmpi/lib/libmpi.so.0 [0x2b157efd246a]
[compute-611-1:05859] [ 4] /opt/openmpi/lib/libmpi.so.0 [0x2b157f03d86a]
[compute-611-1:05859] [ 5] /opt/openmpi/lib/libmpi.so.0 [0x2b157f0379e8]
[compute-611-1:05859] [ 6] /opt/openmpi/lib/libmpi.so.0 [0x2b157efd3a79]
[compute-611-1:05859] [ 7] /opt/openmpi/lib/libopen-pal.so.0(opal_progress+0x5a) [0x2b157f5b445a]
[compute-611-1:05859] [ 8] /opt/openmpi/lib/libmpi.so.0 [0x2b157ef95005]
[compute-611-1:05859] [ 9] /opt/openmpi/lib/libmpi.so.0 [0x2b157efd8067]
[compute-611-1:05859] [10] /opt/openmpi/lib/libmpi.so.0 [0x2b157efe12fc]
[compute-611-1:05859] [11] /opt/openmpi/lib/libmpi.so.0(MPI_Barrier+0x7c) [0x2b157efa977c]
[compute-611-1:05859] [12] bin/radix.mpi(main+0x335) [0x40b695]
[compute-611-1:05859] [13] /lib64/libc.so.6(__libc_start_main+0xf4) [0x3fcd01d974]
[compute-611-1:05859] [14] bin/radix.mpi(__gxx_personality_v0+0x1a1) [0x409349]
[compute-611-1:05859] *** End of error message ***
--------------------------------------------------------------------------
mpirun noticed that process rank 2 with PID 5859 on node compute-611-1.local exited on signal 11 (Segmentation fault).
--------------------------------------------------------------------------
mask size = 2

starting radix sort...[compute-611-1:05889] *** Process received signal ***
[compute-611-1:05889] Signal: Segmentation fault (11)
[compute-611-1:05889] Signal code: Address not mapped (1)
[compute-611-1:05889] Failing at address: 0x610eb28
[compute-611-1:05889] [ 0] /lib64/libpthread.so.0 [0x3fcdc0e4c0]
[compute-611-1:05889] [ 1] /lib64/libc.so.6(memcpy+0x15b) [0x3fcd07b59b]
[compute-611-1:05889] [ 2] /opt/openmpi/lib/libmpi.so.0(ompi_convertor_pack+0x12c) [0x2b4926dbc96c]
[compute-611-1:05889] [ 3] /opt/openmpi/lib/libmpi.so.0 [0x2b4926dec46a]
[compute-611-1:05889] [ 4] /opt/openmpi/lib/libmpi.so.0 [0x2b4926e5786a]
[compute-611-1:05889] [ 5] /opt/openmpi/lib/libmpi.so.0 [0x2b4926e519e8]
[compute-611-1:05889] [ 6] /opt/openmpi/lib/libmpi.so.0 [0x2b4926deda79]
[compute-611-1:05889] [ 7] /opt/openmpi/lib/libopen-pal.so.0(opal_progress+0x5a) [0x2b49273ce45a]
[compute-611-1:05889] [ 8] /opt/openmpi/lib/libmpi.so.0 [0x2b4926daf005]
[compute-611-1:05889] [ 9] /opt/openmpi/lib/libmpi.so.0 [0x2b4926df2067]
[compute-611-1:05889] [10] /opt/openmpi/lib/libmpi.so.0 [0x2b4926dfb2fc]
[compute-611-1:05889] [11] /opt/openmpi/lib/libmpi.so.0(MPI_Barrier+0x7c) [0x2b4926dc377c]
[compute-611-1:05889] [12] bin/radix.mpi(main+0x335) [0x40b695]
[compute-611-1:05889] [13] /lib64/libc.so.6(__libc_start_main+0xf4) [0x3fcd01d974]
[compute-611-1:05889] [14] bin/radix.mpi(__gxx_personality_v0+0x1a1) [0x409349]
[compute-611-1:05889] *** End of error message ***
--------------------------------------------------------------------------
mpirun noticed that process rank 3 with PID 5889 on node compute-611-1.local exited on signal 11 (Segmentation fault).
--------------------------------------------------------------------------
mask size = 2

starting radix sort...[compute-611-1:05894] *** Process received signal ***
[compute-611-1:05894] Signal: Segmentation fault (11)
[compute-611-1:05894] Signal code: Address not mapped (1)
[compute-611-1:05894] Failing at address: 0x14aa29d8
[compute-611-1:05894] [ 0] /lib64/libpthread.so.0 [0x3fcdc0e4c0]
[compute-611-1:05894] [ 1] /lib64/libc.so.6(memcpy+0x15b) [0x3fcd07b59b]
[compute-611-1:05894] [ 2] /opt/openmpi/lib/libmpi.so.0(ompi_convertor_pack+0x12c) [0x2aefb4c2796c]
[compute-611-1:05894] [ 3] /opt/openmpi/lib/libmpi.so.0 [0x2aefb4c5746a]
[compute-611-1:05894] [ 4] /opt/openmpi/lib/libmpi.so.0 [0x2aefb4cc286a]
[compute-611-1:05894] [ 5] /opt/openmpi/lib/libmpi.so.0 [0x2aefb4cbc9e8]
[compute-611-1:05894] [ 6] /opt/openmpi/lib/libmpi.so.0 [0x2aefb4c58a79]
[compute-611-1:05894] [ 7] /opt/openmpi/lib/libopen-pal.so.0(opal_progress+0x5a) [0x2aefb523945a]
[compute-611-1:05894] [ 8] /opt/openmpi/lib/libmpi.so.0 [0x2aefb4c1a005]
[compute-611-1:05894] [ 9] /opt/openmpi/lib/libmpi.so.0 [0x2aefb4c5d067]
[compute-611-1:05894] [10] /opt/openmpi/lib/libmpi.so.0 [0x2aefb4c662fc]
[compute-611-1:05894] [11] /opt/openmpi/lib/libmpi.so.0(MPI_Barrier+0x7c) [0x2aefb4c2e77c]
[compute-611-1:05894] [12] bin/radix.mpi(main+0x335) [0x40b695]
[compute-611-1:05894] [13] /lib64/libc.so.6(__libc_start_main+0xf4) [0x3fcd01d974]
[compute-611-1:05894] [14] bin/radix.mpi(__gxx_personality_v0+0x1a1) [0x409349]
[compute-611-1:05894] *** End of error message ***
--------------------------------------------------------------------------
mpirun noticed that process rank 3 with PID 5894 on node compute-611-1.local exited on signal 11 (Segmentation fault).
--------------------------------------------------------------------------
mask size = 2

starting radix sort...finished

CORRECT! Result is ordered
CORRECT! Result is ordered
CORRECT! Result is ordered
CORRECT! Result is ordered
CORRECT! Result is ordered
CORRECT! Result is ordered
CORRECT! Result is ordered
CORRECT! Result is ordered
mask size = 2

starting radix sort...finished

CORRECT! Result is ordered
CORRECT! Result is ordered
CORRECT! Result is ordered
CORRECT! Result is ordered
CORRECT! Result is ordered
CORRECT! Result is ordered
CORRECT! Result is ordered
CORRECT! Result is ordered
mask size = 2

starting radix sort...finished

CORRECT! Result is ordered
CORRECT! Result is ordered
CORRECT! Result is orderedCORRECT! Result is ordered
CORRECT! Result is ordered
CORRECT! Result is ordered
CORRECT! Result is ordered

CORRECT! Result is ordered
mask size = 2

starting radix sort...finished

CORRECT! Result is ordered
CORRECT! Result is ordered
CORRECT! Result is ordered
CORRECT! Result is ordered
CORRECT! Result is ordered
CORRECT! Result is ordered
CORRECT! Result is ordered
CORRECT! Result is ordered
mask size = 2

starting radix sort...finished

CORRECT! Result is ordered
CORRECT! Result is ordered
CORRECT! Result is ordered
CORRECT! Result is ordered
CORRECT! Result is ordered
CORRECT! Result is ordered
CORRECT! Result is ordered
CORRECT! Result is ordered
mask size = 2

starting radix sort...[compute-611-1:06051] *** Process received signal ***
[compute-611-1:06051] Signal: Segmentation fault (11)
[compute-611-1:06051] Signal code: Address not mapped (1)
[compute-611-1:06051] Failing at address: 0x2b550ebd5fc8
[compute-611-1:06051] [ 0] /lib64/libpthread.so.0 [0x3fcdc0e4c0]
[compute-611-1:06051] [ 1] /lib64/libc.so.6(memcpy+0x15b) [0x3fcd07b59b]
[compute-611-1:06051] [ 2] /opt/openmpi/lib/libmpi.so.0(ompi_convertor_pack+0x12c) [0x2b54fa93496c]
[compute-611-1:06051] [ 3] /opt/openmpi/lib/libmpi.so.0 [0x2b54fa96446a]
[compute-611-1:06051] [ 4] /opt/openmpi/lib/libmpi.so.0 [0x2b54fa9cf86a]
[compute-611-1:06051] [ 5] /opt/openmpi/lib/libmpi.so.0 [0x2b54fa9c99e8]
[compute-611-1:06051] [ 6] /opt/openmpi/lib/libmpi.so.0 [0x2b54fa965a79]
[compute-611-1:06051] [ 7] /opt/openmpi/lib/libopen-pal.so.0(opal_progress+0x5a) [0x2b54faf4645a]
[compute-611-1:06051] [ 8] /opt/openmpi/lib/libmpi.so.0 [0x2b54fa927005]
[compute-611-1:06051] [ 9] /opt/openmpi/lib/libmpi.so.0 [0x2b54fa96a067]
[compute-611-1:06051] [10] /opt/openmpi/lib/libmpi.so.0 [0x2b54fa9732fc]
[compute-611-1:06051] [11] /opt/openmpi/lib/libmpi.so.0(MPI_Barrier+0x7c) [0x2b54fa93b77c]
[compute-611-1:06051] [12] bin/radix.mpi(main+0x335) [0x40b695]
[compute-611-1:06051] [13] /lib64/libc.so.6(__libc_start_main+0xf4) [0x3fcd01d974]
[compute-611-1:06051] [14] bin/radix.mpi(__gxx_personality_v0+0x1a1) [0x409349]
[compute-611-1:06051] *** End of error message ***
--------------------------------------------------------------------------
mpirun noticed that process rank 2 with PID 6051 on node compute-611-1.local exited on signal 11 (Segmentation fault).
--------------------------------------------------------------------------
mask size = 2

starting radix sort...[compute-611-1:06106] *** Process received signal ***
[compute-611-1:06106] Signal: Segmentation fault (11)
[compute-611-1:06106] Signal code: Address not mapped (1)
[compute-611-1:06106] Failing at address: 0x2b4a1ca3bfc8
[compute-611-1:06106] [ 0] /lib64/libpthread.so.0 [0x3fcdc0e4c0]
[compute-611-1:06106] [ 1] /lib64/libc.so.6(memcpy+0x15b) [0x3fcd07b59b]
[compute-611-1:06106] [ 2] /opt/openmpi/lib/libmpi.so.0(ompi_convertor_pack+0x12c) [0x2b4a0879a96c]
[compute-611-1:06106] [ 3] /opt/openmpi/lib/libmpi.so.0 [0x2b4a087ca46a]
[compute-611-1:06106] [ 4] /opt/openmpi/lib/libmpi.so.0 [0x2b4a0883586a]
[compute-611-1:06106] [ 5] /opt/openmpi/lib/libmpi.so.0 [0x2b4a0882f9e8]
[compute-611-1:06106] [ 6] /opt/openmpi/lib/libmpi.so.0 [0x2b4a087cba79]
[compute-611-1:06106] [ 7] /opt/openmpi/lib/libopen-pal.so.0(opal_progress+0x5a) [0x2b4a08dac45a]
[compute-611-1:06106] [ 8] /opt/openmpi/lib/libmpi.so.0 [0x2b4a0878d005]
[compute-611-1:06106] [ 9] /opt/openmpi/lib/libmpi.so.0 [0x2b4a087d0067]
[compute-611-1:06106] [10] /opt/openmpi/lib/libmpi.so.0 [0x2b4a087d92fc]
[compute-611-1:06106] [11] /opt/openmpi/lib/libmpi.so.0(MPI_Barrier+0x7c) [0x2b4a087a177c]
[compute-611-1:06106] [12] bin/radix.mpi(main+0x335) [0x40b695]
[compute-611-1:06106] [13] /lib64/libc.so.6(__libc_start_main+0xf4) [0x3fcd01d974]
[compute-611-1:06106] [14] bin/radix.mpi(__gxx_personality_v0+0x1a1) [0x409349]
[compute-611-1:06106] *** End of error message ***
--------------------------------------------------------------------------
mpirun noticed that process rank 2 with PID 6106 on node compute-611-1.local exited on signal 11 (Segmentation fault).
--------------------------------------------------------------------------
mask size = 2

starting radix sort...[compute-611-1:06159] *** Process received signal ***
[compute-611-1:06159] Signal: Segmentation fault (11)
[compute-611-1:06159] Signal code: Address not mapped (1)
[compute-611-1:06159] Failing at address: 0x2b370d6cefc8
[compute-611-1:06159] [ 0] /lib64/libpthread.so.0 [0x3fcdc0e4c0]
[compute-611-1:06159] [ 1] /lib64/libc.so.6(memcpy+0x15b) [0x3fcd07b59b]
[compute-611-1:06159] [ 2] /opt/openmpi/lib/libmpi.so.0(ompi_convertor_pack+0x12c) [0x2b36f942d96c]
[compute-611-1:06159] [ 3] /opt/openmpi/lib/libmpi.so.0 [0x2b36f945d46a]
[compute-611-1:06159] [ 4] /opt/openmpi/lib/libmpi.so.0 [0x2b36f94c886a]
[compute-611-1:06159] [ 5] /opt/openmpi/lib/libmpi.so.0 [0x2b36f94c29e8]
[compute-611-1:06159] [ 6] /opt/openmpi/lib/libmpi.so.0 [0x2b36f945ea79]
[compute-611-1:06159] [ 7] /opt/openmpi/lib/libopen-pal.so.0(opal_progress+0x5a) [0x2b36f9a3f45a]
[compute-611-1:06159] [ 8] /opt/openmpi/lib/libmpi.so.0 [0x2b36f9420005]
[compute-611-1:06159] [ 9] /opt/openmpi/lib/libmpi.so.0 [0x2b36f9463067]
[compute-611-1:06159] [10] /opt/openmpi/lib/libmpi.so.0 [0x2b36f946c2fc]
[compute-611-1:06159] [11] /opt/openmpi/lib/libmpi.so.0(MPI_Barrier+0x7c) [0x2b36f943477c]
[compute-611-1:06159] [12] bin/radix.mpi(main+0x335) [0x40b695]
[compute-611-1:06159] [13] /lib64/libc.so.6(__libc_start_main+0xf4) [0x3fcd01d974]
[compute-611-1:06159] [14] bin/radix.mpi(__gxx_personality_v0+0x1a1) [0x409349]
[compute-611-1:06159] *** End of error message ***
--------------------------------------------------------------------------
mpirun noticed that process rank 2 with PID 6159 on node compute-611-1.local exited on signal 11 (Segmentation fault).
--------------------------------------------------------------------------
mask size = 2

starting radix sort...[compute-611-1:06212] *** Process received signal ***
[compute-611-1:06212] Signal: Segmentation fault (11)
[compute-611-1:06212] Signal code: Address not mapped (1)
[compute-611-1:06212] Failing at address: 0x2afb6016afc8
[compute-611-1:06212] [ 0] /lib64/libpthread.so.0 [0x3fcdc0e4c0]
[compute-611-1:06212] [ 1] /lib64/libc.so.6(memcpy+0x15b) [0x3fcd07b59b]
[compute-611-1:06212] [ 2] /opt/openmpi/lib/libmpi.so.0(ompi_convertor_pack+0x12c) [0x2afb4bec996c]
[compute-611-1:06212] [ 3] /opt/openmpi/lib/libmpi.so.0 [0x2afb4bef946a]
[compute-611-1:06212] [ 4] /opt/openmpi/lib/libmpi.so.0 [0x2afb4bf6486a]
[compute-611-1:06212] [ 5] /opt/openmpi/lib/libmpi.so.0 [0x2afb4bf5e9e8]
[compute-611-1:06212] [ 6] /opt/openmpi/lib/libmpi.so.0 [0x2afb4befaa79]
[compute-611-1:06212] [ 7] /opt/openmpi/lib/libopen-pal.so.0(opal_progress+0x5a) [0x2afb4c4db45a]
[compute-611-1:06212] [ 8] /opt/openmpi/lib/libmpi.so.0 [0x2afb4bebc005]
[compute-611-1:06212] [ 9] /opt/openmpi/lib/libmpi.so.0 [0x2afb4beff067]
[compute-611-1:06212] [10] /opt/openmpi/lib/libmpi.so.0 [0x2afb4bf082fc]
[compute-611-1:06212] [11] /opt/openmpi/lib/libmpi.so.0(MPI_Barrier+0x7c) [0x2afb4bed077c]
[compute-611-1:06212] [12] bin/radix.mpi(main+0x335) [0x40b695]
[compute-611-1:06212] [13] /lib64/libc.so.6(__libc_start_main+0xf4) [0x3fcd01d974]
[compute-611-1:06212] [14] bin/radix.mpi(__gxx_personality_v0+0x1a1) [0x409349]
[compute-611-1:06212] *** End of error message ***
--------------------------------------------------------------------------
mpirun noticed that process rank 2 with PID 6212 on node compute-611-1.local exited on signal 11 (Segmentation fault).
--------------------------------------------------------------------------
mask size = 2

starting radix sort...[compute-611-1:06266] *** Process received signal ***
[compute-611-1:06266] Signal: Segmentation fault (11)
[compute-611-1:06266] Signal code: Address not mapped (1)
[compute-611-1:06266] Failing at address: 0x2ac566b6bfc8
[compute-611-1:06266] [ 0] /lib64/libpthread.so.0 [0x3fcdc0e4c0]
[compute-611-1:06266] [ 1] /lib64/libc.so.6(memcpy+0x15b) [0x3fcd07b59b]
[compute-611-1:06266] [ 2] /opt/openmpi/lib/libmpi.so.0(ompi_convertor_pack+0x12c) [0x2ac5528ca96c]
[compute-611-1:06266] [ 3] /opt/openmpi/lib/libmpi.so.0 [0x2ac5528fa46a]
[compute-611-1:06266] [ 4] /opt/openmpi/lib/libmpi.so.0 [0x2ac55296586a]
[compute-611-1:06266] [ 5] /opt/openmpi/lib/libmpi.so.0 [0x2ac55295f9e8]
[compute-611-1:06266] [ 6] /opt/openmpi/lib/libmpi.so.0 [0x2ac5528fba79]
[compute-611-1:06266] [ 7] /opt/openmpi/lib/libopen-pal.so.0(opal_progress+0x5a) [0x2ac552edc45a]
[compute-611-1:06266] [ 8] /opt/openmpi/lib/libmpi.so.0 [0x2ac5528bd005]
[compute-611-1:06266] [ 9] /opt/openmpi/lib/libmpi.so.0 [0x2ac552900067]
[compute-611-1:06266] [10] /opt/openmpi/lib/libmpi.so.0 [0x2ac5529092fc]
[compute-611-1:06266] [11] /opt/openmpi/lib/libmpi.so.0(MPI_Barrier+0x7c) [0x2ac5528d177c]
[compute-611-1:06266] [12] bin/radix.mpi(main+0x335) [0x40b695]
[compute-611-1:06266] [13] /lib64/libc.so.6(__libc_start_main+0xf4) [0x3fcd01d974]
[compute-611-1:06266] [14] bin/radix.mpi(__gxx_personality_v0+0x1a1) [0x409349]
[compute-611-1:06266] *** End of error message ***
--------------------------------------------------------------------------
mpirun noticed that process rank 2 with PID 6266 on node compute-611-1.local exited on signal 11 (Segmentation fault).
--------------------------------------------------------------------------
mask size = 2

starting radix sort...finished

CORRECT! Result is ordered
CORRECT! Result is ordered
CORRECT! Result is ordered
CORRECT! Result is ordered
CORRECT! Result is ordered
CORRECT! Result is ordered
CORRECT! Result is ordered
CORRECT! Result is ordered
mask size = 2

starting radix sort...finished

CORRECT! Result is ordered
CORRECT! Result is ordered
CORRECT! Result is ordered
CORRECT! Result is ordered
CORRECT! Result is ordered
CORRECT! Result is ordered
CORRECT! Result is ordered
CORRECT! Result is ordered
mask size = 2

starting radix sort...finished

CORRECT! Result is ordered
CORRECT! Result is ordered
CORRECT! Result is ordered
CORRECT! Result is ordered
CORRECT! Result is ordered
CORRECT! Result is ordered
CORRECT! Result is ordered
CORRECT! Result is ordered
mask size = 2

starting radix sort...finished

CORRECT! Result is ordered
CORRECT! Result is ordered
CORRECT! Result is ordered
CORRECT! Result is ordered
CORRECT! Result is ordered
CORRECT! Result is ordered
CORRECT! Result is ordered
CORRECT! Result is ordered
mask size = 2

starting radix sort...finished

CORRECT! Result is ordered
CORRECT! Result is ordered
CORRECT! Result is ordered
CORRECT! Result is ordered
CORRECT! Result is ordered
CORRECT! Result is ordered
CORRECT! Result is ordered
CORRECT! Result is ordered
mask size = 4

starting radix sort...finished

CORRECT! Result is ordered
CORRECT! Result is ordered
CORRECT! Result is ordered
CORRECT! Result is ordered
mask size = 4

starting radix sort...CORRECT! Result is orderedCORRECT! Result is orderedfinished

CORRECT! Result is ordered


CORRECT! Result is ordered
mask size = 4

starting radix sort...finished

CORRECT! Result is ordered
CORRECT! Result is ordered
CORRECT! Result is ordered
CORRECT! Result is ordered
mask size = 4

starting radix sort...finished

CORRECT! Result is ordered
CORRECT! Result is ordered
CORRECT! Result is ordered
CORRECT! Result is ordered
mask size = 4

starting radix sort...finished

CORRECT! Result is ordered
CORRECT! Result is ordered
CORRECT! Result is ordered
CORRECT! Result is ordered
mask size = 4

starting radix sort...finished

CORRECT! Result is ordered
CORRECT! Result is ordered
CORRECT! Result is ordered
CORRECT! Result is ordered
CORRECT! Result is ordered
CORRECT! Result is ordered
CORRECT! Result is ordered
CORRECT! Result is ordered
mask size = 4

starting radix sort...CORRECT! Result is ordered
CORRECT! Result is ordered
CORRECT! Result is ordered
CORRECT! Result is ordered
CORRECT! Result is ordered
finished

CORRECT! Result is ordered
CORRECT! Result is ordered
CORRECT! Result is ordered
mask size = 4

starting radix sort...finished

CORRECT! Result is ordered
CORRECT! Result is ordered
CORRECT! Result is ordered
CORRECT! Result is ordered
CORRECT! Result is ordered
CORRECT! Result is ordered
CORRECT! Result is ordered
CORRECT! Result is ordered
mask size = 4

starting radix sort...CORRECT! Result is ordered
CORRECT! Result is ordered
CORRECT! Result is ordered
CORRECT! Result is ordered
finished

CORRECT! Result is ordered
CORRECT! Result is ordered
CORRECT! Result is ordered
CORRECT! Result is ordered
mask size = 4

starting radix sort...finished

CORRECT! Result is ordered
CORRECT! Result is ordered
CORRECT! Result is ordered
CORRECT! Result is ordered
CORRECT! Result is ordered
CORRECT! Result is ordered
CORRECT! Result is ordered
CORRECT! Result is ordered
mask size = 4

starting radix sort...finished

CORRECT! Result is ordered
CORRECT! Result is ordered
CORRECT! Result is ordered
CORRECT! Result is ordered
mask size = 4

starting radix sort...finished

CORRECT! Result is ordered
CORRECT! Result is ordered
CORRECT! Result is ordered
CORRECT! Result is ordered
mask size = 4

starting radix sort...finished

CORRECT! Result is ordered
CORRECT! Result is orderedCORRECT! Result is orderedCORRECT! Result is ordered


mask size = 4

starting radix sort...finished

CORRECT! Result is ordered
CORRECT! Result is ordered
CORRECT! Result is orderedCORRECT! Result is ordered

mask size = 4

starting radix sort...CORRECT! Result is orderedfinished

CORRECT! Result is ordered
CORRECT! Result is ordered
CORRECT! Result is ordered

mask size = 4

starting radix sort...finished

CORRECT! Result is ordered
CORRECT! Result is ordered
CORRECT! Result is ordered
CORRECT! Result is ordered
CORRECT! Result is ordered
CORRECT! Result is ordered
CORRECT! Result is ordered
CORRECT! Result is ordered
mask size = 4

starting radix sort...CORRECT! Result is ordered
finished

CORRECT! Result is ordered
CORRECT! Result is ordered
CORRECT! Result is ordered
CORRECT! Result is ordered
CORRECT! Result is ordered
CORRECT! Result is ordered
CORRECT! Result is ordered
mask size = 4

starting radix sort...CORRECT! Result is ordered
CORRECT! Result is ordered
finished

CORRECT! Result is ordered
CORRECT! Result is ordered
CORRECT! Result is ordered
CORRECT! Result is ordered
CORRECT! Result is ordered
CORRECT! Result is ordered
mask size = 4

starting radix sort...CORRECT! Result is ordered
CORRECT! Result is ordered
finished

CORRECT! Result is ordered
CORRECT! Result is ordered
CORRECT! Result is ordered
CORRECT! Result is ordered
CORRECT! Result is ordered
CORRECT! Result is ordered
mask size = 4

starting radix sort...finished

CORRECT! Result is ordered
CORRECT! Result is ordered
CORRECT! Result is ordered
CORRECT! Result is ordered
CORRECT! Result is ordered
CORRECT! Result is ordered
CORRECT! Result is ordered
CORRECT! Result is ordered
mask size = 4

starting radix sort...finished

CORRECT! Result is ordered
CORRECT! Result is ordered
CORRECT! Result is ordered
CORRECT! Result is ordered
mask size = 4

starting radix sort...finished

CORRECT! Result is ordered
CORRECT! Result is ordered
CORRECT! Result is ordered
CORRECT! Result is ordered
mask size = 4

starting radix sort...CORRECT! Result is ordered
CORRECT! Result is ordered
CORRECT! Result is ordered
finished

CORRECT! Result is ordered
mask size = 4

starting radix sort...finished

CORRECT! Result is ordered
CORRECT! Result is ordered
CORRECT! Result is ordered
CORRECT! Result is ordered
mask size = 4

starting radix sort...finished

CORRECT! Result is ordered
CORRECT! Result is ordered
CORRECT! Result is ordered
CORRECT! Result is ordered
mask size = 4

starting radix sort...finished

CORRECT! Result is ordered
CORRECT! Result is ordered
CORRECT! Result is ordered
CORRECT! Result is ordered
CORRECT! Result is ordered
CORRECT! Result is ordered
CORRECT! Result is ordered
CORRECT! Result is ordered
mask size = 4

starting radix sort...finished

CORRECT! Result is ordered
CORRECT! Result is ordered
CORRECT! Result is ordered
CORRECT! Result is ordered
CORRECT! Result is ordered
CORRECT! Result is ordered
CORRECT! Result is ordered
CORRECT! Result is ordered
mask size = 4

starting radix sort...CORRECT! Result is ordered
CORRECT! Result is ordered
CORRECT! Result is ordered
CORRECT! Result is ordered
CORRECT! Result is ordered
CORRECT! Result is ordered
CORRECT! Result is ordered
finished

CORRECT! Result is ordered
mask size = 4

starting radix sort...CORRECT! Result is ordered
CORRECT! Result is ordered
CORRECT! Result is ordered
CORRECT! Result is ordered
CORRECT! Result is ordered
CORRECT! Result is ordered
finished

CORRECT! Result is ordered
CORRECT! Result is ordered
mask size = 4

starting radix sort...finished

CORRECT! Result is ordered
CORRECT! Result is ordered
CORRECT! Result is ordered
CORRECT! Result is ordered
CORRECT! Result is ordered
CORRECT! Result is ordered
CORRECT! Result is ordered
CORRECT! Result is ordered
mask size = 4

starting radix sort...[compute-611-1:06878] *** Process received signal ***
[compute-611-1:06878] Signal: Segmentation fault (11)
[compute-611-1:06878] Signal code: Address not mapped (1)
[compute-611-1:06878] Failing at address: 0x11406fb8
[compute-611-1:06878] [ 0] /lib64/libpthread.so.0 [0x3fcdc0e4c0]
[compute-611-1:06878] [ 1] /lib64/libc.so.6(memcpy+0x15b) [0x3fcd07b59b]
[compute-611-1:06878] [ 2] /opt/openmpi/lib/libmpi.so.0(ompi_convertor_pack+0x12c) [0x2ad96b2e096c]
[compute-611-1:06878] [ 3] /opt/openmpi/lib/libmpi.so.0 [0x2ad96b31046a]
[compute-611-1:06878] [ 4] /opt/openmpi/lib/libmpi.so.0 [0x2ad96b37b86a]
[compute-611-1:06878] [ 5] /opt/openmpi/lib/libmpi.so.0 [0x2ad96b3759e8]
[compute-611-1:06878] [ 6] /opt/openmpi/lib/libmpi.so.0 [0x2ad96b311a79]
[compute-611-1:06878] [ 7] /opt/openmpi/lib/libopen-pal.so.0(opal_progress+0x5a) [0x2ad96b8f245a]
[compute-611-1:06878] [ 8] /opt/openmpi/lib/libmpi.so.0 [0x2ad96b2d3005]
[compute-611-1:06878] [ 9] /opt/openmpi/lib/libmpi.so.0 [0x2ad96b316067]
[compute-611-1:06878] [10] /opt/openmpi/lib/libmpi.so.0 [0x2ad96b31f2fc]
[compute-611-1:06878] [11] /opt/openmpi/lib/libmpi.so.0(MPI_Barrier+0x7c) [0x2ad96b2e777c]
[compute-611-1:06878] [12] bin/radix.mpi(main+0x335) [0x40b695]
[compute-611-1:06878] [13] /lib64/libc.so.6(__libc_start_main+0xf4) [0x3fcd01d974]
[compute-611-1:06878] [14] bin/radix.mpi(__gxx_personality_v0+0x1a1) [0x409349]
[compute-611-1:06878] *** End of error message ***
--------------------------------------------------------------------------
mpirun noticed that process rank 2 with PID 6878 on node compute-611-1.local exited on signal 11 (Segmentation fault).
--------------------------------------------------------------------------
mask size = 4

starting radix sort...[compute-611-1:06883] *** Process received signal ***
[compute-611-1:06883] Signal: Segmentation fault (11)
[compute-611-1:06883] Signal code: Address not mapped (1)
[compute-611-1:06883] Failing at address: 0xa4cdfc8
[compute-611-1:06883] [ 0] /lib64/libpthread.so.0 [0x3fcdc0e4c0]
[compute-611-1:06883] [ 1] /lib64/libc.so.6(memcpy+0x15b) [0x3fcd07b59b]
[compute-611-1:06883] [ 2] /opt/openmpi/lib/libmpi.so.0(ompi_convertor_pack+0x12c) [0x2afef2a2c96c]
[compute-611-1:06883] [ 3] /opt/openmpi/lib/libmpi.so.0 [0x2afef2a5c46a]
[compute-611-1:06883] [ 4] /opt/openmpi/lib/libmpi.so.0 [0x2afef2ac786a]
[compute-611-1:06883] [ 5] /opt/openmpi/lib/libmpi.so.0 [0x2afef2ac19e8]
[compute-611-1:06883] [ 6] /opt/openmpi/lib/libmpi.so.0 [0x2afef2a5da79]
[compute-611-1:06883] [ 7] /opt/openmpi/lib/libopen-pal.so.0(opal_progress+0x5a) [0x2afef303e45a]
[compute-611-1:06883] [ 8] /opt/openmpi/lib/libmpi.so.0 [0x2afef2a1f005]
[compute-611-1:06883] [ 9] /opt/openmpi/lib/libmpi.so.0 [0x2afef2a62067]
[compute-611-1:06883] [10] /opt/openmpi/lib/libmpi.so.0 [0x2afef2a6b2fc]
[compute-611-1:06883] [11] /opt/openmpi/lib/libmpi.so.0(MPI_Barrier+0x7c) [0x2afef2a3377c]
[compute-611-1:06883] [12] bin/radix.mpi(main+0x335) [0x40b695]
[compute-611-1:06883] [13] /lib64/libc.so.6(__libc_start_main+0xf4) [0x3fcd01d974]
[compute-611-1:06883] [14] bin/radix.mpi(__gxx_personality_v0+0x1a1) [0x409349]
[compute-611-1:06883] *** End of error message ***
--------------------------------------------------------------------------
mpirun noticed that process rank 2 with PID 6883 on node compute-611-1.local exited on signal 11 (Segmentation fault).
--------------------------------------------------------------------------
mask size = 4

starting radix sort...[compute-611-1:06913] *** Process received signal ***
[compute-611-1:06913] Signal: Segmentation fault (11)
[compute-611-1:06913] Signal code: Address not mapped (1)
[compute-611-1:06913] Failing at address: 0xd857bb8
[compute-611-1:06913] [ 0] /lib64/libpthread.so.0 [0x3fcdc0e4c0]
[compute-611-1:06913] [ 1] /lib64/libc.so.6(memcpy+0x15b) [0x3fcd07b59b]
[compute-611-1:06913] [ 2] /opt/openmpi/lib/libmpi.so.0(ompi_convertor_pack+0x12c) [0x2b16801cd96c]
[compute-611-1:06913] [ 3] /opt/openmpi/lib/libmpi.so.0 [0x2b16801fd46a]
[compute-611-1:06913] [ 4] /opt/openmpi/lib/libmpi.so.0 [0x2b168026886a]
[compute-611-1:06913] [ 5] /opt/openmpi/lib/libmpi.so.0 [0x2b16802629e8]
[compute-611-1:06913] [ 6] /opt/openmpi/lib/libmpi.so.0 [0x2b16801fea79]
[compute-611-1:06913] [ 7] /opt/openmpi/lib/libopen-pal.so.0(opal_progress+0x5a) [0x2b16807df45a]
[compute-611-1:06913] [ 8] /opt/openmpi/lib/libmpi.so.0 [0x2b16801c0005]
[compute-611-1:06913] [ 9] /opt/openmpi/lib/libmpi.so.0 [0x2b1680203067]
[compute-611-1:06913] [10] /opt/openmpi/lib/libmpi.so.0 [0x2b168020c2fc]
[compute-611-1:06913] [11] /opt/openmpi/lib/libmpi.so.0(MPI_Barrier+0x7c) [0x2b16801d477c]
[compute-611-1:06913] [12] bin/radix.mpi(main+0x335) [0x40b695]
[compute-611-1:06913] [13] /lib64/libc.so.6(__libc_start_main+0xf4) [0x3fcd01d974]
[compute-611-1:06913] [14] bin/radix.mpi(__gxx_personality_v0+0x1a1) [0x409349]
[compute-611-1:06913] *** End of error message ***
--------------------------------------------------------------------------
mpirun noticed that process rank 2 with PID 6913 on node compute-611-1.local exited on signal 11 (Segmentation fault).
--------------------------------------------------------------------------
mask size = 4

starting radix sort...[compute-611-1:06918] *** Process received signal ***
[compute-611-1:06918] Signal: Segmentation fault (11)
[compute-611-1:06918] Signal code: Address not mapped (1)
[compute-611-1:06918] Failing at address: 0x63b5f58
[compute-611-1:06918] [ 0] /lib64/libpthread.so.0 [0x3fcdc0e4c0]
[compute-611-1:06918] [ 1] /lib64/libc.so.6(memcpy+0x15b) [0x3fcd07b59b]
[compute-611-1:06918] [ 2] /opt/openmpi/lib/libmpi.so.0(ompi_convertor_pack+0x12c) [0x2b813422996c]
[compute-611-1:06918] [ 3] /opt/openmpi/lib/libmpi.so.0 [0x2b813425946a]
[compute-611-1:06918] [ 4] /opt/openmpi/lib/libmpi.so.0 [0x2b81342c486a]
[compute-611-1:06918] [ 5] /opt/openmpi/lib/libmpi.so.0 [0x2b81342be9e8]
[compute-611-1:06918] [ 6] /opt/openmpi/lib/libmpi.so.0 [0x2b813425aa79]
[compute-611-1:06918] [ 7] /opt/openmpi/lib/libopen-pal.so.0(opal_progress+0x5a) [0x2b813483b45a]
[compute-611-1:06918] [ 8] /opt/openmpi/lib/libmpi.so.0 [0x2b813421c005]
[compute-611-1:06918] [ 9] /opt/openmpi/lib/libmpi.so.0 [0x2b813425f067]
[compute-611-1:06918] [10] /opt/openmpi/lib/libmpi.so.0 [0x2b81342682fc]
[compute-611-1:06918] [11] /opt/openmpi/lib/libmpi.so.0(MPI_Barrier+0x7c) [0x2b813423077c]
[compute-611-1:06918] [12] bin/radix.mpi(main+0x335) [0x40b695]
[compute-611-1:06918] [13] /lib64/libc.so.6(__libc_start_main+0xf4) [0x3fcd01d974]
[compute-611-1:06918] [14] bin/radix.mpi(__gxx_personality_v0+0x1a1) [0x409349]
[compute-611-1:06918] *** End of error message ***
--------------------------------------------------------------------------
mpirun noticed that process rank 2 with PID 6918 on node compute-611-1.local exited on signal 11 (Segmentation fault).
--------------------------------------------------------------------------
mask size = 4

starting radix sort...[compute-611-1:06947] *** Process received signal ***
[compute-611-1:06947] Signal: Segmentation fault (11)
[compute-611-1:06947] Signal code: Address not mapped (1)
[compute-611-1:06947] Failing at address: 0x17226c68
[compute-611-1:06947] [ 0] /lib64/libpthread.so.0 [0x3fcdc0e4c0]
[compute-611-1:06947] [ 1] /lib64/libc.so.6(memcpy+0x15b) [0x3fcd07b59b]
[compute-611-1:06947] [ 2] /opt/openmpi/lib/libmpi.so.0(ompi_convertor_pack+0x12c) [0x2b8a0c90b96c]
[compute-611-1:06947] [ 3] /opt/openmpi/lib/libmpi.so.0 [0x2b8a0c93b46a]
[compute-611-1:06947] [ 4] /opt/openmpi/lib/libmpi.so.0 [0x2b8a0c9a686a]
[compute-611-1:06947] [ 5] /opt/openmpi/lib/libmpi.so.0 [0x2b8a0c9a09e8]
[compute-611-1:06947] [ 6] /opt/openmpi/lib/libmpi.so.0 [0x2b8a0c93ca79]
[compute-611-1:06947] [ 7] /opt/openmpi/lib/libopen-pal.so.0(opal_progress+0x5a) [0x2b8a0cf1d45a]
[compute-611-1:06947] [ 8] /opt/openmpi/lib/libmpi.so.0 [0x2b8a0c8fe005]
[compute-611-1:06947] [ 9] /opt/openmpi/lib/libmpi.so.0 [0x2b8a0c941067]
[compute-611-1:06947] [10] /opt/openmpi/lib/libmpi.so.0 [0x2b8a0c94a2fc]
[compute-611-1:06947] [11] /opt/openmpi/lib/libmpi.so.0(MPI_Barrier+0x7c) [0x2b8a0c91277c]
[compute-611-1:06947] [12] bin/radix.mpi(main+0x335) [0x40b695]
[compute-611-1:06947] [13] /lib64/libc.so.6(__libc_start_main+0xf4) [0x3fcd01d974]
[compute-611-1:06947] [14] bin/radix.mpi(__gxx_personality_v0+0x1a1) [0x409349]
[compute-611-1:06947] *** End of error message ***
--------------------------------------------------------------------------
mpirun noticed that process rank 2 with PID 6947 on node compute-611-1.local exited on signal 11 (Segmentation fault).
--------------------------------------------------------------------------
mask size = 4

starting radix sort...[compute-611-1:06958] *** Process received signal ***
[compute-611-1:06958] Signal: Segmentation fault (11)
[compute-611-1:06958] Signal code: Address not mapped (1)
[compute-611-1:06958] Failing at address: 0x20450968
[compute-611-1:06958] [ 0] /lib64/libpthread.so.0 [0x3fcdc0e4c0]
[compute-611-1:06958] [ 1] /lib64/libc.so.6(memcpy+0x15b) [0x3fcd07b59b]
[compute-611-1:06958] [ 2] /opt/openmpi/lib/libmpi.so.0(ompi_convertor_pack+0x12c) [0x2b023b00696c]
[compute-611-1:06958] [ 3] /opt/openmpi/lib/libmpi.so.0 [0x2b023b03646a]
[compute-611-1:06958] [ 4] /opt/openmpi/lib/libmpi.so.0 [0x2b023b0a186a]
[compute-611-1:06958] [ 5] /opt/openmpi/lib/libmpi.so.0 [0x2b023b09b9e8]
[compute-611-1:06958] [ 6] /opt/openmpi/lib/libmpi.so.0 [0x2b023b037a79]
[compute-611-1:06958] [ 7] /opt/openmpi/lib/libopen-pal.so.0(opal_progress+0x5a) [0x2b023b61845a]
[compute-611-1:06958] [ 8] /opt/openmpi/lib/libmpi.so.0 [0x2b023aff9005]
[compute-611-1:06958] [ 9] /opt/openmpi/lib/libmpi.so.0 [0x2b023b03c067]
[compute-611-1:06958] [10] /opt/openmpi/lib/libmpi.so.0 [0x2b023b0452fc]
[compute-611-1:06958] [11] /opt/openmpi/lib/libmpi.so.0(MPI_Barrier+0x7c) [0x2b023b00d77c]
[compute-611-1:06958] [12] bin/radix.mpi(main+0x335) [0x40b695]
[compute-611-1:06958] [13] /lib64/libc.so.6(__libc_start_main+0xf4) [0x3fcd01d974]
[compute-611-1:06958] [14] bin/radix.mpi(__gxx_personality_v0+0x1a1) [0x409349]
[compute-611-1:06958] *** End of error message ***
--------------------------------------------------------------------------
mpirun noticed that process rank 4 with PID 6958 on node compute-611-1.local exited on signal 11 (Segmentation fault).
--------------------------------------------------------------------------
mask size = 4

starting radix sort...[compute-611-1:07001] *** Process received signal ***
[compute-611-1:07001] Signal: Segmentation fault (11)
[compute-611-1:07001] Signal code: Address not mapped (1)
[compute-611-1:07001] Failing at address: 0x1c4771f8
[compute-611-1:07001] [ 0] /lib64/libpthread.so.0 [0x3fcdc0e4c0]
[compute-611-1:07001] [ 1] /lib64/libc.so.6(memcpy+0x15b) [0x3fcd07b59b]
[compute-611-1:07001] [ 2] /opt/openmpi/lib/libmpi.so.0(ompi_convertor_pack+0x12c) [0x2b28b851c96c]
[compute-611-1:07001] [ 3] /opt/openmpi/lib/libmpi.so.0 [0x2b28b854c46a]
[compute-611-1:07001] [ 4] /opt/openmpi/lib/libmpi.so.0 [0x2b28b85b786a]
[compute-611-1:07001] [ 5] /opt/openmpi/lib/libmpi.so.0 [0x2b28b85b19e8]
[compute-611-1:07001] [ 6] /opt/openmpi/lib/libmpi.so.0 [0x2b28b854da79]
[compute-611-1:07001] [ 7] /opt/openmpi/lib/libopen-pal.so.0(opal_progress+0x5a) [0x2b28b8b2e45a]
[compute-611-1:07001] [ 8] /opt/openmpi/lib/libmpi.so.0 [0x2b28b850f005]
[compute-611-1:07001] [ 9] /opt/openmpi/lib/libmpi.so.0 [0x2b28b8552067]
[compute-611-1:07001] [10] /opt/openmpi/lib/libmpi.so.0 [0x2b28b855b2fc]
[compute-611-1:07001] [11] /opt/openmpi/lib/libmpi.so.0(MPI_Barrier+0x7c) [0x2b28b852377c]
[compute-611-1:07001] [12] bin/radix.mpi(main+0x335) [0x40b695]
[compute-611-1:07001] [13] /lib64/libc.so.6(__libc_start_main+0xf4) [0x3fcd01d974]
[compute-611-1:07001] [14] bin/radix.mpi(__gxx_personality_v0+0x1a1) [0x409349]
[compute-611-1:07001] *** End of error message ***
--------------------------------------------------------------------------
mpirun noticed that process rank 4 with PID 7001 on node compute-611-1.local exited on signal 11 (Segmentation fault).
--------------------------------------------------------------------------
mask size = 4

starting radix sort...[compute-611-1:07010] *** Process received signal ***
[compute-611-1:07010] Signal: Segmentation fault (11)
[compute-611-1:07010] Signal code: Address not mapped (1)
[compute-611-1:07010] Failing at address: 0xc6afba8
[compute-611-1:07010] [ 0] /lib64/libpthread.so.0 [0x3fcdc0e4c0]
[compute-611-1:07010] [ 1] /lib64/libc.so.6(memcpy+0x15b) [0x3fcd07b59b]
[compute-611-1:07010] [ 2] /opt/openmpi/lib/libmpi.so.0(ompi_convertor_pack+0x12c) [0x2aad1028b96c]
[compute-611-1:07010] [ 3] /opt/openmpi/lib/libmpi.so.0 [0x2aad102bb46a]
[compute-611-1:07010] [ 4] /opt/openmpi/lib/libmpi.so.0 [0x2aad1032686a]
[compute-611-1:07010] [ 5] /opt/openmpi/lib/libmpi.so.0 [0x2aad103209e8]
[compute-611-1:07010] [ 6] /opt/openmpi/lib/libmpi.so.0 [0x2aad102bca79]
[compute-611-1:07010] [ 7] /opt/openmpi/lib/libopen-pal.so.0(opal_progress+0x5a) [0x2aad1089d45a]
[compute-611-1:07010] [ 8] /opt/openmpi/lib/libmpi.so.0 [0x2aad1027e005]
[compute-611-1:07010] [ 9] /opt/openmpi/lib/libmpi.so.0 [0x2aad102c1067]
[compute-611-1:07010] [10] /opt/openmpi/lib/libmpi.so.0 [0x2aad102ca2fc]
[compute-611-1:07010] [11] /opt/openmpi/lib/libmpi.so.0(MPI_Barrier+0x7c) [0x2aad1029277c]
[compute-611-1:07010] [12] bin/radix.mpi(main+0x335) [0x40b695]
[compute-611-1:07010] [13] /lib64/libc.so.6(__libc_start_main+0xf4) [0x3fcd01d974]
[compute-611-1:07010] [14] bin/radix.mpi(__gxx_personality_v0+0x1a1) [0x409349]
[compute-611-1:07010] *** End of error message ***
--------------------------------------------------------------------------
mpirun noticed that process rank 4 with PID 7010 on node compute-611-1.local exited on signal 11 (Segmentation fault).
--------------------------------------------------------------------------
mask size = 4

starting radix sort...[compute-611-1:07043] *** Process received signal ***
[compute-611-1:07043] Signal: Segmentation fault (11)
[compute-611-1:07043] Signal code: Address not mapped (1)
[compute-611-1:07043] Failing at address: 0x1f9e8f98
[compute-611-1:07043] [ 0] /lib64/libpthread.so.0 [0x3fcdc0e4c0]
[compute-611-1:07043] [ 1] /lib64/libc.so.6(memcpy+0x15b) [0x3fcd07b59b]
[compute-611-1:07043] [ 2] /opt/openmpi/lib/libmpi.so.0(ompi_convertor_pack+0x12c) [0x2ae8195dd96c]
[compute-611-1:07043] [ 3] /opt/openmpi/lib/libmpi.so.0 [0x2ae81960d46a]
[compute-611-1:07043] [ 4] /opt/openmpi/lib/libmpi.so.0 [0x2ae81967886a]
[compute-611-1:07043] [ 5] /opt/openmpi/lib/libmpi.so.0 [0x2ae8196729e8]
[compute-611-1:07043] [ 6] /opt/openmpi/lib/libmpi.so.0 [0x2ae81960ea79]
[compute-611-1:07043] [ 7] /opt/openmpi/lib/libopen-pal.so.0(opal_progress+0x5a) [0x2ae819bef45a]
[compute-611-1:07043] [ 8] /opt/openmpi/lib/libmpi.so.0 [0x2ae8195d0005]
[compute-611-1:07043] [ 9] /opt/openmpi/lib/libmpi.so.0 [0x2ae819613067]
[compute-611-1:07043] [10] /opt/openmpi/lib/libmpi.so.0 [0x2ae81961c2fc]
[compute-611-1:07043] [11] /opt/openmpi/lib/libmpi.so.0(MPI_Barrier+0x7c) [0x2ae8195e477c]
[compute-611-1:07043] [12] bin/radix.mpi(main+0x335) [0x40b695]
[compute-611-1:07043] [13] /lib64/libc.so.6(__libc_start_main+0xf4) [0x3fcd01d974]
[compute-611-1:07043] [14] bin/radix.mpi(__gxx_personality_v0+0x1a1) [0x409349]
[compute-611-1:07043] *** End of error message ***
--------------------------------------------------------------------------
mpirun noticed that process rank 4 with PID 7043 on node compute-611-1.local exited on signal 11 (Segmentation fault).
--------------------------------------------------------------------------
mask size = 4

starting radix sort...[compute-611-1:07078] *** Process received signal ***
[compute-611-1:07078] Signal: Segmentation fault (11)
[compute-611-1:07078] Signal code: Address not mapped (1)
[compute-611-1:07078] Failing at address: 0x1e4a1e38
[compute-611-1:07078] [ 0] /lib64/libpthread.so.0 [0x3fcdc0e4c0]
[compute-611-1:07078] [ 1] /lib64/libc.so.6(memcpy+0x15b) [0x3fcd07b59b]
[compute-611-1:07078] [ 2] /opt/openmpi/lib/libmpi.so.0(ompi_convertor_pack+0x12c) [0x2abe75d5d96c]
[compute-611-1:07078] [ 3] /opt/openmpi/lib/libmpi.so.0 [0x2abe75d8d46a]
[compute-611-1:07078] [ 4] /opt/openmpi/lib/libmpi.so.0 [0x2abe75df886a]
[compute-611-1:07078] [ 5] /opt/openmpi/lib/libmpi.so.0 [0x2abe75df29e8]
[compute-611-1:07078] [ 6] /opt/openmpi/lib/libmpi.so.0 [0x2abe75d8ea79]
[compute-611-1:07078] [ 7] /opt/openmpi/lib/libopen-pal.so.0(opal_progress+0x5a) [0x2abe7636f45a]
[compute-611-1:07078] [ 8] /opt/openmpi/lib/libmpi.so.0 [0x2abe75d50005]
[compute-611-1:07078] [ 9] /opt/openmpi/lib/libmpi.so.0 [0x2abe75d93067]
[compute-611-1:07078] [10] /opt/openmpi/lib/libmpi.so.0 [0x2abe75d9c2fc]
[compute-611-1:07078] [11] /opt/openmpi/lib/libmpi.so.0(MPI_Barrier+0x7c) [0x2abe75d6477c]
[compute-611-1:07078] [12] bin/radix.mpi(main+0x335) [0x40b695]
[compute-611-1:07078] [13] /lib64/libc.so.6(__libc_start_main+0xf4) [0x3fcd01d974]
[compute-611-1:07078] [14] bin/radix.mpi(__gxx_personality_v0+0x1a1) [0x409349]
[compute-611-1:07078] *** End of error message ***
--------------------------------------------------------------------------
mpirun noticed that process rank 6 with PID 7078 on node compute-611-1.local exited on signal 11 (Segmentation fault).
--------------------------------------------------------------------------
mask size = 4

starting radix sort...[compute-611-1:07087] *** Process received signal ***
[compute-611-1:07087] Signal: Segmentation fault (11)
[compute-611-1:07087] Signal code: Address not mapped (1)
[compute-611-1:07087] Failing at address: 0x2af61f63dfc8
[compute-611-1:07087] [ 0] /lib64/libpthread.so.0 [0x3fcdc0e4c0]
[compute-611-1:07087] [ 1] /lib64/libc.so.6(memcpy+0x15b) [0x3fcd07b59b]
[compute-611-1:07087] [ 2] /opt/openmpi/lib/libmpi.so.0(ompi_convertor_pack+0x12c) [0x2af60b39c96c]
[compute-611-1:07087] [ 3] /opt/openmpi/lib/libmpi.so.0 [0x2af60b3cc46a]
[compute-611-1:07087] [ 4] /opt/openmpi/lib/libmpi.so.0 [0x2af60b43786a]
[compute-611-1:07087] [ 5] /opt/openmpi/lib/libmpi.so.0 [0x2af60b4319e8]
[compute-611-1:07087] [ 6] /opt/openmpi/lib/libmpi.so.0 [0x2af60b3cda79]
[compute-611-1:07087] [ 7] /opt/openmpi/lib/libopen-pal.so.0(opal_progress+0x5a) [0x2af60b9ae45a]
[compute-611-1:07087] [ 8] /opt/openmpi/lib/libmpi.so.0 [0x2af60b38f005]
[compute-611-1:07087] [ 9] /opt/openmpi/lib/libmpi.so.0 [0x2af60b3d2067]
[compute-611-1:07087] [10] /opt/openmpi/lib/libmpi.so.0 [0x2af60b3db2fc]
[compute-611-1:07087] [11] /opt/openmpi/lib/libmpi.so.0(MPI_Barrier+0x7c) [0x2af60b3a377c]
[compute-611-1:07087] [12] bin/radix.mpi(main+0x335) [0x40b695]
[compute-611-1:07087] [13] /lib64/libc.so.6(__libc_start_main+0xf4) [0x3fcd01d974]
[compute-611-1:07087] [14] bin/radix.mpi(__gxx_personality_v0+0x1a1) [0x409349]
[compute-611-1:07087] *** End of error message ***
--------------------------------------------------------------------------
mpirun noticed that process rank 2 with PID 7087 on node compute-611-1.local exited on signal 11 (Segmentation fault).
--------------------------------------------------------------------------
mask size = 4

starting radix sort...[compute-611-1:07141] *** Process received signal ***
[compute-611-1:07141] Signal: Segmentation fault (11)
[compute-611-1:07141] Signal code: Address not mapped (1)
[compute-611-1:07141] Failing at address: 0x2ac787ed7fc8
[compute-611-1:07141] [ 0] /lib64/libpthread.so.0 [0x3fcdc0e4c0]
[compute-611-1:07141] [ 1] /lib64/libc.so.6(memcpy+0x15b) [0x3fcd07b59b]
[compute-611-1:07141] [ 2] /opt/openmpi/lib/libmpi.so.0(ompi_convertor_pack+0x12c) [0x2ac773c3696c]
[compute-611-1:07141] [ 3] /opt/openmpi/lib/libmpi.so.0 [0x2ac773c6646a]
[compute-611-1:07141] [ 4] /opt/openmpi/lib/libmpi.so.0 [0x2ac773cd186a]
[compute-611-1:07141] [ 5] /opt/openmpi/lib/libmpi.so.0 [0x2ac773ccb9e8]
[compute-611-1:07141] [ 6] /opt/openmpi/lib/libmpi.so.0 [0x2ac773c67a79]
[compute-611-1:07141] [ 7] /opt/openmpi/lib/libopen-pal.so.0(opal_progress+0x5a) [0x2ac77424845a]
[compute-611-1:07141] [ 8] /opt/openmpi/lib/libmpi.so.0 [0x2ac773c29005]
[compute-611-1:07141] [ 9] /opt/openmpi/lib/libmpi.so.0 [0x2ac773c6c067]
[compute-611-1:07141] [10] /opt/openmpi/lib/libmpi.so.0 [0x2ac773c752fc]
[compute-611-1:07141] [11] /opt/openmpi/lib/libmpi.so.0(MPI_Barrier+0x7c) [0x2ac773c3d77c]
[compute-611-1:07141] [12] bin/radix.mpi(main+0x335) [0x40b695]
[compute-611-1:07141] [13] /lib64/libc.so.6(__libc_start_main+0xf4) [0x3fcd01d974]
[compute-611-1:07141] [14] bin/radix.mpi(__gxx_personality_v0+0x1a1) [0x409349]
[compute-611-1:07141] *** End of error message ***
--------------------------------------------------------------------------
mpirun noticed that process rank 2 with PID 7141 on node compute-611-1.local exited on signal 11 (Segmentation fault).
--------------------------------------------------------------------------
mask size = 4

starting radix sort...[compute-611-1:07194] *** Process received signal ***
[compute-611-1:07194] Signal: Segmentation fault (11)
[compute-611-1:07194] Signal code: Address not mapped (1)
[compute-611-1:07194] Failing at address: 0x2b9b00190fc8
[compute-611-1:07194] [ 0] /lib64/libpthread.so.0 [0x3fcdc0e4c0]
[compute-611-1:07194] [ 1] /lib64/libc.so.6(memcpy+0x15b) [0x3fcd07b59b]
[compute-611-1:07194] [ 2] /opt/openmpi/lib/libmpi.so.0(ompi_convertor_pack+0x12c) [0x2b9aebeef96c]
[compute-611-1:07194] [ 3] /opt/openmpi/lib/libmpi.so.0 [0x2b9aebf1f46a]
[compute-611-1:07194] [ 4] /opt/openmpi/lib/libmpi.so.0 [0x2b9aebf8a86a]
[compute-611-1:07194] [ 5] /opt/openmpi/lib/libmpi.so.0 [0x2b9aebf849e8]
[compute-611-1:07194] [ 6] /opt/openmpi/lib/libmpi.so.0 [0x2b9aebf20a79]
[compute-611-1:07194] [ 7] /opt/openmpi/lib/libopen-pal.so.0(opal_progress+0x5a) [0x2b9aec50145a]
[compute-611-1:07194] [ 8] /opt/openmpi/lib/libmpi.so.0 [0x2b9aebee2005]
[compute-611-1:07194] [ 9] /opt/openmpi/lib/libmpi.so.0 [0x2b9aebf25067]
[compute-611-1:07194] [10] /opt/openmpi/lib/libmpi.so.0 [0x2b9aebf2e2fc]
[compute-611-1:07194] [11] /opt/openmpi/lib/libmpi.so.0(MPI_Barrier+0x7c) [0x2b9aebef677c]
[compute-611-1:07194] [12] bin/radix.mpi(main+0x335) [0x40b695]
[compute-611-1:07194] [13] /lib64/libc.so.6(__libc_start_main+0xf4) [0x3fcd01d974]
[compute-611-1:07194] [14] bin/radix.mpi(__gxx_personality_v0+0x1a1) [0x409349]
[compute-611-1:07194] *** End of error message ***
--------------------------------------------------------------------------
mpirun noticed that process rank 2 with PID 7194 on node compute-611-1.local exited on signal 11 (Segmentation fault).
--------------------------------------------------------------------------
mask size = 4

starting radix sort...[compute-611-1:07248] *** Process received signal ***
[compute-611-1:07248] Signal: Segmentation fault (11)
[compute-611-1:07248] Signal code: Address not mapped (1)
[compute-611-1:07248] Failing at address: 0x2b4b737c7fc8
[compute-611-1:07248] [ 0] /lib64/libpthread.so.0 [0x3fcdc0e4c0]
[compute-611-1:07248] [ 1] /lib64/libc.so.6(memcpy+0x15b) [0x3fcd07b59b]
[compute-611-1:07248] [ 2] /opt/openmpi/lib/libmpi.so.0(ompi_convertor_pack+0x12c) [0x2b4b5f52696c]
[compute-611-1:07248] [ 3] /opt/openmpi/lib/libmpi.so.0 [0x2b4b5f55646a]
[compute-611-1:07248] [ 4] /opt/openmpi/lib/libmpi.so.0 [0x2b4b5f5c186a]
[compute-611-1:07248] [ 5] /opt/openmpi/lib/libmpi.so.0 [0x2b4b5f5bb9e8]
[compute-611-1:07248] [ 6] /opt/openmpi/lib/libmpi.so.0 [0x2b4b5f557a79]
[compute-611-1:07248] [ 7] /opt/openmpi/lib/libopen-pal.so.0(opal_progress+0x5a) [0x2b4b5fb3845a]
[compute-611-1:07248] [ 8] /opt/openmpi/lib/libmpi.so.0 [0x2b4b5f519005]
[compute-611-1:07248] [ 9] /opt/openmpi/lib/libmpi.so.0 [0x2b4b5f55c067]
[compute-611-1:07248] [10] /opt/openmpi/lib/libmpi.so.0 [0x2b4b5f5652fc]
[compute-611-1:07248] [11] /opt/openmpi/lib/libmpi.so.0(MPI_Barrier+0x7c) [0x2b4b5f52d77c]
[compute-611-1:07248] [12] bin/radix.mpi(main+0x335) [0x40b695]
[compute-611-1:07248] [13] /lib64/libc.so.6(__libc_start_main+0xf4) [0x3fcd01d974]
[compute-611-1:07248] [14] bin/radix.mpi(__gxx_personality_v0+0x1a1) [0x409349]
[compute-611-1:07248] *** End of error message ***
--------------------------------------------------------------------------
mpirun noticed that process rank 2 with PID 7248 on node compute-611-1.local exited on signal 11 (Segmentation fault).
--------------------------------------------------------------------------
mask size = 4

starting radix sort...[compute-611-1:07301] *** Process received signal ***
[compute-611-1:07301] Signal: Segmentation fault (11)
[compute-611-1:07301] Signal code: Address not mapped (1)
[compute-611-1:07301] Failing at address: 0x2b127b4b2fc8
[compute-611-1:07301] [ 0] /lib64/libpthread.so.0 [0x3fcdc0e4c0]
[compute-611-1:07301] [ 1] /lib64/libc.so.6(memcpy+0x15b) [0x3fcd07b59b]
[compute-611-1:07301] [ 2] /opt/openmpi/lib/libmpi.so.0(ompi_convertor_pack+0x12c) [0x2b126721196c]
[compute-611-1:07301] [ 3] /opt/openmpi/lib/libmpi.so.0 [0x2b126724146a]
[compute-611-1:07301] [ 4] /opt/openmpi/lib/libmpi.so.0 [0x2b12672ac86a]
[compute-611-1:07301] [ 5] /opt/openmpi/lib/libmpi.so.0 [0x2b12672a69e8]
[compute-611-1:07301] [ 6] /opt/openmpi/lib/libmpi.so.0 [0x2b1267242a79]
[compute-611-1:07301] [ 7] /opt/openmpi/lib/libopen-pal.so.0(opal_progress+0x5a) [0x2b126782345a]
[compute-611-1:07301] [ 8] /opt/openmpi/lib/libmpi.so.0 [0x2b1267204005]
[compute-611-1:07301] [ 9] /opt/openmpi/lib/libmpi.so.0 [0x2b1267247067]
[compute-611-1:07301] [10] /opt/openmpi/lib/libmpi.so.0 [0x2b12672502fc]
[compute-611-1:07301] [11] /opt/openmpi/lib/libmpi.so.0(MPI_Barrier+0x7c) [0x2b126721877c]
[compute-611-1:07301] [12] bin/radix.mpi(main+0x335) [0x40b695]
[compute-611-1:07301] [13] /lib64/libc.so.6(__libc_start_main+0xf4) [0x3fcd01d974]
[compute-611-1:07301] [14] bin/radix.mpi(__gxx_personality_v0+0x1a1) [0x409349]
[compute-611-1:07301] *** End of error message ***
--------------------------------------------------------------------------
mpirun noticed that process rank 2 with PID 7301 on node compute-611-1.local exited on signal 11 (Segmentation fault).
--------------------------------------------------------------------------
mask size = 4

starting radix sort...[compute-611-1:07360] *** Process received signal ***
[compute-611-1:07360] Signal: Segmentation fault (11)
[compute-611-1:07360] Signal code: Address not mapped (1)
[compute-611-1:07360] Failing at address: 0x2baa552cafc8
[compute-611-1:07360] [ 0] /lib64/libpthread.so.0 [0x3fcdc0e4c0]
[compute-611-1:07360] [ 1] /lib64/libc.so.6(memcpy+0x15b) [0x3fcd07b59b]
[compute-611-1:07360] [ 2] /opt/openmpi/lib/libmpi.so.0(ompi_convertor_pack+0x12c) [0x2baa4902a96c]
[compute-611-1:07360] [ 3] /opt/openmpi/lib/libmpi.so.0 [0x2baa4905a46a]
[compute-611-1:07360] [ 4] /opt/openmpi/lib/libmpi.so.0 [0x2baa490c586a]
[compute-611-1:07360] [ 5] /opt/openmpi/lib/libmpi.so.0 [0x2baa490bf9e8]
[compute-611-1:07360] [ 6] /opt/openmpi/lib/libmpi.so.0 [0x2baa4905ba79]
[compute-611-1:07360] [ 7] /opt/openmpi/lib/libopen-pal.so.0(opal_progress+0x5a) [0x2baa4963c45a]
[compute-611-1:07360] [ 8] /opt/openmpi/lib/libmpi.so.0 [0x2baa4901d005]
[compute-611-1:07360] [ 9] /opt/openmpi/lib/libmpi.so.0 [0x2baa49060067]
[compute-611-1:07360] [10] /opt/openmpi/lib/libmpi.so.0 [0x2baa490692fc]
[compute-611-1:07360] [11] /opt/openmpi/lib/libmpi.so.0(MPI_Barrier+0x7c) [0x2baa4903177c]
[compute-611-1:07360] [12] bin/radix.mpi(main+0x335) [0x40b695]
[compute-611-1:07360] [13] /lib64/libc.so.6(__libc_start_main+0xf4) [0x3fcd01d974]
[compute-611-1:07360] [14] bin/radix.mpi(__gxx_personality_v0+0x1a1) [0x409349]
[compute-611-1:07360] *** End of error message ***
--------------------------------------------------------------------------
mpirun noticed that process rank 4 with PID 7360 on node compute-611-1.local exited on signal 11 (Segmentation fault).
--------------------------------------------------------------------------
mask size = 4

starting radix sort...[compute-611-1:07418] *** Process received signal ***
[compute-611-1:07418] Signal: Segmentation fault (11)
[compute-611-1:07418] Signal code: Address not mapped (1)
[compute-611-1:07418] Failing at address: 0x2b3492805fc8
[compute-611-1:07418] [ 0] /lib64/libpthread.so.0 [0x3fcdc0e4c0]
[compute-611-1:07418] [ 1] /lib64/libc.so.6(memcpy+0x15b) [0x3fcd07b59b]
[compute-611-1:07418] [ 2] /opt/openmpi/lib/libmpi.so.0(ompi_convertor_pack+0x12c) [0x2b348656596c]
[compute-611-1:07418] [ 3] /opt/openmpi/lib/libmpi.so.0 [0x2b348659546a]
[compute-611-1:07418] [ 4] /opt/openmpi/lib/libmpi.so.0 [0x2b348660086a]
[compute-611-1:07418] [ 5] /opt/openmpi/lib/libmpi.so.0 [0x2b34865fa9e8]
[compute-611-1:07418] [ 6] /opt/openmpi/lib/libmpi.so.0 [0x2b3486596a79]
[compute-611-1:07418] [ 7] /opt/openmpi/lib/libopen-pal.so.0(opal_progress+0x5a) [0x2b3486b7745a]
[compute-611-1:07418] [ 8] /opt/openmpi/lib/libmpi.so.0 [0x2b3486558005]
[compute-611-1:07418] [ 9] /opt/openmpi/lib/libmpi.so.0 [0x2b348659b067]
[compute-611-1:07418] [10] /opt/openmpi/lib/libmpi.so.0 [0x2b34865a42fc]
[compute-611-1:07418] [11] /opt/openmpi/lib/libmpi.so.0(MPI_Barrier+0x7c) [0x2b348656c77c]
[compute-611-1:07418] [12] bin/radix.mpi(main+0x335) [0x40b695]
[compute-611-1:07418] [13] /lib64/libc.so.6(__libc_start_main+0xf4) [0x3fcd01d974]
[compute-611-1:07418] [14] bin/radix.mpi(__gxx_personality_v0+0x1a1) [0x409349]
[compute-611-1:07418] *** End of error message ***
--------------------------------------------------------------------------
mpirun noticed that process rank 4 with PID 7418 on node compute-611-1.local exited on signal 11 (Segmentation fault).
--------------------------------------------------------------------------
mask size = 4

starting radix sort...[compute-611-1:07475] *** Process received signal ***
[compute-611-1:07475] Signal: Segmentation fault (11)
[compute-611-1:07475] Signal code: Address not mapped (1)
[compute-611-1:07475] Failing at address: 0x2af9a42b4fc8
[compute-611-1:07475] [ 0] /lib64/libpthread.so.0 [0x3fcdc0e4c0]
[compute-611-1:07475] [ 1] /lib64/libc.so.6(memcpy+0x15b) [0x3fcd07b59b]
[compute-611-1:07475] [ 2] /opt/openmpi/lib/libmpi.so.0(ompi_convertor_pack+0x12c) [0x2af99801496c]
[compute-611-1:07475] [ 3] /opt/openmpi/lib/libmpi.so.0 [0x2af99804446a]
[compute-611-1:07475] [ 4] /opt/openmpi/lib/libmpi.so.0 [0x2af9980af86a]
[compute-611-1:07475] [ 5] /opt/openmpi/lib/libmpi.so.0 [0x2af9980a99e8]
[compute-611-1:07475] [ 6] /opt/openmpi/lib/libmpi.so.0 [0x2af998045a79]
[compute-611-1:07475] [ 7] /opt/openmpi/lib/libopen-pal.so.0(opal_progress+0x5a) [0x2af99862645a]
[compute-611-1:07475] [ 8] /opt/openmpi/lib/libmpi.so.0 [0x2af998007005]
[compute-611-1:07475] [ 9] /opt/openmpi/lib/libmpi.so.0 [0x2af99804a067]
[compute-611-1:07475] [10] /opt/openmpi/lib/libmpi.so.0 [0x2af9980532fc]
[compute-611-1:07475] [11] /opt/openmpi/lib/libmpi.so.0(MPI_Barrier+0x7c) [0x2af99801b77c]
[compute-611-1:07475] [12] bin/radix.mpi(main+0x335) [0x40b695]
[compute-611-1:07475] [13] /lib64/libc.so.6(__libc_start_main+0xf4) [0x3fcd01d974]
[compute-611-1:07475] [14] bin/radix.mpi(__gxx_personality_v0+0x1a1) [0x409349]
[compute-611-1:07475] *** End of error message ***
--------------------------------------------------------------------------
mpirun noticed that process rank 4 with PID 7475 on node compute-611-1.local exited on signal 11 (Segmentation fault).
--------------------------------------------------------------------------
mask size = 4

starting radix sort...[compute-611-1:07533] *** Process received signal ***
[compute-611-1:07533] Signal: Segmentation fault (11)
[compute-611-1:07533] Signal code: Address not mapped (1)
[compute-611-1:07533] Failing at address: 0x2b2e6bd67fc8
[compute-611-1:07533] [ 0] /lib64/libpthread.so.0 [0x3fcdc0e4c0]
[compute-611-1:07533] [ 1] /lib64/libc.so.6(memcpy+0x15b) [0x3fcd07b59b]
[compute-611-1:07533] [ 2] /opt/openmpi/lib/libmpi.so.0(ompi_convertor_pack+0x12c) [0x2b2e5fac796c]
[compute-611-1:07533] [ 3] /opt/openmpi/lib/libmpi.so.0 [0x2b2e5faf746a]
[compute-611-1:07533] [ 4] /opt/openmpi/lib/libmpi.so.0 [0x2b2e5fb6286a]
[compute-611-1:07533] [ 5] /opt/openmpi/lib/libmpi.so.0 [0x2b2e5fb5c9e8]
[compute-611-1:07533] [ 6] /opt/openmpi/lib/libmpi.so.0 [0x2b2e5faf8a79]
[compute-611-1:07533] [ 7] /opt/openmpi/lib/libopen-pal.so.0(opal_progress+0x5a) [0x2b2e600d945a]
[compute-611-1:07533] [ 8] /opt/openmpi/lib/libmpi.so.0 [0x2b2e5faba005]
[compute-611-1:07533] [ 9] /opt/openmpi/lib/libmpi.so.0 [0x2b2e5fafd067]
[compute-611-1:07533] [10] /opt/openmpi/lib/libmpi.so.0 [0x2b2e5fb062fc]
[compute-611-1:07533] [11] /opt/openmpi/lib/libmpi.so.0(MPI_Barrier+0x7c) [0x2b2e5face77c]
[compute-611-1:07533] [12] bin/radix.mpi(main+0x335) [0x40b695]
[compute-611-1:07533] [13] /lib64/libc.so.6(__libc_start_main+0xf4) [0x3fcd01d974]
[compute-611-1:07533] [14] bin/radix.mpi(__gxx_personality_v0+0x1a1) [0x409349]
[compute-611-1:07533] *** End of error message ***
--------------------------------------------------------------------------
mpirun noticed that process rank 4 with PID 7533 on node compute-611-1.local exited on signal 11 (Segmentation fault).
--------------------------------------------------------------------------
mask size = 4

starting radix sort...[compute-611-1:07590] *** Process received signal ***
[compute-611-1:07590] Signal: Segmentation fault (11)
[compute-611-1:07590] Signal code: Address not mapped (1)
[compute-611-1:07590] Failing at address: 0x2ba88d9f7fc8
[compute-611-1:07590] [ 0] /lib64/libpthread.so.0 [0x3fcdc0e4c0]
[compute-611-1:07590] [ 1] /lib64/libc.so.6(memcpy+0x15b) [0x3fcd07b59b]
[compute-611-1:07590] [ 2] /opt/openmpi/lib/libmpi.so.0(ompi_convertor_pack+0x12c) [0x2ba88175796c]
[compute-611-1:07590] [ 3] /opt/openmpi/lib/libmpi.so.0 [0x2ba88178746a]
[compute-611-1:07590] [ 4] /opt/openmpi/lib/libmpi.so.0 [0x2ba8817f286a]
[compute-611-1:07590] [ 5] /opt/openmpi/lib/libmpi.so.0 [0x2ba8817ec9e8]
[compute-611-1:07590] [ 6] /opt/openmpi/lib/libmpi.so.0 [0x2ba881788a79]
[compute-611-1:07590] [ 7] /opt/openmpi/lib/libopen-pal.so.0(opal_progress+0x5a) [0x2ba881d6945a]
[compute-611-1:07590] [ 8] /opt/openmpi/lib/libmpi.so.0 [0x2ba88174a005]
[compute-611-1:07590] [ 9] /opt/openmpi/lib/libmpi.so.0 [0x2ba88178d067]
[compute-611-1:07590] [10] /opt/openmpi/lib/libmpi.so.0 [0x2ba8817962fc]
[compute-611-1:07590] [11] /opt/openmpi/lib/libmpi.so.0(MPI_Barrier+0x7c) [0x2ba88175e77c]
[compute-611-1:07590] [12] bin/radix.mpi(main+0x335) [0x40b695]
[compute-611-1:07590] [13] /lib64/libc.so.6(__libc_start_main+0xf4) [0x3fcd01d974]
[compute-611-1:07590] [14] bin/radix.mpi(__gxx_personality_v0+0x1a1) [0x409349]
[compute-611-1:07590] *** End of error message ***
--------------------------------------------------------------------------
mpirun noticed that process rank 4 with PID 7590 on node compute-611-1.local exited on signal 11 (Segmentation fault).
--------------------------------------------------------------------------
mask size = 8

starting radix sort...finished

CORRECT! Result is ordered
CORRECT! Result is ordered
CORRECT! Result is ordered
CORRECT! Result is ordered
mask size = 8

starting radix sort...CORRECT! Result is orderedCORRECT! Result is ordered
finished

CORRECT! Result is ordered
CORRECT! Result is ordered

mask size = 8

starting radix sort...finished

CORRECT! Result is ordered
CORRECT! Result is ordered
CORRECT! Result is orderedCORRECT! Result is ordered

mask size = 8

starting radix sort...finished

CORRECT! Result is ordered
CORRECT! Result is ordered
CORRECT! Result is ordered
CORRECT! Result is ordered
mask size = 8

starting radix sort...CORRECT! Result is orderedfinished

CORRECT! Result is ordered
CORRECT! Result is ordered
CORRECT! Result is ordered

mask size = 8

starting radix sort...finished

CORRECT! Result is ordered
CORRECT! Result is orderedCORRECT! Result is ordered
CORRECT! Result is ordered
CORRECT! Result is ordered
CORRECT! Result is ordered
CORRECT! Result is ordered
CORRECT! Result is ordered

mask size = 8

starting radix sort...finished

CORRECT! Result is ordered
CORRECT! Result is ordered
CORRECT! Result is ordered
CORRECT! Result is ordered
CORRECT! Result is ordered
CORRECT! Result is ordered
CORRECT! Result is ordered
CORRECT! Result is ordered
mask size = 8

starting radix sort...finished

CORRECT! Result is ordered
CORRECT! Result is ordered
CORRECT! Result is ordered
CORRECT! Result is ordered
CORRECT! Result is ordered
CORRECT! Result is ordered
CORRECT! Result is ordered
CORRECT! Result is ordered
mask size = 8

starting radix sort...finished

CORRECT! Result is ordered
CORRECT! Result is ordered
CORRECT! Result is ordered
CORRECT! Result is ordered
CORRECT! Result is ordered
CORRECT! Result is ordered
CORRECT! Result is ordered
CORRECT! Result is ordered
mask size = 8

starting radix sort...CORRECT! Result is orderedfinished

CORRECT! Result is ordered
CORRECT! Result is ordered
CORRECT! Result is ordered
CORRECT! Result is ordered
CORRECT! Result is ordered
CORRECT! Result is ordered

CORRECT! Result is ordered
mask size = 8

starting radix sort...finished

CORRECT! Result is ordered
CORRECT! Result is ordered
CORRECT! Result is ordered
CORRECT! Result is ordered
mask size = 8

starting radix sort...finished

CORRECT! Result is ordered
CORRECT! Result is ordered
CORRECT! Result is ordered
CORRECT! Result is ordered
mask size = 8

starting radix sort...finished

CORRECT! Result is ordered
CORRECT! Result is orderedCORRECT! Result is orderedCORRECT! Result is ordered


mask size = 8

starting radix sort...finished

CORRECT! Result is ordered
CORRECT! Result is ordered
CORRECT! Result is ordered
CORRECT! Result is ordered
mask size = 8

starting radix sort...finished

CORRECT! Result is ordered
CORRECT! Result is ordered
CORRECT! Result is ordered
CORRECT! Result is ordered
mask size = 8

starting radix sort...finished

CORRECT! Result is ordered
CORRECT! Result is ordered
CORRECT! Result is ordered
CORRECT! Result is ordered
CORRECT! Result is ordered
CORRECT! Result is ordered
CORRECT! Result is ordered
CORRECT! Result is ordered
mask size = 8

starting radix sort...finished

CORRECT! Result is ordered
CORRECT! Result is ordered
CORRECT! Result is ordered
CORRECT! Result is ordered
CORRECT! Result is ordered
CORRECT! Result is ordered
CORRECT! Result is ordered
CORRECT! Result is ordered
mask size = 8

starting radix sort...finished

CORRECT! Result is ordered
CORRECT! Result is ordered
CORRECT! Result is ordered
CORRECT! Result is ordered
CORRECT! Result is ordered
CORRECT! Result is ordered
CORRECT! Result is ordered
CORRECT! Result is ordered
mask size = 8

starting radix sort...CORRECT! Result is ordered
finished

CORRECT! Result is ordered
CORRECT! Result is ordered
CORRECT! Result is ordered
CORRECT! Result is ordered
CORRECT! Result is ordered
CORRECT! Result is ordered
CORRECT! Result is ordered
mask size = 8

starting radix sort...finished

CORRECT! Result is ordered
CORRECT! Result is ordered
CORRECT! Result is ordered
CORRECT! Result is ordered
CORRECT! Result is ordered
CORRECT! Result is ordered
CORRECT! Result is ordered
CORRECT! Result is ordered
mask size = 8

starting radix sort...finished

CORRECT! Result is ordered
CORRECT! Result is ordered
CORRECT! Result is ordered
CORRECT! Result is ordered
mask size = 8

starting radix sort...finished

CORRECT! Result is ordered
CORRECT! Result is orderedCORRECT! Result is orderedCORRECT! Result is ordered


mask size = 8

starting radix sort...CORRECT! Result is ordered
CORRECT! Result is ordered
CORRECT! Result is ordered
finished

CORRECT! Result is ordered
mask size = 8

starting radix sort...CORRECT! Result is ordered
CORRECT! Result is ordered
CORRECT! Result is ordered
finished

CORRECT! Result is ordered
mask size = 8

starting radix sort...finished

CORRECT! Result is ordered
CORRECT! Result is ordered
CORRECT! Result is ordered
CORRECT! Result is ordered
mask size = 8

starting radix sort...finished

CORRECT! Result is ordered
CORRECT! Result is ordered
CORRECT! Result is ordered
CORRECT! Result is ordered
CORRECT! Result is ordered
CORRECT! Result is ordered
CORRECT! Result is ordered
CORRECT! Result is ordered
mask size = 8

starting radix sort...finished

CORRECT! Result is ordered
CORRECT! Result is ordered
CORRECT! Result is ordered
CORRECT! Result is ordered
CORRECT! Result is ordered
CORRECT! Result is ordered
CORRECT! Result is ordered
CORRECT! Result is ordered
mask size = 8

starting radix sort...finished

CORRECT! Result is ordered
CORRECT! Result is ordered
CORRECT! Result is ordered
CORRECT! Result is ordered
CORRECT! Result is ordered
CORRECT! Result is ordered
CORRECT! Result is ordered
CORRECT! Result is ordered
mask size = 8

starting radix sort...finished

CORRECT! Result is ordered
CORRECT! Result is ordered
CORRECT! Result is ordered
CORRECT! Result is ordered
CORRECT! Result is ordered
CORRECT! Result is ordered
CORRECT! Result is ordered
CORRECT! Result is ordered
mask size = 8

starting radix sort...CORRECT! Result is ordered
CORRECT! Result is orderedCORRECT! Result is ordered
finished

CORRECT! Result is ordered
CORRECT! Result is ordered
CORRECT! Result is ordered
CORRECT! Result is ordered
CORRECT! Result is ordered

mask size = 8

starting radix sort...finished

CORRECT! Result is ordered
CORRECT! Result is ordered
CORRECT! Result is ordered
CORRECT! Result is ordered
mask size = 8

starting radix sort...CORRECT! Result is ordered
finished

CORRECT! Result is ordered
CORRECT! Result is ordered
CORRECT! Result is ordered
mask size = 8

starting radix sort...finished

CORRECT! Result is ordered
CORRECT! Result is ordered
CORRECT! Result is ordered
CORRECT! Result is ordered
mask size = 8

starting radix sort...finished

CORRECT! Result is ordered
CORRECT! Result is orderedCORRECT! Result is orderedCORRECT! Result is ordered


mask size = 8

starting radix sort...finished

CORRECT! Result is ordered
CORRECT! Result is ordered
CORRECT! Result is ordered
CORRECT! Result is ordered
mask size = 8

starting radix sort...[compute-611-1:08012] *** Process received signal ***
[compute-611-1:08012] Signal: Segmentation fault (11)
[compute-611-1:08012] Signal code: Address not mapped (1)
[compute-611-1:08012] Failing at address: 0x1aa11638
[compute-611-1:08012] [ 0] /lib64/libpthread.so.0 [0x3fcdc0e4c0]
[compute-611-1:08012] [ 1] /lib64/libc.so.6(memcpy+0x15b) [0x3fcd07b59b]
[compute-611-1:08012] [ 2] /opt/openmpi/lib/libmpi.so.0(ompi_convertor_pack+0x175) [0x2b7c4a3a09b5]
[compute-611-1:08012] [ 3] /opt/openmpi/lib/libmpi.so.0 [0x2b7c4a3d046a]
[compute-611-1:08012] [ 4] /opt/openmpi/lib/libmpi.so.0 [0x2b7c4a43b86a]
[compute-611-1:08012] [ 5] /opt/openmpi/lib/libmpi.so.0 [0x2b7c4a4359e8]
[compute-611-1:08012] [ 6] /opt/openmpi/lib/libmpi.so.0 [0x2b7c4a3d1a79]
[compute-611-1:08012] [ 7] /opt/openmpi/lib/libopen-pal.so.0(opal_progress+0x5a) [0x2b7c4a9b245a]
[compute-611-1:08012] [ 8] /opt/openmpi/lib/libmpi.so.0 [0x2b7c4a393005]
[compute-611-1:08012] [ 9] /opt/openmpi/lib/libmpi.so.0 [0x2b7c4a3d6067]
[compute-611-1:08012] [10] /opt/openmpi/lib/libmpi.so.0 [0x2b7c4a3df2fc]
[compute-611-1:08012] [11] /opt/openmpi/lib/libmpi.so.0(MPI_Barrier+0x7c) [0x2b7c4a3a777c]
[compute-611-1:08012] [12] bin/radix.mpi(main+0x335) [0x40b695]
[compute-611-1:08012] [13] /lib64/libc.so.6(__libc_start_main+0xf4) [0x3fcd01d974]
[compute-611-1:08012] [14] bin/radix.mpi(__gxx_personality_v0+0x1a1) [0x409349]
[compute-611-1:08012] *** End of error message ***
--------------------------------------------------------------------------
mpirun noticed that process rank 5 with PID 8012 on node compute-611-1.local exited on signal 11 (Segmentation fault).
--------------------------------------------------------------------------
mask size = 8

starting radix sort...finished

CORRECT! Result is ordered
CORRECT! Result is orderedCORRECT! Result is ordered
CORRECT! Result is ordered
CORRECT! Result is ordered
CORRECT! Result is ordered

CORRECT! Result is ordered
CORRECT! Result is ordered
mask size = 8

starting radix sort...finished

CORRECT! Result is ordered
CORRECT! Result is orderedCORRECT! Result is ordered
CORRECT! Result is ordered
CORRECT! Result is ordered
CORRECT! Result is ordered
CORRECT! Result is ordered
CORRECT! Result is ordered

mask size = 8

starting radix sort...CORRECT! Result is ordered
CORRECT! Result is ordered
CORRECT! Result is ordered
CORRECT! Result is ordered
finished

CORRECT! Result is ordered
CORRECT! Result is ordered
CORRECT! Result is ordered
CORRECT! Result is ordered
mask size = 8

starting radix sort...finished

CORRECT! Result is ordered
CORRECT! Result is ordered
CORRECT! Result is ordered
CORRECT! Result is ordered
CORRECT! Result is ordered
CORRECT! Result is ordered
CORRECT! Result is ordered
CORRECT! Result is ordered
mask size = 8

starting radix sort...[compute-611-1:08131] *** Process received signal ***
[compute-611-1:08131] Signal: Segmentation fault (11)
[compute-611-1:08131] Signal code: Address not mapped (1)
[compute-611-1:08131] Failing at address: 0x2b875ec8cfc8
[compute-611-1:08131] [ 0] /lib64/libpthread.so.0 [0x3fcdc0e4c0]
[compute-611-1:08131] [ 1] /lib64/libc.so.6(memcpy+0x15b) [0x3fcd07b59b]
[compute-611-1:08131] [ 2] /opt/openmpi/lib/libmpi.so.0(ompi_convertor_pack+0x12c) [0x2b874a9eb96c]
[compute-611-1:08131] [ 3] /opt/openmpi/lib/libmpi.so.0 [0x2b874aa1b46a]
[compute-611-1:08131] [ 4] /opt/openmpi/lib/libmpi.so.0 [0x2b874aa8686a]
[compute-611-1:08131] [ 5] /opt/openmpi/lib/libmpi.so.0 [0x2b874aa809e8]
[compute-611-1:08131] [ 6] /opt/openmpi/lib/libmpi.so.0 [0x2b874aa1ca79]
[compute-611-1:08131] [ 7] /opt/openmpi/lib/libopen-pal.so.0(opal_progress+0x5a) [0x2b874affd45a]
[compute-611-1:08131] [ 8] /opt/openmpi/lib/libmpi.so.0 [0x2b874a9de005]
[compute-611-1:08131] [ 9] /opt/openmpi/lib/libmpi.so.0 [0x2b874aa21067]
[compute-611-1:08131] [10] /opt/openmpi/lib/libmpi.so.0 [0x2b874aa2a2fc]
[compute-611-1:08131] [11] /opt/openmpi/lib/libmpi.so.0(MPI_Barrier+0x7c) [0x2b874a9f277c]
[compute-611-1:08131] [12] bin/radix.mpi(main+0x335) [0x40b695]
[compute-611-1:08131] [13] /lib64/libc.so.6(__libc_start_main+0xf4) [0x3fcd01d974]
[compute-611-1:08131] [14] bin/radix.mpi(__gxx_personality_v0+0x1a1) [0x409349]
[compute-611-1:08131] *** End of error message ***
--------------------------------------------------------------------------
mpirun noticed that process rank 2 with PID 8131 on node compute-611-1.local exited on signal 11 (Segmentation fault).
--------------------------------------------------------------------------
mask size = 8

starting radix sort...[compute-611-1:08184] *** Process received signal ***
[compute-611-1:08184] Signal: Segmentation fault (11)
[compute-611-1:08184] Signal code: Address not mapped (1)
[compute-611-1:08184] Failing at address: 0x2af3a240ffc8
[compute-611-1:08184] [ 0] /lib64/libpthread.so.0 [0x3fcdc0e4c0]
[compute-611-1:08184] [ 1] /lib64/libc.so.6(memcpy+0x15b) [0x3fcd07b59b]
[compute-611-1:08184] [ 2] /opt/openmpi/lib/libmpi.so.0(ompi_convertor_pack+0x12c) [0x2af38e16e96c]
[compute-611-1:08184] [ 3] /opt/openmpi/lib/libmpi.so.0 [0x2af38e19e46a]
[compute-611-1:08184] [ 4] /opt/openmpi/lib/libmpi.so.0 [0x2af38e20986a]
[compute-611-1:08184] [ 5] /opt/openmpi/lib/libmpi.so.0 [0x2af38e2039e8]
[compute-611-1:08184] [ 6] /opt/openmpi/lib/libmpi.so.0 [0x2af38e19fa79]
[compute-611-1:08184] [ 7] /opt/openmpi/lib/libopen-pal.so.0(opal_progress+0x5a) [0x2af38e78045a]
[compute-611-1:08184] [ 8] /opt/openmpi/lib/libmpi.so.0 [0x2af38e161005]
[compute-611-1:08184] [ 9] /opt/openmpi/lib/libmpi.so.0 [0x2af38e1a4067]
[compute-611-1:08184] [10] /opt/openmpi/lib/libmpi.so.0 [0x2af38e1ad2fc]
[compute-611-1:08184] [11] /opt/openmpi/lib/libmpi.so.0(MPI_Barrier+0x7c) [0x2af38e17577c]
[compute-611-1:08184] [12] bin/radix.mpi(main+0x335) [0x40b695]
[compute-611-1:08184] [13] /lib64/libc.so.6(__libc_start_main+0xf4) [0x3fcd01d974]
[compute-611-1:08184] [14] bin/radix.mpi(__gxx_personality_v0+0x1a1) [0x409349]
[compute-611-1:08184] *** End of error message ***
--------------------------------------------------------------------------
mpirun noticed that process rank 2 with PID 8184 on node compute-611-1.local exited on signal 11 (Segmentation fault).
--------------------------------------------------------------------------
mask size = 8

starting radix sort...[compute-611-1:08237] *** Process received signal ***
[compute-611-1:08237] Signal: Segmentation fault (11)
[compute-611-1:08237] Signal code: Address not mapped (1)
[compute-611-1:08237] Failing at address: 0x2afca6b95fc8
[compute-611-1:08237] [ 0] /lib64/libpthread.so.0 [0x3fcdc0e4c0]
[compute-611-1:08237] [ 1] /lib64/libc.so.6(memcpy+0x15b) [0x3fcd07b59b]
[compute-611-1:08237] [ 2] /opt/openmpi/lib/libmpi.so.0(ompi_convertor_pack+0x12c) [0x2afc928f496c]
[compute-611-1:08237] [ 3] /opt/openmpi/lib/libmpi.so.0 [0x2afc9292446a]
[compute-611-1:08237] [ 4] /opt/openmpi/lib/libmpi.so.0 [0x2afc9298f86a]
[compute-611-1:08237] [ 5] /opt/openmpi/lib/libmpi.so.0 [0x2afc929899e8]
[compute-611-1:08237] [ 6] /opt/openmpi/lib/libmpi.so.0 [0x2afc92925a79]
[compute-611-1:08237] [ 7] /opt/openmpi/lib/libopen-pal.so.0(opal_progress+0x5a) [0x2afc92f0645a]
[compute-611-1:08237] [ 8] /opt/openmpi/lib/libmpi.so.0 [0x2afc928e7005]
[compute-611-1:08237] [ 9] /opt/openmpi/lib/libmpi.so.0 [0x2afc9292a067]
[compute-611-1:08237] [10] /opt/openmpi/lib/libmpi.so.0 [0x2afc929332fc]
[compute-611-1:08237] [11] /opt/openmpi/lib/libmpi.so.0(MPI_Barrier+0x7c) [0x2afc928fb77c]
[compute-611-1:08237] [12] bin/radix.mpi(main+0x335) [0x40b695]
[compute-611-1:08237] [13] /lib64/libc.so.6(__libc_start_main+0xf4) [0x3fcd01d974]
[compute-611-1:08237] [14] bin/radix.mpi(__gxx_personality_v0+0x1a1) [0x409349]
[compute-611-1:08237] *** End of error message ***
--------------------------------------------------------------------------
mpirun noticed that process rank 2 with PID 8237 on node compute-611-1.local exited on signal 11 (Segmentation fault).
--------------------------------------------------------------------------
mask size = 8

starting radix sort...[compute-611-1:08291] *** Process received signal ***
[compute-611-1:08291] Signal: Segmentation fault (11)
[compute-611-1:08291] Signal code: Address not mapped (1)
[compute-611-1:08291] Failing at address: 0x2ac037729fc8
[compute-611-1:08291] [ 0] /lib64/libpthread.so.0 [0x3fcdc0e4c0]
[compute-611-1:08291] [ 1] /lib64/libc.so.6(memcpy+0x15b) [0x3fcd07b59b]
[compute-611-1:08291] [ 2] /opt/openmpi/lib/libmpi.so.0(ompi_convertor_pack+0x12c) [0x2ac02348896c]
[compute-611-1:08291] [ 3] /opt/openmpi/lib/libmpi.so.0 [0x2ac0234b846a]
[compute-611-1:08291] [ 4] /opt/openmpi/lib/libmpi.so.0 [0x2ac02352386a]
[compute-611-1:08291] [ 5] /opt/openmpi/lib/libmpi.so.0 [0x2ac02351d9e8]
[compute-611-1:08291] [ 6] /opt/openmpi/lib/libmpi.so.0 [0x2ac0234b9a79]
[compute-611-1:08291] [ 7] /opt/openmpi/lib/libopen-pal.so.0(opal_progress+0x5a) [0x2ac023a9a45a]
[compute-611-1:08291] [ 8] /opt/openmpi/lib/libmpi.so.0 [0x2ac02347b005]
[compute-611-1:08291] [ 9] /opt/openmpi/lib/libmpi.so.0 [0x2ac0234be067]
[compute-611-1:08291] [10] /opt/openmpi/lib/libmpi.so.0 [0x2ac0234c72fc]
[compute-611-1:08291] [11] /opt/openmpi/lib/libmpi.so.0(MPI_Barrier+0x7c) [0x2ac02348f77c]
[compute-611-1:08291] [12] bin/radix.mpi(main+0x335) [0x40b695]
[compute-611-1:08291] [13] /lib64/libc.so.6(__libc_start_main+0xf4) [0x3fcd01d974]
[compute-611-1:08291] [14] bin/radix.mpi(__gxx_personality_v0+0x1a1) [0x409349]
[compute-611-1:08291] *** End of error message ***
--------------------------------------------------------------------------
mpirun noticed that process rank 2 with PID 8291 on node compute-611-1.local exited on signal 11 (Segmentation fault).
--------------------------------------------------------------------------
mask size = 8

starting radix sort...[compute-611-1:08320] *** Process received signal ***
[compute-611-1:08320] Signal: Segmentation fault (11)
[compute-611-1:08320] Signal code: Address not mapped (1)
[compute-611-1:08320] Failing at address: 0x2b984917efc8
[compute-611-1:08320] [ 0] /lib64/libpthread.so.0 [0x3fcdc0e4c0]
[compute-611-1:08320] [ 1] /lib64/libc.so.6(memcpy+0x15b) [0x3fcd07b59b]
[compute-611-1:08320] [ 2] /opt/openmpi/lib/libmpi.so.0(ompi_convertor_pack+0x12c) [0x2b9834edd96c]
[compute-611-1:08320] [ 3] /opt/openmpi/lib/libmpi.so.0 [0x2b9834f0d46a]
[compute-611-1:08320] [ 4] /opt/openmpi/lib/libmpi.so.0 [0x2b9834f7886a]
[compute-611-1:08320] [ 5] /opt/openmpi/lib/libmpi.so.0 [0x2b9834f729e8]
[compute-611-1:08320] [ 6] /opt/openmpi/lib/libmpi.so.0 [0x2b9834f0ea79]
[compute-611-1:08320] [ 7] /opt/openmpi/lib/libopen-pal.so.0(opal_progress+0x5a) [0x2b98354ef45a]
[compute-611-1:08320] [ 8] /opt/openmpi/lib/libmpi.so.0 [0x2b9834ed0005]
[compute-611-1:08320] [ 9] /opt/openmpi/lib/libmpi.so.0 [0x2b9834f13067]
[compute-611-1:08320] [10] /opt/openmpi/lib/libmpi.so.0 [0x2b9834f1c2fc]
[compute-611-1:08320] [11] /opt/openmpi/lib/libmpi.so.0(MPI_Barrier+0x7c) [0x2b9834ee477c]
[compute-611-1:08320] [12] bin/radix.mpi(main+0x335) [0x40b695]
[compute-611-1:08320] [13] /lib64/libc.so.6(__libc_start_main+0xf4) [0x3fcd01d974]
[compute-611-1:08320] [14] bin/radix.mpi(__gxx_personality_v0+0x1a1) [0x409349]
[compute-611-1:08320] *** End of error message ***
--------------------------------------------------------------------------
mpirun noticed that process rank 2 with PID 8320 on node compute-611-1.local exited on signal 11 (Segmentation fault).
--------------------------------------------------------------------------
mask size = 8

starting radix sort...[compute-611-1:08386] *** Process received signal ***
[compute-611-1:08386] Signal: Segmentation fault (11)
[compute-611-1:08386] Signal code: Address not mapped (1)
[compute-611-1:08386] Failing at address: 0x2b1da57bffc8
[compute-611-1:08386] [ 0] /lib64/libpthread.so.0 [0x3fcdc0e4c0]
[compute-611-1:08386] [ 1] /lib64/libc.so.6(memcpy+0x15b) [0x3fcd07b59b]
[compute-611-1:08386] [ 2] /opt/openmpi/lib/libmpi.so.0(ompi_convertor_pack+0x12c) [0x2b1d9951f96c]
[compute-611-1:08386] [ 3] /opt/openmpi/lib/libmpi.so.0 [0x2b1d9954f46a]
[compute-611-1:08386] [ 4] /opt/openmpi/lib/libmpi.so.0 [0x2b1d995ba86a]
[compute-611-1:08386] [ 5] /opt/openmpi/lib/libmpi.so.0 [0x2b1d995b49e8]
[compute-611-1:08386] [ 6] /opt/openmpi/lib/libmpi.so.0 [0x2b1d99550a79]
[compute-611-1:08386] [ 7] /opt/openmpi/lib/libopen-pal.so.0(opal_progress+0x5a) [0x2b1d99b3145a]
[compute-611-1:08386] [ 8] /opt/openmpi/lib/libmpi.so.0 [0x2b1d99512005]
[compute-611-1:08386] [ 9] /opt/openmpi/lib/libmpi.so.0 [0x2b1d99555067]
[compute-611-1:08386] [10] /opt/openmpi/lib/libmpi.so.0 [0x2b1d9955e2fc]
[compute-611-1:08386] [11] /opt/openmpi/lib/libmpi.so.0(MPI_Barrier+0x7c) [0x2b1d9952677c]
[compute-611-1:08386] [12] bin/radix.mpi(main+0x335) [0x40b695]
[compute-611-1:08386] [13] /lib64/libc.so.6(__libc_start_main+0xf4) [0x3fcd01d974]
[compute-611-1:08386] [14] bin/radix.mpi(__gxx_personality_v0+0x1a1) [0x409349]
[compute-611-1:08386] *** End of error message ***
--------------------------------------------------------------------------
mpirun noticed that process rank 4 with PID 8386 on node compute-611-1.local exited on signal 11 (Segmentation fault).
--------------------------------------------------------------------------
mask size = 8

starting radix sort...[compute-611-1:08443] *** Process received signal ***
[compute-611-1:08443] Signal: Segmentation fault (11)
[compute-611-1:08443] Signal code: Address not mapped (1)
[compute-611-1:08443] Failing at address: 0x2b2918786fc8
[compute-611-1:08443] [ 0] /lib64/libpthread.so.0 [0x3fcdc0e4c0]
[compute-611-1:08443] [ 1] /lib64/libc.so.6(memcpy+0x15b) [0x3fcd07b59b]
[compute-611-1:08443] [ 2] /opt/openmpi/lib/libmpi.so.0(ompi_convertor_pack+0x12c) [0x2b290c4e696c]
[compute-611-1:08443] [ 3] /opt/openmpi/lib/libmpi.so.0 [0x2b290c51646a]
[compute-611-1:08443] [ 4] /opt/openmpi/lib/libmpi.so.0 [0x2b290c58186a]
[compute-611-1:08443] [ 5] /opt/openmpi/lib/libmpi.so.0 [0x2b290c57b9e8]
[compute-611-1:08443] [ 6] /opt/openmpi/lib/libmpi.so.0 [0x2b290c517a79]
[compute-611-1:08443] [ 7] /opt/openmpi/lib/libopen-pal.so.0(opal_progress+0x5a) [0x2b290caf845a]
[compute-611-1:08443] [ 8] /opt/openmpi/lib/libmpi.so.0 [0x2b290c4d9005]
[compute-611-1:08443] [ 9] /opt/openmpi/lib/libmpi.so.0 [0x2b290c51c067]
[compute-611-1:08443] [10] /opt/openmpi/lib/libmpi.so.0 [0x2b290c5252fc]
[compute-611-1:08443] [11] /opt/openmpi/lib/libmpi.so.0(MPI_Barrier+0x7c) [0x2b290c4ed77c]
[compute-611-1:08443] [12] bin/radix.mpi(main+0x335) [0x40b695]
[compute-611-1:08443] [13] /lib64/libc.so.6(__libc_start_main+0xf4) [0x3fcd01d974]
[compute-611-1:08443] [14] bin/radix.mpi(__gxx_personality_v0+0x1a1) [0x409349]
[compute-611-1:08443] *** End of error message ***
--------------------------------------------------------------------------
mpirun noticed that process rank 4 with PID 8443 on node compute-611-1.local exited on signal 11 (Segmentation fault).
--------------------------------------------------------------------------
mask size = 8

starting radix sort...[compute-611-1:08500] *** Process received signal ***
[compute-611-1:08500] Signal: Segmentation fault (11)
[compute-611-1:08500] Signal code: Address not mapped (1)
[compute-611-1:08500] Failing at address: 0x2b51def0dfc8
[compute-611-1:08500] [ 0] /lib64/libpthread.so.0 [0x3fcdc0e4c0]
[compute-611-1:08500] [ 1] /lib64/libc.so.6(memcpy+0x15b) [0x3fcd07b59b]
[compute-611-1:08500] [ 2] /opt/openmpi/lib/libmpi.so.0(ompi_convertor_pack+0x12c) [0x2b51d2c6d96c]
[compute-611-1:08500] [ 3] /opt/openmpi/lib/libmpi.so.0 [0x2b51d2c9d46a]
[compute-611-1:08500] [ 4] /opt/openmpi/lib/libmpi.so.0 [0x2b51d2d0886a]
[compute-611-1:08500] [ 5] /opt/openmpi/lib/libmpi.so.0 [0x2b51d2d029e8]
[compute-611-1:08500] [ 6] /opt/openmpi/lib/libmpi.so.0 [0x2b51d2c9ea79]
[compute-611-1:08500] [ 7] /opt/openmpi/lib/libopen-pal.so.0(opal_progress+0x5a) [0x2b51d327f45a]
[compute-611-1:08500] [ 8] /opt/openmpi/lib/libmpi.so.0 [0x2b51d2c60005]
[compute-611-1:08500] [ 9] /opt/openmpi/lib/libmpi.so.0 [0x2b51d2ca3067]
[compute-611-1:08500] [10] /opt/openmpi/lib/libmpi.so.0 [0x2b51d2cac2fc]
[compute-611-1:08500] [11] /opt/openmpi/lib/libmpi.so.0(MPI_Barrier+0x7c) [0x2b51d2c7477c]
[compute-611-1:08500] [12] bin/radix.mpi(main+0x335) [0x40b695]
[compute-611-1:08500] [13] /lib64/libc.so.6(__libc_start_main+0xf4) [0x3fcd01d974]
[compute-611-1:08500] [14] bin/radix.mpi(__gxx_personality_v0+0x1a1) [0x409349]
[compute-611-1:08500] *** End of error message ***
--------------------------------------------------------------------------
mpirun noticed that process rank 4 with PID 8500 on node compute-611-1.local exited on signal 11 (Segmentation fault).
--------------------------------------------------------------------------
mask size = 8

starting radix sort...[compute-611-1:08558] *** Process received signal ***
[compute-611-1:08558] Signal: Segmentation fault (11)
[compute-611-1:08558] Signal code: Address not mapped (1)
[compute-611-1:08558] Failing at address: 0x2b04393cbfc8
[compute-611-1:08558] [ 0] /lib64/libpthread.so.0 [0x3fcdc0e4c0]
[compute-611-1:08558] [ 1] /lib64/libc.so.6(memcpy+0x15b) [0x3fcd07b59b]
[compute-611-1:08558] [ 2] /opt/openmpi/lib/libmpi.so.0(ompi_convertor_pack+0x12c) [0x2b042d12b96c]
[compute-611-1:08558] [ 3] /opt/openmpi/lib/libmpi.so.0 [0x2b042d15b46a]
[compute-611-1:08558] [ 4] /opt/openmpi/lib/libmpi.so.0 [0x2b042d1c686a]
[compute-611-1:08558] [ 5] /opt/openmpi/lib/libmpi.so.0 [0x2b042d1c09e8]
[compute-611-1:08558] [ 6] /opt/openmpi/lib/libmpi.so.0 [0x2b042d15ca79]
[compute-611-1:08558] [ 7] /opt/openmpi/lib/libopen-pal.so.0(opal_progress+0x5a) [0x2b042d73d45a]
[compute-611-1:08558] [ 8] /opt/openmpi/lib/libmpi.so.0 [0x2b042d11e005]
[compute-611-1:08558] [ 9] /opt/openmpi/lib/libmpi.so.0 [0x2b042d161067]
[compute-611-1:08558] [10] /opt/openmpi/lib/libmpi.so.0 [0x2b042d16a2fc]
[compute-611-1:08558] [11] /opt/openmpi/lib/libmpi.so.0(MPI_Barrier+0x7c) [0x2b042d13277c]
[compute-611-1:08558] [12] bin/radix.mpi(main+0x335) [0x40b695]
[compute-611-1:08558] [13] /lib64/libc.so.6(__libc_start_main+0xf4) [0x3fcd01d974]
[compute-611-1:08558] [14] bin/radix.mpi(__gxx_personality_v0+0x1a1) [0x409349]
[compute-611-1:08558] *** End of error message ***
--------------------------------------------------------------------------
mpirun noticed that process rank 4 with PID 8558 on node compute-611-1.local exited on signal 11 (Segmentation fault).
--------------------------------------------------------------------------
mask size = 8

starting radix sort...[compute-611-1:08615] *** Process received signal ***
[compute-611-1:08615] Signal: Segmentation fault (11)
[compute-611-1:08615] Signal code: Address not mapped (1)
[compute-611-1:08615] Failing at address: 0x2b400a91cfc8
[compute-611-1:08615] [ 0] /lib64/libpthread.so.0 [0x3fcdc0e4c0]
[compute-611-1:08615] [ 1] /lib64/libc.so.6(memcpy+0x15b) [0x3fcd07b59b]
[compute-611-1:08615] [ 2] /opt/openmpi/lib/libmpi.so.0(ompi_convertor_pack+0x12c) [0x2b3ffe67c96c]
[compute-611-1:08615] [ 3] /opt/openmpi/lib/libmpi.so.0 [0x2b3ffe6ac46a]
[compute-611-1:08615] [ 4] /opt/openmpi/lib/libmpi.so.0 [0x2b3ffe71786a]
[compute-611-1:08615] [ 5] /opt/openmpi/lib/libmpi.so.0 [0x2b3ffe7119e8]
[compute-611-1:08615] [ 6] /opt/openmpi/lib/libmpi.so.0 [0x2b3ffe6ada79]
[compute-611-1:08615] [ 7] /opt/openmpi/lib/libopen-pal.so.0(opal_progress+0x5a) [0x2b3ffec8e45a]
[compute-611-1:08615] [ 8] /opt/openmpi/lib/libmpi.so.0 [0x2b3ffe66f005]
[compute-611-1:08615] [ 9] /opt/openmpi/lib/libmpi.so.0 [0x2b3ffe6b2067]
[compute-611-1:08615] [10] /opt/openmpi/lib/libmpi.so.0 [0x2b3ffe6bb2fc]
[compute-611-1:08615] [11] /opt/openmpi/lib/libmpi.so.0(MPI_Barrier+0x7c) [0x2b3ffe68377c]
[compute-611-1:08615] [12] bin/radix.mpi(main+0x335) [0x40b695]
[compute-611-1:08615] [13] /lib64/libc.so.6(__libc_start_main+0xf4) [0x3fcd01d974]
[compute-611-1:08615] [14] bin/radix.mpi(__gxx_personality_v0+0x1a1) [0x409349]
[compute-611-1:08615] *** End of error message ***
--------------------------------------------------------------------------
mpirun noticed that process rank 4 with PID 8615 on node compute-611-1.local exited on signal 11 (Segmentation fault).
--------------------------------------------------------------------------
