Permission denied, please try again.
Permission denied, please try again.
Permission denied (publickey,gssapi-with-mic,password).
--------------------------------------------------------------------------
A daemon (pid 11639) died unexpectedly with status 255 while attempting
to launch so we are aborting.

There may be more information reported by the environment (see above).

This may be because the daemon was unable to find all the needed shared
libraries on the remote node. You may set your LD_LIBRARY_PATH to have the
location of the shared libraries on the remote nodes and this will
automatically be forwarded to the remote nodes.
--------------------------------------------------------------------------
--------------------------------------------------------------------------
mpirun noticed that the job aborted, but has no info as to the process
that caused that situation.
--------------------------------------------------------------------------
mpirun: clean termination accomplished

Permission denied, please try again.
Permission denied, please try again.
Permission denied (publickey,gssapi-with-mic,password).
--------------------------------------------------------------------------
A daemon (pid 11641) died unexpectedly with status 255 while attempting
to launch so we are aborting.

There may be more information reported by the environment (see above).

This may be because the daemon was unable to find all the needed shared
libraries on the remote node. You may set your LD_LIBRARY_PATH to have the
location of the shared libraries on the remote nodes and this will
automatically be forwarded to the remote nodes.
--------------------------------------------------------------------------
--------------------------------------------------------------------------
mpirun noticed that the job aborted, but has no info as to the process
that caused that situation.
--------------------------------------------------------------------------
mpirun: clean termination accomplished

Permission denied, please try again.
Permission denied, please try again.
Permission denied (publickey,gssapi-with-mic,password).
--------------------------------------------------------------------------
A daemon (pid 11643) died unexpectedly with status 255 while attempting
to launch so we are aborting.

There may be more information reported by the environment (see above).

This may be because the daemon was unable to find all the needed shared
libraries on the remote node. You may set your LD_LIBRARY_PATH to have the
location of the shared libraries on the remote nodes and this will
automatically be forwarded to the remote nodes.
--------------------------------------------------------------------------
--------------------------------------------------------------------------
mpirun noticed that the job aborted, but has no info as to the process
that caused that situation.
--------------------------------------------------------------------------
mpirun: clean termination accomplished

Permission denied, please try again.
Permission denied, please try again.
Permission denied (publickey,gssapi-with-mic,password).
--------------------------------------------------------------------------
A daemon (pid 11645) died unexpectedly with status 255 while attempting
to launch so we are aborting.

There may be more information reported by the environment (see above).

This may be because the daemon was unable to find all the needed shared
libraries on the remote node. You may set your LD_LIBRARY_PATH to have the
location of the shared libraries on the remote nodes and this will
automatically be forwarded to the remote nodes.
--------------------------------------------------------------------------
--------------------------------------------------------------------------
mpirun noticed that the job aborted, but has no info as to the process
that caused that situation.
--------------------------------------------------------------------------
mpirun: clean termination accomplished

Permission denied, please try again.
Permission denied, please try again.
Permission denied (publickey,gssapi-with-mic,password).
--------------------------------------------------------------------------
A daemon (pid 11647) died unexpectedly with status 255 while attempting
to launch so we are aborting.

There may be more information reported by the environment (see above).

This may be because the daemon was unable to find all the needed shared
libraries on the remote node. You may set your LD_LIBRARY_PATH to have the
location of the shared libraries on the remote nodes and this will
automatically be forwarded to the remote nodes.
--------------------------------------------------------------------------
--------------------------------------------------------------------------
mpirun noticed that the job aborted, but has no info as to the process
that caused that situation.
--------------------------------------------------------------------------
mpirun: clean termination accomplished

Permission denied, please try again.
Permission denied, please try again.
Permission denied (publickey,gssapi-with-mic,password).
--------------------------------------------------------------------------
A daemon (pid 11653) died unexpectedly with status 255 while attempting
to launch so we are aborting.

There may be more information reported by the environment (see above).

This may be because the daemon was unable to find all the needed shared
libraries on the remote node. You may set your LD_LIBRARY_PATH to have the
location of the shared libraries on the remote nodes and this will
automatically be forwarded to the remote nodes.
--------------------------------------------------------------------------
--------------------------------------------------------------------------
mpirun noticed that the job aborted, but has no info as to the process
that caused that situation.
--------------------------------------------------------------------------
mpirun: clean termination accomplished

Permission denied, please try again.
Permission denied, please try again.
Permission denied (publickey,gssapi-with-mic,password).
--------------------------------------------------------------------------
A daemon (pid 11655) died unexpectedly with status 255 while attempting
to launch so we are aborting.

There may be more information reported by the environment (see above).

This may be because the daemon was unable to find all the needed shared
libraries on the remote node. You may set your LD_LIBRARY_PATH to have the
location of the shared libraries on the remote nodes and this will
automatically be forwarded to the remote nodes.
--------------------------------------------------------------------------
--------------------------------------------------------------------------
mpirun noticed that the job aborted, but has no info as to the process
that caused that situation.
--------------------------------------------------------------------------
mpirun: clean termination accomplished

Permission denied, please try again.
Permission denied, please try again.
Permission denied (publickey,gssapi-with-mic,password).
--------------------------------------------------------------------------
A daemon (pid 11657) died unexpectedly with status 255 while attempting
to launch so we are aborting.

There may be more information reported by the environment (see above).

This may be because the daemon was unable to find all the needed shared
libraries on the remote node. You may set your LD_LIBRARY_PATH to have the
location of the shared libraries on the remote nodes and this will
automatically be forwarded to the remote nodes.
--------------------------------------------------------------------------
--------------------------------------------------------------------------
mpirun noticed that the job aborted, but has no info as to the process
that caused that situation.
--------------------------------------------------------------------------
mpirun: clean termination accomplished

Permission denied, please try again.
Permission denied, please try again.
Permission denied (publickey,gssapi-with-mic,password).
--------------------------------------------------------------------------
A daemon (pid 11659) died unexpectedly with status 255 while attempting
to launch so we are aborting.

There may be more information reported by the environment (see above).

This may be because the daemon was unable to find all the needed shared
libraries on the remote node. You may set your LD_LIBRARY_PATH to have the
location of the shared libraries on the remote nodes and this will
automatically be forwarded to the remote nodes.
--------------------------------------------------------------------------
--------------------------------------------------------------------------
mpirun noticed that the job aborted, but has no info as to the process
that caused that situation.
--------------------------------------------------------------------------
mpirun: clean termination accomplished

Permission denied, please try again.
Permission denied, please try again.
Permission denied (publickey,gssapi-with-mic,password).
--------------------------------------------------------------------------
A daemon (pid 11661) died unexpectedly with status 255 while attempting
to launch so we are aborting.

There may be more information reported by the environment (see above).

This may be because the daemon was unable to find all the needed shared
libraries on the remote node. You may set your LD_LIBRARY_PATH to have the
location of the shared libraries on the remote nodes and this will
automatically be forwarded to the remote nodes.
--------------------------------------------------------------------------
--------------------------------------------------------------------------
mpirun noticed that the job aborted, but has no info as to the process
that caused that situation.
--------------------------------------------------------------------------
mpirun: clean termination accomplished

Permission denied, please try again.
Permission denied, please try again.
Permission denied (publickey,gssapi-with-mic,password).
--------------------------------------------------------------------------
A daemon (pid 11667) died unexpectedly with status 255 while attempting
to launch so we are aborting.

There may be more information reported by the environment (see above).

This may be because the daemon was unable to find all the needed shared
libraries on the remote node. You may set your LD_LIBRARY_PATH to have the
location of the shared libraries on the remote nodes and this will
automatically be forwarded to the remote nodes.
--------------------------------------------------------------------------
--------------------------------------------------------------------------
mpirun noticed that the job aborted, but has no info as to the process
that caused that situation.
--------------------------------------------------------------------------
mpirun: clean termination accomplished

Permission denied, please try again.
Permission denied, please try again.
Permission denied (publickey,gssapi-with-mic,password).
--------------------------------------------------------------------------
A daemon (pid 11669) died unexpectedly with status 255 while attempting
to launch so we are aborting.

There may be more information reported by the environment (see above).

This may be because the daemon was unable to find all the needed shared
libraries on the remote node. You may set your LD_LIBRARY_PATH to have the
location of the shared libraries on the remote nodes and this will
automatically be forwarded to the remote nodes.
--------------------------------------------------------------------------
--------------------------------------------------------------------------
mpirun noticed that the job aborted, but has no info as to the process
that caused that situation.
--------------------------------------------------------------------------
mpirun: clean termination accomplished

Permission denied, please try again.
Permission denied, please try again.
Permission denied (publickey,gssapi-with-mic,password).
--------------------------------------------------------------------------
A daemon (pid 11671) died unexpectedly with status 255 while attempting
to launch so we are aborting.

There may be more information reported by the environment (see above).

This may be because the daemon was unable to find all the needed shared
libraries on the remote node. You may set your LD_LIBRARY_PATH to have the
location of the shared libraries on the remote nodes and this will
automatically be forwarded to the remote nodes.
--------------------------------------------------------------------------
--------------------------------------------------------------------------
mpirun noticed that the job aborted, but has no info as to the process
that caused that situation.
--------------------------------------------------------------------------
mpirun: clean termination accomplished

Permission denied, please try again.
Permission denied, please try again.
Permission denied (publickey,gssapi-with-mic,password).
--------------------------------------------------------------------------
A daemon (pid 11673) died unexpectedly with status 255 while attempting
to launch so we are aborting.

There may be more information reported by the environment (see above).

This may be because the daemon was unable to find all the needed shared
libraries on the remote node. You may set your LD_LIBRARY_PATH to have the
location of the shared libraries on the remote nodes and this will
automatically be forwarded to the remote nodes.
--------------------------------------------------------------------------
--------------------------------------------------------------------------
mpirun noticed that the job aborted, but has no info as to the process
that caused that situation.
--------------------------------------------------------------------------
mpirun: clean termination accomplished

Permission denied, please try again.
Permission denied, please try again.
Permission denied (publickey,gssapi-with-mic,password).
--------------------------------------------------------------------------
A daemon (pid 11675) died unexpectedly with status 255 while attempting
to launch so we are aborting.

There may be more information reported by the environment (see above).

This may be because the daemon was unable to find all the needed shared
libraries on the remote node. You may set your LD_LIBRARY_PATH to have the
location of the shared libraries on the remote nodes and this will
automatically be forwarded to the remote nodes.
--------------------------------------------------------------------------
--------------------------------------------------------------------------
mpirun noticed that the job aborted, but has no info as to the process
that caused that situation.
--------------------------------------------------------------------------
mpirun: clean termination accomplished

Permission denied, please try again.
Permission denied, please try again.
Permission denied (publickey,gssapi-with-mic,password).
--------------------------------------------------------------------------
A daemon (pid 11681) died unexpectedly with status 255 while attempting
to launch so we are aborting.

There may be more information reported by the environment (see above).

This may be because the daemon was unable to find all the needed shared
libraries on the remote node. You may set your LD_LIBRARY_PATH to have the
location of the shared libraries on the remote nodes and this will
automatically be forwarded to the remote nodes.
--------------------------------------------------------------------------
--------------------------------------------------------------------------
mpirun noticed that the job aborted, but has no info as to the process
that caused that situation.
--------------------------------------------------------------------------
mpirun: clean termination accomplished

Permission denied, please try again.
Permission denied, please try again.
Permission denied (publickey,gssapi-with-mic,password).
--------------------------------------------------------------------------
A daemon (pid 11683) died unexpectedly with status 255 while attempting
to launch so we are aborting.

There may be more information reported by the environment (see above).

This may be because the daemon was unable to find all the needed shared
libraries on the remote node. You may set your LD_LIBRARY_PATH to have the
location of the shared libraries on the remote nodes and this will
automatically be forwarded to the remote nodes.
--------------------------------------------------------------------------
--------------------------------------------------------------------------
mpirun noticed that the job aborted, but has no info as to the process
that caused that situation.
--------------------------------------------------------------------------
mpirun: clean termination accomplished

Permission denied, please try again.
Permission denied, please try again.
Permission denied (publickey,gssapi-with-mic,password).
--------------------------------------------------------------------------
A daemon (pid 11685) died unexpectedly with status 255 while attempting
to launch so we are aborting.

There may be more information reported by the environment (see above).

This may be because the daemon was unable to find all the needed shared
libraries on the remote node. You may set your LD_LIBRARY_PATH to have the
location of the shared libraries on the remote nodes and this will
automatically be forwarded to the remote nodes.
--------------------------------------------------------------------------
--------------------------------------------------------------------------
mpirun noticed that the job aborted, but has no info as to the process
that caused that situation.
--------------------------------------------------------------------------
mpirun: clean termination accomplished

Permission denied, please try again.
Permission denied, please try again.
Permission denied (publickey,gssapi-with-mic,password).
--------------------------------------------------------------------------
A daemon (pid 11687) died unexpectedly with status 255 while attempting
to launch so we are aborting.

There may be more information reported by the environment (see above).

This may be because the daemon was unable to find all the needed shared
libraries on the remote node. You may set your LD_LIBRARY_PATH to have the
location of the shared libraries on the remote nodes and this will
automatically be forwarded to the remote nodes.
--------------------------------------------------------------------------
--------------------------------------------------------------------------
mpirun noticed that the job aborted, but has no info as to the process
that caused that situation.
--------------------------------------------------------------------------
mpirun: clean termination accomplished

Permission denied, please try again.
Permission denied, please try again.
Permission denied (publickey,gssapi-with-mic,password).
--------------------------------------------------------------------------
A daemon (pid 11689) died unexpectedly with status 255 while attempting
to launch so we are aborting.

There may be more information reported by the environment (see above).

This may be because the daemon was unable to find all the needed shared
libraries on the remote node. You may set your LD_LIBRARY_PATH to have the
location of the shared libraries on the remote nodes and this will
automatically be forwarded to the remote nodes.
--------------------------------------------------------------------------
--------------------------------------------------------------------------
mpirun noticed that the job aborted, but has no info as to the process
that caused that situation.
--------------------------------------------------------------------------
mpirun: clean termination accomplished

Permission denied, please try again.
Permission denied, please try again.
Permission denied (publickey,gssapi-with-mic,password).
--------------------------------------------------------------------------
A daemon (pid 11695) died unexpectedly with status 255 while attempting
to launch so we are aborting.

There may be more information reported by the environment (see above).

This may be because the daemon was unable to find all the needed shared
libraries on the remote node. You may set your LD_LIBRARY_PATH to have the
location of the shared libraries on the remote nodes and this will
automatically be forwarded to the remote nodes.
--------------------------------------------------------------------------
--------------------------------------------------------------------------
mpirun noticed that the job aborted, but has no info as to the process
that caused that situation.
--------------------------------------------------------------------------
mpirun: clean termination accomplished

Permission denied, please try again.
Permission denied, please try again.
Permission denied (publickey,gssapi-with-mic,password).
--------------------------------------------------------------------------
A daemon (pid 11697) died unexpectedly with status 255 while attempting
to launch so we are aborting.

There may be more information reported by the environment (see above).

This may be because the daemon was unable to find all the needed shared
libraries on the remote node. You may set your LD_LIBRARY_PATH to have the
location of the shared libraries on the remote nodes and this will
automatically be forwarded to the remote nodes.
--------------------------------------------------------------------------
--------------------------------------------------------------------------
mpirun noticed that the job aborted, but has no info as to the process
that caused that situation.
--------------------------------------------------------------------------
mpirun: clean termination accomplished

Permission denied, please try again.
Permission denied, please try again.
Permission denied (publickey,gssapi-with-mic,password).
--------------------------------------------------------------------------
A daemon (pid 11699) died unexpectedly with status 255 while attempting
to launch so we are aborting.

There may be more information reported by the environment (see above).

This may be because the daemon was unable to find all the needed shared
libraries on the remote node. You may set your LD_LIBRARY_PATH to have the
location of the shared libraries on the remote nodes and this will
automatically be forwarded to the remote nodes.
--------------------------------------------------------------------------
--------------------------------------------------------------------------
mpirun noticed that the job aborted, but has no info as to the process
that caused that situation.
--------------------------------------------------------------------------
mpirun: clean termination accomplished

Permission denied, please try again.
Permission denied, please try again.
Permission denied (publickey,gssapi-with-mic,password).
--------------------------------------------------------------------------
A daemon (pid 11701) died unexpectedly with status 255 while attempting
to launch so we are aborting.

There may be more information reported by the environment (see above).

This may be because the daemon was unable to find all the needed shared
libraries on the remote node. You may set your LD_LIBRARY_PATH to have the
location of the shared libraries on the remote nodes and this will
automatically be forwarded to the remote nodes.
--------------------------------------------------------------------------
--------------------------------------------------------------------------
mpirun noticed that the job aborted, but has no info as to the process
that caused that situation.
--------------------------------------------------------------------------
mpirun: clean termination accomplished

Permission denied, please try again.
Permission denied, please try again.
Permission denied (publickey,gssapi-with-mic,password).
--------------------------------------------------------------------------
A daemon (pid 11703) died unexpectedly with status 255 while attempting
to launch so we are aborting.

There may be more information reported by the environment (see above).

This may be because the daemon was unable to find all the needed shared
libraries on the remote node. You may set your LD_LIBRARY_PATH to have the
location of the shared libraries on the remote nodes and this will
automatically be forwarded to the remote nodes.
--------------------------------------------------------------------------
--------------------------------------------------------------------------
mpirun noticed that the job aborted, but has no info as to the process
that caused that situation.
--------------------------------------------------------------------------
mpirun: clean termination accomplished

Permission denied, please try again.
Permission denied, please try again.
Permission denied (publickey,gssapi-with-mic,password).
--------------------------------------------------------------------------
A daemon (pid 11709) died unexpectedly with status 255 while attempting
to launch so we are aborting.

There may be more information reported by the environment (see above).

This may be because the daemon was unable to find all the needed shared
libraries on the remote node. You may set your LD_LIBRARY_PATH to have the
location of the shared libraries on the remote nodes and this will
automatically be forwarded to the remote nodes.
--------------------------------------------------------------------------
--------------------------------------------------------------------------
mpirun noticed that the job aborted, but has no info as to the process
that caused that situation.
--------------------------------------------------------------------------
mpirun: clean termination accomplished

Permission denied, please try again.
Permission denied, please try again.
Permission denied (publickey,gssapi-with-mic,password).
--------------------------------------------------------------------------
A daemon (pid 11711) died unexpectedly with status 255 while attempting
to launch so we are aborting.

There may be more information reported by the environment (see above).

This may be because the daemon was unable to find all the needed shared
libraries on the remote node. You may set your LD_LIBRARY_PATH to have the
location of the shared libraries on the remote nodes and this will
automatically be forwarded to the remote nodes.
--------------------------------------------------------------------------
--------------------------------------------------------------------------
mpirun noticed that the job aborted, but has no info as to the process
that caused that situation.
--------------------------------------------------------------------------
mpirun: clean termination accomplished

Permission denied, please try again.
Permission denied, please try again.
Permission denied (publickey,gssapi-with-mic,password).
--------------------------------------------------------------------------
A daemon (pid 11713) died unexpectedly with status 255 while attempting
to launch so we are aborting.

There may be more information reported by the environment (see above).

This may be because the daemon was unable to find all the needed shared
libraries on the remote node. You may set your LD_LIBRARY_PATH to have the
location of the shared libraries on the remote nodes and this will
automatically be forwarded to the remote nodes.
--------------------------------------------------------------------------
--------------------------------------------------------------------------
mpirun noticed that the job aborted, but has no info as to the process
that caused that situation.
--------------------------------------------------------------------------
mpirun: clean termination accomplished

Permission denied, please try again.
Permission denied, please try again.
Permission denied (publickey,gssapi-with-mic,password).
--------------------------------------------------------------------------
A daemon (pid 11715) died unexpectedly with status 255 while attempting
to launch so we are aborting.

There may be more information reported by the environment (see above).

This may be because the daemon was unable to find all the needed shared
libraries on the remote node. You may set your LD_LIBRARY_PATH to have the
location of the shared libraries on the remote nodes and this will
automatically be forwarded to the remote nodes.
--------------------------------------------------------------------------
--------------------------------------------------------------------------
mpirun noticed that the job aborted, but has no info as to the process
that caused that situation.
--------------------------------------------------------------------------
mpirun: clean termination accomplished

Permission denied, please try again.
Permission denied, please try again.
Permission denied (publickey,gssapi-with-mic,password).
--------------------------------------------------------------------------
A daemon (pid 11717) died unexpectedly with status 255 while attempting
to launch so we are aborting.

There may be more information reported by the environment (see above).

This may be because the daemon was unable to find all the needed shared
libraries on the remote node. You may set your LD_LIBRARY_PATH to have the
location of the shared libraries on the remote nodes and this will
automatically be forwarded to the remote nodes.
--------------------------------------------------------------------------
--------------------------------------------------------------------------
mpirun noticed that the job aborted, but has no info as to the process
that caused that situation.
--------------------------------------------------------------------------
mpirun: clean termination accomplished

Permission denied, please try again.
Permission denied, please try again.
Permission denied (publickey,gssapi-with-mic,password).
--------------------------------------------------------------------------
A daemon (pid 11723) died unexpectedly with status 255 while attempting
to launch so we are aborting.

There may be more information reported by the environment (see above).

This may be because the daemon was unable to find all the needed shared
libraries on the remote node. You may set your LD_LIBRARY_PATH to have the
location of the shared libraries on the remote nodes and this will
automatically be forwarded to the remote nodes.
--------------------------------------------------------------------------
--------------------------------------------------------------------------
mpirun noticed that the job aborted, but has no info as to the process
that caused that situation.
--------------------------------------------------------------------------
mpirun: clean termination accomplished

Permission denied, please try again.
Permission denied, please try again.
Permission denied (publickey,gssapi-with-mic,password).
--------------------------------------------------------------------------
A daemon (pid 11725) died unexpectedly with status 255 while attempting
to launch so we are aborting.

There may be more information reported by the environment (see above).

This may be because the daemon was unable to find all the needed shared
libraries on the remote node. You may set your LD_LIBRARY_PATH to have the
location of the shared libraries on the remote nodes and this will
automatically be forwarded to the remote nodes.
--------------------------------------------------------------------------
--------------------------------------------------------------------------
mpirun noticed that the job aborted, but has no info as to the process
that caused that situation.
--------------------------------------------------------------------------
mpirun: clean termination accomplished

Permission denied, please try again.
Permission denied, please try again.
Permission denied (publickey,gssapi-with-mic,password).
--------------------------------------------------------------------------
A daemon (pid 11727) died unexpectedly with status 255 while attempting
to launch so we are aborting.

There may be more information reported by the environment (see above).

This may be because the daemon was unable to find all the needed shared
libraries on the remote node. You may set your LD_LIBRARY_PATH to have the
location of the shared libraries on the remote nodes and this will
automatically be forwarded to the remote nodes.
--------------------------------------------------------------------------
--------------------------------------------------------------------------
mpirun noticed that the job aborted, but has no info as to the process
that caused that situation.
--------------------------------------------------------------------------
mpirun: clean termination accomplished

Permission denied, please try again.
Permission denied, please try again.
Permission denied (publickey,gssapi-with-mic,password).
--------------------------------------------------------------------------
A daemon (pid 11729) died unexpectedly with status 255 while attempting
to launch so we are aborting.

There may be more information reported by the environment (see above).

This may be because the daemon was unable to find all the needed shared
libraries on the remote node. You may set your LD_LIBRARY_PATH to have the
location of the shared libraries on the remote nodes and this will
automatically be forwarded to the remote nodes.
--------------------------------------------------------------------------
--------------------------------------------------------------------------
mpirun noticed that the job aborted, but has no info as to the process
that caused that situation.
--------------------------------------------------------------------------
mpirun: clean termination accomplished

Permission denied, please try again.
Permission denied, please try again.
Permission denied (publickey,gssapi-with-mic,password).
--------------------------------------------------------------------------
A daemon (pid 11731) died unexpectedly with status 255 while attempting
to launch so we are aborting.

There may be more information reported by the environment (see above).

This may be because the daemon was unable to find all the needed shared
libraries on the remote node. You may set your LD_LIBRARY_PATH to have the
location of the shared libraries on the remote nodes and this will
automatically be forwarded to the remote nodes.
--------------------------------------------------------------------------
--------------------------------------------------------------------------
mpirun noticed that the job aborted, but has no info as to the process
that caused that situation.
--------------------------------------------------------------------------
mpirun: clean termination accomplished

Permission denied, please try again.
Permission denied, please try again.
Permission denied (publickey,gssapi-with-mic,password).
--------------------------------------------------------------------------
A daemon (pid 11737) died unexpectedly with status 255 while attempting
to launch so we are aborting.

There may be more information reported by the environment (see above).

This may be because the daemon was unable to find all the needed shared
libraries on the remote node. You may set your LD_LIBRARY_PATH to have the
location of the shared libraries on the remote nodes and this will
automatically be forwarded to the remote nodes.
--------------------------------------------------------------------------
--------------------------------------------------------------------------
mpirun noticed that the job aborted, but has no info as to the process
that caused that situation.
--------------------------------------------------------------------------
mpirun: clean termination accomplished

Permission denied, please try again.
Permission denied, please try again.
Permission denied (publickey,gssapi-with-mic,password).
--------------------------------------------------------------------------
A daemon (pid 11739) died unexpectedly with status 255 while attempting
to launch so we are aborting.

There may be more information reported by the environment (see above).

This may be because the daemon was unable to find all the needed shared
libraries on the remote node. You may set your LD_LIBRARY_PATH to have the
location of the shared libraries on the remote nodes and this will
automatically be forwarded to the remote nodes.
--------------------------------------------------------------------------
--------------------------------------------------------------------------
mpirun noticed that the job aborted, but has no info as to the process
that caused that situation.
--------------------------------------------------------------------------
mpirun: clean termination accomplished

Permission denied, please try again.
Permission denied, please try again.
Permission denied (publickey,gssapi-with-mic,password).
--------------------------------------------------------------------------
A daemon (pid 11741) died unexpectedly with status 255 while attempting
to launch so we are aborting.

There may be more information reported by the environment (see above).

This may be because the daemon was unable to find all the needed shared
libraries on the remote node. You may set your LD_LIBRARY_PATH to have the
location of the shared libraries on the remote nodes and this will
automatically be forwarded to the remote nodes.
--------------------------------------------------------------------------
--------------------------------------------------------------------------
mpirun noticed that the job aborted, but has no info as to the process
that caused that situation.
--------------------------------------------------------------------------
mpirun: clean termination accomplished

Permission denied, please try again.
Permission denied, please try again.
Permission denied (publickey,gssapi-with-mic,password).
--------------------------------------------------------------------------
A daemon (pid 11743) died unexpectedly with status 255 while attempting
to launch so we are aborting.

There may be more information reported by the environment (see above).

This may be because the daemon was unable to find all the needed shared
libraries on the remote node. You may set your LD_LIBRARY_PATH to have the
location of the shared libraries on the remote nodes and this will
automatically be forwarded to the remote nodes.
--------------------------------------------------------------------------
--------------------------------------------------------------------------
mpirun noticed that the job aborted, but has no info as to the process
that caused that situation.
--------------------------------------------------------------------------
mpirun: clean termination accomplished

Permission denied, please try again.
Permission denied, please try again.
Permission denied (publickey,gssapi-with-mic,password).
--------------------------------------------------------------------------
A daemon (pid 11745) died unexpectedly with status 255 while attempting
to launch so we are aborting.

There may be more information reported by the environment (see above).

This may be because the daemon was unable to find all the needed shared
libraries on the remote node. You may set your LD_LIBRARY_PATH to have the
location of the shared libraries on the remote nodes and this will
automatically be forwarded to the remote nodes.
--------------------------------------------------------------------------
--------------------------------------------------------------------------
mpirun noticed that the job aborted, but has no info as to the process
that caused that situation.
--------------------------------------------------------------------------
mpirun: clean termination accomplished

Permission denied, please try again.
Permission denied, please try again.
Permission denied (publickey,gssapi-with-mic,password).
--------------------------------------------------------------------------
A daemon (pid 11751) died unexpectedly with status 255 while attempting
to launch so we are aborting.

There may be more information reported by the environment (see above).

This may be because the daemon was unable to find all the needed shared
libraries on the remote node. You may set your LD_LIBRARY_PATH to have the
location of the shared libraries on the remote nodes and this will
automatically be forwarded to the remote nodes.
--------------------------------------------------------------------------
--------------------------------------------------------------------------
mpirun noticed that the job aborted, but has no info as to the process
that caused that situation.
--------------------------------------------------------------------------
mpirun: clean termination accomplished

Permission denied, please try again.
Permission denied, please try again.
Permission denied (publickey,gssapi-with-mic,password).
--------------------------------------------------------------------------
A daemon (pid 11753) died unexpectedly with status 255 while attempting
to launch so we are aborting.

There may be more information reported by the environment (see above).

This may be because the daemon was unable to find all the needed shared
libraries on the remote node. You may set your LD_LIBRARY_PATH to have the
location of the shared libraries on the remote nodes and this will
automatically be forwarded to the remote nodes.
--------------------------------------------------------------------------
--------------------------------------------------------------------------
mpirun noticed that the job aborted, but has no info as to the process
that caused that situation.
--------------------------------------------------------------------------
mpirun: clean termination accomplished

Permission denied, please try again.
Permission denied, please try again.
Permission denied (publickey,gssapi-with-mic,password).
--------------------------------------------------------------------------
A daemon (pid 11755) died unexpectedly with status 255 while attempting
to launch so we are aborting.

There may be more information reported by the environment (see above).

This may be because the daemon was unable to find all the needed shared
libraries on the remote node. You may set your LD_LIBRARY_PATH to have the
location of the shared libraries on the remote nodes and this will
automatically be forwarded to the remote nodes.
--------------------------------------------------------------------------
--------------------------------------------------------------------------
mpirun noticed that the job aborted, but has no info as to the process
that caused that situation.
--------------------------------------------------------------------------
mpirun: clean termination accomplished

Permission denied, please try again.
Permission denied, please try again.
Permission denied (publickey,gssapi-with-mic,password).
--------------------------------------------------------------------------
A daemon (pid 11757) died unexpectedly with status 255 while attempting
to launch so we are aborting.

There may be more information reported by the environment (see above).

This may be because the daemon was unable to find all the needed shared
libraries on the remote node. You may set your LD_LIBRARY_PATH to have the
location of the shared libraries on the remote nodes and this will
automatically be forwarded to the remote nodes.
--------------------------------------------------------------------------
--------------------------------------------------------------------------
mpirun noticed that the job aborted, but has no info as to the process
that caused that situation.
--------------------------------------------------------------------------
mpirun: clean termination accomplished

Permission denied, please try again.
Permission denied, please try again.
Permission denied (publickey,gssapi-with-mic,password).
--------------------------------------------------------------------------
A daemon (pid 11759) died unexpectedly with status 255 while attempting
to launch so we are aborting.

There may be more information reported by the environment (see above).

This may be because the daemon was unable to find all the needed shared
libraries on the remote node. You may set your LD_LIBRARY_PATH to have the
location of the shared libraries on the remote nodes and this will
automatically be forwarded to the remote nodes.
--------------------------------------------------------------------------
--------------------------------------------------------------------------
mpirun noticed that the job aborted, but has no info as to the process
that caused that situation.
--------------------------------------------------------------------------
mpirun: clean termination accomplished

Permission denied, please try again.
Permission denied, please try again.
Permission denied (publickey,gssapi-with-mic,password).
--------------------------------------------------------------------------
A daemon (pid 11765) died unexpectedly with status 255 while attempting
to launch so we are aborting.

There may be more information reported by the environment (see above).

This may be because the daemon was unable to find all the needed shared
libraries on the remote node. You may set your LD_LIBRARY_PATH to have the
location of the shared libraries on the remote nodes and this will
automatically be forwarded to the remote nodes.
--------------------------------------------------------------------------
--------------------------------------------------------------------------
mpirun noticed that the job aborted, but has no info as to the process
that caused that situation.
--------------------------------------------------------------------------
mpirun: clean termination accomplished

Permission denied, please try again.
Permission denied, please try again.
Permission denied (publickey,gssapi-with-mic,password).
--------------------------------------------------------------------------
A daemon (pid 11767) died unexpectedly with status 255 while attempting
to launch so we are aborting.

There may be more information reported by the environment (see above).

This may be because the daemon was unable to find all the needed shared
libraries on the remote node. You may set your LD_LIBRARY_PATH to have the
location of the shared libraries on the remote nodes and this will
automatically be forwarded to the remote nodes.
--------------------------------------------------------------------------
--------------------------------------------------------------------------
mpirun noticed that the job aborted, but has no info as to the process
that caused that situation.
--------------------------------------------------------------------------
mpirun: clean termination accomplished

Permission denied, please try again.
Permission denied, please try again.
Permission denied (publickey,gssapi-with-mic,password).
--------------------------------------------------------------------------
A daemon (pid 11769) died unexpectedly with status 255 while attempting
to launch so we are aborting.

There may be more information reported by the environment (see above).

This may be because the daemon was unable to find all the needed shared
libraries on the remote node. You may set your LD_LIBRARY_PATH to have the
location of the shared libraries on the remote nodes and this will
automatically be forwarded to the remote nodes.
--------------------------------------------------------------------------
--------------------------------------------------------------------------
mpirun noticed that the job aborted, but has no info as to the process
that caused that situation.
--------------------------------------------------------------------------
mpirun: clean termination accomplished

Permission denied, please try again.
Permission denied, please try again.
Permission denied (publickey,gssapi-with-mic,password).
--------------------------------------------------------------------------
A daemon (pid 11771) died unexpectedly with status 255 while attempting
to launch so we are aborting.

There may be more information reported by the environment (see above).

This may be because the daemon was unable to find all the needed shared
libraries on the remote node. You may set your LD_LIBRARY_PATH to have the
location of the shared libraries on the remote nodes and this will
automatically be forwarded to the remote nodes.
--------------------------------------------------------------------------
--------------------------------------------------------------------------
mpirun noticed that the job aborted, but has no info as to the process
that caused that situation.
--------------------------------------------------------------------------
mpirun: clean termination accomplished

Permission denied, please try again.
Permission denied, please try again.
Permission denied (publickey,gssapi-with-mic,password).
--------------------------------------------------------------------------
A daemon (pid 11773) died unexpectedly with status 255 while attempting
to launch so we are aborting.

There may be more information reported by the environment (see above).

This may be because the daemon was unable to find all the needed shared
libraries on the remote node. You may set your LD_LIBRARY_PATH to have the
location of the shared libraries on the remote nodes and this will
automatically be forwarded to the remote nodes.
--------------------------------------------------------------------------
--------------------------------------------------------------------------
mpirun noticed that the job aborted, but has no info as to the process
that caused that situation.
--------------------------------------------------------------------------
mpirun: clean termination accomplished

Permission denied, please try again.
Permission denied, please try again.
Permission denied (publickey,gssapi-with-mic,password).
--------------------------------------------------------------------------
A daemon (pid 11779) died unexpectedly with status 255 while attempting
to launch so we are aborting.

There may be more information reported by the environment (see above).

This may be because the daemon was unable to find all the needed shared
libraries on the remote node. You may set your LD_LIBRARY_PATH to have the
location of the shared libraries on the remote nodes and this will
automatically be forwarded to the remote nodes.
--------------------------------------------------------------------------
--------------------------------------------------------------------------
mpirun noticed that the job aborted, but has no info as to the process
that caused that situation.
--------------------------------------------------------------------------
mpirun: clean termination accomplished

Permission denied, please try again.
Permission denied, please try again.
Permission denied (publickey,gssapi-with-mic,password).
--------------------------------------------------------------------------
A daemon (pid 11781) died unexpectedly with status 255 while attempting
to launch so we are aborting.

There may be more information reported by the environment (see above).

This may be because the daemon was unable to find all the needed shared
libraries on the remote node. You may set your LD_LIBRARY_PATH to have the
location of the shared libraries on the remote nodes and this will
automatically be forwarded to the remote nodes.
--------------------------------------------------------------------------
--------------------------------------------------------------------------
mpirun noticed that the job aborted, but has no info as to the process
that caused that situation.
--------------------------------------------------------------------------
mpirun: clean termination accomplished

Permission denied, please try again.
Permission denied, please try again.
Permission denied (publickey,gssapi-with-mic,password).
--------------------------------------------------------------------------
A daemon (pid 11783) died unexpectedly with status 255 while attempting
to launch so we are aborting.

There may be more information reported by the environment (see above).

This may be because the daemon was unable to find all the needed shared
libraries on the remote node. You may set your LD_LIBRARY_PATH to have the
location of the shared libraries on the remote nodes and this will
automatically be forwarded to the remote nodes.
--------------------------------------------------------------------------
--------------------------------------------------------------------------
mpirun noticed that the job aborted, but has no info as to the process
that caused that situation.
--------------------------------------------------------------------------
mpirun: clean termination accomplished

Permission denied, please try again.
Permission denied, please try again.
Permission denied (publickey,gssapi-with-mic,password).
--------------------------------------------------------------------------
A daemon (pid 11785) died unexpectedly with status 255 while attempting
to launch so we are aborting.

There may be more information reported by the environment (see above).

This may be because the daemon was unable to find all the needed shared
libraries on the remote node. You may set your LD_LIBRARY_PATH to have the
location of the shared libraries on the remote nodes and this will
automatically be forwarded to the remote nodes.
--------------------------------------------------------------------------
--------------------------------------------------------------------------
mpirun noticed that the job aborted, but has no info as to the process
that caused that situation.
--------------------------------------------------------------------------
mpirun: clean termination accomplished

Permission denied, please try again.
Permission denied, please try again.
Permission denied (publickey,gssapi-with-mic,password).
--------------------------------------------------------------------------
A daemon (pid 11787) died unexpectedly with status 255 while attempting
to launch so we are aborting.

There may be more information reported by the environment (see above).

This may be because the daemon was unable to find all the needed shared
libraries on the remote node. You may set your LD_LIBRARY_PATH to have the
location of the shared libraries on the remote nodes and this will
automatically be forwarded to the remote nodes.
--------------------------------------------------------------------------
--------------------------------------------------------------------------
mpirun noticed that the job aborted, but has no info as to the process
that caused that situation.
--------------------------------------------------------------------------
mpirun: clean termination accomplished

Permission denied, please try again.
Permission denied, please try again.
Permission denied (publickey,gssapi-with-mic,password).
--------------------------------------------------------------------------
A daemon (pid 11793) died unexpectedly with status 255 while attempting
to launch so we are aborting.

There may be more information reported by the environment (see above).

This may be because the daemon was unable to find all the needed shared
libraries on the remote node. You may set your LD_LIBRARY_PATH to have the
location of the shared libraries on the remote nodes and this will
automatically be forwarded to the remote nodes.
--------------------------------------------------------------------------
--------------------------------------------------------------------------
mpirun noticed that the job aborted, but has no info as to the process
that caused that situation.
--------------------------------------------------------------------------
mpirun: clean termination accomplished

Permission denied, please try again.
Permission denied, please try again.
Permission denied (publickey,gssapi-with-mic,password).
--------------------------------------------------------------------------
A daemon (pid 11795) died unexpectedly with status 255 while attempting
to launch so we are aborting.

There may be more information reported by the environment (see above).

This may be because the daemon was unable to find all the needed shared
libraries on the remote node. You may set your LD_LIBRARY_PATH to have the
location of the shared libraries on the remote nodes and this will
automatically be forwarded to the remote nodes.
--------------------------------------------------------------------------
--------------------------------------------------------------------------
mpirun noticed that the job aborted, but has no info as to the process
that caused that situation.
--------------------------------------------------------------------------
mpirun: clean termination accomplished

Permission denied, please try again.
Permission denied, please try again.
Permission denied (publickey,gssapi-with-mic,password).
--------------------------------------------------------------------------
A daemon (pid 11797) died unexpectedly with status 255 while attempting
to launch so we are aborting.

There may be more information reported by the environment (see above).

This may be because the daemon was unable to find all the needed shared
libraries on the remote node. You may set your LD_LIBRARY_PATH to have the
location of the shared libraries on the remote nodes and this will
automatically be forwarded to the remote nodes.
--------------------------------------------------------------------------
--------------------------------------------------------------------------
mpirun noticed that the job aborted, but has no info as to the process
that caused that situation.
--------------------------------------------------------------------------
mpirun: clean termination accomplished

Permission denied, please try again.
Permission denied, please try again.
Permission denied (publickey,gssapi-with-mic,password).
--------------------------------------------------------------------------
A daemon (pid 11799) died unexpectedly with status 255 while attempting
to launch so we are aborting.

There may be more information reported by the environment (see above).

This may be because the daemon was unable to find all the needed shared
libraries on the remote node. You may set your LD_LIBRARY_PATH to have the
location of the shared libraries on the remote nodes and this will
automatically be forwarded to the remote nodes.
--------------------------------------------------------------------------
--------------------------------------------------------------------------
mpirun noticed that the job aborted, but has no info as to the process
that caused that situation.
--------------------------------------------------------------------------
mpirun: clean termination accomplished

Permission denied, please try again.
Permission denied, please try again.
Permission denied (publickey,gssapi-with-mic,password).
--------------------------------------------------------------------------
A daemon (pid 11801) died unexpectedly with status 255 while attempting
to launch so we are aborting.

There may be more information reported by the environment (see above).

This may be because the daemon was unable to find all the needed shared
libraries on the remote node. You may set your LD_LIBRARY_PATH to have the
location of the shared libraries on the remote nodes and this will
automatically be forwarded to the remote nodes.
--------------------------------------------------------------------------
--------------------------------------------------------------------------
mpirun noticed that the job aborted, but has no info as to the process
that caused that situation.
--------------------------------------------------------------------------
mpirun: clean termination accomplished

Permission denied, please try again.
Permission denied, please try again.
Permission denied (publickey,gssapi-with-mic,password).
--------------------------------------------------------------------------
A daemon (pid 11807) died unexpectedly with status 255 while attempting
to launch so we are aborting.

There may be more information reported by the environment (see above).

This may be because the daemon was unable to find all the needed shared
libraries on the remote node. You may set your LD_LIBRARY_PATH to have the
location of the shared libraries on the remote nodes and this will
automatically be forwarded to the remote nodes.
--------------------------------------------------------------------------
--------------------------------------------------------------------------
mpirun noticed that the job aborted, but has no info as to the process
that caused that situation.
--------------------------------------------------------------------------
mpirun: clean termination accomplished

Permission denied, please try again.
Permission denied, please try again.
Permission denied (publickey,gssapi-with-mic,password).
--------------------------------------------------------------------------
A daemon (pid 11809) died unexpectedly with status 255 while attempting
to launch so we are aborting.

There may be more information reported by the environment (see above).

This may be because the daemon was unable to find all the needed shared
libraries on the remote node. You may set your LD_LIBRARY_PATH to have the
location of the shared libraries on the remote nodes and this will
automatically be forwarded to the remote nodes.
--------------------------------------------------------------------------
--------------------------------------------------------------------------
mpirun noticed that the job aborted, but has no info as to the process
that caused that situation.
--------------------------------------------------------------------------
mpirun: clean termination accomplished

Permission denied, please try again.
Permission denied, please try again.
Permission denied (publickey,gssapi-with-mic,password).
--------------------------------------------------------------------------
A daemon (pid 11811) died unexpectedly with status 255 while attempting
to launch so we are aborting.

There may be more information reported by the environment (see above).

This may be because the daemon was unable to find all the needed shared
libraries on the remote node. You may set your LD_LIBRARY_PATH to have the
location of the shared libraries on the remote nodes and this will
automatically be forwarded to the remote nodes.
--------------------------------------------------------------------------
--------------------------------------------------------------------------
mpirun noticed that the job aborted, but has no info as to the process
that caused that situation.
--------------------------------------------------------------------------
mpirun: clean termination accomplished

Permission denied, please try again.
Permission denied, please try again.
Permission denied (publickey,gssapi-with-mic,password).
--------------------------------------------------------------------------
A daemon (pid 11813) died unexpectedly with status 255 while attempting
to launch so we are aborting.

There may be more information reported by the environment (see above).

This may be because the daemon was unable to find all the needed shared
libraries on the remote node. You may set your LD_LIBRARY_PATH to have the
location of the shared libraries on the remote nodes and this will
automatically be forwarded to the remote nodes.
--------------------------------------------------------------------------
--------------------------------------------------------------------------
mpirun noticed that the job aborted, but has no info as to the process
that caused that situation.
--------------------------------------------------------------------------
mpirun: clean termination accomplished

Permission denied, please try again.
Permission denied, please try again.
Permission denied (publickey,gssapi-with-mic,password).
--------------------------------------------------------------------------
A daemon (pid 11815) died unexpectedly with status 255 while attempting
to launch so we are aborting.

There may be more information reported by the environment (see above).

This may be because the daemon was unable to find all the needed shared
libraries on the remote node. You may set your LD_LIBRARY_PATH to have the
location of the shared libraries on the remote nodes and this will
automatically be forwarded to the remote nodes.
--------------------------------------------------------------------------
--------------------------------------------------------------------------
mpirun noticed that the job aborted, but has no info as to the process
that caused that situation.
--------------------------------------------------------------------------
mpirun: clean termination accomplished

Permission denied, please try again.
Permission denied, please try again.
Permission denied (publickey,gssapi-with-mic,password).
--------------------------------------------------------------------------
A daemon (pid 11821) died unexpectedly with status 255 while attempting
to launch so we are aborting.

There may be more information reported by the environment (see above).

This may be because the daemon was unable to find all the needed shared
libraries on the remote node. You may set your LD_LIBRARY_PATH to have the
location of the shared libraries on the remote nodes and this will
automatically be forwarded to the remote nodes.
--------------------------------------------------------------------------
--------------------------------------------------------------------------
mpirun noticed that the job aborted, but has no info as to the process
that caused that situation.
--------------------------------------------------------------------------
mpirun: clean termination accomplished

Permission denied, please try again.
Permission denied, please try again.
Permission denied (publickey,gssapi-with-mic,password).
--------------------------------------------------------------------------
A daemon (pid 11823) died unexpectedly with status 255 while attempting
to launch so we are aborting.

There may be more information reported by the environment (see above).

This may be because the daemon was unable to find all the needed shared
libraries on the remote node. You may set your LD_LIBRARY_PATH to have the
location of the shared libraries on the remote nodes and this will
automatically be forwarded to the remote nodes.
--------------------------------------------------------------------------
--------------------------------------------------------------------------
mpirun noticed that the job aborted, but has no info as to the process
that caused that situation.
--------------------------------------------------------------------------
mpirun: clean termination accomplished

Permission denied, please try again.
Permission denied, please try again.
Permission denied (publickey,gssapi-with-mic,password).
--------------------------------------------------------------------------
A daemon (pid 11825) died unexpectedly with status 255 while attempting
to launch so we are aborting.

There may be more information reported by the environment (see above).

This may be because the daemon was unable to find all the needed shared
libraries on the remote node. You may set your LD_LIBRARY_PATH to have the
location of the shared libraries on the remote nodes and this will
automatically be forwarded to the remote nodes.
--------------------------------------------------------------------------
--------------------------------------------------------------------------
mpirun noticed that the job aborted, but has no info as to the process
that caused that situation.
--------------------------------------------------------------------------
mpirun: clean termination accomplished

Permission denied, please try again.
Permission denied, please try again.
Permission denied (publickey,gssapi-with-mic,password).
--------------------------------------------------------------------------
A daemon (pid 11827) died unexpectedly with status 255 while attempting
to launch so we are aborting.

There may be more information reported by the environment (see above).

This may be because the daemon was unable to find all the needed shared
libraries on the remote node. You may set your LD_LIBRARY_PATH to have the
location of the shared libraries on the remote nodes and this will
automatically be forwarded to the remote nodes.
--------------------------------------------------------------------------
--------------------------------------------------------------------------
mpirun noticed that the job aborted, but has no info as to the process
that caused that situation.
--------------------------------------------------------------------------
mpirun: clean termination accomplished

Permission denied, please try again.
Permission denied, please try again.
Permission denied (publickey,gssapi-with-mic,password).
--------------------------------------------------------------------------
A daemon (pid 11829) died unexpectedly with status 255 while attempting
to launch so we are aborting.

There may be more information reported by the environment (see above).

This may be because the daemon was unable to find all the needed shared
libraries on the remote node. You may set your LD_LIBRARY_PATH to have the
location of the shared libraries on the remote nodes and this will
automatically be forwarded to the remote nodes.
--------------------------------------------------------------------------
--------------------------------------------------------------------------
mpirun noticed that the job aborted, but has no info as to the process
that caused that situation.
--------------------------------------------------------------------------
mpirun: clean termination accomplished

Permission denied, please try again.
Permission denied, please try again.
Permission denied (publickey,gssapi-with-mic,password).
--------------------------------------------------------------------------
A daemon (pid 11835) died unexpectedly with status 255 while attempting
to launch so we are aborting.

There may be more information reported by the environment (see above).

This may be because the daemon was unable to find all the needed shared
libraries on the remote node. You may set your LD_LIBRARY_PATH to have the
location of the shared libraries on the remote nodes and this will
automatically be forwarded to the remote nodes.
--------------------------------------------------------------------------
--------------------------------------------------------------------------
mpirun noticed that the job aborted, but has no info as to the process
that caused that situation.
--------------------------------------------------------------------------
mpirun: clean termination accomplished

Permission denied, please try again.
Permission denied, please try again.
Permission denied (publickey,gssapi-with-mic,password).
--------------------------------------------------------------------------
A daemon (pid 11837) died unexpectedly with status 255 while attempting
to launch so we are aborting.

There may be more information reported by the environment (see above).

This may be because the daemon was unable to find all the needed shared
libraries on the remote node. You may set your LD_LIBRARY_PATH to have the
location of the shared libraries on the remote nodes and this will
automatically be forwarded to the remote nodes.
--------------------------------------------------------------------------
--------------------------------------------------------------------------
mpirun noticed that the job aborted, but has no info as to the process
that caused that situation.
--------------------------------------------------------------------------
mpirun: clean termination accomplished

Permission denied, please try again.
Permission denied, please try again.
Permission denied (publickey,gssapi-with-mic,password).
--------------------------------------------------------------------------
A daemon (pid 11839) died unexpectedly with status 255 while attempting
to launch so we are aborting.

There may be more information reported by the environment (see above).

This may be because the daemon was unable to find all the needed shared
libraries on the remote node. You may set your LD_LIBRARY_PATH to have the
location of the shared libraries on the remote nodes and this will
automatically be forwarded to the remote nodes.
--------------------------------------------------------------------------
--------------------------------------------------------------------------
mpirun noticed that the job aborted, but has no info as to the process
that caused that situation.
--------------------------------------------------------------------------
mpirun: clean termination accomplished

Permission denied, please try again.
Permission denied, please try again.
Permission denied (publickey,gssapi-with-mic,password).
--------------------------------------------------------------------------
A daemon (pid 11841) died unexpectedly with status 255 while attempting
to launch so we are aborting.

There may be more information reported by the environment (see above).

This may be because the daemon was unable to find all the needed shared
libraries on the remote node. You may set your LD_LIBRARY_PATH to have the
location of the shared libraries on the remote nodes and this will
automatically be forwarded to the remote nodes.
--------------------------------------------------------------------------
--------------------------------------------------------------------------
mpirun noticed that the job aborted, but has no info as to the process
that caused that situation.
--------------------------------------------------------------------------
mpirun: clean termination accomplished

Permission denied, please try again.
Permission denied, please try again.
Permission denied (publickey,gssapi-with-mic,password).
--------------------------------------------------------------------------
A daemon (pid 11843) died unexpectedly with status 255 while attempting
to launch so we are aborting.

There may be more information reported by the environment (see above).

This may be because the daemon was unable to find all the needed shared
libraries on the remote node. You may set your LD_LIBRARY_PATH to have the
location of the shared libraries on the remote nodes and this will
automatically be forwarded to the remote nodes.
--------------------------------------------------------------------------
--------------------------------------------------------------------------
mpirun noticed that the job aborted, but has no info as to the process
that caused that situation.
--------------------------------------------------------------------------
mpirun: clean termination accomplished

