mask size = 2

starting radix sort...finished

CORRECT! Result is ordered
CORRECT! Result is orderedCORRECT! Result is ordered
CORRECT! Result is ordered

mask size = 2

starting radix sort...finished

CORRECT! Result is ordered
CORRECT! Result is orderedCORRECT! Result is ordered
CORRECT! Result is ordered

mask size = 2

starting radix sort...finished

CORRECT! Result is ordered
CORRECT! Result is ordered
CORRECT! Result is ordered
CORRECT! Result is ordered
mask size = 2

starting radix sort...finished

CORRECT! Result is ordered
CORRECT! Result is ordered
CORRECT! Result is ordered
CORRECT! Result is ordered
mask size = 2

starting radix sort...finished

CORRECT! Result is ordered
CORRECT! Result is orderedCORRECT! Result is orderedCORRECT! Result is ordered


mask size = 2

starting radix sort...finished

CORRECT! Result is ordered
CORRECT! Result is orderedCORRECT! Result is orderedCORRECT! Result is ordered

CORRECT! Result is ordered
CORRECT! Result is ordered
CORRECT! Result is ordered

CORRECT! Result is ordered
mask size = 2

starting radix sort...finished

CORRECT! Result is ordered
CORRECT! Result is orderedCORRECT! Result is ordered
CORRECT! Result is ordered
CORRECT! Result is ordered
CORRECT! Result is ordered
CORRECT! Result is ordered
CORRECT! Result is ordered

mask size = 2

starting radix sort...finished

CORRECT! Result is ordered
CORRECT! Result is orderedCORRECT! Result is orderedCORRECT! Result is orderedCORRECT! Result is ordered
CORRECT! Result is ordered
CORRECT! Result is ordered
CORRECT! Result is ordered



mask size = 2

starting radix sort...finished

CORRECT! Result is ordered
CORRECT! Result is orderedCORRECT! Result is orderedCORRECT! Result is orderedCORRECT! Result is ordered
CORRECT! Result is ordered

CORRECT! Result is ordered

CORRECT! Result is ordered

mask size = 2

starting radix sort...finished

CORRECT! Result is ordered
CORRECT! Result is orderedCORRECT! Result is orderedCORRECT! Result is orderedCORRECT! Result is ordered
CORRECT! Result is ordered

CORRECT! Result is ordered

CORRECT! Result is ordered

mask size = 2

starting radix sort...finished

CORRECT! Result is ordered
CORRECT! Result is ordered
CORRECT! Result is ordered
CORRECT! Result is ordered
mask size = 2

starting radix sort...finished

CORRECT! Result is ordered
CORRECT! Result is ordered
CORRECT! Result is orderedCORRECT! Result is ordered

mask size = 2

starting radix sort...finished

CORRECT! Result is ordered
CORRECT! Result is ordered
CORRECT! Result is ordered
CORRECT! Result is ordered
mask size = 2

starting radix sort...finished

CORRECT! Result is ordered
CORRECT! Result is ordered
CORRECT! Result is ordered
CORRECT! Result is ordered
mask size = 2

starting radix sort...finished

CORRECT! Result is ordered
CORRECT! Result is ordered
CORRECT! Result is ordered
CORRECT! Result is ordered
mask size = 2

starting radix sort...finished

CORRECT! Result is ordered
CORRECT! Result is ordered
CORRECT! Result is ordered
CORRECT! Result is ordered
CORRECT! Result is ordered
CORRECT! Result is ordered
CORRECT! Result is ordered
CORRECT! Result is ordered
mask size = 2

starting radix sort...finished

CORRECT! Result is ordered
CORRECT! Result is ordered
CORRECT! Result is ordered
CORRECT! Result is ordered
CORRECT! Result is ordered
CORRECT! Result is ordered
CORRECT! Result is ordered
CORRECT! Result is ordered
mask size = 2

starting radix sort...finished

CORRECT! Result is ordered
CORRECT! Result is ordered
CORRECT! Result is ordered
CORRECT! Result is ordered
CORRECT! Result is ordered
CORRECT! Result is ordered
CORRECT! Result is ordered
CORRECT! Result is ordered
mask size = 2

starting radix sort...finished

CORRECT! Result is ordered
CORRECT! Result is ordered
CORRECT! Result is ordered
CORRECT! Result is ordered
CORRECT! Result is ordered
CORRECT! Result is ordered
CORRECT! Result is ordered
CORRECT! Result is ordered
mask size = 2

starting radix sort...finished

CORRECT! Result is ordered
CORRECT! Result is ordered
CORRECT! Result is ordered
CORRECT! Result is ordered
CORRECT! Result is ordered
CORRECT! Result is ordered
CORRECT! Result is ordered
CORRECT! Result is ordered
mask size = 2

starting radix sort...finished

CORRECT! Result is ordered
CORRECT! Result is orderedCORRECT! Result is orderedCORRECT! Result is ordered


mask size = 2

starting radix sort...finished

CORRECT! Result is ordered
CORRECT! Result is ordered
CORRECT! Result is ordered
CORRECT! Result is ordered
mask size = 2

starting radix sort...finished

CORRECT! Result is ordered
CORRECT! Result is orderedCORRECT! Result is ordered

CORRECT! Result is ordered
mask size = 2

starting radix sort...finished

CORRECT! Result is ordered
CORRECT! Result is ordered
CORRECT! Result is ordered
CORRECT! Result is ordered
mask size = 2

starting radix sort...finished

CORRECT! Result is ordered
CORRECT! Result is ordered
CORRECT! Result is ordered
CORRECT! Result is ordered
mask size = 2

starting radix sort...finished

CORRECT! Result is ordered
CORRECT! Result is ordered
CORRECT! Result is ordered
CORRECT! Result is ordered
CORRECT! Result is ordered
CORRECT! Result is ordered
CORRECT! Result is ordered
CORRECT! Result is ordered
mask size = 2

starting radix sort...CORRECT! Result is ordered
CORRECT! Result is ordered
finished

CORRECT! Result is ordered
CORRECT! Result is ordered
CORRECT! Result is ordered
CORRECT! Result is ordered
CORRECT! Result is ordered
CORRECT! Result is ordered
mask size = 2

starting radix sort...finished

CORRECT! Result is ordered
CORRECT! Result is ordered
CORRECT! Result is ordered
CORRECT! Result is ordered
CORRECT! Result is ordered
CORRECT! Result is ordered
CORRECT! Result is ordered
CORRECT! Result is ordered
mask size = 2

starting radix sort...finished

CORRECT! Result is ordered
CORRECT! Result is ordered
CORRECT! Result is ordered
CORRECT! Result is ordered
CORRECT! Result is ordered
CORRECT! Result is ordered
CORRECT! Result is ordered
CORRECT! Result is ordered
mask size = 2

starting radix sort...finished

CORRECT! Result is ordered
CORRECT! Result is ordered
CORRECT! Result is ordered
CORRECT! Result is ordered
CORRECT! Result is ordered
CORRECT! Result is ordered
CORRECT! Result is ordered
CORRECT! Result is ordered
mask size = 2

starting radix sort...[compute-511-1:04854] *** Process received signal ***
[compute-511-1:04854] Signal: Segmentation fault (11)
[compute-511-1:04854] Signal code: Address not mapped (1)
[compute-511-1:04854] Failing at address: 0x1f4c14a8
[compute-511-1:04854] [ 0] /lib64/libpthread.so.0 [0x3ea2a0e4c0]
[compute-511-1:04854] [ 1] /lib64/libc.so.6(memcpy+0x15b) [0x3ea1e7b59b]
[compute-511-1:04854] [ 2] /opt/openmpi/lib/libmpi.so.0(ompi_convertor_pack+0x12c) [0x2aec7b7fc96c]
[compute-511-1:04854] [ 3] /opt/openmpi/lib/libmpi.so.0 [0x2aec7b82c46a]
[compute-511-1:04854] [ 4] /opt/openmpi/lib/libmpi.so.0 [0x2aec7b89786a]
[compute-511-1:04854] [ 5] /opt/openmpi/lib/libmpi.so.0 [0x2aec7b8919e8]
[compute-511-1:04854] [ 6] /opt/openmpi/lib/libmpi.so.0 [0x2aec7b82da79]
[compute-511-1:04854] [ 7] /opt/openmpi/lib/libopen-pal.so.0(opal_progress+0x5a) [0x2aec7be0e45a]
[compute-511-1:04854] [ 8] /opt/openmpi/lib/libmpi.so.0 [0x2aec7b7ef005]
[compute-511-1:04854] [ 9] /opt/openmpi/lib/libmpi.so.0 [0x2aec7b832067]
[compute-511-1:04854] [10] /opt/openmpi/lib/libmpi.so.0 [0x2aec7b83b2fc]
[compute-511-1:04854] [11] /opt/openmpi/lib/libmpi.so.0(MPI_Barrier+0x7c) [0x2aec7b80377c]
[compute-511-1:04854] [12] bin/radix.mpi(main+0x335) [0x40b695]
[compute-511-1:04854] [13] /lib64/libc.so.6(__libc_start_main+0xf4) [0x3ea1e1d974]
[compute-511-1:04854] [14] bin/radix.mpi(__gxx_personality_v0+0x1a1) [0x409349]
[compute-511-1:04854] *** End of error message ***
--------------------------------------------------------------------------
mpirun noticed that process rank 2 with PID 4854 on node compute-511-1.local exited on signal 11 (Segmentation fault).
--------------------------------------------------------------------------
mask size = 2

starting radix sort...[compute-511-1:04884] *** Process received signal ***
[compute-511-1:04884] Signal: Segmentation fault (11)
[compute-511-1:04884] Signal code: Address not mapped (1)
[compute-511-1:04884] Failing at address: 0x11a27e48
[compute-511-1:04884] [ 0] /lib64/libpthread.so.0 [0x3ea2a0e4c0]
[compute-511-1:04884] [ 1] /lib64/libc.so.6(memcpy+0x15b) [0x3ea1e7b59b]
[compute-511-1:04884] [ 2] /opt/openmpi/lib/libmpi.so.0(ompi_convertor_pack+0x12c) [0x2b349f0c796c]
[compute-511-1:04884] [ 3] /opt/openmpi/lib/libmpi.so.0 [0x2b349f0f746a]
[compute-511-1:04884] [ 4] /opt/openmpi/lib/libmpi.so.0 [0x2b349f16286a]
[compute-511-1:04884] [ 5] /opt/openmpi/lib/libmpi.so.0 [0x2b349f15c9e8]
[compute-511-1:04884] [ 6] /opt/openmpi/lib/libmpi.so.0 [0x2b349f0f8a79]
[compute-511-1:04884] [ 7] /opt/openmpi/lib/libopen-pal.so.0(opal_progress+0x5a) [0x2b349f6d945a]
[compute-511-1:04884] [ 8] /opt/openmpi/lib/libmpi.so.0 [0x2b349f0ba005]
[compute-511-1:04884] [ 9] /opt/openmpi/lib/libmpi.so.0 [0x2b349f0fd067]
[compute-511-1:04884] [10] /opt/openmpi/lib/libmpi.so.0 [0x2b349f1062fc]
[compute-511-1:04884] [11] /opt/openmpi/lib/libmpi.so.0(MPI_Barrier+0x7c) [0x2b349f0ce77c]
[compute-511-1:04884] [12] bin/radix.mpi(main+0x335) [0x40b695]
[compute-511-1:04884] [13] /lib64/libc.so.6(__libc_start_main+0xf4) [0x3ea1e1d974]
[compute-511-1:04884] [14] bin/radix.mpi(__gxx_personality_v0+0x1a1) [0x409349]
[compute-511-1:04884] *** End of error message ***
--------------------------------------------------------------------------
mpirun noticed that process rank 2 with PID 4884 on node compute-511-1.local exited on signal 11 (Segmentation fault).
--------------------------------------------------------------------------
mask size = 2

starting radix sort...[compute-511-1:04889] *** Process received signal ***
[compute-511-1:04889] Signal: Segmentation fault (11)
[compute-511-1:04889] Signal code: Address not mapped (1)
[compute-511-1:04889] Failing at address: 0x191b61f8
[compute-511-1:04889] [ 0] /lib64/libpthread.so.0 [0x3ea2a0e4c0]
[compute-511-1:04889] [ 1] /lib64/libc.so.6(memcpy+0x15b) [0x3ea1e7b59b]
[compute-511-1:04889] [ 2] /opt/openmpi/lib/libmpi.so.0(ompi_convertor_pack+0x12c) [0x2abc9a10996c]
[compute-511-1:04889] [ 3] /opt/openmpi/lib/libmpi.so.0 [0x2abc9a13946a]
[compute-511-1:04889] [ 4] /opt/openmpi/lib/libmpi.so.0 [0x2abc9a1a486a]
[compute-511-1:04889] [ 5] /opt/openmpi/lib/libmpi.so.0 [0x2abc9a19e9e8]
[compute-511-1:04889] [ 6] /opt/openmpi/lib/libmpi.so.0 [0x2abc9a13aa79]
[compute-511-1:04889] [ 7] /opt/openmpi/lib/libopen-pal.so.0(opal_progress+0x5a) [0x2abc9a71b45a]
[compute-511-1:04889] [ 8] /opt/openmpi/lib/libmpi.so.0 [0x2abc9a0fc005]
[compute-511-1:04889] [ 9] /opt/openmpi/lib/libmpi.so.0 [0x2abc9a13f067]
[compute-511-1:04889] [10] /opt/openmpi/lib/libmpi.so.0 [0x2abc9a1482fc]
[compute-511-1:04889] [11] /opt/openmpi/lib/libmpi.so.0(MPI_Barrier+0x7c) [0x2abc9a11077c]
[compute-511-1:04889] [12] bin/radix.mpi(main+0x335) [0x40b695]
[compute-511-1:04889] [13] /lib64/libc.so.6(__libc_start_main+0xf4) [0x3ea1e1d974]
[compute-511-1:04889] [14] bin/radix.mpi(__gxx_personality_v0+0x1a1) [0x409349]
[compute-511-1:04889] *** End of error message ***
--------------------------------------------------------------------------
mpirun noticed that process rank 2 with PID 4889 on node compute-511-1.local exited on signal 11 (Segmentation fault).
--------------------------------------------------------------------------
mask size = 2

starting radix sort...[compute-511-1:04922] *** Process received signal ***
[compute-511-1:04922] Signal: Segmentation fault (11)
[compute-511-1:04922] Signal code: Address not mapped (1)
[compute-511-1:04922] Failing at address: 0x66bd138
[compute-511-1:04922] [ 0] /lib64/libpthread.so.0 [0x3ea2a0e4c0]
[compute-511-1:04922] [ 1] /lib64/libc.so.6(memcpy+0x15b) [0x3ea1e7b59b]
[compute-511-1:04922] [ 2] /opt/openmpi/lib/libmpi.so.0(ompi_convertor_pack+0x12c) [0x2ba79e0fe96c]
[compute-511-1:04922] [ 3] /opt/openmpi/lib/libmpi.so.0 [0x2ba79e12e46a]
[compute-511-1:04922] [ 4] /opt/openmpi/lib/libmpi.so.0 [0x2ba79e19986a]
[compute-511-1:04922] [ 5] /opt/openmpi/lib/libmpi.so.0 [0x2ba79e1939e8]
[compute-511-1:04922] [ 6] /opt/openmpi/lib/libmpi.so.0 [0x2ba79e12fa79]
[compute-511-1:04922] [ 7] /opt/openmpi/lib/libopen-pal.so.0(opal_progress+0x5a) [0x2ba79e71045a]
[compute-511-1:04922] [ 8] /opt/openmpi/lib/libmpi.so.0 [0x2ba79e0f1005]
[compute-511-1:04922] [ 9] /opt/openmpi/lib/libmpi.so.0 [0x2ba79e134067]
[compute-511-1:04922] [10] /opt/openmpi/lib/libmpi.so.0 [0x2ba79e13d2fc]
[compute-511-1:04922] [11] /opt/openmpi/lib/libmpi.so.0(MPI_Barrier+0x7c) [0x2ba79e10577c]
[compute-511-1:04922] [12] bin/radix.mpi(main+0x335) [0x40b695]
[compute-511-1:04922] [13] /lib64/libc.so.6(__libc_start_main+0xf4) [0x3ea1e1d974]
[compute-511-1:04922] [14] bin/radix.mpi(__gxx_personality_v0+0x1a1) [0x409349]
[compute-511-1:04922] *** End of error message ***
--------------------------------------------------------------------------
mpirun noticed that process rank 3 with PID 4922 on node compute-511-1.local exited on signal 11 (Segmentation fault).
--------------------------------------------------------------------------
mask size = 2

starting radix sort...[compute-511-1:04926] *** Process received signal ***
[compute-511-1:04926] Signal: Segmentation fault (11)
[compute-511-1:04926] Signal code: Address not mapped (1)
[compute-511-1:04926] Failing at address: 0x1b0c3000
[compute-511-1:04926] [ 0] /lib64/libpthread.so.0 [0x3ea2a0e4c0]
[compute-511-1:04926] [ 1] /lib64/libc.so.6(memcpy+0x15b) [0x3ea1e7b59b]
[compute-511-1:04926] [ 2] /opt/openmpi/lib/libmpi.so.0(ompi_convertor_pack+0x12c) [0x2b6588f0596c]
[compute-511-1:04926] [ 3] /opt/openmpi/lib/libmpi.so.0 [0x2b6588f3546a]
[compute-511-1:04926] [ 4] /opt/openmpi/lib/libmpi.so.0 [0x2b6588fa086a]
[compute-511-1:04926] [ 5] /opt/openmpi/lib/libmpi.so.0 [0x2b6588fa2bfd]
[compute-511-1:04926] [ 6] /opt/openmpi/lib/libmpi.so.0 [0x2b6588f36c1a]
[compute-511-1:04926] [ 7] /opt/openmpi/lib/libopen-pal.so.0(opal_progress+0x5a) [0x2b658951745a]
[compute-511-1:04926] [ 8] /opt/openmpi/lib/libmpi.so.0 [0x2b6588ef8005]
[compute-511-1:04926] [ 9] /opt/openmpi/lib/libmpi.so.0 [0x2b6588f3b067]
[compute-511-1:04926] [10] /opt/openmpi/lib/libmpi.so.0 [0x2b6588f442fc]
[compute-511-1:04926] [11] /opt/openmpi/lib/libmpi.so.0(MPI_Barrier+0x7c) [0x2b6588f0c77c]
[compute-511-1:04926] [12] bin/radix.mpi(main+0x335) [0x40b695]
[compute-511-1:04926] [13] /lib64/libc.so.6(__libc_start_main+0xf4) [0x3ea1e1d974]
[compute-511-1:04926] [14] bin/radix.mpi(__gxx_personality_v0+0x1a1) [0x409349]
[compute-511-1:04926] *** End of error message ***
--------------------------------------------------------------------------
mpirun noticed that process rank 2 with PID 4926 on node compute-511-1.local exited on signal 11 (Segmentation fault).
--------------------------------------------------------------------------
mask size = 2

starting radix sort...finished

CORRECT! Result is ordered
CORRECT! Result is ordered
CORRECT! Result is ordered
CORRECT! Result is ordered
CORRECT! Result is ordered
CORRECT! Result is ordered
CORRECT! Result is ordered
CORRECT! Result is ordered
mask size = 2

starting radix sort...finished

CORRECT! Result is ordered
CORRECT! Result is ordered
CORRECT! Result is ordered
CORRECT! Result is ordered
CORRECT! Result is ordered
CORRECT! Result is ordered
CORRECT! Result is ordered
CORRECT! Result is ordered
mask size = 2

starting radix sort...finished

CORRECT! Result is ordered
CORRECT! Result is ordered
CORRECT! Result is ordered
CORRECT! Result is ordered
CORRECT! Result is ordered
CORRECT! Result is ordered
CORRECT! Result is ordered
CORRECT! Result is ordered
mask size = 2

starting radix sort...finished

CORRECT! Result is orderedCORRECT! Result is ordered
CORRECT! Result is orderedCORRECT! Result is ordered


CORRECT! Result is ordered
CORRECT! Result is orderedCORRECT! Result is ordered

CORRECT! Result is ordered
mask size = 2

starting radix sort...finished

CORRECT! Result is ordered
CORRECT! Result is ordered
CORRECT! Result is ordered
CORRECT! Result is ordered
CORRECT! Result is ordered
CORRECT! Result is ordered
CORRECT! Result is ordered
CORRECT! Result is ordered
mask size = 2

starting radix sort...[compute-511-1:05136] *** Process received signal ***
[compute-511-1:05136] Signal: Segmentation fault (11)
[compute-511-1:05136] Signal code: Address not mapped (1)
[compute-511-1:05136] Failing at address: 0x2b7948d24fc8
[compute-511-1:05136] [ 0] /lib64/libpthread.so.0 [0x3ea2a0e4c0]
[compute-511-1:05136] [ 1] /lib64/libc.so.6(memcpy+0x15b) [0x3ea1e7b59b]
[compute-511-1:05136] [ 2] /opt/openmpi/lib/libmpi.so.0(ompi_convertor_pack+0x12c) [0x2b7934a8296c]
[compute-511-1:05136] [ 3] /opt/openmpi/lib/libmpi.so.0 [0x2b7934ab246a]
[compute-511-1:05136] [ 4] /opt/openmpi/lib/libmpi.so.0 [0x2b7934b1d86a]
[compute-511-1:05136] [ 5] /opt/openmpi/lib/libmpi.so.0 [0x2b7934b179e8]
[compute-511-1:05136] [ 6] /opt/openmpi/lib/libmpi.so.0 [0x2b7934ab3a79]
[compute-511-1:05136] [ 7] /opt/openmpi/lib/libopen-pal.so.0(opal_progress+0x5a) [0x2b793509445a]
[compute-511-1:05136] [ 8] /opt/openmpi/lib/libmpi.so.0 [0x2b7934a75005]
[compute-511-1:05136] [ 9] /opt/openmpi/lib/libmpi.so.0 [0x2b7934ab8067]
[compute-511-1:05136] [10] /opt/openmpi/lib/libmpi.so.0 [0x2b7934ac12fc]
[compute-511-1:05136] [11] /opt/openmpi/lib/libmpi.so.0(MPI_Barrier+0x7c) [0x2b7934a8977c]
[compute-511-1:05136] [12] bin/radix.mpi(main+0x335) [0x40b695]
[compute-511-1:05136] [13] /lib64/libc.so.6(__libc_start_main+0xf4) [0x3ea1e1d974]
[compute-511-1:05136] [14] bin/radix.mpi(__gxx_personality_v0+0x1a1) [0x409349]
[compute-511-1:05136] *** End of error message ***
--------------------------------------------------------------------------
mpirun noticed that process rank 2 with PID 5136 on node compute-511-1.local exited on signal 11 (Segmentation fault).
--------------------------------------------------------------------------
mask size = 2

starting radix sort...[compute-511-1:05213] *** Process received signal ***
[compute-511-1:05213] Signal: Segmentation fault (11)
[compute-511-1:05213] Signal code: Address not mapped (1)
[compute-511-1:05213] Failing at address: 0x2b1776a35fc8
[compute-511-1:05213] [ 0] /lib64/libpthread.so.0 [0x3ea2a0e4c0]
[compute-511-1:05213] [ 1] /lib64/libc.so.6(memcpy+0x15b) [0x3ea1e7b59b]
[compute-511-1:05213] [ 2] /opt/openmpi/lib/libmpi.so.0(ompi_convertor_pack+0x12c) [0x2b176279396c]
[compute-511-1:05213] [ 3] /opt/openmpi/lib/libmpi.so.0 [0x2b17627c346a]
[compute-511-1:05213] [ 4] /opt/openmpi/lib/libmpi.so.0 [0x2b176282e86a]
[compute-511-1:05213] [ 5] /opt/openmpi/lib/libmpi.so.0 [0x2b17628289e8]
[compute-511-1:05213] [ 6] /opt/openmpi/lib/libmpi.so.0 [0x2b17627c4a79]
[compute-511-1:05213] [ 7] /opt/openmpi/lib/libopen-pal.so.0(opal_progress+0x5a) [0x2b1762da545a]
[compute-511-1:05213] [ 8] /opt/openmpi/lib/libmpi.so.0 [0x2b1762786005]
[compute-511-1:05213] [ 9] /opt/openmpi/lib/libmpi.so.0 [0x2b17627c9067]
[compute-511-1:05213] [10] /opt/openmpi/lib/libmpi.so.0 [0x2b17627d22fc]
[compute-511-1:05213] [11] /opt/openmpi/lib/libmpi.so.0(MPI_Barrier+0x7c) [0x2b176279a77c]
[compute-511-1:05213] [12] bin/radix.mpi(main+0x335) [0x40b695]
[compute-511-1:05213] [13] /lib64/libc.so.6(__libc_start_main+0xf4) [0x3ea1e1d974]
[compute-511-1:05213] [14] bin/radix.mpi(__gxx_personality_v0+0x1a1) [0x409349]
[compute-511-1:05213] *** End of error message ***
--------------------------------------------------------------------------
mpirun noticed that process rank 2 with PID 5213 on node compute-511-1.local exited on signal 11 (Segmentation fault).
--------------------------------------------------------------------------
mask size = 2

starting radix sort...[compute-511-1:05294] *** Process received signal ***
[compute-511-1:05294] Signal: Segmentation fault (11)
[compute-511-1:05294] Signal code: Address not mapped (1)
[compute-511-1:05294] Failing at address: 0x2ac73125afc8
[compute-511-1:05294] [ 0] /lib64/libpthread.so.0 [0x3ea2a0e4c0]
[compute-511-1:05294] [ 1] /lib64/libc.so.6(memcpy+0x15b) [0x3ea1e7b59b]
[compute-511-1:05294] [ 2] /opt/openmpi/lib/libmpi.so.0(ompi_convertor_pack+0x12c) [0x2ac71cfb896c]
[compute-511-1:05294] [ 3] /opt/openmpi/lib/libmpi.so.0 [0x2ac71cfe846a]
[compute-511-1:05294] [ 4] /opt/openmpi/lib/libmpi.so.0 [0x2ac71d05386a]
[compute-511-1:05294] [ 5] /opt/openmpi/lib/libmpi.so.0 [0x2ac71d04d9e8]
[compute-511-1:05294] [ 6] /opt/openmpi/lib/libmpi.so.0 [0x2ac71cfe9a79]
[compute-511-1:05294] [ 7] /opt/openmpi/lib/libopen-pal.so.0(opal_progress+0x5a) [0x2ac71d5ca45a]
[compute-511-1:05294] [ 8] /opt/openmpi/lib/libmpi.so.0 [0x2ac71cfab005]
[compute-511-1:05294] [ 9] /opt/openmpi/lib/libmpi.so.0 [0x2ac71cfee067]
[compute-511-1:05294] [10] /opt/openmpi/lib/libmpi.so.0 [0x2ac71cff72fc]
[compute-511-1:05294] [11] /opt/openmpi/lib/libmpi.so.0(MPI_Barrier+0x7c) [0x2ac71cfbf77c]
[compute-511-1:05294] [12] bin/radix.mpi(main+0x335) [0x40b695]
[compute-511-1:05294] [13] /lib64/libc.so.6(__libc_start_main+0xf4) [0x3ea1e1d974]
[compute-511-1:05294] [14] bin/radix.mpi(__gxx_personality_v0+0x1a1) [0x409349]
[compute-511-1:05294] *** End of error message ***
--------------------------------------------------------------------------
mpirun noticed that process rank 2 with PID 5294 on node compute-511-1.local exited on signal 11 (Segmentation fault).
--------------------------------------------------------------------------
mask size = 2

starting radix sort...[compute-511-1:05377] *** Process received signal ***
[compute-511-1:05377] Signal: Segmentation fault (11)
[compute-511-1:05377] Signal code: Address not mapped (1)
[compute-511-1:05377] Failing at address: 0x2ad065eb2fc8
[compute-511-1:05377] [ 0] /lib64/libpthread.so.0 [0x3ea2a0e4c0]
[compute-511-1:05377] [ 1] /lib64/libc.so.6(memcpy+0x15b) [0x3ea1e7b59b]
[compute-511-1:05377] [ 2] /opt/openmpi/lib/libmpi.so.0(ompi_convertor_pack+0x12c) [0x2ad051c1096c]
[compute-511-1:05377] [ 3] /opt/openmpi/lib/libmpi.so.0 [0x2ad051c4046a]
[compute-511-1:05377] [ 4] /opt/openmpi/lib/libmpi.so.0 [0x2ad051cab86a]
[compute-511-1:05377] [ 5] /opt/openmpi/lib/libmpi.so.0 [0x2ad051ca59e8]
[compute-511-1:05377] [ 6] /opt/openmpi/lib/libmpi.so.0 [0x2ad051c41a79]
[compute-511-1:05377] [ 7] /opt/openmpi/lib/libopen-pal.so.0(opal_progress+0x5a) [0x2ad05222245a]
[compute-511-1:05377] [ 8] /opt/openmpi/lib/libmpi.so.0 [0x2ad051c03005]
[compute-511-1:05377] [ 9] /opt/openmpi/lib/libmpi.so.0 [0x2ad051c46067]
[compute-511-1:05377] [10] /opt/openmpi/lib/libmpi.so.0 [0x2ad051c4f2fc]
[compute-511-1:05377] [11] /opt/openmpi/lib/libmpi.so.0(MPI_Barrier+0x7c) [0x2ad051c1777c]
[compute-511-1:05377] [12] bin/radix.mpi(main+0x335) [0x40b695]
[compute-511-1:05377] [13] /lib64/libc.so.6(__libc_start_main+0xf4) [0x3ea1e1d974]
[compute-511-1:05377] [14] bin/radix.mpi(__gxx_personality_v0+0x1a1) [0x409349]
[compute-511-1:05377] *** End of error message ***
--------------------------------------------------------------------------
mpirun noticed that process rank 2 with PID 5377 on node compute-511-1.local exited on signal 11 (Segmentation fault).
--------------------------------------------------------------------------
mask size = 2

starting radix sort...[compute-511-1:05457] *** Process received signal ***
[compute-511-1:05457] Signal: Segmentation fault (11)
[compute-511-1:05457] Signal code: Address not mapped (1)
[compute-511-1:05457] Failing at address: 0x2ad8c943ffc8
[compute-511-1:05457] [ 0] /lib64/libpthread.so.0 [0x3ea2a0e4c0]
[compute-511-1:05457] [ 1] /lib64/libc.so.6(memcpy+0x15b) [0x3ea1e7b59b]
[compute-511-1:05457] [ 2] /opt/openmpi/lib/libmpi.so.0(ompi_convertor_pack+0x12c) [0x2ad8b519d96c]
[compute-511-1:05457] [ 3] /opt/openmpi/lib/libmpi.so.0 [0x2ad8b51cd46a]
[compute-511-1:05457] [ 4] /opt/openmpi/lib/libmpi.so.0 [0x2ad8b523886a]
[compute-511-1:05457] [ 5] /opt/openmpi/lib/libmpi.so.0 [0x2ad8b52329e8]
[compute-511-1:05457] [ 6] /opt/openmpi/lib/libmpi.so.0 [0x2ad8b51cea79]
[compute-511-1:05457] [ 7] /opt/openmpi/lib/libopen-pal.so.0(opal_progress+0x5a) [0x2ad8b57af45a]
[compute-511-1:05457] [ 8] /opt/openmpi/lib/libmpi.so.0 [0x2ad8b5190005]
[compute-511-1:05457] [ 9] /opt/openmpi/lib/libmpi.so.0 [0x2ad8b51d3067]
[compute-511-1:05457] [10] /opt/openmpi/lib/libmpi.so.0 [0x2ad8b51dc2fc]
[compute-511-1:05457] [11] /opt/openmpi/lib/libmpi.so.0(MPI_Barrier+0x7c) [0x2ad8b51a477c]
[compute-511-1:05457] [12] bin/radix.mpi(main+0x335) [0x40b695]
[compute-511-1:05457] [13] /lib64/libc.so.6(__libc_start_main+0xf4) [0x3ea1e1d974]
[compute-511-1:05457] [14] bin/radix.mpi(__gxx_personality_v0+0x1a1) [0x409349]
[compute-511-1:05457] *** End of error message ***
--------------------------------------------------------------------------
mpirun noticed that process rank 2 with PID 5457 on node compute-511-1.local exited on signal 11 (Segmentation fault).
--------------------------------------------------------------------------
mask size = 2

starting radix sort...finished

CORRECT! Result is ordered
CORRECT! Result is orderedCORRECT! Result is ordered
CORRECT! Result is orderedCORRECT! Result is orderedCORRECT! Result is orderedCORRECT! Result is ordered




CORRECT! Result is ordered
mask size = 2

starting radix sort...finished

CORRECT! Result is ordered
CORRECT! Result is ordered
CORRECT! Result is ordered
CORRECT! Result is ordered
CORRECT! Result is ordered
CORRECT! Result is ordered
CORRECT! Result is ordered
CORRECT! Result is ordered
mask size = 2

starting radix sort...finished

CORRECT! Result is orderedCORRECT! Result is orderedCORRECT! Result is orderedCORRECT! Result is orderedCORRECT! Result is orderedCORRECT! Result is orderedCORRECT! Result is ordered



CORRECT! Result is ordered



mask size = 2

starting radix sort...finished

CORRECT! Result is ordered
CORRECT! Result is ordered
CORRECT! Result is ordered
CORRECT! Result is ordered
CORRECT! Result is ordered
CORRECT! Result is ordered
CORRECT! Result is ordered
CORRECT! Result is ordered
mask size = 2

starting radix sort...finished

CORRECT! Result is ordered
CORRECT! Result is orderedCORRECT! Result is orderedCORRECT! Result is ordered


CORRECT! Result is orderedCORRECT! Result is orderedCORRECT! Result is ordered


CORRECT! Result is ordered
mask size = 4

starting radix sort...finished

CORRECT! Result is ordered
CORRECT! Result is orderedCORRECT! Result is ordered
CORRECT! Result is ordered

mask size = 4

starting radix sort...finished

CORRECT! Result is ordered
CORRECT! Result is orderedCORRECT! Result is ordered
CORRECT! Result is ordered

mask size = 4

starting radix sort...finished

CORRECT! Result is ordered
CORRECT! Result is orderedCORRECT! Result is ordered
CORRECT! Result is ordered

mask size = 4

starting radix sort...finished

CORRECT! Result is ordered
CORRECT! Result is orderedCORRECT! Result is ordered
CORRECT! Result is ordered

mask size = 4

starting radix sort...finished

CORRECT! Result is ordered
CORRECT! Result is orderedCORRECT! Result is ordered
CORRECT! Result is ordered

mask size = 4

starting radix sort...finished

CORRECT! Result is ordered
CORRECT! Result is orderedCORRECT! Result is orderedCORRECT! Result is ordered

CORRECT! Result is ordered
CORRECT! Result is ordered
CORRECT! Result is ordered
CORRECT! Result is ordered

mask size = 4

starting radix sort...finished

CORRECT! Result is ordered
CORRECT! Result is orderedCORRECT! Result is orderedCORRECT! Result is orderedCORRECT! Result is ordered
CORRECT! Result is ordered

CORRECT! Result is ordered

CORRECT! Result is ordered

mask size = 4

starting radix sort...finished

CORRECT! Result is ordered
CORRECT! Result is orderedCORRECT! Result is orderedCORRECT! Result is ordered
CORRECT! Result is ordered
CORRECT! Result is ordered

CORRECT! Result is ordered
CORRECT! Result is ordered

mask size = 4

starting radix sort...finished

CORRECT! Result is ordered
CORRECT! Result is orderedCORRECT! Result is orderedCORRECT! Result is ordered
CORRECT! Result is orderedCORRECT! Result is ordered
CORRECT! Result is ordered

CORRECT! Result is ordered


mask size = 4

starting radix sort...finished

CORRECT! Result is ordered
CORRECT! Result is orderedCORRECT! Result is orderedCORRECT! Result is orderedCORRECT! Result is ordered
CORRECT! Result is ordered
CORRECT! Result is ordered



CORRECT! Result is ordered
mask size = 4

starting radix sort...finished

CORRECT! Result is ordered
CORRECT! Result is ordered
CORRECT! Result is ordered
CORRECT! Result is ordered
mask size = 4

starting radix sort...finished

CORRECT! Result is ordered
CORRECT! Result is ordered
CORRECT! Result is ordered
CORRECT! Result is ordered
mask size = 4

starting radix sort...finished

CORRECT! Result is ordered
CORRECT! Result is ordered
CORRECT! Result is ordered
CORRECT! Result is ordered
mask size = 4

starting radix sort...finished

CORRECT! Result is ordered
CORRECT! Result is ordered
CORRECT! Result is ordered
CORRECT! Result is ordered
mask size = 4

starting radix sort...finished

CORRECT! Result is ordered
CORRECT! Result is ordered
CORRECT! Result is ordered
CORRECT! Result is ordered
mask size = 4

starting radix sort...finished

CORRECT! Result is ordered
CORRECT! Result is ordered
CORRECT! Result is ordered
CORRECT! Result is ordered
CORRECT! Result is ordered
CORRECT! Result is ordered
CORRECT! Result is ordered
CORRECT! Result is ordered
mask size = 4

starting radix sort...finished

CORRECT! Result is ordered
CORRECT! Result is ordered
CORRECT! Result is ordered
CORRECT! Result is ordered
CORRECT! Result is ordered
CORRECT! Result is ordered
CORRECT! Result is ordered
CORRECT! Result is ordered
mask size = 4

starting radix sort...finished

CORRECT! Result is ordered
CORRECT! Result is ordered
CORRECT! Result is ordered
CORRECT! Result is ordered
CORRECT! Result is ordered
CORRECT! Result is ordered
CORRECT! Result is ordered
CORRECT! Result is ordered
mask size = 4

starting radix sort...finished

CORRECT! Result is ordered
CORRECT! Result is ordered
CORRECT! Result is ordered
CORRECT! Result is ordered
CORRECT! Result is ordered
CORRECT! Result is ordered
CORRECT! Result is ordered
CORRECT! Result is ordered
mask size = 4

starting radix sort...finished

CORRECT! Result is ordered
CORRECT! Result is ordered
CORRECT! Result is ordered
CORRECT! Result is ordered
CORRECT! Result is ordered
CORRECT! Result is ordered
CORRECT! Result is ordered
CORRECT! Result is ordered
mask size = 4

starting radix sort...finished

CORRECT! Result is ordered
CORRECT! Result is orderedCORRECT! Result is ordered
CORRECT! Result is ordered

mask size = 4

starting radix sort...finished

CORRECT! Result is ordered
CORRECT! Result is ordered
CORRECT! Result is ordered
CORRECT! Result is ordered
mask size = 4

starting radix sort...finished

CORRECT! Result is ordered
CORRECT! Result is ordered
CORRECT! Result is ordered
CORRECT! Result is ordered
mask size = 4

starting radix sort...finished

CORRECT! Result is ordered
CORRECT! Result is ordered
CORRECT! Result is ordered
CORRECT! Result is ordered
mask size = 4

starting radix sort...finished

CORRECT! Result is ordered
CORRECT! Result is orderedCORRECT! Result is orderedCORRECT! Result is ordered


mask size = 4

starting radix sort...finished

CORRECT! Result is ordered
CORRECT! Result is ordered
CORRECT! Result is ordered
CORRECT! Result is ordered
CORRECT! Result is ordered
CORRECT! Result is ordered
CORRECT! Result is ordered
CORRECT! Result is ordered
mask size = 4

starting radix sort...finished

CORRECT! Result is ordered
CORRECT! Result is ordered
CORRECT! Result is ordered
CORRECT! Result is ordered
CORRECT! Result is ordered
CORRECT! Result is ordered
CORRECT! Result is ordered
CORRECT! Result is ordered
mask size = 4

starting radix sort...finished

CORRECT! Result is ordered
CORRECT! Result is ordered
CORRECT! Result is ordered
CORRECT! Result is ordered
CORRECT! Result is ordered
CORRECT! Result is ordered
CORRECT! Result is ordered
CORRECT! Result is ordered
mask size = 4

starting radix sort...finished

CORRECT! Result is ordered
CORRECT! Result is ordered
CORRECT! Result is ordered
CORRECT! Result is ordered
CORRECT! Result is ordered
CORRECT! Result is ordered
CORRECT! Result is ordered
CORRECT! Result is ordered
mask size = 4

starting radix sort...finished

CORRECT! Result is ordered
CORRECT! Result is ordered
CORRECT! Result is ordered
CORRECT! Result is ordered
CORRECT! Result is ordered
CORRECT! Result is ordered
CORRECT! Result is ordered
CORRECT! Result is ordered
mask size = 4

starting radix sort...[compute-511-1:06202] *** Process received signal ***
[compute-511-1:06202] Signal: Segmentation fault (11)
[compute-511-1:06202] Signal code: Address not mapped (1)
[compute-511-1:06202] Failing at address: 0x13d95ff8
[compute-511-1:06202] [ 0] /lib64/libpthread.so.0 [0x3ea2a0e4c0]
[compute-511-1:06202] [ 1] /lib64/libc.so.6(memcpy+0x15b) [0x3ea1e7b59b]
[compute-511-1:06202] [ 2] /opt/openmpi/lib/libmpi.so.0(ompi_convertor_pack+0x12c) [0x2b050a78596c]
[compute-511-1:06202] [ 3] /opt/openmpi/lib/libmpi.so.0 [0x2b050a7b546a]
[compute-511-1:06202] [ 4] /opt/openmpi/lib/libmpi.so.0 [0x2b050a82086a]
[compute-511-1:06202] [ 5] /opt/openmpi/lib/libmpi.so.0 [0x2b050a81a9e8]
[compute-511-1:06202] [ 6] /opt/openmpi/lib/libmpi.so.0 [0x2b050a7b6a79]
[compute-511-1:06202] [ 7] /opt/openmpi/lib/libopen-pal.so.0(opal_progress+0x5a) [0x2b050ad9745a]
[compute-511-1:06202] [ 8] /opt/openmpi/lib/libmpi.so.0 [0x2b050a778005]
[compute-511-1:06202] [ 9] /opt/openmpi/lib/libmpi.so.0 [0x2b050a7bb067]
[compute-511-1:06202] [10] /opt/openmpi/lib/libmpi.so.0 [0x2b050a7c42fc]
[compute-511-1:06202] [11] /opt/openmpi/lib/libmpi.so.0(MPI_Barrier+0x7c) [0x2b050a78c77c]
[compute-511-1:06202] [12] bin/radix.mpi(main+0x335) [0x40b695]
[compute-511-1:06202] [13] /lib64/libc.so.6(__libc_start_main+0xf4) [0x3ea1e1d974]
[compute-511-1:06202] [14] bin/radix.mpi(__gxx_personality_v0+0x1a1) [0x409349]
[compute-511-1:06202] *** End of error message ***
--------------------------------------------------------------------------
mpirun noticed that process rank 2 with PID 6202 on node compute-511-1.local exited on signal 11 (Segmentation fault).
--------------------------------------------------------------------------
mask size = 4

starting radix sort...[compute-511-1:06207] *** Process received signal ***
[compute-511-1:06207] Signal: Segmentation fault (11)
[compute-511-1:06207] Signal code: Address not mapped (1)
[compute-511-1:06207] Failing at address: 0x1142f038
[compute-511-1:06207] [ 0] /lib64/libpthread.so.0 [0x3ea2a0e4c0]
[compute-511-1:06207] [ 1] /lib64/libc.so.6(memcpy+0x15b) [0x3ea1e7b59b]
[compute-511-1:06207] [ 2] /opt/openmpi/lib/libmpi.so.0(ompi_convertor_pack+0x12c) [0x2b8e3193696c]
[compute-511-1:06207] [ 3] /opt/openmpi/lib/libmpi.so.0 [0x2b8e3196646a]
[compute-511-1:06207] [ 4] /opt/openmpi/lib/libmpi.so.0 [0x2b8e319d186a]
[compute-511-1:06207] [ 5] /opt/openmpi/lib/libmpi.so.0 [0x2b8e319cb9e8]
[compute-511-1:06207] [ 6] /opt/openmpi/lib/libmpi.so.0 [0x2b8e31967a79]
[compute-511-1:06207] [ 7] /opt/openmpi/lib/libopen-pal.so.0(opal_progress+0x5a) [0x2b8e31f4845a]
[compute-511-1:06207] [ 8] /opt/openmpi/lib/libmpi.so.0 [0x2b8e31929005]
[compute-511-1:06207] [ 9] /opt/openmpi/lib/libmpi.so.0 [0x2b8e3196c067]
[compute-511-1:06207] [10] /opt/openmpi/lib/libmpi.so.0 [0x2b8e319752fc]
[compute-511-1:06207] [11] /opt/openmpi/lib/libmpi.so.0(MPI_Barrier+0x7c) [0x2b8e3193d77c]
[compute-511-1:06207] [12] bin/radix.mpi(main+0x335) [0x40b695]
[compute-511-1:06207] [13] /lib64/libc.so.6(__libc_start_main+0xf4) [0x3ea1e1d974]
[compute-511-1:06207] [14] bin/radix.mpi(__gxx_personality_v0+0x1a1) [0x409349]
[compute-511-1:06207] *** End of error message ***
--------------------------------------------------------------------------
mpirun noticed that process rank 2 with PID 6207 on node compute-511-1.local exited on signal 11 (Segmentation fault).
--------------------------------------------------------------------------
mask size = 4

starting radix sort...[compute-511-1:06212] *** Process received signal ***
[compute-511-1:06212] Signal: Segmentation fault (11)
[compute-511-1:06212] Signal code: Address not mapped (1)
[compute-511-1:06212] Failing at address: 0x19750478
[compute-511-1:06212] [ 0] /lib64/libpthread.so.0 [0x3ea2a0e4c0]
[compute-511-1:06212] [ 1] /lib64/libc.so.6(memcpy+0x15b) [0x3ea1e7b59b]
[compute-511-1:06212] [ 2] /opt/openmpi/lib/libmpi.so.0(ompi_convertor_pack+0x12c) [0x2b642dc4f96c]
[compute-511-1:06212] [ 3] /opt/openmpi/lib/libmpi.so.0 [0x2b642dc7f46a]
[compute-511-1:06212] [ 4] /opt/openmpi/lib/libmpi.so.0 [0x2b642dcea86a]
[compute-511-1:06212] [ 5] /opt/openmpi/lib/libmpi.so.0 [0x2b642dce49e8]
[compute-511-1:06212] [ 6] /opt/openmpi/lib/libmpi.so.0 [0x2b642dc80a79]
[compute-511-1:06212] [ 7] /opt/openmpi/lib/libopen-pal.so.0(opal_progress+0x5a) [0x2b642e26145a]
[compute-511-1:06212] [ 8] /opt/openmpi/lib/libmpi.so.0 [0x2b642dc42005]
[compute-511-1:06212] [ 9] /opt/openmpi/lib/libmpi.so.0 [0x2b642dc85067]
[compute-511-1:06212] [10] /opt/openmpi/lib/libmpi.so.0 [0x2b642dc8e2fc]
[compute-511-1:06212] [11] /opt/openmpi/lib/libmpi.so.0(MPI_Barrier+0x7c) [0x2b642dc5677c]
[compute-511-1:06212] [12] bin/radix.mpi(main+0x335) [0x40b695]
[compute-511-1:06212] [13] /lib64/libc.so.6(__libc_start_main+0xf4) [0x3ea1e1d974]
[compute-511-1:06212] [14] bin/radix.mpi(__gxx_personality_v0+0x1a1) [0x409349]
[compute-511-1:06212] *** End of error message ***
--------------------------------------------------------------------------
mpirun noticed that process rank 2 with PID 6212 on node compute-511-1.local exited on signal 11 (Segmentation fault).
--------------------------------------------------------------------------
mask size = 4

starting radix sort...[compute-511-1:06241] *** Process received signal ***
[compute-511-1:06241] Signal: Segmentation fault (11)
[compute-511-1:06241] Signal code: Address not mapped (1)
[compute-511-1:06241] Failing at address: 0xbe8b000
[compute-511-1:06241] [ 0] /lib64/libpthread.so.0 [0x3ea2a0e4c0]
[compute-511-1:06241] [ 1] /lib64/libc.so.6(memcpy+0x15b) [0x3ea1e7b59b]
[compute-511-1:06241] [ 2] /opt/openmpi/lib/libmpi.so.0(ompi_convertor_pack+0x12c) [0x2b081829a96c]
[compute-511-1:06241] [ 3] /opt/openmpi/lib/libmpi.so.0 [0x2b08182ca46a]
[compute-511-1:06241] [ 4] /opt/openmpi/lib/libmpi.so.0 [0x2b081833586a]
[compute-511-1:06241] [ 5] /opt/openmpi/lib/libmpi.so.0 [0x2b0818337bfd]
[compute-511-1:06241] [ 6] /opt/openmpi/lib/libmpi.so.0 [0x2b08182cbc1a]
[compute-511-1:06241] [ 7] /opt/openmpi/lib/libopen-pal.so.0(opal_progress+0x5a) [0x2b08188ac45a]
[compute-511-1:06241] [ 8] /opt/openmpi/lib/libmpi.so.0 [0x2b081828d005]
[compute-511-1:06241] [ 9] /opt/openmpi/lib/libmpi.so.0 [0x2b08182d0067]
[compute-511-1:06241] [10] /opt/openmpi/lib/libmpi.so.0 [0x2b08182d92fc]
[compute-511-1:06241] [11] /opt/openmpi/lib/libmpi.so.0(MPI_Barrier+0x7c) [0x2b08182a177c]
[compute-511-1:06241] [12] bin/radix.mpi(main+0x335) [0x40b695]
[compute-511-1:06241] [13] /lib64/libc.so.6(__libc_start_main+0xf4) [0x3ea1e1d974]
[compute-511-1:06241] [14] bin/radix.mpi(__gxx_personality_v0+0x1a1) [0x409349]
[compute-511-1:06241] *** End of error message ***
--------------------------------------------------------------------------
mpirun noticed that process rank 2 with PID 6241 on node compute-511-1.local exited on signal 11 (Segmentation fault).
--------------------------------------------------------------------------
mask size = 4

starting radix sort...[compute-511-1:06246] *** Process received signal ***
[compute-511-1:06246] Signal: Segmentation fault (11)
[compute-511-1:06246] Signal code: Address not mapped (1)
[compute-511-1:06246] Failing at address: 0x1cba1ff8
[compute-511-1:06246] [ 0] /lib64/libpthread.so.0 [0x3ea2a0e4c0]
[compute-511-1:06246] [ 1] /lib64/libc.so.6(memcpy+0x15b) [0x3ea1e7b59b]
[compute-511-1:06246] [ 2] /opt/openmpi/lib/libmpi.so.0(ompi_convertor_pack+0x12c) [0x2b605207096c]
[compute-511-1:06246] [ 3] /opt/openmpi/lib/libmpi.so.0 [0x2b60520a046a]
[compute-511-1:06246] [ 4] /opt/openmpi/lib/libmpi.so.0 [0x2b605210b86a]
[compute-511-1:06246] [ 5] /opt/openmpi/lib/libmpi.so.0 [0x2b60521059e8]
[compute-511-1:06246] [ 6] /opt/openmpi/lib/libmpi.so.0 [0x2b60520a1a79]
[compute-511-1:06246] [ 7] /opt/openmpi/lib/libopen-pal.so.0(opal_progress+0x5a) [0x2b605268245a]
[compute-511-1:06246] [ 8] /opt/openmpi/lib/libmpi.so.0 [0x2b6052063005]
[compute-511-1:06246] [ 9] /opt/openmpi/lib/libmpi.so.0 [0x2b60520a6067]
[compute-511-1:06246] [10] /opt/openmpi/lib/libmpi.so.0 [0x2b60520af2fc]
[compute-511-1:06246] [11] /opt/openmpi/lib/libmpi.so.0(MPI_Barrier+0x7c) [0x2b605207777c]
[compute-511-1:06246] [12] bin/radix.mpi(main+0x335) [0x40b695]
[compute-511-1:06246] [13] /lib64/libc.so.6(__libc_start_main+0xf4) [0x3ea1e1d974]
[compute-511-1:06246] [14] bin/radix.mpi(__gxx_personality_v0+0x1a1) [0x409349]
[compute-511-1:06246] *** End of error message ***
--------------------------------------------------------------------------
mpirun noticed that process rank 2 with PID 6246 on node compute-511-1.local exited on signal 11 (Segmentation fault).
--------------------------------------------------------------------------
mask size = 4

starting radix sort...[compute-511-1:06281] *** Process received signal ***
[compute-511-1:06281] Signal: Segmentation fault (11)
[compute-511-1:06281] Signal code: Address not mapped (1)
[compute-511-1:06281] Failing at address: 0x1b00e988
[compute-511-1:06281] [ 0] /lib64/libpthread.so.0 [0x3ea2a0e4c0]
[compute-511-1:06281] [ 1] /lib64/libc.so.6(memcpy+0x15b) [0x3ea1e7b59b]
[compute-511-1:06281] [ 2] /opt/openmpi/lib/libmpi.so.0(ompi_convertor_pack+0x12c) [0x2acc6cb3396c]
[compute-511-1:06281] [ 3] /opt/openmpi/lib/libmpi.so.0 [0x2acc6cb6346a]
[compute-511-1:06281] [ 4] /opt/openmpi/lib/libmpi.so.0 [0x2acc6cbce86a]
[compute-511-1:06281] [ 5] /opt/openmpi/lib/libmpi.so.0 [0x2acc6cbc89e8]
[compute-511-1:06281] [ 6] /opt/openmpi/lib/libmpi.so.0 [0x2acc6cb64a79]
[compute-511-1:06281] [ 7] /opt/openmpi/lib/libopen-pal.so.0(opal_progress+0x5a) [0x2acc6d14545a]
[compute-511-1:06281] [ 8] /opt/openmpi/lib/libmpi.so.0 [0x2acc6cb26005]
[compute-511-1:06281] [ 9] /opt/openmpi/lib/libmpi.so.0 [0x2acc6cb69067]
[compute-511-1:06281] [10] /opt/openmpi/lib/libmpi.so.0 [0x2acc6cb722fc]
[compute-511-1:06281] [11] /opt/openmpi/lib/libmpi.so.0(MPI_Barrier+0x7c) [0x2acc6cb3a77c]
[compute-511-1:06281] [12] bin/radix.mpi(main+0x335) [0x40b695]
[compute-511-1:06281] [13] /lib64/libc.so.6(__libc_start_main+0xf4) [0x3ea1e1d974]
[compute-511-1:06281] [14] bin/radix.mpi(__gxx_personality_v0+0x1a1) [0x409349]
[compute-511-1:06281] *** End of error message ***
--------------------------------------------------------------------------
mpirun noticed that process rank 4 with PID 6281 on node compute-511-1.local exited on signal 11 (Segmentation fault).
--------------------------------------------------------------------------
mask size = 4

starting radix sort...[compute-511-1:06316] *** Process received signal ***
[compute-511-1:06316] Signal: Segmentation fault (11)
[compute-511-1:06316] Signal code: Address not mapped (1)
[compute-511-1:06316] Failing at address: 0xf1f8618
[compute-511-1:06316] [ 0] /lib64/libpthread.so.0 [0x3ea2a0e4c0]
[compute-511-1:06316] [ 1] /lib64/libc.so.6(memcpy+0x15b) [0x3ea1e7b59b]
[compute-511-1:06316] [ 2] /opt/openmpi/lib/libmpi.so.0(ompi_convertor_pack+0x12c) [0x2ad74ab5196c]
[compute-511-1:06316] [ 3] /opt/openmpi/lib/libmpi.so.0 [0x2ad74ab8146a]
[compute-511-1:06316] [ 4] /opt/openmpi/lib/libmpi.so.0 [0x2ad74abec86a]
[compute-511-1:06316] [ 5] /opt/openmpi/lib/libmpi.so.0 [0x2ad74abe69e8]
[compute-511-1:06316] [ 6] /opt/openmpi/lib/libmpi.so.0 [0x2ad74ab82a79]
[compute-511-1:06316] [ 7] /opt/openmpi/lib/libopen-pal.so.0(opal_progress+0x5a) [0x2ad74b16345a]
[compute-511-1:06316] [ 8] /opt/openmpi/lib/libmpi.so.0 [0x2ad74ab44005]
[compute-511-1:06316] [ 9] /opt/openmpi/lib/libmpi.so.0 [0x2ad74ab87067]
[compute-511-1:06316] [10] /opt/openmpi/lib/libmpi.so.0 [0x2ad74ab902fc]
[compute-511-1:06316] [11] /opt/openmpi/lib/libmpi.so.0(MPI_Barrier+0x7c) [0x2ad74ab5877c]
[compute-511-1:06316] [12] bin/radix.mpi(main+0x335) [0x40b695]
[compute-511-1:06316] [13] /lib64/libc.so.6(__libc_start_main+0xf4) [0x3ea1e1d974]
[compute-511-1:06316] [14] bin/radix.mpi(__gxx_personality_v0+0x1a1) [0x409349]
[compute-511-1:06316] *** End of error message ***
--------------------------------------------------------------------------
mpirun noticed that process rank 6 with PID 6316 on node compute-511-1.local exited on signal 11 (Segmentation fault).
--------------------------------------------------------------------------
mask size = 4

starting radix sort...[compute-511-1:06347] *** Process received signal ***
[compute-511-1:06347] Signal: Segmentation fault (11)
[compute-511-1:06347] Signal code: Address not mapped (1)
[compute-511-1:06347] Failing at address: 0x14d77000
[compute-511-1:06347] [ 0] /lib64/libpthread.so.0 [0x3ea2a0e4c0]
[compute-511-1:06347] [ 1] /lib64/libc.so.6(memcpy+0x15b) [0x3ea1e7b59b]
[compute-511-1:06347] [ 2] /opt/openmpi/lib/libmpi.so.0(ompi_convertor_pack+0x12c) [0x2b22110b496c]
[compute-511-1:06347] [ 3] /opt/openmpi/lib/libmpi.so.0 [0x2b22110e446a]
[compute-511-1:06347] [ 4] /opt/openmpi/lib/libmpi.so.0 [0x2b221114f86a]
[compute-511-1:06347] [ 5] /opt/openmpi/lib/libmpi.so.0 [0x2b2211151bfd]
[compute-511-1:06347] [ 6] /opt/openmpi/lib/libmpi.so.0 [0x2b22110e5c1a]
[compute-511-1:06347] [ 7] /opt/openmpi/lib/libopen-pal.so.0(opal_progress+0x5a) [0x2b22116c645a]
[compute-511-1:06347] [ 8] /opt/openmpi/lib/libmpi.so.0 [0x2b22110a7005]
[compute-511-1:06347] [ 9] /opt/openmpi/lib/libmpi.so.0 [0x2b22110ea067]
[compute-511-1:06347] [10] /opt/openmpi/lib/libmpi.so.0 [0x2b22110f32fc]
[compute-511-1:06347] [11] /opt/openmpi/lib/libmpi.so.0(MPI_Barrier+0x7c) [0x2b22110bb77c]
[compute-511-1:06347] [12] bin/radix.mpi(main+0x335) [0x40b695]
[compute-511-1:06347] [13] /lib64/libc.so.6(__libc_start_main+0xf4) [0x3ea1e1d974]
[compute-511-1:06347] [14] bin/radix.mpi(__gxx_personality_v0+0x1a1) [0x409349]
[compute-511-1:06347] *** End of error message ***
--------------------------------------------------------------------------
mpirun noticed that process rank 4 with PID 6347 on node compute-511-1.local exited on signal 11 (Segmentation fault).
--------------------------------------------------------------------------
mask size = 4

starting radix sort...[compute-511-1:06384] *** Process received signal ***
[compute-511-1:06384] Signal: Segmentation fault (11)
[compute-511-1:06384] Signal code: Address not mapped (1)
[compute-511-1:06384] Failing at address: 0x1747b1c8
[compute-511-1:06384] [ 0] /lib64/libpthread.so.0 [0x3ea2a0e4c0]
[compute-511-1:06384] [ 1] /lib64/libc.so.6(memcpy+0x15b) [0x3ea1e7b59b]
[compute-511-1:06384] [ 2] /opt/openmpi/lib/libmpi.so.0(ompi_convertor_pack+0x12c) [0x2b1b36b4b96c]
[compute-511-1:06384] [ 3] /opt/openmpi/lib/libmpi.so.0 [0x2b1b36b7b46a]
[compute-511-1:06384] [ 4] /opt/openmpi/lib/libmpi.so.0 [0x2b1b36be686a]
[compute-511-1:06384] [ 5] /opt/openmpi/lib/libmpi.so.0 [0x2b1b36be09e8]
[compute-511-1:06384] [ 6] /opt/openmpi/lib/libmpi.so.0 [0x2b1b36b7ca79]
[compute-511-1:06384] [ 7] /opt/openmpi/lib/libopen-pal.so.0(opal_progress+0x5a) [0x2b1b3715d45a]
[compute-511-1:06384] [ 8] /opt/openmpi/lib/libmpi.so.0 [0x2b1b36b3e005]
[compute-511-1:06384] [ 9] /opt/openmpi/lib/libmpi.so.0 [0x2b1b36b81067]
[compute-511-1:06384] [10] /opt/openmpi/lib/libmpi.so.0 [0x2b1b36b8a2fc]
[compute-511-1:06384] [11] /opt/openmpi/lib/libmpi.so.0(MPI_Barrier+0x7c) [0x2b1b36b5277c]
[compute-511-1:06384] [12] bin/radix.mpi(main+0x335) [0x40b695]
[compute-511-1:06384] [13] /lib64/libc.so.6(__libc_start_main+0xf4) [0x3ea1e1d974]
[compute-511-1:06384] [14] bin/radix.mpi(__gxx_personality_v0+0x1a1) [0x409349]
[compute-511-1:06384] *** End of error message ***
--------------------------------------------------------------------------
mpirun noticed that process rank 7 with PID 6384 on node compute-511-1.local exited on signal 11 (Segmentation fault).
--------------------------------------------------------------------------
mask size = 4

starting radix sort...[compute-511-1:06391] *** Process received signal ***
[compute-511-1:06391] Signal: Segmentation fault (11)
[compute-511-1:06391] Signal code: Address not mapped (1)
[compute-511-1:06391] Failing at address: 0xbe80bc8
[compute-511-1:06391] [ 0] /lib64/libpthread.so.0 [0x3ea2a0e4c0]
[compute-511-1:06391] [ 1] /lib64/libc.so.6(memcpy+0x15b) [0x3ea1e7b59b]
[compute-511-1:06391] [ 2] /opt/openmpi/lib/libmpi.so.0(ompi_convertor_pack+0x12c) [0x2b0d83c6496c]
[compute-511-1:06391] [ 3] /opt/openmpi/lib/libmpi.so.0 [0x2b0d83c9446a]
[compute-511-1:06391] [ 4] /opt/openmpi/lib/libmpi.so.0 [0x2b0d83cff86a]
[compute-511-1:06391] [ 5] /opt/openmpi/lib/libmpi.so.0 [0x2b0d83cf99e8]
[compute-511-1:06391] [ 6] /opt/openmpi/lib/libmpi.so.0 [0x2b0d83c95a79]
[compute-511-1:06391] [ 7] /opt/openmpi/lib/libopen-pal.so.0(opal_progress+0x5a) [0x2b0d8427645a]
[compute-511-1:06391] [ 8] /opt/openmpi/lib/libmpi.so.0 [0x2b0d83c57005]
[compute-511-1:06391] [ 9] /opt/openmpi/lib/libmpi.so.0 [0x2b0d83c9a067]
[compute-511-1:06391] [10] /opt/openmpi/lib/libmpi.so.0 [0x2b0d83ca32fc]
[compute-511-1:06391] [11] /opt/openmpi/lib/libmpi.so.0(MPI_Barrier+0x7c) [0x2b0d83c6b77c]
[compute-511-1:06391] [12] bin/radix.mpi(main+0x335) [0x40b695]
[compute-511-1:06391] [13] /lib64/libc.so.6(__libc_start_main+0xf4) [0x3ea1e1d974]
[compute-511-1:06391] [14] bin/radix.mpi(__gxx_personality_v0+0x1a1) [0x409349]
[compute-511-1:06391] *** End of error message ***
--------------------------------------------------------------------------
mpirun noticed that process rank 5 with PID 6391 on node compute-511-1.local exited on signal 11 (Segmentation fault).
--------------------------------------------------------------------------
mask size = 4

starting radix sort...[compute-511-1:06425] *** Process received signal ***
[compute-511-1:06425] Signal: Segmentation fault (11)
[compute-511-1:06425] Signal code: Address not mapped (1)
[compute-511-1:06425] Failing at address: 0x2b07e288efc8
[compute-511-1:06425] [ 0] /lib64/libpthread.so.0 [0x3ea2a0e4c0]
[compute-511-1:06425] [ 1] /lib64/libc.so.6(memcpy+0x15b) [0x3ea1e7b59b]
[compute-511-1:06425] [ 2] /opt/openmpi/lib/libmpi.so.0(ompi_convertor_pack+0x12c) [0x2b07ce5ec96c]
[compute-511-1:06425] [ 3] /opt/openmpi/lib/libmpi.so.0 [0x2b07ce61c46a]
[compute-511-1:06425] [ 4] /opt/openmpi/lib/libmpi.so.0 [0x2b07ce68786a]
[compute-511-1:06425] [ 5] /opt/openmpi/lib/libmpi.so.0 [0x2b07ce6819e8]
[compute-511-1:06425] [ 6] /opt/openmpi/lib/libmpi.so.0 [0x2b07ce61da79]
[compute-511-1:06425] [ 7] /opt/openmpi/lib/libopen-pal.so.0(opal_progress+0x5a) [0x2b07cebfe45a]
[compute-511-1:06425] [ 8] /opt/openmpi/lib/libmpi.so.0 [0x2b07ce5df005]
[compute-511-1:06425] [ 9] /opt/openmpi/lib/libmpi.so.0 [0x2b07ce622067]
[compute-511-1:06425] [10] /opt/openmpi/lib/libmpi.so.0 [0x2b07ce62b2fc]
[compute-511-1:06425] [11] /opt/openmpi/lib/libmpi.so.0(MPI_Barrier+0x7c) [0x2b07ce5f377c]
[compute-511-1:06425] [12] bin/radix.mpi(main+0x335) [0x40b695]
[compute-511-1:06425] [13] /lib64/libc.so.6(__libc_start_main+0xf4) [0x3ea1e1d974]
[compute-511-1:06425] [14] bin/radix.mpi(__gxx_personality_v0+0x1a1) [0x409349]
[compute-511-1:06425] *** End of error message ***
--------------------------------------------------------------------------
mpirun noticed that process rank 2 with PID 6425 on node compute-511-1.local exited on signal 11 (Segmentation fault).
--------------------------------------------------------------------------
mask size = 4

starting radix sort...[compute-511-1:06509] *** Process received signal ***
[compute-511-1:06509] Signal: Segmentation fault (11)
[compute-511-1:06509] Signal code: Address not mapped (1)
[compute-511-1:06509] Failing at address: 0x2b67e3e7bfc8
[compute-511-1:06509] [ 0] /lib64/libpthread.so.0 [0x3ea2a0e4c0]
[compute-511-1:06509] [ 1] /lib64/libc.so.6(memcpy+0x15b) [0x3ea1e7b59b]
[compute-511-1:06509] [ 2] /opt/openmpi/lib/libmpi.so.0(ompi_convertor_pack+0x12c) [0x2b67cfbd996c]
[compute-511-1:06509] [ 3] /opt/openmpi/lib/libmpi.so.0 [0x2b67cfc0946a]
[compute-511-1:06509] [ 4] /opt/openmpi/lib/libmpi.so.0 [0x2b67cfc7486a]
[compute-511-1:06509] [ 5] /opt/openmpi/lib/libmpi.so.0 [0x2b67cfc6e9e8]
[compute-511-1:06509] [ 6] /opt/openmpi/lib/libmpi.so.0 [0x2b67cfc0aa79]
[compute-511-1:06509] [ 7] /opt/openmpi/lib/libopen-pal.so.0(opal_progress+0x5a) [0x2b67d01eb45a]
[compute-511-1:06509] [ 8] /opt/openmpi/lib/libmpi.so.0 [0x2b67cfbcc005]
[compute-511-1:06509] [ 9] /opt/openmpi/lib/libmpi.so.0 [0x2b67cfc0f067]
[compute-511-1:06509] [10] /opt/openmpi/lib/libmpi.so.0 [0x2b67cfc182fc]
[compute-511-1:06509] [11] /opt/openmpi/lib/libmpi.so.0(MPI_Barrier+0x7c) [0x2b67cfbe077c]
[compute-511-1:06509] [12] bin/radix.mpi(main+0x335) [0x40b695]
[compute-511-1:06509] [13] /lib64/libc.so.6(__libc_start_main+0xf4) [0x3ea1e1d974]
[compute-511-1:06509] [14] bin/radix.mpi(__gxx_personality_v0+0x1a1) [0x409349]
[compute-511-1:06509] *** End of error message ***
--------------------------------------------------------------------------
mpirun noticed that process rank 2 with PID 6509 on node compute-511-1.local exited on signal 11 (Segmentation fault).
--------------------------------------------------------------------------
mask size = 4

starting radix sort...[compute-511-1:06586] *** Process received signal ***
[compute-511-1:06586] Signal: Segmentation fault (11)
[compute-511-1:06586] Signal code: Address not mapped (1)
[compute-511-1:06586] Failing at address: 0x2b459fbd0fc8
[compute-511-1:06586] [ 0] /lib64/libpthread.so.0 [0x3ea2a0e4c0]
[compute-511-1:06586] [ 1] /lib64/libc.so.6(memcpy+0x15b) [0x3ea1e7b59b]
[compute-511-1:06586] [ 2] /opt/openmpi/lib/libmpi.so.0(ompi_convertor_pack+0x12c) [0x2b458b92e96c]
[compute-511-1:06586] [ 3] /opt/openmpi/lib/libmpi.so.0 [0x2b458b95e46a]
[compute-511-1:06586] [ 4] /opt/openmpi/lib/libmpi.so.0 [0x2b458b9c986a]
[compute-511-1:06586] [ 5] /opt/openmpi/lib/libmpi.so.0 [0x2b458b9c39e8]
[compute-511-1:06586] [ 6] /opt/openmpi/lib/libmpi.so.0 [0x2b458b95fa79]
[compute-511-1:06586] [ 7] /opt/openmpi/lib/libopen-pal.so.0(opal_progress+0x5a) [0x2b458bf4045a]
[compute-511-1:06586] [ 8] /opt/openmpi/lib/libmpi.so.0 [0x2b458b921005]
[compute-511-1:06586] [ 9] /opt/openmpi/lib/libmpi.so.0 [0x2b458b964067]
[compute-511-1:06586] [10] /opt/openmpi/lib/libmpi.so.0 [0x2b458b96d2fc]
[compute-511-1:06586] [11] /opt/openmpi/lib/libmpi.so.0(MPI_Barrier+0x7c) [0x2b458b93577c]
[compute-511-1:06586] [12] bin/radix.mpi(main+0x335) [0x40b695]
[compute-511-1:06586] [13] /lib64/libc.so.6(__libc_start_main+0xf4) [0x3ea1e1d974]
[compute-511-1:06586] [14] bin/radix.mpi(__gxx_personality_v0+0x1a1) [0x409349]
[compute-511-1:06586] *** End of error message ***
--------------------------------------------------------------------------
mpirun noticed that process rank 2 with PID 6586 on node compute-511-1.local exited on signal 11 (Segmentation fault).
--------------------------------------------------------------------------
mask size = 4

starting radix sort...[compute-511-1:06640] *** Process received signal ***
[compute-511-1:06640] Signal: Segmentation fault (11)
[compute-511-1:06640] Signal code: Address not mapped (1)
[compute-511-1:06640] Failing at address: 0x2b9d245adfc8
[compute-511-1:06640] [ 0] /lib64/libpthread.so.0 [0x3ea2a0e4c0]
[compute-511-1:06640] [ 1] /lib64/libc.so.6(memcpy+0x15b) [0x3ea1e7b59b]
[compute-511-1:06640] [ 2] /opt/openmpi/lib/libmpi.so.0(ompi_convertor_pack+0x12c) [0x2b9d1030b96c]
[compute-511-1:06640] [ 3] /opt/openmpi/lib/libmpi.so.0 [0x2b9d1033b46a]
[compute-511-1:06640] [ 4] /opt/openmpi/lib/libmpi.so.0 [0x2b9d103a686a]
[compute-511-1:06640] [ 5] /opt/openmpi/lib/libmpi.so.0 [0x2b9d103a09e8]
[compute-511-1:06640] [ 6] /opt/openmpi/lib/libmpi.so.0 [0x2b9d1033ca79]
[compute-511-1:06640] [ 7] /opt/openmpi/lib/libopen-pal.so.0(opal_progress+0x5a) [0x2b9d1091d45a]
[compute-511-1:06640] [ 8] /opt/openmpi/lib/libmpi.so.0 [0x2b9d102fe005]
[compute-511-1:06640] [ 9] /opt/openmpi/lib/libmpi.so.0 [0x2b9d10341067]
[compute-511-1:06640] [10] /opt/openmpi/lib/libmpi.so.0 [0x2b9d1034a2fc]
[compute-511-1:06640] [11] /opt/openmpi/lib/libmpi.so.0(MPI_Barrier+0x7c) [0x2b9d1031277c]
[compute-511-1:06640] [12] bin/radix.mpi(main+0x335) [0x40b695]
[compute-511-1:06640] [13] /lib64/libc.so.6(__libc_start_main+0xf4) [0x3ea1e1d974]
[compute-511-1:06640] [14] bin/radix.mpi(__gxx_personality_v0+0x1a1) [0x409349]
[compute-511-1:06640] *** End of error message ***
--------------------------------------------------------------------------
mpirun noticed that process rank 2 with PID 6640 on node compute-511-1.local exited on signal 11 (Segmentation fault).
--------------------------------------------------------------------------
mask size = 4

starting radix sort...[compute-511-1:06717] *** Process received signal ***
[compute-511-1:06717] Signal: Segmentation fault (11)
[compute-511-1:06717] Signal code: Address not mapped (1)
[compute-511-1:06717] Failing at address: 0x2b9712c7efc8
[compute-511-1:06717] [ 0] /lib64/libpthread.so.0 [0x3ea2a0e4c0]
[compute-511-1:06717] [ 1] /lib64/libc.so.6(memcpy+0x15b) [0x3ea1e7b59b]
[compute-511-1:06717] [ 2] /opt/openmpi/lib/libmpi.so.0(ompi_convertor_pack+0x12c) [0x2b96fe9dc96c]
[compute-511-1:06717] [ 3] /opt/openmpi/lib/libmpi.so.0 [0x2b96fea0c46a]
[compute-511-1:06717] [ 4] /opt/openmpi/lib/libmpi.so.0 [0x2b96fea7786a]
[compute-511-1:06717] [ 5] /opt/openmpi/lib/libmpi.so.0 [0x2b96fea719e8]
[compute-511-1:06717] [ 6] /opt/openmpi/lib/libmpi.so.0 [0x2b96fea0da79]
[compute-511-1:06717] [ 7] /opt/openmpi/lib/libopen-pal.so.0(opal_progress+0x5a) [0x2b96fefee45a]
[compute-511-1:06717] [ 8] /opt/openmpi/lib/libmpi.so.0 [0x2b96fe9cf005]
[compute-511-1:06717] [ 9] /opt/openmpi/lib/libmpi.so.0 [0x2b96fea12067]
[compute-511-1:06717] [10] /opt/openmpi/lib/libmpi.so.0 [0x2b96fea1b2fc]
[compute-511-1:06717] [11] /opt/openmpi/lib/libmpi.so.0(MPI_Barrier+0x7c) [0x2b96fe9e377c]
[compute-511-1:06717] [12] bin/radix.mpi(main+0x335) [0x40b695]
[compute-511-1:06717] [13] /lib64/libc.so.6(__libc_start_main+0xf4) [0x3ea1e1d974]
[compute-511-1:06717] [14] bin/radix.mpi(__gxx_personality_v0+0x1a1) [0x409349]
[compute-511-1:06717] *** End of error message ***
--------------------------------------------------------------------------
mpirun noticed that process rank 2 with PID 6717 on node compute-511-1.local exited on signal 11 (Segmentation fault).
--------------------------------------------------------------------------
mask size = 4

starting radix sort...[compute-511-1:06801] *** Process received signal ***
[compute-511-1:06801] Signal: Segmentation fault (11)
[compute-511-1:06801] Signal code: Address not mapped (1)
[compute-511-1:06801] Failing at address: 0x2ac4b0ab8fc8
[compute-511-1:06801] [ 0] /lib64/libpthread.so.0 [0x3ea2a0e4c0]
[compute-511-1:06801] [ 1] /lib64/libc.so.6(memcpy+0x15b) [0x3ea1e7b59b]
[compute-511-1:06801] [ 2] /opt/openmpi/lib/libmpi.so.0(ompi_convertor_pack+0x12c) [0x2ac4a481796c]
[compute-511-1:06801] [ 3] /opt/openmpi/lib/libmpi.so.0 [0x2ac4a484746a]
[compute-511-1:06801] [ 4] /opt/openmpi/lib/libmpi.so.0 [0x2ac4a48b286a]
[compute-511-1:06801] [ 5] /opt/openmpi/lib/libmpi.so.0 [0x2ac4a48ac9e8]
[compute-511-1:06801] [ 6] /opt/openmpi/lib/libmpi.so.0 [0x2ac4a4848a79]
[compute-511-1:06801] [ 7] /opt/openmpi/lib/libopen-pal.so.0(opal_progress+0x5a) [0x2ac4a4e2945a]
[compute-511-1:06801] [ 8] /opt/openmpi/lib/libmpi.so.0 [0x2ac4a480a005]
[compute-511-1:06801] [ 9] /opt/openmpi/lib/libmpi.so.0 [0x2ac4a484d067]
[compute-511-1:06801] [10] /opt/openmpi/lib/libmpi.so.0 [0x2ac4a48562fc]
[compute-511-1:06801] [11] /opt/openmpi/lib/libmpi.so.0(MPI_Barrier+0x7c) [0x2ac4a481e77c]
[compute-511-1:06801] [12] bin/radix.mpi(main+0x335) [0x40b695]
[compute-511-1:06801] [13] /lib64/libc.so.6(__libc_start_main+0xf4) [0x3ea1e1d974]
[compute-511-1:06801] [14] bin/radix.mpi(__gxx_personality_v0+0x1a1) [0x409349]
[compute-511-1:06801] *** End of error message ***
--------------------------------------------------------------------------
mpirun noticed that process rank 4 with PID 6801 on node compute-511-1.local exited on signal 11 (Segmentation fault).
--------------------------------------------------------------------------
mask size = 4

starting radix sort...[compute-511-1:06882] *** Process received signal ***
[compute-511-1:06882] Signal: Segmentation fault (11)
[compute-511-1:06882] Signal code: Address not mapped (1)
[compute-511-1:06882] Failing at address: 0x2b5f73488fc8
[compute-511-1:06882] [ 0] /lib64/libpthread.so.0 [0x3ea2a0e4c0]
[compute-511-1:06882] [ 1] /lib64/libc.so.6(memcpy+0x15b) [0x3ea1e7b59b]
[compute-511-1:06882] [ 2] /opt/openmpi/lib/libmpi.so.0(ompi_convertor_pack+0x12c) [0x2b5f671e796c]
[compute-511-1:06882] [ 3] /opt/openmpi/lib/libmpi.so.0 [0x2b5f6721746a]
[compute-511-1:06882] [ 4] /opt/openmpi/lib/libmpi.so.0 [0x2b5f6728286a]
[compute-511-1:06882] [ 5] /opt/openmpi/lib/libmpi.so.0 [0x2b5f6727c9e8]
[compute-511-1:06882] [ 6] /opt/openmpi/lib/libmpi.so.0 [0x2b5f67218a79]
[compute-511-1:06882] [ 7] /opt/openmpi/lib/libopen-pal.so.0(opal_progress+0x5a) [0x2b5f677f945a]
[compute-511-1:06882] [ 8] /opt/openmpi/lib/libmpi.so.0 [0x2b5f671da005]
[compute-511-1:06882] [ 9] /opt/openmpi/lib/libmpi.so.0 [0x2b5f6721d067]
[compute-511-1:06882] [10] /opt/openmpi/lib/libmpi.so.0 [0x2b5f672262fc]
[compute-511-1:06882] [11] /opt/openmpi/lib/libmpi.so.0(MPI_Barrier+0x7c) [0x2b5f671ee77c]
[compute-511-1:06882] [12] bin/radix.mpi(main+0x335) [0x40b695]
[compute-511-1:06882] [13] /lib64/libc.so.6(__libc_start_main+0xf4) [0x3ea1e1d974]
[compute-511-1:06882] [14] bin/radix.mpi(__gxx_personality_v0+0x1a1) [0x409349]
[compute-511-1:06882] *** End of error message ***
--------------------------------------------------------------------------
mpirun noticed that process rank 4 with PID 6882 on node compute-511-1.local exited on signal 11 (Segmentation fault).
--------------------------------------------------------------------------
mask size = 4

starting radix sort...[compute-511-1:06964] *** Process received signal ***
[compute-511-1:06964] Signal: Segmentation fault (11)
[compute-511-1:06964] Signal code: Address not mapped (1)
[compute-511-1:06964] Failing at address: 0x2af4789fafc8
[compute-511-1:06964] [ 0] /lib64/libpthread.so.0 [0x3ea2a0e4c0]
[compute-511-1:06964] [ 1] /lib64/libc.so.6(memcpy+0x15b) [0x3ea1e7b59b]
[compute-511-1:06964] [ 2] /opt/openmpi/lib/libmpi.so.0(ompi_convertor_pack+0x12c) [0x2af46c75996c]
[compute-511-1:06964] [ 3] /opt/openmpi/lib/libmpi.so.0 [0x2af46c78946a]
[compute-511-1:06964] [ 4] /opt/openmpi/lib/libmpi.so.0 [0x2af46c7f486a]
[compute-511-1:06964] [ 5] /opt/openmpi/lib/libmpi.so.0 [0x2af46c7ee9e8]
[compute-511-1:06964] [ 6] /opt/openmpi/lib/libmpi.so.0 [0x2af46c78aa79]
[compute-511-1:06964] [ 7] /opt/openmpi/lib/libopen-pal.so.0(opal_progress+0x5a) [0x2af46cd6b45a]
[compute-511-1:06964] [ 8] /opt/openmpi/lib/libmpi.so.0 [0x2af46c74c005]
[compute-511-1:06964] [ 9] /opt/openmpi/lib/libmpi.so.0 [0x2af46c78f067]
[compute-511-1:06964] [10] /opt/openmpi/lib/libmpi.so.0 [0x2af46c7982fc]
[compute-511-1:06964] [11] /opt/openmpi/lib/libmpi.so.0(MPI_Barrier+0x7c) [0x2af46c76077c]
[compute-511-1:06964] [12] bin/radix.mpi(main+0x335) [0x40b695]
[compute-511-1:06964] [13] /lib64/libc.so.6(__libc_start_main+0xf4) [0x3ea1e1d974]
[compute-511-1:06964] [14] bin/radix.mpi(__gxx_personality_v0+0x1a1) [0x409349]
[compute-511-1:06964] *** End of error message ***
--------------------------------------------------------------------------
mpirun noticed that process rank 4 with PID 6964 on node compute-511-1.local exited on signal 11 (Segmentation fault).
--------------------------------------------------------------------------
mask size = 4

starting radix sort...[compute-511-1:07046] *** Process received signal ***
[compute-511-1:07046] Signal: Segmentation fault (11)
[compute-511-1:07046] Signal code: Address not mapped (1)
[compute-511-1:07046] Failing at address: 0x2b31b7aaffc8
[compute-511-1:07046] [ 0] /lib64/libpthread.so.0 [0x3ea2a0e4c0]
[compute-511-1:07046] [ 1] /lib64/libc.so.6(memcpy+0x15b) [0x3ea1e7b59b]
[compute-511-1:07046] [ 2] /opt/openmpi/lib/libmpi.so.0(ompi_convertor_pack+0x12c) [0x2b31ab80e96c]
[compute-511-1:07046] [ 3] /opt/openmpi/lib/libmpi.so.0 [0x2b31ab83e46a]
[compute-511-1:07046] [ 4] /opt/openmpi/lib/libmpi.so.0 [0x2b31ab8a986a]
[compute-511-1:07046] [ 5] /opt/openmpi/lib/libmpi.so.0 [0x2b31ab8a39e8]
[compute-511-1:07046] [ 6] /opt/openmpi/lib/libmpi.so.0 [0x2b31ab83fa79]
[compute-511-1:07046] [ 7] /opt/openmpi/lib/libopen-pal.so.0(opal_progress+0x5a) [0x2b31abe2045a]
[compute-511-1:07046] [ 8] /opt/openmpi/lib/libmpi.so.0 [0x2b31ab801005]
[compute-511-1:07046] [ 9] /opt/openmpi/lib/libmpi.so.0 [0x2b31ab844067]
[compute-511-1:07046] [10] /opt/openmpi/lib/libmpi.so.0 [0x2b31ab84d2fc]
[compute-511-1:07046] [11] /opt/openmpi/lib/libmpi.so.0(MPI_Barrier+0x7c) [0x2b31ab81577c]
[compute-511-1:07046] [12] bin/radix.mpi(main+0x335) [0x40b695]
[compute-511-1:07046] [13] /lib64/libc.so.6(__libc_start_main+0xf4) [0x3ea1e1d974]
[compute-511-1:07046] [14] bin/radix.mpi(__gxx_personality_v0+0x1a1) [0x409349]
[compute-511-1:07046] *** End of error message ***
--------------------------------------------------------------------------
mpirun noticed that process rank 4 with PID 7046 on node compute-511-1.local exited on signal 11 (Segmentation fault).
--------------------------------------------------------------------------
mask size = 4

starting radix sort...[compute-511-1:07127] *** Process received signal ***
[compute-511-1:07127] Signal: Segmentation fault (11)
[compute-511-1:07127] Signal code: Address not mapped (1)
[compute-511-1:07127] Failing at address: 0x2b1df1f97fc8
[compute-511-1:07127] [ 0] /lib64/libpthread.so.0 [0x3ea2a0e4c0]
[compute-511-1:07127] [ 1] /lib64/libc.so.6(memcpy+0x15b) [0x3ea1e7b59b]
[compute-511-1:07127] [ 2] /opt/openmpi/lib/libmpi.so.0(ompi_convertor_pack+0x12c) [0x2b1de5cf696c]
[compute-511-1:07127] [ 3] /opt/openmpi/lib/libmpi.so.0 [0x2b1de5d2646a]
[compute-511-1:07127] [ 4] /opt/openmpi/lib/libmpi.so.0 [0x2b1de5d9186a]
[compute-511-1:07127] [ 5] /opt/openmpi/lib/libmpi.so.0 [0x2b1de5d8b9e8]
[compute-511-1:07127] [ 6] /opt/openmpi/lib/libmpi.so.0 [0x2b1de5d27a79]
[compute-511-1:07127] [ 7] /opt/openmpi/lib/libopen-pal.so.0(opal_progress+0x5a) [0x2b1de630845a]
[compute-511-1:07127] [ 8] /opt/openmpi/lib/libmpi.so.0 [0x2b1de5ce9005]
[compute-511-1:07127] [ 9] /opt/openmpi/lib/libmpi.so.0 [0x2b1de5d2c067]
[compute-511-1:07127] [10] /opt/openmpi/lib/libmpi.so.0 [0x2b1de5d352fc]
[compute-511-1:07127] [11] /opt/openmpi/lib/libmpi.so.0(MPI_Barrier+0x7c) [0x2b1de5cfd77c]
[compute-511-1:07127] [12] bin/radix.mpi(main+0x335) [0x40b695]
[compute-511-1:07127] [13] /lib64/libc.so.6(__libc_start_main+0xf4) [0x3ea1e1d974]
[compute-511-1:07127] [14] bin/radix.mpi(__gxx_personality_v0+0x1a1) [0x409349]
[compute-511-1:07127] *** End of error message ***
--------------------------------------------------------------------------
mpirun noticed that process rank 4 with PID 7127 on node compute-511-1.local exited on signal 11 (Segmentation fault).
--------------------------------------------------------------------------
mask size = 8

starting radix sort...finished

CORRECT! Result is ordered
CORRECT! Result is orderedCORRECT! Result is orderedCORRECT! Result is ordered


mask size = 8

starting radix sort...finished

CORRECT! Result is ordered
CORRECT! Result is orderedCORRECT! Result is orderedCORRECT! Result is ordered


mask size = 8

starting radix sort...finished

CORRECT! Result is ordered
CORRECT! Result is orderedCORRECT! Result is orderedCORRECT! Result is ordered


mask size = 8

starting radix sort...finished

CORRECT! Result is ordered
CORRECT! Result is orderedCORRECT! Result is orderedCORRECT! Result is ordered


mask size = 8

starting radix sort...finished

CORRECT! Result is ordered
CORRECT! Result is orderedCORRECT! Result is orderedCORRECT! Result is ordered


mask size = 8

starting radix sort...finished

CORRECT! Result is ordered
CORRECT! Result is orderedCORRECT! Result is ordered
CORRECT! Result is ordered
CORRECT! Result is ordered
CORRECT! Result is ordered
CORRECT! Result is ordered
CORRECT! Result is ordered

mask size = 8

starting radix sort...finished

CORRECT! Result is ordered
CORRECT! Result is orderedCORRECT! Result is ordered
CORRECT! Result is ordered
CORRECT! Result is ordered
CORRECT! Result is ordered
CORRECT! Result is ordered
CORRECT! Result is ordered

mask size = 8

starting radix sort...finished

CORRECT! Result is ordered
CORRECT! Result is ordered
CORRECT! Result is ordered
CORRECT! Result is ordered
CORRECT! Result is ordered
CORRECT! Result is ordered
CORRECT! Result is ordered
CORRECT! Result is ordered
mask size = 8

starting radix sort...finished

CORRECT! Result is ordered
CORRECT! Result is ordered
CORRECT! Result is ordered
CORRECT! Result is ordered
CORRECT! Result is ordered
CORRECT! Result is ordered
CORRECT! Result is ordered
CORRECT! Result is ordered
mask size = 8

starting radix sort...finished

CORRECT! Result is ordered
CORRECT! Result is orderedCORRECT! Result is ordered
CORRECT! Result is ordered
CORRECT! Result is ordered
CORRECT! Result is ordered
CORRECT! Result is ordered
CORRECT! Result is ordered

mask size = 8

starting radix sort...finished

CORRECT! Result is ordered
CORRECT! Result is orderedCORRECT! Result is ordered
CORRECT! Result is ordered

mask size = 8

starting radix sort...finished

CORRECT! Result is ordered
CORRECT! Result is ordered
CORRECT! Result is ordered
CORRECT! Result is ordered
mask size = 8

starting radix sort...finished

CORRECT! Result is ordered
CORRECT! Result is ordered
CORRECT! Result is ordered
CORRECT! Result is ordered
mask size = 8

starting radix sort...finished

CORRECT! Result is ordered
CORRECT! Result is ordered
CORRECT! Result is ordered
CORRECT! Result is ordered
mask size = 8

starting radix sort...finished

CORRECT! Result is ordered
CORRECT! Result is orderedCORRECT! Result is ordered
CORRECT! Result is ordered

mask size = 8

starting radix sort...finished

CORRECT! Result is ordered
CORRECT! Result is ordered
CORRECT! Result is ordered
CORRECT! Result is ordered
CORRECT! Result is ordered
CORRECT! Result is ordered
CORRECT! Result is ordered
CORRECT! Result is ordered
mask size = 8

starting radix sort...finished

CORRECT! Result is ordered
CORRECT! Result is ordered
CORRECT! Result is ordered
CORRECT! Result is ordered
CORRECT! Result is ordered
CORRECT! Result is ordered
CORRECT! Result is ordered
CORRECT! Result is ordered
mask size = 8

starting radix sort...finished

CORRECT! Result is ordered
CORRECT! Result is ordered
CORRECT! Result is ordered
CORRECT! Result is ordered
CORRECT! Result is ordered
CORRECT! Result is ordered
CORRECT! Result is ordered
CORRECT! Result is ordered
mask size = 8

starting radix sort...finished

CORRECT! Result is ordered
CORRECT! Result is ordered
CORRECT! Result is ordered
CORRECT! Result is ordered
CORRECT! Result is ordered
CORRECT! Result is ordered
CORRECT! Result is ordered
CORRECT! Result is ordered
mask size = 8

starting radix sort...finished

CORRECT! Result is ordered
CORRECT! Result is ordered
CORRECT! Result is ordered
CORRECT! Result is ordered
CORRECT! Result is ordered
CORRECT! Result is ordered
CORRECT! Result is ordered
CORRECT! Result is ordered
mask size = 8

starting radix sort...finished

CORRECT! Result is ordered
CORRECT! Result is orderedCORRECT! Result is orderedCORRECT! Result is ordered


mask size = 8

starting radix sort...finished

CORRECT! Result is ordered
CORRECT! Result is orderedCORRECT! Result is ordered
CORRECT! Result is ordered

mask size = 8

starting radix sort...finished

CORRECT! Result is ordered
CORRECT! Result is orderedCORRECT! Result is ordered
CORRECT! Result is ordered

mask size = 8

starting radix sort...finished

CORRECT! Result is ordered
CORRECT! Result is orderedCORRECT! Result is ordered
CORRECT! Result is ordered

mask size = 8

starting radix sort...finished

CORRECT! Result is ordered
CORRECT! Result is ordered
CORRECT! Result is ordered
CORRECT! Result is ordered
mask size = 8

starting radix sort...CORRECT! Result is ordered
finished

CORRECT! Result is ordered
CORRECT! Result is ordered
CORRECT! Result is ordered
CORRECT! Result is ordered
CORRECT! Result is ordered
CORRECT! Result is ordered
CORRECT! Result is ordered
mask size = 8

starting radix sort...finished

CORRECT! Result is ordered
CORRECT! Result is ordered
CORRECT! Result is ordered
CORRECT! Result is ordered
CORRECT! Result is ordered
CORRECT! Result is ordered
CORRECT! Result is ordered
CORRECT! Result is ordered
mask size = 8

starting radix sort...finished

CORRECT! Result is ordered
CORRECT! Result is ordered
CORRECT! Result is ordered
CORRECT! Result is ordered
CORRECT! Result is ordered
CORRECT! Result is ordered
CORRECT! Result is ordered
CORRECT! Result is ordered
mask size = 8

starting radix sort...finished

CORRECT! Result is ordered
CORRECT! Result is ordered
CORRECT! Result is ordered
CORRECT! Result is ordered
CORRECT! Result is ordered
CORRECT! Result is ordered
CORRECT! Result is ordered
CORRECT! Result is ordered
mask size = 8

starting radix sort...finished

CORRECT! Result is ordered
CORRECT! Result is ordered
CORRECT! Result is ordered
CORRECT! Result is ordered
CORRECT! Result is ordered
CORRECT! Result is ordered
CORRECT! Result is ordered
CORRECT! Result is ordered
mask size = 8

starting radix sort...finished

CORRECT! Result is orderedCORRECT! Result is ordered

CORRECT! Result is ordered
CORRECT! Result is ordered
mask size = 8

starting radix sort...finished

CORRECT! Result is ordered
CORRECT! Result is ordered
CORRECT! Result is ordered
CORRECT! Result is ordered
mask size = 8

starting radix sort...finished

CORRECT! Result is ordered
CORRECT! Result is ordered
CORRECT! Result is ordered
CORRECT! Result is ordered
mask size = 8

starting radix sort...finished

CORRECT! Result is ordered
CORRECT! Result is orderedCORRECT! Result is ordered
CORRECT! Result is ordered

mask size = 8

starting radix sort...finished

CORRECT! Result is ordered
CORRECT! Result is orderedCORRECT! Result is orderedCORRECT! Result is ordered


mask size = 8

starting radix sort...finished

CORRECT! Result is ordered
CORRECT! Result is ordered
CORRECT! Result is ordered
CORRECT! Result is ordered
CORRECT! Result is ordered
CORRECT! Result is ordered
CORRECT! Result is ordered
CORRECT! Result is ordered
mask size = 8

starting radix sort...finished

CORRECT! Result is ordered
CORRECT! Result is ordered
CORRECT! Result is ordered
CORRECT! Result is ordered
CORRECT! Result is ordered
CORRECT! Result is ordered
CORRECT! Result is ordered
CORRECT! Result is ordered
mask size = 8

starting radix sort...finished

CORRECT! Result is ordered
CORRECT! Result is orderedCORRECT! Result is ordered
CORRECT! Result is ordered
CORRECT! Result is ordered
CORRECT! Result is ordered
CORRECT! Result is ordered
CORRECT! Result is ordered

mask size = 8

starting radix sort...finished

CORRECT! Result is ordered
CORRECT! Result is ordered
CORRECT! Result is ordered
CORRECT! Result is ordered
CORRECT! Result is ordered
CORRECT! Result is ordered
CORRECT! Result is ordered
CORRECT! Result is ordered
mask size = 8

starting radix sort...CORRECT! Result is ordered
finished

CORRECT! Result is ordered
CORRECT! Result is ordered
CORRECT! Result is ordered
CORRECT! Result is ordered
CORRECT! Result is ordered
CORRECT! Result is ordered
CORRECT! Result is ordered
mask size = 8

starting radix sort...[compute-511-1:07716] *** Process received signal ***
[compute-511-1:07716] Signal: Segmentation fault (11)
[compute-511-1:07716] Signal code: Address not mapped (1)
[compute-511-1:07716] Failing at address: 0x2b1bcb091fc8
[compute-511-1:07716] [ 0] /lib64/libpthread.so.0 [0x3ea2a0e4c0]
[compute-511-1:07716] [ 1] /lib64/libc.so.6(memcpy+0x15b) [0x3ea1e7b59b]
[compute-511-1:07716] [ 2] /opt/openmpi/lib/libmpi.so.0(ompi_convertor_pack+0x12c) [0x2b1bb6def96c]
[compute-511-1:07716] [ 3] /opt/openmpi/lib/libmpi.so.0 [0x2b1bb6e1f46a]
[compute-511-1:07716] [ 4] /opt/openmpi/lib/libmpi.so.0 [0x2b1bb6e8a86a]
[compute-511-1:07716] [ 5] /opt/openmpi/lib/libmpi.so.0 [0x2b1bb6e849e8]
[compute-511-1:07716] [ 6] /opt/openmpi/lib/libmpi.so.0 [0x2b1bb6e20a79]
[compute-511-1:07716] [ 7] /opt/openmpi/lib/libopen-pal.so.0(opal_progress+0x5a) [0x2b1bb740145a]
[compute-511-1:07716] [ 8] /opt/openmpi/lib/libmpi.so.0 [0x2b1bb6de2005]
[compute-511-1:07716] [ 9] /opt/openmpi/lib/libmpi.so.0 [0x2b1bb6e25067]
[compute-511-1:07716] [10] /opt/openmpi/lib/libmpi.so.0 [0x2b1bb6e2e2fc]
[compute-511-1:07716] [11] /opt/openmpi/lib/libmpi.so.0(MPI_Barrier+0x7c) [0x2b1bb6df677c]
[compute-511-1:07716] [12] bin/radix.mpi(main+0x335) [0x40b695]
[compute-511-1:07716] [13] /lib64/libc.so.6(__libc_start_main+0xf4) [0x3ea1e1d974]
[compute-511-1:07716] [14] bin/radix.mpi(__gxx_personality_v0+0x1a1) [0x409349]
[compute-511-1:07716] *** End of error message ***
--------------------------------------------------------------------------
mpirun noticed that process rank 2 with PID 7716 on node compute-511-1.local exited on signal 11 (Segmentation fault).
--------------------------------------------------------------------------
mask size = 8

starting radix sort...[compute-511-1:07770] *** Process received signal ***
[compute-511-1:07770] Signal: Segmentation fault (11)
[compute-511-1:07770] Signal code: Address not mapped (1)
[compute-511-1:07770] Failing at address: 0x2ac1ae1e4fc8
[compute-511-1:07770] [ 0] /lib64/libpthread.so.0 [0x3ea2a0e4c0]
[compute-511-1:07770] [ 1] /lib64/libc.so.6(memcpy+0x15b) [0x3ea1e7b59b]
[compute-511-1:07770] [ 2] /opt/openmpi/lib/libmpi.so.0(ompi_convertor_pack+0x12c) [0x2ac199f4296c]
[compute-511-1:07770] [ 3] /opt/openmpi/lib/libmpi.so.0 [0x2ac199f7246a]
[compute-511-1:07770] [ 4] /opt/openmpi/lib/libmpi.so.0 [0x2ac199fdd86a]
[compute-511-1:07770] [ 5] /opt/openmpi/lib/libmpi.so.0 [0x2ac199fd79e8]
[compute-511-1:07770] [ 6] /opt/openmpi/lib/libmpi.so.0 [0x2ac199f73a79]
[compute-511-1:07770] [ 7] /opt/openmpi/lib/libopen-pal.so.0(opal_progress+0x5a) [0x2ac19a55445a]
[compute-511-1:07770] [ 8] /opt/openmpi/lib/libmpi.so.0 [0x2ac199f35005]
[compute-511-1:07770] [ 9] /opt/openmpi/lib/libmpi.so.0 [0x2ac199f78067]
[compute-511-1:07770] [10] /opt/openmpi/lib/libmpi.so.0 [0x2ac199f812fc]
[compute-511-1:07770] [11] /opt/openmpi/lib/libmpi.so.0(MPI_Barrier+0x7c) [0x2ac199f4977c]
[compute-511-1:07770] [12] bin/radix.mpi(main+0x335) [0x40b695]
[compute-511-1:07770] [13] /lib64/libc.so.6(__libc_start_main+0xf4) [0x3ea1e1d974]
[compute-511-1:07770] [14] bin/radix.mpi(__gxx_personality_v0+0x1a1) [0x409349]
[compute-511-1:07770] *** End of error message ***
--------------------------------------------------------------------------
mpirun noticed that process rank 2 with PID 7770 on node compute-511-1.local exited on signal 11 (Segmentation fault).
--------------------------------------------------------------------------
mask size = 8

starting radix sort...[compute-511-1:07848] *** Process received signal ***
[compute-511-1:07848] Signal: Segmentation fault (11)
[compute-511-1:07848] Signal code: Address not mapped (1)
[compute-511-1:07848] Failing at address: 0x2b97e90e2fc8
[compute-511-1:07848] [ 0] /lib64/libpthread.so.0 [0x3ea2a0e4c0]
[compute-511-1:07848] [ 1] /lib64/libc.so.6(memcpy+0x15b) [0x3ea1e7b59b]
[compute-511-1:07848] [ 2] /opt/openmpi/lib/libmpi.so.0(ompi_convertor_pack+0x12c) [0x2b97d4e4096c]
[compute-511-1:07848] [ 3] /opt/openmpi/lib/libmpi.so.0 [0x2b97d4e7046a]
[compute-511-1:07848] [ 4] /opt/openmpi/lib/libmpi.so.0 [0x2b97d4edb86a]
[compute-511-1:07848] [ 5] /opt/openmpi/lib/libmpi.so.0 [0x2b97d4ed59e8]
[compute-511-1:07848] [ 6] /opt/openmpi/lib/libmpi.so.0 [0x2b97d4e71a79]
[compute-511-1:07848] [ 7] /opt/openmpi/lib/libopen-pal.so.0(opal_progress+0x5a) [0x2b97d545245a]
[compute-511-1:07848] [ 8] /opt/openmpi/lib/libmpi.so.0 [0x2b97d4e33005]
[compute-511-1:07848] [ 9] /opt/openmpi/lib/libmpi.so.0 [0x2b97d4e76067]
[compute-511-1:07848] [10] /opt/openmpi/lib/libmpi.so.0 [0x2b97d4e7f2fc]
[compute-511-1:07848] [11] /opt/openmpi/lib/libmpi.so.0(MPI_Barrier+0x7c) [0x2b97d4e4777c]
[compute-511-1:07848] [12] bin/radix.mpi(main+0x335) [0x40b695]
[compute-511-1:07848] [13] /lib64/libc.so.6(__libc_start_main+0xf4) [0x3ea1e1d974]
[compute-511-1:07848] [14] bin/radix.mpi(__gxx_personality_v0+0x1a1) [0x409349]
[compute-511-1:07848] *** End of error message ***
--------------------------------------------------------------------------
mpirun noticed that process rank 2 with PID 7848 on node compute-511-1.local exited on signal 11 (Segmentation fault).
--------------------------------------------------------------------------
mask size = 8

starting radix sort...[compute-511-1:07901] *** Process received signal ***
[compute-511-1:07901] Signal: Segmentation fault (11)
[compute-511-1:07901] Signal code: Address not mapped (1)
[compute-511-1:07901] Failing at address: 0x2b17c8136fc8
[compute-511-1:07901] [ 0] /lib64/libpthread.so.0 [0x3ea2a0e4c0]
[compute-511-1:07901] [ 1] /lib64/libc.so.6(memcpy+0x15b) [0x3ea1e7b59b]
[compute-511-1:07901] [ 2] /opt/openmpi/lib/libmpi.so.0(ompi_convertor_pack+0x12c) [0x2b17b3e9496c]
[compute-511-1:07901] [ 3] /opt/openmpi/lib/libmpi.so.0 [0x2b17b3ec446a]
[compute-511-1:07901] [ 4] /opt/openmpi/lib/libmpi.so.0 [0x2b17b3f2f86a]
[compute-511-1:07901] [ 5] /opt/openmpi/lib/libmpi.so.0 [0x2b17b3f299e8]
[compute-511-1:07901] [ 6] /opt/openmpi/lib/libmpi.so.0 [0x2b17b3ec5a79]
[compute-511-1:07901] [ 7] /opt/openmpi/lib/libopen-pal.so.0(opal_progress+0x5a) [0x2b17b44a645a]
[compute-511-1:07901] [ 8] /opt/openmpi/lib/libmpi.so.0 [0x2b17b3e87005]
[compute-511-1:07901] [ 9] /opt/openmpi/lib/libmpi.so.0 [0x2b17b3eca067]
[compute-511-1:07901] [10] /opt/openmpi/lib/libmpi.so.0 [0x2b17b3ed32fc]
[compute-511-1:07901] [11] /opt/openmpi/lib/libmpi.so.0(MPI_Barrier+0x7c) [0x2b17b3e9b77c]
[compute-511-1:07901] [12] bin/radix.mpi(main+0x335) [0x40b695]
[compute-511-1:07901] [13] /lib64/libc.so.6(__libc_start_main+0xf4) [0x3ea1e1d974]
[compute-511-1:07901] [14] bin/radix.mpi(__gxx_personality_v0+0x1a1) [0x409349]
[compute-511-1:07901] *** End of error message ***
--------------------------------------------------------------------------
mpirun noticed that process rank 2 with PID 7901 on node compute-511-1.local exited on signal 11 (Segmentation fault).
--------------------------------------------------------------------------
mask size = 8

starting radix sort...[compute-511-1:07978] *** Process received signal ***
[compute-511-1:07978] Signal: Segmentation fault (11)
[compute-511-1:07978] Signal code: Address not mapped (1)
[compute-511-1:07978] Failing at address: 0x2acc5f4c6fc8
[compute-511-1:07978] [ 0] /lib64/libpthread.so.0 [0x3ea2a0e4c0]
[compute-511-1:07978] [ 1] /lib64/libc.so.6(memcpy+0x15b) [0x3ea1e7b59b]
[compute-511-1:07978] [ 2] /opt/openmpi/lib/libmpi.so.0(ompi_convertor_pack+0x12c) [0x2acc4b22496c]
[compute-511-1:07978] [ 3] /opt/openmpi/lib/libmpi.so.0 [0x2acc4b25446a]
[compute-511-1:07978] [ 4] /opt/openmpi/lib/libmpi.so.0 [0x2acc4b2bf86a]
[compute-511-1:07978] [ 5] /opt/openmpi/lib/libmpi.so.0 [0x2acc4b2b99e8]
[compute-511-1:07978] [ 6] /opt/openmpi/lib/libmpi.so.0 [0x2acc4b255a79]
[compute-511-1:07978] [ 7] /opt/openmpi/lib/libopen-pal.so.0(opal_progress+0x5a) [0x2acc4b83645a]
[compute-511-1:07978] [ 8] /opt/openmpi/lib/libmpi.so.0 [0x2acc4b217005]
[compute-511-1:07978] [ 9] /opt/openmpi/lib/libmpi.so.0 [0x2acc4b25a067]
[compute-511-1:07978] [10] /opt/openmpi/lib/libmpi.so.0 [0x2acc4b2632fc]
[compute-511-1:07978] [11] /opt/openmpi/lib/libmpi.so.0(MPI_Barrier+0x7c) [0x2acc4b22b77c]
[compute-511-1:07978] [12] bin/radix.mpi(main+0x335) [0x40b695]
[compute-511-1:07978] [13] /lib64/libc.so.6(__libc_start_main+0xf4) [0x3ea1e1d974]
[compute-511-1:07978] [14] bin/radix.mpi(__gxx_personality_v0+0x1a1) [0x409349]
[compute-511-1:07978] *** End of error message ***
--------------------------------------------------------------------------
mpirun noticed that process rank 2 with PID 7978 on node compute-511-1.local exited on signal 11 (Segmentation fault).
--------------------------------------------------------------------------
mask size = 8

starting radix sort...[compute-511-1:08038] *** Process received signal ***
[compute-511-1:08038] Signal: Segmentation fault (11)
[compute-511-1:08038] Signal code: Address not mapped (1)
[compute-511-1:08038] Failing at address: 0x2afceb00efc8
[compute-511-1:08038] [ 0] /lib64/libpthread.so.0 [0x3ea2a0e4c0]
[compute-511-1:08038] [ 1] /lib64/libc.so.6(memcpy+0x15b) [0x3ea1e7b59b]
[compute-511-1:08038] [ 2] /opt/openmpi/lib/libmpi.so.0(ompi_convertor_pack+0x12c) [0x2afcded6d96c]
[compute-511-1:08038] [ 3] /opt/openmpi/lib/libmpi.so.0 [0x2afcded9d46a]
[compute-511-1:08038] [ 4] /opt/openmpi/lib/libmpi.so.0 [0x2afcdee0886a]
[compute-511-1:08038] [ 5] /opt/openmpi/lib/libmpi.so.0 [0x2afcdee029e8]
[compute-511-1:08038] [ 6] /opt/openmpi/lib/libmpi.so.0 [0x2afcded9ea79]
[compute-511-1:08038] [ 7] /opt/openmpi/lib/libopen-pal.so.0(opal_progress+0x5a) [0x2afcdf37f45a]
[compute-511-1:08038] [ 8] /opt/openmpi/lib/libmpi.so.0 [0x2afcded60005]
[compute-511-1:08038] [ 9] /opt/openmpi/lib/libmpi.so.0 [0x2afcdeda3067]
[compute-511-1:08038] [10] /opt/openmpi/lib/libmpi.so.0 [0x2afcdedac2fc]
[compute-511-1:08038] [11] /opt/openmpi/lib/libmpi.so.0(MPI_Barrier+0x7c) [0x2afcded7477c]
[compute-511-1:08038] [12] bin/radix.mpi(main+0x335) [0x40b695]
[compute-511-1:08038] [13] /lib64/libc.so.6(__libc_start_main+0xf4) [0x3ea1e1d974]
[compute-511-1:08038] [14] bin/radix.mpi(__gxx_personality_v0+0x1a1) [0x409349]
[compute-511-1:08038] *** End of error message ***
--------------------------------------------------------------------------
mpirun noticed that process rank 4 with PID 8038 on node compute-511-1.local exited on signal 11 (Segmentation fault).
--------------------------------------------------------------------------
mask size = 8

starting radix sort...[compute-511-1:08126] *** Process received signal ***
[compute-511-1:08126] Signal: Segmentation fault (11)
[compute-511-1:08126] Signal code: Address not mapped (1)
[compute-511-1:08126] Failing at address: 0x2ba583ba6fc8
[compute-511-1:08126] [ 0] /lib64/libpthread.so.0 [0x3ea2a0e4c0]
[compute-511-1:08126] [ 1] /lib64/libc.so.6(memcpy+0x15b) [0x3ea1e7b59b]
[compute-511-1:08126] [ 2] /opt/openmpi/lib/libmpi.so.0(ompi_convertor_pack+0x12c) [0x2ba57790596c]
[compute-511-1:08126] [ 3] /opt/openmpi/lib/libmpi.so.0 [0x2ba57793546a]
[compute-511-1:08126] [ 4] /opt/openmpi/lib/libmpi.so.0 [0x2ba5779a086a]
[compute-511-1:08126] [ 5] /opt/openmpi/lib/libmpi.so.0 [0x2ba57799a9e8]
[compute-511-1:08126] [ 6] /opt/openmpi/lib/libmpi.so.0 [0x2ba577936a79]
[compute-511-1:08126] [ 7] /opt/openmpi/lib/libopen-pal.so.0(opal_progress+0x5a) [0x2ba577f1745a]
[compute-511-1:08126] [ 8] /opt/openmpi/lib/libmpi.so.0 [0x2ba5778f8005]
[compute-511-1:08126] [ 9] /opt/openmpi/lib/libmpi.so.0 [0x2ba57793b067]
[compute-511-1:08126] [10] /opt/openmpi/lib/libmpi.so.0 [0x2ba5779442fc]
[compute-511-1:08126] [11] /opt/openmpi/lib/libmpi.so.0(MPI_Barrier+0x7c) [0x2ba57790c77c]
[compute-511-1:08126] [12] bin/radix.mpi(main+0x335) [0x40b695]
[compute-511-1:08126] [13] /lib64/libc.so.6(__libc_start_main+0xf4) [0x3ea1e1d974]
[compute-511-1:08126] [14] bin/radix.mpi(__gxx_personality_v0+0x1a1) [0x409349]
[compute-511-1:08126] *** End of error message ***
--------------------------------------------------------------------------
mpirun noticed that process rank 4 with PID 8126 on node compute-511-1.local exited on signal 11 (Segmentation fault).
--------------------------------------------------------------------------
mask size = 8

starting radix sort...[compute-511-1:08207] *** Process received signal ***
[compute-511-1:08207] Signal: Segmentation fault (11)
[compute-511-1:08207] Signal code: Address not mapped (1)
[compute-511-1:08207] Failing at address: 0x2b521b34efc8
[compute-511-1:08207] [ 0] /lib64/libpthread.so.0 [0x3ea2a0e4c0]
[compute-511-1:08207] [ 1] /lib64/libc.so.6(memcpy+0x15b) [0x3ea1e7b59b]
[compute-511-1:08207] [ 2] /opt/openmpi/lib/libmpi.so.0(ompi_convertor_pack+0x12c) [0x2b520f0ad96c]
[compute-511-1:08207] [ 3] /opt/openmpi/lib/libmpi.so.0 [0x2b520f0dd46a]
[compute-511-1:08207] [ 4] /opt/openmpi/lib/libmpi.so.0 [0x2b520f14886a]
[compute-511-1:08207] [ 5] /opt/openmpi/lib/libmpi.so.0 [0x2b520f1429e8]
[compute-511-1:08207] [ 6] /opt/openmpi/lib/libmpi.so.0 [0x2b520f0dea79]
[compute-511-1:08207] [ 7] /opt/openmpi/lib/libopen-pal.so.0(opal_progress+0x5a) [0x2b520f6bf45a]
[compute-511-1:08207] [ 8] /opt/openmpi/lib/libmpi.so.0 [0x2b520f0a0005]
[compute-511-1:08207] [ 9] /opt/openmpi/lib/libmpi.so.0 [0x2b520f0e3067]
[compute-511-1:08207] [10] /opt/openmpi/lib/libmpi.so.0 [0x2b520f0ec2fc]
[compute-511-1:08207] [11] /opt/openmpi/lib/libmpi.so.0(MPI_Barrier+0x7c) [0x2b520f0b477c]
[compute-511-1:08207] [12] bin/radix.mpi(main+0x335) [0x40b695]
[compute-511-1:08207] [13] /lib64/libc.so.6(__libc_start_main+0xf4) [0x3ea1e1d974]
[compute-511-1:08207] [14] bin/radix.mpi(__gxx_personality_v0+0x1a1) [0x409349]
[compute-511-1:08207] *** End of error message ***
--------------------------------------------------------------------------
mpirun noticed that process rank 4 with PID 8207 on node compute-511-1.local exited on signal 11 (Segmentation fault).
--------------------------------------------------------------------------
mask size = 8

starting radix sort...[compute-511-1:08264] *** Process received signal ***
[compute-511-1:08264] Signal: Segmentation fault (11)
[compute-511-1:08264] Signal code: Address not mapped (1)
[compute-511-1:08264] Failing at address: 0x2affcf6b6fc8
[compute-511-1:08264] [ 0] /lib64/libpthread.so.0 [0x3ea2a0e4c0]
[compute-511-1:08264] [ 1] /lib64/libc.so.6(memcpy+0x15b) [0x3ea1e7b59b]
[compute-511-1:08264] [ 2] /opt/openmpi/lib/libmpi.so.0(ompi_convertor_pack+0x12c) [0x2affc341596c]
[compute-511-1:08264] [ 3] /opt/openmpi/lib/libmpi.so.0 [0x2affc344546a]
[compute-511-1:08264] [ 4] /opt/openmpi/lib/libmpi.so.0 [0x2affc34b086a]
[compute-511-1:08264] [ 5] /opt/openmpi/lib/libmpi.so.0 [0x2affc34aa9e8]
[compute-511-1:08264] [ 6] /opt/openmpi/lib/libmpi.so.0 [0x2affc3446a79]
[compute-511-1:08264] [ 7] /opt/openmpi/lib/libopen-pal.so.0(opal_progress+0x5a) [0x2affc3a2745a]
[compute-511-1:08264] [ 8] /opt/openmpi/lib/libmpi.so.0 [0x2affc3408005]
[compute-511-1:08264] [ 9] /opt/openmpi/lib/libmpi.so.0 [0x2affc344b067]
[compute-511-1:08264] [10] /opt/openmpi/lib/libmpi.so.0 [0x2affc34542fc]
[compute-511-1:08264] [11] /opt/openmpi/lib/libmpi.so.0(MPI_Barrier+0x7c) [0x2affc341c77c]
[compute-511-1:08264] [12] bin/radix.mpi(main+0x335) [0x40b695]
[compute-511-1:08264] [13] /lib64/libc.so.6(__libc_start_main+0xf4) [0x3ea1e1d974]
[compute-511-1:08264] [14] bin/radix.mpi(__gxx_personality_v0+0x1a1) [0x409349]
[compute-511-1:08264] *** End of error message ***
--------------------------------------------------------------------------
mpirun noticed that process rank 4 with PID 8264 on node compute-511-1.local exited on signal 11 (Segmentation fault).
--------------------------------------------------------------------------
mask size = 8

starting radix sort...[compute-511-1:08356] *** Process received signal ***
[compute-511-1:08356] Signal: Segmentation fault (11)
[compute-511-1:08356] Signal code: Address not mapped (1)
[compute-511-1:08356] Failing at address: 0x2ba7138fcfc8
[compute-511-1:08356] [ 0] /lib64/libpthread.so.0 [0x3ea2a0e4c0]
[compute-511-1:08356] [ 1] /lib64/libc.so.6(memcpy+0x15b) [0x3ea1e7b59b]
[compute-511-1:08356] [ 2] /opt/openmpi/lib/libmpi.so.0(ompi_convertor_pack+0x12c) [0x2ba70765b96c]
[compute-511-1:08356] [ 3] /opt/openmpi/lib/libmpi.so.0 [0x2ba70768b46a]
[compute-511-1:08356] [ 4] /opt/openmpi/lib/libmpi.so.0 [0x2ba7076f686a]
[compute-511-1:08356] [ 5] /opt/openmpi/lib/libmpi.so.0 [0x2ba7076f09e8]
[compute-511-1:08356] [ 6] /opt/openmpi/lib/libmpi.so.0 [0x2ba70768ca79]
[compute-511-1:08356] [ 7] /opt/openmpi/lib/libopen-pal.so.0(opal_progress+0x5a) [0x2ba707c6d45a]
[compute-511-1:08356] [ 8] /opt/openmpi/lib/libmpi.so.0 [0x2ba70764e005]
[compute-511-1:08356] [ 9] /opt/openmpi/lib/libmpi.so.0 [0x2ba707691067]
[compute-511-1:08356] [10] /opt/openmpi/lib/libmpi.so.0 [0x2ba70769a2fc]
[compute-511-1:08356] [11] /opt/openmpi/lib/libmpi.so.0(MPI_Barrier+0x7c) [0x2ba70766277c]
[compute-511-1:08356] [12] bin/radix.mpi(main+0x335) [0x40b695]
[compute-511-1:08356] [13] /lib64/libc.so.6(__libc_start_main+0xf4) [0x3ea1e1d974]
[compute-511-1:08356] [14] bin/radix.mpi(__gxx_personality_v0+0x1a1) [0x409349]
[compute-511-1:08356] *** End of error message ***
--------------------------------------------------------------------------
mpirun noticed that process rank 4 with PID 8356 on node compute-511-1.local exited on signal 11 (Segmentation fault).
--------------------------------------------------------------------------
