Permission denied, please try again.
Permission denied, please try again.
Permission denied (publickey,gssapi-with-mic,password).
--------------------------------------------------------------------------
A daemon (pid 11151) died unexpectedly with status 255 while attempting
to launch so we are aborting.

There may be more information reported by the environment (see above).

This may be because the daemon was unable to find all the needed shared
libraries on the remote node. You may set your LD_LIBRARY_PATH to have the
location of the shared libraries on the remote nodes and this will
automatically be forwarded to the remote nodes.
--------------------------------------------------------------------------
--------------------------------------------------------------------------
mpirun noticed that the job aborted, but has no info as to the process
that caused that situation.
--------------------------------------------------------------------------
mpirun: clean termination accomplished

Permission denied, please try again.
Permission denied, please try again.
Permission denied (publickey,gssapi-with-mic,password).
--------------------------------------------------------------------------
A daemon (pid 11153) died unexpectedly with status 255 while attempting
to launch so we are aborting.

There may be more information reported by the environment (see above).

This may be because the daemon was unable to find all the needed shared
libraries on the remote node. You may set your LD_LIBRARY_PATH to have the
location of the shared libraries on the remote nodes and this will
automatically be forwarded to the remote nodes.
--------------------------------------------------------------------------
--------------------------------------------------------------------------
mpirun noticed that the job aborted, but has no info as to the process
that caused that situation.
--------------------------------------------------------------------------
mpirun: clean termination accomplished

Permission denied, please try again.
Permission denied, please try again.
Permission denied (publickey,gssapi-with-mic,password).
--------------------------------------------------------------------------
A daemon (pid 11155) died unexpectedly with status 255 while attempting
to launch so we are aborting.

There may be more information reported by the environment (see above).

This may be because the daemon was unable to find all the needed shared
libraries on the remote node. You may set your LD_LIBRARY_PATH to have the
location of the shared libraries on the remote nodes and this will
automatically be forwarded to the remote nodes.
--------------------------------------------------------------------------
--------------------------------------------------------------------------
mpirun noticed that the job aborted, but has no info as to the process
that caused that situation.
--------------------------------------------------------------------------
mpirun: clean termination accomplished

Permission denied, please try again.
Permission denied, please try again.
Permission denied (publickey,gssapi-with-mic,password).
--------------------------------------------------------------------------
A daemon (pid 11157) died unexpectedly with status 255 while attempting
to launch so we are aborting.

There may be more information reported by the environment (see above).

This may be because the daemon was unable to find all the needed shared
libraries on the remote node. You may set your LD_LIBRARY_PATH to have the
location of the shared libraries on the remote nodes and this will
automatically be forwarded to the remote nodes.
--------------------------------------------------------------------------
--------------------------------------------------------------------------
mpirun noticed that the job aborted, but has no info as to the process
that caused that situation.
--------------------------------------------------------------------------
mpirun: clean termination accomplished

Permission denied, please try again.
Permission denied, please try again.
Permission denied (publickey,gssapi-with-mic,password).
--------------------------------------------------------------------------
A daemon (pid 11159) died unexpectedly with status 255 while attempting
to launch so we are aborting.

There may be more information reported by the environment (see above).

This may be because the daemon was unable to find all the needed shared
libraries on the remote node. You may set your LD_LIBRARY_PATH to have the
location of the shared libraries on the remote nodes and this will
automatically be forwarded to the remote nodes.
--------------------------------------------------------------------------
--------------------------------------------------------------------------
mpirun noticed that the job aborted, but has no info as to the process
that caused that situation.
--------------------------------------------------------------------------
mpirun: clean termination accomplished

Permission denied, please try again.
Permission denied, please try again.
Permission denied (publickey,gssapi-with-mic,password).
--------------------------------------------------------------------------
A daemon (pid 11165) died unexpectedly with status 255 while attempting
to launch so we are aborting.

There may be more information reported by the environment (see above).

This may be because the daemon was unable to find all the needed shared
libraries on the remote node. You may set your LD_LIBRARY_PATH to have the
location of the shared libraries on the remote nodes and this will
automatically be forwarded to the remote nodes.
--------------------------------------------------------------------------
--------------------------------------------------------------------------
mpirun noticed that the job aborted, but has no info as to the process
that caused that situation.
--------------------------------------------------------------------------
mpirun: clean termination accomplished

Permission denied, please try again.
Permission denied, please try again.
Permission denied (publickey,gssapi-with-mic,password).
--------------------------------------------------------------------------
A daemon (pid 11167) died unexpectedly with status 255 while attempting
to launch so we are aborting.

There may be more information reported by the environment (see above).

This may be because the daemon was unable to find all the needed shared
libraries on the remote node. You may set your LD_LIBRARY_PATH to have the
location of the shared libraries on the remote nodes and this will
automatically be forwarded to the remote nodes.
--------------------------------------------------------------------------
--------------------------------------------------------------------------
mpirun noticed that the job aborted, but has no info as to the process
that caused that situation.
--------------------------------------------------------------------------
mpirun: clean termination accomplished

Permission denied, please try again.
Permission denied, please try again.
Permission denied (publickey,gssapi-with-mic,password).
--------------------------------------------------------------------------
A daemon (pid 11169) died unexpectedly with status 255 while attempting
to launch so we are aborting.

There may be more information reported by the environment (see above).

This may be because the daemon was unable to find all the needed shared
libraries on the remote node. You may set your LD_LIBRARY_PATH to have the
location of the shared libraries on the remote nodes and this will
automatically be forwarded to the remote nodes.
--------------------------------------------------------------------------
--------------------------------------------------------------------------
mpirun noticed that the job aborted, but has no info as to the process
that caused that situation.
--------------------------------------------------------------------------
mpirun: clean termination accomplished

Permission denied, please try again.
Permission denied, please try again.
Permission denied (publickey,gssapi-with-mic,password).
--------------------------------------------------------------------------
A daemon (pid 11171) died unexpectedly with status 255 while attempting
to launch so we are aborting.

There may be more information reported by the environment (see above).

This may be because the daemon was unable to find all the needed shared
libraries on the remote node. You may set your LD_LIBRARY_PATH to have the
location of the shared libraries on the remote nodes and this will
automatically be forwarded to the remote nodes.
--------------------------------------------------------------------------
--------------------------------------------------------------------------
mpirun noticed that the job aborted, but has no info as to the process
that caused that situation.
--------------------------------------------------------------------------
mpirun: clean termination accomplished

Permission denied, please try again.
Permission denied, please try again.
Permission denied (publickey,gssapi-with-mic,password).
--------------------------------------------------------------------------
A daemon (pid 11173) died unexpectedly with status 255 while attempting
to launch so we are aborting.

There may be more information reported by the environment (see above).

This may be because the daemon was unable to find all the needed shared
libraries on the remote node. You may set your LD_LIBRARY_PATH to have the
location of the shared libraries on the remote nodes and this will
automatically be forwarded to the remote nodes.
--------------------------------------------------------------------------
--------------------------------------------------------------------------
mpirun noticed that the job aborted, but has no info as to the process
that caused that situation.
--------------------------------------------------------------------------
mpirun: clean termination accomplished

Permission denied, please try again.
Permission denied, please try again.
Permission denied (publickey,gssapi-with-mic,password).
--------------------------------------------------------------------------
A daemon (pid 11179) died unexpectedly with status 255 while attempting
to launch so we are aborting.

There may be more information reported by the environment (see above).

This may be because the daemon was unable to find all the needed shared
libraries on the remote node. You may set your LD_LIBRARY_PATH to have the
location of the shared libraries on the remote nodes and this will
automatically be forwarded to the remote nodes.
--------------------------------------------------------------------------
--------------------------------------------------------------------------
mpirun noticed that the job aborted, but has no info as to the process
that caused that situation.
--------------------------------------------------------------------------
mpirun: clean termination accomplished

Permission denied, please try again.
Permission denied, please try again.
Permission denied (publickey,gssapi-with-mic,password).
--------------------------------------------------------------------------
A daemon (pid 11181) died unexpectedly with status 255 while attempting
to launch so we are aborting.

There may be more information reported by the environment (see above).

This may be because the daemon was unable to find all the needed shared
libraries on the remote node. You may set your LD_LIBRARY_PATH to have the
location of the shared libraries on the remote nodes and this will
automatically be forwarded to the remote nodes.
--------------------------------------------------------------------------
--------------------------------------------------------------------------
mpirun noticed that the job aborted, but has no info as to the process
that caused that situation.
--------------------------------------------------------------------------
mpirun: clean termination accomplished

Permission denied, please try again.
Permission denied, please try again.
Permission denied (publickey,gssapi-with-mic,password).
--------------------------------------------------------------------------
A daemon (pid 11183) died unexpectedly with status 255 while attempting
to launch so we are aborting.

There may be more information reported by the environment (see above).

This may be because the daemon was unable to find all the needed shared
libraries on the remote node. You may set your LD_LIBRARY_PATH to have the
location of the shared libraries on the remote nodes and this will
automatically be forwarded to the remote nodes.
--------------------------------------------------------------------------
--------------------------------------------------------------------------
mpirun noticed that the job aborted, but has no info as to the process
that caused that situation.
--------------------------------------------------------------------------
mpirun: clean termination accomplished

Permission denied, please try again.
Permission denied, please try again.
Permission denied (publickey,gssapi-with-mic,password).
--------------------------------------------------------------------------
A daemon (pid 11185) died unexpectedly with status 255 while attempting
to launch so we are aborting.

There may be more information reported by the environment (see above).

This may be because the daemon was unable to find all the needed shared
libraries on the remote node. You may set your LD_LIBRARY_PATH to have the
location of the shared libraries on the remote nodes and this will
automatically be forwarded to the remote nodes.
--------------------------------------------------------------------------
--------------------------------------------------------------------------
mpirun noticed that the job aborted, but has no info as to the process
that caused that situation.
--------------------------------------------------------------------------
mpirun: clean termination accomplished

Permission denied, please try again.
Permission denied, please try again.
Permission denied (publickey,gssapi-with-mic,password).
--------------------------------------------------------------------------
A daemon (pid 11187) died unexpectedly with status 255 while attempting
to launch so we are aborting.

There may be more information reported by the environment (see above).

This may be because the daemon was unable to find all the needed shared
libraries on the remote node. You may set your LD_LIBRARY_PATH to have the
location of the shared libraries on the remote nodes and this will
automatically be forwarded to the remote nodes.
--------------------------------------------------------------------------
--------------------------------------------------------------------------
mpirun noticed that the job aborted, but has no info as to the process
that caused that situation.
--------------------------------------------------------------------------
mpirun: clean termination accomplished

Permission denied, please try again.
Permission denied, please try again.
Permission denied (publickey,gssapi-with-mic,password).
--------------------------------------------------------------------------
A daemon (pid 11193) died unexpectedly with status 255 while attempting
to launch so we are aborting.

There may be more information reported by the environment (see above).

This may be because the daemon was unable to find all the needed shared
libraries on the remote node. You may set your LD_LIBRARY_PATH to have the
location of the shared libraries on the remote nodes and this will
automatically be forwarded to the remote nodes.
--------------------------------------------------------------------------
--------------------------------------------------------------------------
mpirun noticed that the job aborted, but has no info as to the process
that caused that situation.
--------------------------------------------------------------------------
mpirun: clean termination accomplished

Permission denied, please try again.
Permission denied, please try again.
Permission denied (publickey,gssapi-with-mic,password).
--------------------------------------------------------------------------
A daemon (pid 11195) died unexpectedly with status 255 while attempting
to launch so we are aborting.

There may be more information reported by the environment (see above).

This may be because the daemon was unable to find all the needed shared
libraries on the remote node. You may set your LD_LIBRARY_PATH to have the
location of the shared libraries on the remote nodes and this will
automatically be forwarded to the remote nodes.
--------------------------------------------------------------------------
--------------------------------------------------------------------------
mpirun noticed that the job aborted, but has no info as to the process
that caused that situation.
--------------------------------------------------------------------------
mpirun: clean termination accomplished

Permission denied, please try again.
Permission denied, please try again.
Permission denied (publickey,gssapi-with-mic,password).
--------------------------------------------------------------------------
A daemon (pid 11197) died unexpectedly with status 255 while attempting
to launch so we are aborting.

There may be more information reported by the environment (see above).

This may be because the daemon was unable to find all the needed shared
libraries on the remote node. You may set your LD_LIBRARY_PATH to have the
location of the shared libraries on the remote nodes and this will
automatically be forwarded to the remote nodes.
--------------------------------------------------------------------------
--------------------------------------------------------------------------
mpirun noticed that the job aborted, but has no info as to the process
that caused that situation.
--------------------------------------------------------------------------
mpirun: clean termination accomplished

Permission denied, please try again.
Permission denied, please try again.
Permission denied (publickey,gssapi-with-mic,password).
--------------------------------------------------------------------------
A daemon (pid 11199) died unexpectedly with status 255 while attempting
to launch so we are aborting.

There may be more information reported by the environment (see above).

This may be because the daemon was unable to find all the needed shared
libraries on the remote node. You may set your LD_LIBRARY_PATH to have the
location of the shared libraries on the remote nodes and this will
automatically be forwarded to the remote nodes.
--------------------------------------------------------------------------
--------------------------------------------------------------------------
mpirun noticed that the job aborted, but has no info as to the process
that caused that situation.
--------------------------------------------------------------------------
mpirun: clean termination accomplished

Permission denied, please try again.
Permission denied, please try again.
Permission denied (publickey,gssapi-with-mic,password).
--------------------------------------------------------------------------
A daemon (pid 11201) died unexpectedly with status 255 while attempting
to launch so we are aborting.

There may be more information reported by the environment (see above).

This may be because the daemon was unable to find all the needed shared
libraries on the remote node. You may set your LD_LIBRARY_PATH to have the
location of the shared libraries on the remote nodes and this will
automatically be forwarded to the remote nodes.
--------------------------------------------------------------------------
--------------------------------------------------------------------------
mpirun noticed that the job aborted, but has no info as to the process
that caused that situation.
--------------------------------------------------------------------------
mpirun: clean termination accomplished

Permission denied, please try again.
Permission denied, please try again.
Permission denied (publickey,gssapi-with-mic,password).
--------------------------------------------------------------------------
A daemon (pid 11207) died unexpectedly with status 255 while attempting
to launch so we are aborting.

There may be more information reported by the environment (see above).

This may be because the daemon was unable to find all the needed shared
libraries on the remote node. You may set your LD_LIBRARY_PATH to have the
location of the shared libraries on the remote nodes and this will
automatically be forwarded to the remote nodes.
--------------------------------------------------------------------------
--------------------------------------------------------------------------
mpirun noticed that the job aborted, but has no info as to the process
that caused that situation.
--------------------------------------------------------------------------
mpirun: clean termination accomplished

Permission denied, please try again.
Permission denied, please try again.
Permission denied (publickey,gssapi-with-mic,password).
--------------------------------------------------------------------------
A daemon (pid 11209) died unexpectedly with status 255 while attempting
to launch so we are aborting.

There may be more information reported by the environment (see above).

This may be because the daemon was unable to find all the needed shared
libraries on the remote node. You may set your LD_LIBRARY_PATH to have the
location of the shared libraries on the remote nodes and this will
automatically be forwarded to the remote nodes.
--------------------------------------------------------------------------
--------------------------------------------------------------------------
mpirun noticed that the job aborted, but has no info as to the process
that caused that situation.
--------------------------------------------------------------------------
mpirun: clean termination accomplished

Permission denied, please try again.
Permission denied, please try again.
Permission denied (publickey,gssapi-with-mic,password).
--------------------------------------------------------------------------
A daemon (pid 11211) died unexpectedly with status 255 while attempting
to launch so we are aborting.

There may be more information reported by the environment (see above).

This may be because the daemon was unable to find all the needed shared
libraries on the remote node. You may set your LD_LIBRARY_PATH to have the
location of the shared libraries on the remote nodes and this will
automatically be forwarded to the remote nodes.
--------------------------------------------------------------------------
--------------------------------------------------------------------------
mpirun noticed that the job aborted, but has no info as to the process
that caused that situation.
--------------------------------------------------------------------------
mpirun: clean termination accomplished

Permission denied, please try again.
Permission denied, please try again.
Permission denied (publickey,gssapi-with-mic,password).
--------------------------------------------------------------------------
A daemon (pid 11213) died unexpectedly with status 255 while attempting
to launch so we are aborting.

There may be more information reported by the environment (see above).

This may be because the daemon was unable to find all the needed shared
libraries on the remote node. You may set your LD_LIBRARY_PATH to have the
location of the shared libraries on the remote nodes and this will
automatically be forwarded to the remote nodes.
--------------------------------------------------------------------------
--------------------------------------------------------------------------
mpirun noticed that the job aborted, but has no info as to the process
that caused that situation.
--------------------------------------------------------------------------
mpirun: clean termination accomplished

Permission denied, please try again.
Permission denied, please try again.
Permission denied (publickey,gssapi-with-mic,password).
--------------------------------------------------------------------------
A daemon (pid 11215) died unexpectedly with status 255 while attempting
to launch so we are aborting.

There may be more information reported by the environment (see above).

This may be because the daemon was unable to find all the needed shared
libraries on the remote node. You may set your LD_LIBRARY_PATH to have the
location of the shared libraries on the remote nodes and this will
automatically be forwarded to the remote nodes.
--------------------------------------------------------------------------
--------------------------------------------------------------------------
mpirun noticed that the job aborted, but has no info as to the process
that caused that situation.
--------------------------------------------------------------------------
mpirun: clean termination accomplished

Permission denied, please try again.
Permission denied, please try again.
Permission denied (publickey,gssapi-with-mic,password).
--------------------------------------------------------------------------
A daemon (pid 11221) died unexpectedly with status 255 while attempting
to launch so we are aborting.

There may be more information reported by the environment (see above).

This may be because the daemon was unable to find all the needed shared
libraries on the remote node. You may set your LD_LIBRARY_PATH to have the
location of the shared libraries on the remote nodes and this will
automatically be forwarded to the remote nodes.
--------------------------------------------------------------------------
--------------------------------------------------------------------------
mpirun noticed that the job aborted, but has no info as to the process
that caused that situation.
--------------------------------------------------------------------------
mpirun: clean termination accomplished

Permission denied, please try again.
Permission denied, please try again.
Permission denied (publickey,gssapi-with-mic,password).
--------------------------------------------------------------------------
A daemon (pid 11223) died unexpectedly with status 255 while attempting
to launch so we are aborting.

There may be more information reported by the environment (see above).

This may be because the daemon was unable to find all the needed shared
libraries on the remote node. You may set your LD_LIBRARY_PATH to have the
location of the shared libraries on the remote nodes and this will
automatically be forwarded to the remote nodes.
--------------------------------------------------------------------------
--------------------------------------------------------------------------
mpirun noticed that the job aborted, but has no info as to the process
that caused that situation.
--------------------------------------------------------------------------
mpirun: clean termination accomplished

Permission denied, please try again.
Permission denied, please try again.
Permission denied (publickey,gssapi-with-mic,password).
--------------------------------------------------------------------------
A daemon (pid 11225) died unexpectedly with status 255 while attempting
to launch so we are aborting.

There may be more information reported by the environment (see above).

This may be because the daemon was unable to find all the needed shared
libraries on the remote node. You may set your LD_LIBRARY_PATH to have the
location of the shared libraries on the remote nodes and this will
automatically be forwarded to the remote nodes.
--------------------------------------------------------------------------
--------------------------------------------------------------------------
mpirun noticed that the job aborted, but has no info as to the process
that caused that situation.
--------------------------------------------------------------------------
mpirun: clean termination accomplished

Permission denied, please try again.
Permission denied, please try again.
Permission denied (publickey,gssapi-with-mic,password).
--------------------------------------------------------------------------
A daemon (pid 11227) died unexpectedly with status 255 while attempting
to launch so we are aborting.

There may be more information reported by the environment (see above).

This may be because the daemon was unable to find all the needed shared
libraries on the remote node. You may set your LD_LIBRARY_PATH to have the
location of the shared libraries on the remote nodes and this will
automatically be forwarded to the remote nodes.
--------------------------------------------------------------------------
--------------------------------------------------------------------------
mpirun noticed that the job aborted, but has no info as to the process
that caused that situation.
--------------------------------------------------------------------------
mpirun: clean termination accomplished

Permission denied, please try again.
Permission denied, please try again.
Permission denied (publickey,gssapi-with-mic,password).
--------------------------------------------------------------------------
A daemon (pid 11229) died unexpectedly with status 255 while attempting
to launch so we are aborting.

There may be more information reported by the environment (see above).

This may be because the daemon was unable to find all the needed shared
libraries on the remote node. You may set your LD_LIBRARY_PATH to have the
location of the shared libraries on the remote nodes and this will
automatically be forwarded to the remote nodes.
--------------------------------------------------------------------------
--------------------------------------------------------------------------
mpirun noticed that the job aborted, but has no info as to the process
that caused that situation.
--------------------------------------------------------------------------
mpirun: clean termination accomplished

Permission denied, please try again.
Permission denied, please try again.
Permission denied (publickey,gssapi-with-mic,password).
--------------------------------------------------------------------------
A daemon (pid 11235) died unexpectedly with status 255 while attempting
to launch so we are aborting.

There may be more information reported by the environment (see above).

This may be because the daemon was unable to find all the needed shared
libraries on the remote node. You may set your LD_LIBRARY_PATH to have the
location of the shared libraries on the remote nodes and this will
automatically be forwarded to the remote nodes.
--------------------------------------------------------------------------
--------------------------------------------------------------------------
mpirun noticed that the job aborted, but has no info as to the process
that caused that situation.
--------------------------------------------------------------------------
mpirun: clean termination accomplished

Permission denied, please try again.
Permission denied, please try again.
Permission denied (publickey,gssapi-with-mic,password).
--------------------------------------------------------------------------
A daemon (pid 11237) died unexpectedly with status 255 while attempting
to launch so we are aborting.

There may be more information reported by the environment (see above).

This may be because the daemon was unable to find all the needed shared
libraries on the remote node. You may set your LD_LIBRARY_PATH to have the
location of the shared libraries on the remote nodes and this will
automatically be forwarded to the remote nodes.
--------------------------------------------------------------------------
--------------------------------------------------------------------------
mpirun noticed that the job aborted, but has no info as to the process
that caused that situation.
--------------------------------------------------------------------------
mpirun: clean termination accomplished

Permission denied, please try again.
Permission denied, please try again.
Permission denied (publickey,gssapi-with-mic,password).
--------------------------------------------------------------------------
A daemon (pid 11239) died unexpectedly with status 255 while attempting
to launch so we are aborting.

There may be more information reported by the environment (see above).

This may be because the daemon was unable to find all the needed shared
libraries on the remote node. You may set your LD_LIBRARY_PATH to have the
location of the shared libraries on the remote nodes and this will
automatically be forwarded to the remote nodes.
--------------------------------------------------------------------------
--------------------------------------------------------------------------
mpirun noticed that the job aborted, but has no info as to the process
that caused that situation.
--------------------------------------------------------------------------
mpirun: clean termination accomplished

Permission denied, please try again.
Permission denied, please try again.
Permission denied (publickey,gssapi-with-mic,password).
--------------------------------------------------------------------------
A daemon (pid 11241) died unexpectedly with status 255 while attempting
to launch so we are aborting.

There may be more information reported by the environment (see above).

This may be because the daemon was unable to find all the needed shared
libraries on the remote node. You may set your LD_LIBRARY_PATH to have the
location of the shared libraries on the remote nodes and this will
automatically be forwarded to the remote nodes.
--------------------------------------------------------------------------
--------------------------------------------------------------------------
mpirun noticed that the job aborted, but has no info as to the process
that caused that situation.
--------------------------------------------------------------------------
mpirun: clean termination accomplished

Permission denied, please try again.
Permission denied, please try again.
Permission denied (publickey,gssapi-with-mic,password).
--------------------------------------------------------------------------
A daemon (pid 11243) died unexpectedly with status 255 while attempting
to launch so we are aborting.

There may be more information reported by the environment (see above).

This may be because the daemon was unable to find all the needed shared
libraries on the remote node. You may set your LD_LIBRARY_PATH to have the
location of the shared libraries on the remote nodes and this will
automatically be forwarded to the remote nodes.
--------------------------------------------------------------------------
--------------------------------------------------------------------------
mpirun noticed that the job aborted, but has no info as to the process
that caused that situation.
--------------------------------------------------------------------------
mpirun: clean termination accomplished

Permission denied, please try again.
Permission denied, please try again.
Permission denied (publickey,gssapi-with-mic,password).
--------------------------------------------------------------------------
A daemon (pid 11249) died unexpectedly with status 255 while attempting
to launch so we are aborting.

There may be more information reported by the environment (see above).

This may be because the daemon was unable to find all the needed shared
libraries on the remote node. You may set your LD_LIBRARY_PATH to have the
location of the shared libraries on the remote nodes and this will
automatically be forwarded to the remote nodes.
--------------------------------------------------------------------------
--------------------------------------------------------------------------
mpirun noticed that the job aborted, but has no info as to the process
that caused that situation.
--------------------------------------------------------------------------
mpirun: clean termination accomplished

Permission denied, please try again.
Permission denied, please try again.
Permission denied (publickey,gssapi-with-mic,password).
--------------------------------------------------------------------------
A daemon (pid 11251) died unexpectedly with status 255 while attempting
to launch so we are aborting.

There may be more information reported by the environment (see above).

This may be because the daemon was unable to find all the needed shared
libraries on the remote node. You may set your LD_LIBRARY_PATH to have the
location of the shared libraries on the remote nodes and this will
automatically be forwarded to the remote nodes.
--------------------------------------------------------------------------
--------------------------------------------------------------------------
mpirun noticed that the job aborted, but has no info as to the process
that caused that situation.
--------------------------------------------------------------------------
mpirun: clean termination accomplished

Permission denied, please try again.
Permission denied, please try again.
Permission denied (publickey,gssapi-with-mic,password).
--------------------------------------------------------------------------
A daemon (pid 11253) died unexpectedly with status 255 while attempting
to launch so we are aborting.

There may be more information reported by the environment (see above).

This may be because the daemon was unable to find all the needed shared
libraries on the remote node. You may set your LD_LIBRARY_PATH to have the
location of the shared libraries on the remote nodes and this will
automatically be forwarded to the remote nodes.
--------------------------------------------------------------------------
--------------------------------------------------------------------------
mpirun noticed that the job aborted, but has no info as to the process
that caused that situation.
--------------------------------------------------------------------------
mpirun: clean termination accomplished

Permission denied, please try again.
Permission denied, please try again.
Permission denied (publickey,gssapi-with-mic,password).
--------------------------------------------------------------------------
A daemon (pid 11255) died unexpectedly with status 255 while attempting
to launch so we are aborting.

There may be more information reported by the environment (see above).

This may be because the daemon was unable to find all the needed shared
libraries on the remote node. You may set your LD_LIBRARY_PATH to have the
location of the shared libraries on the remote nodes and this will
automatically be forwarded to the remote nodes.
--------------------------------------------------------------------------
--------------------------------------------------------------------------
mpirun noticed that the job aborted, but has no info as to the process
that caused that situation.
--------------------------------------------------------------------------
mpirun: clean termination accomplished

Permission denied, please try again.
Permission denied, please try again.
Permission denied (publickey,gssapi-with-mic,password).
--------------------------------------------------------------------------
A daemon (pid 11257) died unexpectedly with status 255 while attempting
to launch so we are aborting.

There may be more information reported by the environment (see above).

This may be because the daemon was unable to find all the needed shared
libraries on the remote node. You may set your LD_LIBRARY_PATH to have the
location of the shared libraries on the remote nodes and this will
automatically be forwarded to the remote nodes.
--------------------------------------------------------------------------
--------------------------------------------------------------------------
mpirun noticed that the job aborted, but has no info as to the process
that caused that situation.
--------------------------------------------------------------------------
mpirun: clean termination accomplished

Permission denied, please try again.
Permission denied, please try again.
Permission denied (publickey,gssapi-with-mic,password).
--------------------------------------------------------------------------
A daemon (pid 11263) died unexpectedly with status 255 while attempting
to launch so we are aborting.

There may be more information reported by the environment (see above).

This may be because the daemon was unable to find all the needed shared
libraries on the remote node. You may set your LD_LIBRARY_PATH to have the
location of the shared libraries on the remote nodes and this will
automatically be forwarded to the remote nodes.
--------------------------------------------------------------------------
--------------------------------------------------------------------------
mpirun noticed that the job aborted, but has no info as to the process
that caused that situation.
--------------------------------------------------------------------------
mpirun: clean termination accomplished

Permission denied, please try again.
Permission denied, please try again.
Permission denied (publickey,gssapi-with-mic,password).
--------------------------------------------------------------------------
A daemon (pid 11265) died unexpectedly with status 255 while attempting
to launch so we are aborting.

There may be more information reported by the environment (see above).

This may be because the daemon was unable to find all the needed shared
libraries on the remote node. You may set your LD_LIBRARY_PATH to have the
location of the shared libraries on the remote nodes and this will
automatically be forwarded to the remote nodes.
--------------------------------------------------------------------------
--------------------------------------------------------------------------
mpirun noticed that the job aborted, but has no info as to the process
that caused that situation.
--------------------------------------------------------------------------
mpirun: clean termination accomplished

Permission denied, please try again.
Permission denied, please try again.
Permission denied (publickey,gssapi-with-mic,password).
--------------------------------------------------------------------------
A daemon (pid 11267) died unexpectedly with status 255 while attempting
to launch so we are aborting.

There may be more information reported by the environment (see above).

This may be because the daemon was unable to find all the needed shared
libraries on the remote node. You may set your LD_LIBRARY_PATH to have the
location of the shared libraries on the remote nodes and this will
automatically be forwarded to the remote nodes.
--------------------------------------------------------------------------
--------------------------------------------------------------------------
mpirun noticed that the job aborted, but has no info as to the process
that caused that situation.
--------------------------------------------------------------------------
mpirun: clean termination accomplished

Permission denied, please try again.
Permission denied, please try again.
Permission denied (publickey,gssapi-with-mic,password).
--------------------------------------------------------------------------
A daemon (pid 11269) died unexpectedly with status 255 while attempting
to launch so we are aborting.

There may be more information reported by the environment (see above).

This may be because the daemon was unable to find all the needed shared
libraries on the remote node. You may set your LD_LIBRARY_PATH to have the
location of the shared libraries on the remote nodes and this will
automatically be forwarded to the remote nodes.
--------------------------------------------------------------------------
--------------------------------------------------------------------------
mpirun noticed that the job aborted, but has no info as to the process
that caused that situation.
--------------------------------------------------------------------------
mpirun: clean termination accomplished

Permission denied, please try again.
Permission denied, please try again.
Permission denied (publickey,gssapi-with-mic,password).
--------------------------------------------------------------------------
A daemon (pid 11271) died unexpectedly with status 255 while attempting
to launch so we are aborting.

There may be more information reported by the environment (see above).

This may be because the daemon was unable to find all the needed shared
libraries on the remote node. You may set your LD_LIBRARY_PATH to have the
location of the shared libraries on the remote nodes and this will
automatically be forwarded to the remote nodes.
--------------------------------------------------------------------------
--------------------------------------------------------------------------
mpirun noticed that the job aborted, but has no info as to the process
that caused that situation.
--------------------------------------------------------------------------
mpirun: clean termination accomplished

Permission denied, please try again.
Permission denied, please try again.
Permission denied (publickey,gssapi-with-mic,password).
--------------------------------------------------------------------------
A daemon (pid 11277) died unexpectedly with status 255 while attempting
to launch so we are aborting.

There may be more information reported by the environment (see above).

This may be because the daemon was unable to find all the needed shared
libraries on the remote node. You may set your LD_LIBRARY_PATH to have the
location of the shared libraries on the remote nodes and this will
automatically be forwarded to the remote nodes.
--------------------------------------------------------------------------
--------------------------------------------------------------------------
mpirun noticed that the job aborted, but has no info as to the process
that caused that situation.
--------------------------------------------------------------------------
mpirun: clean termination accomplished

Permission denied, please try again.
Permission denied, please try again.
Permission denied (publickey,gssapi-with-mic,password).
--------------------------------------------------------------------------
A daemon (pid 11279) died unexpectedly with status 255 while attempting
to launch so we are aborting.

There may be more information reported by the environment (see above).

This may be because the daemon was unable to find all the needed shared
libraries on the remote node. You may set your LD_LIBRARY_PATH to have the
location of the shared libraries on the remote nodes and this will
automatically be forwarded to the remote nodes.
--------------------------------------------------------------------------
--------------------------------------------------------------------------
mpirun noticed that the job aborted, but has no info as to the process
that caused that situation.
--------------------------------------------------------------------------
mpirun: clean termination accomplished

Permission denied, please try again.
Permission denied, please try again.
Permission denied (publickey,gssapi-with-mic,password).
--------------------------------------------------------------------------
A daemon (pid 11281) died unexpectedly with status 255 while attempting
to launch so we are aborting.

There may be more information reported by the environment (see above).

This may be because the daemon was unable to find all the needed shared
libraries on the remote node. You may set your LD_LIBRARY_PATH to have the
location of the shared libraries on the remote nodes and this will
automatically be forwarded to the remote nodes.
--------------------------------------------------------------------------
--------------------------------------------------------------------------
mpirun noticed that the job aborted, but has no info as to the process
that caused that situation.
--------------------------------------------------------------------------
mpirun: clean termination accomplished

Permission denied, please try again.
Permission denied, please try again.
Permission denied (publickey,gssapi-with-mic,password).
--------------------------------------------------------------------------
A daemon (pid 11283) died unexpectedly with status 255 while attempting
to launch so we are aborting.

There may be more information reported by the environment (see above).

This may be because the daemon was unable to find all the needed shared
libraries on the remote node. You may set your LD_LIBRARY_PATH to have the
location of the shared libraries on the remote nodes and this will
automatically be forwarded to the remote nodes.
--------------------------------------------------------------------------
--------------------------------------------------------------------------
mpirun noticed that the job aborted, but has no info as to the process
that caused that situation.
--------------------------------------------------------------------------
mpirun: clean termination accomplished

Permission denied, please try again.
Permission denied, please try again.
Permission denied (publickey,gssapi-with-mic,password).
--------------------------------------------------------------------------
A daemon (pid 11285) died unexpectedly with status 255 while attempting
to launch so we are aborting.

There may be more information reported by the environment (see above).

This may be because the daemon was unable to find all the needed shared
libraries on the remote node. You may set your LD_LIBRARY_PATH to have the
location of the shared libraries on the remote nodes and this will
automatically be forwarded to the remote nodes.
--------------------------------------------------------------------------
--------------------------------------------------------------------------
mpirun noticed that the job aborted, but has no info as to the process
that caused that situation.
--------------------------------------------------------------------------
mpirun: clean termination accomplished

Permission denied, please try again.
Permission denied, please try again.
Permission denied (publickey,gssapi-with-mic,password).
--------------------------------------------------------------------------
A daemon (pid 11291) died unexpectedly with status 255 while attempting
to launch so we are aborting.

There may be more information reported by the environment (see above).

This may be because the daemon was unable to find all the needed shared
libraries on the remote node. You may set your LD_LIBRARY_PATH to have the
location of the shared libraries on the remote nodes and this will
automatically be forwarded to the remote nodes.
--------------------------------------------------------------------------
--------------------------------------------------------------------------
mpirun noticed that the job aborted, but has no info as to the process
that caused that situation.
--------------------------------------------------------------------------
mpirun: clean termination accomplished

Permission denied, please try again.
Permission denied, please try again.
Permission denied (publickey,gssapi-with-mic,password).
--------------------------------------------------------------------------
A daemon (pid 11293) died unexpectedly with status 255 while attempting
to launch so we are aborting.

There may be more information reported by the environment (see above).

This may be because the daemon was unable to find all the needed shared
libraries on the remote node. You may set your LD_LIBRARY_PATH to have the
location of the shared libraries on the remote nodes and this will
automatically be forwarded to the remote nodes.
--------------------------------------------------------------------------
--------------------------------------------------------------------------
mpirun noticed that the job aborted, but has no info as to the process
that caused that situation.
--------------------------------------------------------------------------
mpirun: clean termination accomplished

Permission denied, please try again.
Permission denied, please try again.
Permission denied (publickey,gssapi-with-mic,password).
--------------------------------------------------------------------------
A daemon (pid 11295) died unexpectedly with status 255 while attempting
to launch so we are aborting.

There may be more information reported by the environment (see above).

This may be because the daemon was unable to find all the needed shared
libraries on the remote node. You may set your LD_LIBRARY_PATH to have the
location of the shared libraries on the remote nodes and this will
automatically be forwarded to the remote nodes.
--------------------------------------------------------------------------
--------------------------------------------------------------------------
mpirun noticed that the job aborted, but has no info as to the process
that caused that situation.
--------------------------------------------------------------------------
mpirun: clean termination accomplished

Permission denied, please try again.
Permission denied, please try again.
Permission denied (publickey,gssapi-with-mic,password).
--------------------------------------------------------------------------
A daemon (pid 11297) died unexpectedly with status 255 while attempting
to launch so we are aborting.

There may be more information reported by the environment (see above).

This may be because the daemon was unable to find all the needed shared
libraries on the remote node. You may set your LD_LIBRARY_PATH to have the
location of the shared libraries on the remote nodes and this will
automatically be forwarded to the remote nodes.
--------------------------------------------------------------------------
--------------------------------------------------------------------------
mpirun noticed that the job aborted, but has no info as to the process
that caused that situation.
--------------------------------------------------------------------------
mpirun: clean termination accomplished

Permission denied, please try again.
Permission denied, please try again.
Permission denied (publickey,gssapi-with-mic,password).
--------------------------------------------------------------------------
A daemon (pid 11299) died unexpectedly with status 255 while attempting
to launch so we are aborting.

There may be more information reported by the environment (see above).

This may be because the daemon was unable to find all the needed shared
libraries on the remote node. You may set your LD_LIBRARY_PATH to have the
location of the shared libraries on the remote nodes and this will
automatically be forwarded to the remote nodes.
--------------------------------------------------------------------------
--------------------------------------------------------------------------
mpirun noticed that the job aborted, but has no info as to the process
that caused that situation.
--------------------------------------------------------------------------
mpirun: clean termination accomplished

Permission denied, please try again.
Permission denied, please try again.
Permission denied (publickey,gssapi-with-mic,password).
--------------------------------------------------------------------------
A daemon (pid 11305) died unexpectedly with status 255 while attempting
to launch so we are aborting.

There may be more information reported by the environment (see above).

This may be because the daemon was unable to find all the needed shared
libraries on the remote node. You may set your LD_LIBRARY_PATH to have the
location of the shared libraries on the remote nodes and this will
automatically be forwarded to the remote nodes.
--------------------------------------------------------------------------
--------------------------------------------------------------------------
mpirun noticed that the job aborted, but has no info as to the process
that caused that situation.
--------------------------------------------------------------------------
mpirun: clean termination accomplished

Permission denied, please try again.
Permission denied, please try again.
Permission denied (publickey,gssapi-with-mic,password).
--------------------------------------------------------------------------
A daemon (pid 11307) died unexpectedly with status 255 while attempting
to launch so we are aborting.

There may be more information reported by the environment (see above).

This may be because the daemon was unable to find all the needed shared
libraries on the remote node. You may set your LD_LIBRARY_PATH to have the
location of the shared libraries on the remote nodes and this will
automatically be forwarded to the remote nodes.
--------------------------------------------------------------------------
--------------------------------------------------------------------------
mpirun noticed that the job aborted, but has no info as to the process
that caused that situation.
--------------------------------------------------------------------------
mpirun: clean termination accomplished

Permission denied, please try again.
Permission denied, please try again.
Permission denied (publickey,gssapi-with-mic,password).
--------------------------------------------------------------------------
A daemon (pid 11309) died unexpectedly with status 255 while attempting
to launch so we are aborting.

There may be more information reported by the environment (see above).

This may be because the daemon was unable to find all the needed shared
libraries on the remote node. You may set your LD_LIBRARY_PATH to have the
location of the shared libraries on the remote nodes and this will
automatically be forwarded to the remote nodes.
--------------------------------------------------------------------------
--------------------------------------------------------------------------
mpirun noticed that the job aborted, but has no info as to the process
that caused that situation.
--------------------------------------------------------------------------
mpirun: clean termination accomplished

Permission denied, please try again.
Permission denied, please try again.
Permission denied (publickey,gssapi-with-mic,password).
--------------------------------------------------------------------------
A daemon (pid 11311) died unexpectedly with status 255 while attempting
to launch so we are aborting.

There may be more information reported by the environment (see above).

This may be because the daemon was unable to find all the needed shared
libraries on the remote node. You may set your LD_LIBRARY_PATH to have the
location of the shared libraries on the remote nodes and this will
automatically be forwarded to the remote nodes.
--------------------------------------------------------------------------
--------------------------------------------------------------------------
mpirun noticed that the job aborted, but has no info as to the process
that caused that situation.
--------------------------------------------------------------------------
mpirun: clean termination accomplished

Permission denied, please try again.
Permission denied, please try again.
Permission denied (publickey,gssapi-with-mic,password).
--------------------------------------------------------------------------
A daemon (pid 11313) died unexpectedly with status 255 while attempting
to launch so we are aborting.

There may be more information reported by the environment (see above).

This may be because the daemon was unable to find all the needed shared
libraries on the remote node. You may set your LD_LIBRARY_PATH to have the
location of the shared libraries on the remote nodes and this will
automatically be forwarded to the remote nodes.
--------------------------------------------------------------------------
--------------------------------------------------------------------------
mpirun noticed that the job aborted, but has no info as to the process
that caused that situation.
--------------------------------------------------------------------------
mpirun: clean termination accomplished

Permission denied, please try again.
Permission denied, please try again.
Permission denied (publickey,gssapi-with-mic,password).
--------------------------------------------------------------------------
A daemon (pid 11319) died unexpectedly with status 255 while attempting
to launch so we are aborting.

There may be more information reported by the environment (see above).

This may be because the daemon was unable to find all the needed shared
libraries on the remote node. You may set your LD_LIBRARY_PATH to have the
location of the shared libraries on the remote nodes and this will
automatically be forwarded to the remote nodes.
--------------------------------------------------------------------------
--------------------------------------------------------------------------
mpirun noticed that the job aborted, but has no info as to the process
that caused that situation.
--------------------------------------------------------------------------
mpirun: clean termination accomplished

Permission denied, please try again.
Permission denied, please try again.
Permission denied (publickey,gssapi-with-mic,password).
--------------------------------------------------------------------------
A daemon (pid 11321) died unexpectedly with status 255 while attempting
to launch so we are aborting.

There may be more information reported by the environment (see above).

This may be because the daemon was unable to find all the needed shared
libraries on the remote node. You may set your LD_LIBRARY_PATH to have the
location of the shared libraries on the remote nodes and this will
automatically be forwarded to the remote nodes.
--------------------------------------------------------------------------
--------------------------------------------------------------------------
mpirun noticed that the job aborted, but has no info as to the process
that caused that situation.
--------------------------------------------------------------------------
mpirun: clean termination accomplished

Permission denied, please try again.
Permission denied, please try again.
Permission denied (publickey,gssapi-with-mic,password).
--------------------------------------------------------------------------
A daemon (pid 11323) died unexpectedly with status 255 while attempting
to launch so we are aborting.

There may be more information reported by the environment (see above).

This may be because the daemon was unable to find all the needed shared
libraries on the remote node. You may set your LD_LIBRARY_PATH to have the
location of the shared libraries on the remote nodes and this will
automatically be forwarded to the remote nodes.
--------------------------------------------------------------------------
--------------------------------------------------------------------------
mpirun noticed that the job aborted, but has no info as to the process
that caused that situation.
--------------------------------------------------------------------------
mpirun: clean termination accomplished

Permission denied, please try again.
Permission denied, please try again.
Permission denied (publickey,gssapi-with-mic,password).
--------------------------------------------------------------------------
A daemon (pid 11325) died unexpectedly with status 255 while attempting
to launch so we are aborting.

There may be more information reported by the environment (see above).

This may be because the daemon was unable to find all the needed shared
libraries on the remote node. You may set your LD_LIBRARY_PATH to have the
location of the shared libraries on the remote nodes and this will
automatically be forwarded to the remote nodes.
--------------------------------------------------------------------------
--------------------------------------------------------------------------
mpirun noticed that the job aborted, but has no info as to the process
that caused that situation.
--------------------------------------------------------------------------
mpirun: clean termination accomplished

Permission denied, please try again.
Permission denied, please try again.
Permission denied (publickey,gssapi-with-mic,password).
--------------------------------------------------------------------------
A daemon (pid 11327) died unexpectedly with status 255 while attempting
to launch so we are aborting.

There may be more information reported by the environment (see above).

This may be because the daemon was unable to find all the needed shared
libraries on the remote node. You may set your LD_LIBRARY_PATH to have the
location of the shared libraries on the remote nodes and this will
automatically be forwarded to the remote nodes.
--------------------------------------------------------------------------
--------------------------------------------------------------------------
mpirun noticed that the job aborted, but has no info as to the process
that caused that situation.
--------------------------------------------------------------------------
mpirun: clean termination accomplished

Permission denied, please try again.
Permission denied, please try again.
Permission denied (publickey,gssapi-with-mic,password).
--------------------------------------------------------------------------
A daemon (pid 11333) died unexpectedly with status 255 while attempting
to launch so we are aborting.

There may be more information reported by the environment (see above).

This may be because the daemon was unable to find all the needed shared
libraries on the remote node. You may set your LD_LIBRARY_PATH to have the
location of the shared libraries on the remote nodes and this will
automatically be forwarded to the remote nodes.
--------------------------------------------------------------------------
--------------------------------------------------------------------------
mpirun noticed that the job aborted, but has no info as to the process
that caused that situation.
--------------------------------------------------------------------------
mpirun: clean termination accomplished

Permission denied, please try again.
Permission denied, please try again.
Permission denied (publickey,gssapi-with-mic,password).
--------------------------------------------------------------------------
A daemon (pid 11335) died unexpectedly with status 255 while attempting
to launch so we are aborting.

There may be more information reported by the environment (see above).

This may be because the daemon was unable to find all the needed shared
libraries on the remote node. You may set your LD_LIBRARY_PATH to have the
location of the shared libraries on the remote nodes and this will
automatically be forwarded to the remote nodes.
--------------------------------------------------------------------------
--------------------------------------------------------------------------
mpirun noticed that the job aborted, but has no info as to the process
that caused that situation.
--------------------------------------------------------------------------
mpirun: clean termination accomplished

Permission denied, please try again.
Permission denied, please try again.
Permission denied (publickey,gssapi-with-mic,password).
--------------------------------------------------------------------------
A daemon (pid 11337) died unexpectedly with status 255 while attempting
to launch so we are aborting.

There may be more information reported by the environment (see above).

This may be because the daemon was unable to find all the needed shared
libraries on the remote node. You may set your LD_LIBRARY_PATH to have the
location of the shared libraries on the remote nodes and this will
automatically be forwarded to the remote nodes.
--------------------------------------------------------------------------
--------------------------------------------------------------------------
mpirun noticed that the job aborted, but has no info as to the process
that caused that situation.
--------------------------------------------------------------------------
mpirun: clean termination accomplished

Permission denied, please try again.
Permission denied, please try again.
Permission denied (publickey,gssapi-with-mic,password).
--------------------------------------------------------------------------
A daemon (pid 11339) died unexpectedly with status 255 while attempting
to launch so we are aborting.

There may be more information reported by the environment (see above).

This may be because the daemon was unable to find all the needed shared
libraries on the remote node. You may set your LD_LIBRARY_PATH to have the
location of the shared libraries on the remote nodes and this will
automatically be forwarded to the remote nodes.
--------------------------------------------------------------------------
--------------------------------------------------------------------------
mpirun noticed that the job aborted, but has no info as to the process
that caused that situation.
--------------------------------------------------------------------------
mpirun: clean termination accomplished

Permission denied, please try again.
Permission denied, please try again.
Permission denied (publickey,gssapi-with-mic,password).
--------------------------------------------------------------------------
A daemon (pid 11341) died unexpectedly with status 255 while attempting
to launch so we are aborting.

There may be more information reported by the environment (see above).

This may be because the daemon was unable to find all the needed shared
libraries on the remote node. You may set your LD_LIBRARY_PATH to have the
location of the shared libraries on the remote nodes and this will
automatically be forwarded to the remote nodes.
--------------------------------------------------------------------------
--------------------------------------------------------------------------
mpirun noticed that the job aborted, but has no info as to the process
that caused that situation.
--------------------------------------------------------------------------
mpirun: clean termination accomplished

Permission denied, please try again.
Permission denied, please try again.
Permission denied (publickey,gssapi-with-mic,password).
--------------------------------------------------------------------------
A daemon (pid 11347) died unexpectedly with status 255 while attempting
to launch so we are aborting.

There may be more information reported by the environment (see above).

This may be because the daemon was unable to find all the needed shared
libraries on the remote node. You may set your LD_LIBRARY_PATH to have the
location of the shared libraries on the remote nodes and this will
automatically be forwarded to the remote nodes.
--------------------------------------------------------------------------
--------------------------------------------------------------------------
mpirun noticed that the job aborted, but has no info as to the process
that caused that situation.
--------------------------------------------------------------------------
mpirun: clean termination accomplished

Permission denied, please try again.
Permission denied, please try again.
Permission denied (publickey,gssapi-with-mic,password).
--------------------------------------------------------------------------
A daemon (pid 11349) died unexpectedly with status 255 while attempting
to launch so we are aborting.

There may be more information reported by the environment (see above).

This may be because the daemon was unable to find all the needed shared
libraries on the remote node. You may set your LD_LIBRARY_PATH to have the
location of the shared libraries on the remote nodes and this will
automatically be forwarded to the remote nodes.
--------------------------------------------------------------------------
--------------------------------------------------------------------------
mpirun noticed that the job aborted, but has no info as to the process
that caused that situation.
--------------------------------------------------------------------------
mpirun: clean termination accomplished

Permission denied, please try again.
Permission denied, please try again.
Permission denied (publickey,gssapi-with-mic,password).
--------------------------------------------------------------------------
A daemon (pid 11351) died unexpectedly with status 255 while attempting
to launch so we are aborting.

There may be more information reported by the environment (see above).

This may be because the daemon was unable to find all the needed shared
libraries on the remote node. You may set your LD_LIBRARY_PATH to have the
location of the shared libraries on the remote nodes and this will
automatically be forwarded to the remote nodes.
--------------------------------------------------------------------------
--------------------------------------------------------------------------
mpirun noticed that the job aborted, but has no info as to the process
that caused that situation.
--------------------------------------------------------------------------
mpirun: clean termination accomplished

Permission denied, please try again.
Permission denied, please try again.
Permission denied (publickey,gssapi-with-mic,password).
--------------------------------------------------------------------------
A daemon (pid 11353) died unexpectedly with status 255 while attempting
to launch so we are aborting.

There may be more information reported by the environment (see above).

This may be because the daemon was unable to find all the needed shared
libraries on the remote node. You may set your LD_LIBRARY_PATH to have the
location of the shared libraries on the remote nodes and this will
automatically be forwarded to the remote nodes.
--------------------------------------------------------------------------
--------------------------------------------------------------------------
mpirun noticed that the job aborted, but has no info as to the process
that caused that situation.
--------------------------------------------------------------------------
mpirun: clean termination accomplished

Permission denied, please try again.
Permission denied, please try again.
Permission denied (publickey,gssapi-with-mic,password).
--------------------------------------------------------------------------
A daemon (pid 11355) died unexpectedly with status 255 while attempting
to launch so we are aborting.

There may be more information reported by the environment (see above).

This may be because the daemon was unable to find all the needed shared
libraries on the remote node. You may set your LD_LIBRARY_PATH to have the
location of the shared libraries on the remote nodes and this will
automatically be forwarded to the remote nodes.
--------------------------------------------------------------------------
--------------------------------------------------------------------------
mpirun noticed that the job aborted, but has no info as to the process
that caused that situation.
--------------------------------------------------------------------------
mpirun: clean termination accomplished

